'Invalid argument supplied for foreach()' 文件：D:\project\dsm\Core\Controller\BehaviorControlController.class.php 第【45】行 时间：2015-09-06 13:56:33
'Invalid argument supplied for foreach()' 文件：D:\project\dsm\Core\Controller\BehaviorControlController.class.php 第【45】行 时间：2015-09-06 13:56:33
'Invalid argument supplied for foreach()' 文件：D:\project\dsm\Core\Controller\BehaviorControlController.class.php 第【45】行 时间：2015-09-06 13:56:33
'Invalid argument supplied for foreach()' 文件：D:\project\dsm\Core\Controller\BehaviorControlController.class.php 第【45】行 时间：2015-09-06 13:56:33
'Invalid argument supplied for foreach()' 文件：D:\project\dsm\Core\Controller\BehaviorControlController.class.php 第【45】行 时间：2015-09-06 13:56:33
'Invalid argument supplied for foreach()' 文件：D:\project\dsm\Core\Controller\BehaviorControlController.class.php 第【45】行 时间：2015-09-06 13:56:33
'Invalid argument supplied for foreach()' 文件：D:\project\dsm\Core\Controller\BehaviorControlController.class.php 第【45】行 时间：2015-09-06 14:12:27
'Invalid argument supplied for foreach()' 文件：D:\project\dsm\Core\Controller\BehaviorControlController.class.php 第【45】行 时间：2015-09-06 14:12:27
'Invalid argument supplied for foreach()' 文件：D:\project\dsm\Core\Controller\BehaviorControlController.class.php 第【45】行 时间：2015-09-06 14:12:27
'Invalid argument supplied for foreach()' 文件：D:\project\dsm\Core\Controller\BehaviorControlController.class.php 第【45】行 时间：2015-09-06 14:12:28
'Invalid argument supplied for foreach()' 文件：D:\project\dsm\Core\Controller\BehaviorControlController.class.php 第【45】行 时间：2015-09-06 14:12:28
'Invalid argument supplied for foreach()' 文件：D:\project\dsm\Core\Controller\BehaviorControlController.class.php 第【45】行 时间：2015-09-06 14:12:28
'Invalid argument supplied for foreach()' 文件：D:\project\dsm\Core\Controller\BehaviorControlController.class.php 第【45】行 时间：2015-09-06 14:14:45
'Invalid argument supplied for foreach()' 文件：D:\project\dsm\Core\Controller\BehaviorControlController.class.php 第【45】行 时间：2015-09-06 14:14:45
'Invalid argument supplied for foreach()' 文件：D:\project\dsm\Core\Controller\BehaviorControlController.class.php 第【45】行 时间：2015-09-06 14:14:45
'Invalid argument supplied for foreach()' 文件：D:\project\dsm\Core\Controller\BehaviorControlController.class.php 第【45】行 时间：2015-09-06 14:14:46
'Invalid argument supplied for foreach()' 文件：D:\project\dsm\Core\Controller\BehaviorControlController.class.php 第【45】行 时间：2015-09-06 14:14:46
'Invalid argument supplied for foreach()' 文件：D:\project\dsm\Core\Controller\BehaviorControlController.class.php 第【45】行 时间：2015-09-06 14:14:46
'Invalid argument supplied for foreach()' 文件：D:\project\dsm\Core\Controller\BehaviorControlController.class.php 第【45】行 时间：2015-09-06 14:16:44
'Invalid argument supplied for foreach()' 文件：D:\project\dsm\Core\Controller\BehaviorControlController.class.php 第【45】行 时间：2015-09-06 14:16:44
'Invalid argument supplied for foreach()' 文件：D:\project\dsm\Core\Controller\BehaviorControlController.class.php 第【45】行 时间：2015-09-06 14:16:44
'Invalid argument supplied for foreach()' 文件：D:\project\dsm\Core\Controller\BehaviorControlController.class.php 第【45】行 时间：2015-09-06 14:16:44
'Invalid argument supplied for foreach()' 文件：D:\project\dsm\Core\Controller\BehaviorControlController.class.php 第【45】行 时间：2015-09-06 14:16:44
'Invalid argument supplied for foreach()' 文件：D:\project\dsm\Core\Controller\BehaviorControlController.class.php 第【45】行 时间：2015-09-06 14:16:44
'Invalid argument supplied for foreach()' 文件：D:\project\dsm\Core\Controller\BehaviorControlController.class.php 第【45】行 时间：2015-09-06 14:31:11
'Invalid argument supplied for foreach()' 文件：D:\project\dsm\Core\Controller\BehaviorControlController.class.php 第【45】行 时间：2015-09-06 14:31:11
'Invalid argument supplied for foreach()' 文件：D:\project\dsm\Core\Controller\BehaviorControlController.class.php 第【45】行 时间：2015-09-06 14:31:11
'Invalid argument supplied for foreach()' 文件：D:\project\dsm\Core\Controller\BehaviorControlController.class.php 第【45】行 时间：2015-09-06 14:31:12
'Invalid argument supplied for foreach()' 文件：D:\project\dsm\Core\Controller\BehaviorControlController.class.php 第【45】行 时间：2015-09-06 14:31:12
'Invalid argument supplied for foreach()' 文件：D:\project\dsm\Core\Controller\BehaviorControlController.class.php 第【45】行 时间：2015-09-06 14:31:12
'array_merge(): Argument #2 is not an array' 文件：D:\project\dsm\Core\Controller\SettingController.class.php 第【92】行 时间：2015-09-06 14:34:30
'array_merge(): Argument #1 is not an array' 文件：D:\project\dsm\Core\Controller\SettingController.class.php 第【100】行 时间：2015-09-06 14:34:30
'array_merge(): Argument #1 is not an array' 文件：D:\project\dsm\Core\Controller\SettingController.class.php 第【109】行 时间：2015-09-06 14:34:30
'array_merge(): Argument #1 is not an array' 文件：D:\project\dsm\Core\Controller\SettingController.class.php 第【118】行 时间：2015-09-06 14:34:30
'Undefined index: SS_FILEOUT_AVAILABLE_TIME' 文件：D:\project\dsm\Core\Runtime\Tpl\2dd33786e5b9d525999e8f13064b06cb.cache 第【41】行 时间：2015-09-06 14:34:31
'Undefined index: SS_FILEOUT_AVAILABLE_TIMES' 文件：D:\project\dsm\Core\Runtime\Tpl\2dd33786e5b9d525999e8f13064b06cb.cache 第【45】行 时间：2015-09-06 14:34:31
'Undefined index: SS_FILEOUT_PWD' 文件：D:\project\dsm\Core\Common\template.php 第【59】行 时间：2015-09-06 14:34:31
'Undefined index: SS_FILEOUT_MACHINECODE' 文件：D:\project\dsm\Core\Common\template.php 第【59】行 时间：2015-09-06 14:34:31
'Undefined index: SS_FILEOUT_MAKEEXE' 文件：D:\project\dsm\Core\Common\template.php 第【59】行 时间：2015-09-06 14:34:31
'Undefined index: SS_FILEOUT_AUTODEL' 文件：D:\project\dsm\Core\Common\template.php 第【59】行 时间：2015-09-06 14:34:31
'Undefined index: SS_FILEOUT_MODIFY' 文件：D:\project\dsm\Core\Common\template.php 第【59】行 时间：2015-09-06 14:34:31
'Undefined index: SS_FILEOUT_PRINT' 文件：D:\project\dsm\Core\Common\template.php 第【59】行 时间：2015-09-06 14:34:31
'Undefined index: SS_FILEOUT_SHOWREMAINTIME' 文件：D:\project\dsm\Core\Common\template.php 第【59】行 时间：2015-09-06 14:34:31
'Undefined index: OfflineShortTime' 文件：D:\project\dsm\Core\Runtime\Tpl\2dd33786e5b9d525999e8f13064b06cb.cache 第【78】行 时间：2015-09-06 14:34:31
'Undefined index: CopyCount' 文件：D:\project\dsm\Core\Runtime\Tpl\2dd33786e5b9d525999e8f13064b06cb.cache 第【85】行 时间：2015-09-06 14:34:31
'Undefined index: CopyLength' 文件：D:\project\dsm\Core\Runtime\Tpl\2dd33786e5b9d525999e8f13064b06cb.cache 第【92】行 时间：2015-09-06 14:34:31
'Undefined index: WaterMarkStr' 文件：D:\project\dsm\Core\Runtime\Tpl\2dd33786e5b9d525999e8f13064b06cb.cache 第【100】行 时间：2015-09-06 14:34:31
'Trying to get property of non-object' 文件：D:\project\dsm\Core\Runtime\Tpl\2dd33786e5b9d525999e8f13064b06cb.cache 第【439】行 时间：2015-09-06 14:34:31
'Trying to get property of non-object' 文件：D:\project\dsm\Core\Runtime\Tpl\2dd33786e5b9d525999e8f13064b06cb.cache 第【446】行 时间：2015-09-06 14:34:31
'Trying to get property of non-object' 文件：D:\project\dsm\Core\Runtime\Tpl\2dd33786e5b9d525999e8f13064b06cb.cache 第【452】行 时间：2015-09-06 14:34:31
'Trying to get property of non-object' 文件：D:\project\dsm\Core\Runtime\Tpl\2dd33786e5b9d525999e8f13064b06cb.cache 第【458】行 时间：2015-09-06 14:34:31
'Undefined index: TickTime' 文件：D:\project\dsm\Core\Runtime\Tpl\2dd33786e5b9d525999e8f13064b06cb.cache 第【527】行 时间：2015-09-06 14:34:31
'Undefined index: TickTime' 文件：D:\project\dsm\Core\Runtime\Tpl\2dd33786e5b9d525999e8f13064b06cb.cache 第【528】行 时间：2015-09-06 14:34:31
'Undefined index: ESentensPer' 文件：D:\project\dsm\Core\Runtime\Tpl\2dd33786e5b9d525999e8f13064b06cb.cache 第【572】行 时间：2015-09-06 14:34:31
'Undefined index: ESentensPer' 文件：D:\project\dsm\Core\Runtime\Tpl\2dd33786e5b9d525999e8f13064b06cb.cache 第【573】行 时间：2015-09-06 14:34:31
'Undefined index: NMaxSize' 文件：D:\project\dsm\Core\Runtime\Tpl\2dd33786e5b9d525999e8f13064b06cb.cache 第【579】行 时间：2015-09-06 14:34:31
'Undefined index: NIntervalTime' 文件：D:\project\dsm\Core\Runtime\Tpl\2dd33786e5b9d525999e8f13064b06cb.cache 第【584】行 时间：2015-09-06 14:34:31
'Undefined index: NIntervalTime' 文件：D:\project\dsm\Core\Runtime\Tpl\2dd33786e5b9d525999e8f13064b06cb.cache 第【585】行 时间：2015-09-06 14:34:31
'Undefined index: NSuffix' 文件：D:\project\dsm\Core\Runtime\Tpl\2dd33786e5b9d525999e8f13064b06cb.cache 第【592】行 时间：2015-09-06 14:34:31
'implode(): Invalid arguments passed' 文件：D:\project\dsm\Core\Runtime\Tpl\2dd33786e5b9d525999e8f13064b06cb.cache 第【592】行 时间：2015-09-06 14:34:31
'Undefined index: EMaxSize' 文件：D:\project\dsm\Core\Runtime\Tpl\2dd33786e5b9d525999e8f13064b06cb.cache 第【612】行 时间：2015-09-06 14:34:31
'Undefined index: EIntervalTime' 文件：D:\project\dsm\Core\Runtime\Tpl\2dd33786e5b9d525999e8f13064b06cb.cache 第【618】行 时间：2015-09-06 14:34:31
'Undefined index: EIntervalTime' 文件：D:\project\dsm\Core\Runtime\Tpl\2dd33786e5b9d525999e8f13064b06cb.cache 第【619】行 时间：2015-09-06 14:34:31
'Undefined index: EDelTime' 文件：D:\project\dsm\Core\Runtime\Tpl\2dd33786e5b9d525999e8f13064b06cb.cache 第【626】行 时间：2015-09-06 14:34:31
'Undefined index: EDelTime' 文件：D:\project\dsm\Core\Runtime\Tpl\2dd33786e5b9d525999e8f13064b06cb.cache 第【627】行 时间：2015-09-06 14:34:31
'Undefined index: ESuffix' 文件：D:\project\dsm\Core\Runtime\Tpl\2dd33786e5b9d525999e8f13064b06cb.cache 第【635】行 时间：2015-09-06 14:34:31
'implode(): Invalid arguments passed' 文件：D:\project\dsm\Core\Runtime\Tpl\2dd33786e5b9d525999e8f13064b06cb.cache 第【635】行 时间：2015-09-06 14:34:31
'Undefined index: DMaxSize' 文件：D:\project\dsm\Core\Runtime\Tpl\2dd33786e5b9d525999e8f13064b06cb.cache 第【655】行 时间：2015-09-06 14:34:31
'Undefined index: DIntervalTime' 文件：D:\project\dsm\Core\Runtime\Tpl\2dd33786e5b9d525999e8f13064b06cb.cache 第【660】行 时间：2015-09-06 14:34:31
'Undefined index: DIntervalTime' 文件：D:\project\dsm\Core\Runtime\Tpl\2dd33786e5b9d525999e8f13064b06cb.cache 第【661】行 时间：2015-09-06 14:34:31
'Undefined index: DSentensPer' 文件：D:\project\dsm\Core\Runtime\Tpl\2dd33786e5b9d525999e8f13064b06cb.cache 第【667】行 时间：2015-09-06 14:34:31
'Undefined index: DSentensPer' 文件：D:\project\dsm\Core\Runtime\Tpl\2dd33786e5b9d525999e8f13064b06cb.cache 第【668】行 时间：2015-09-06 14:34:31
'Undefined index: DDelTime' 文件：D:\project\dsm\Core\Runtime\Tpl\2dd33786e5b9d525999e8f13064b06cb.cache 第【675】行 时间：2015-09-06 14:34:31
'Undefined index: DDelTime' 文件：D:\project\dsm\Core\Runtime\Tpl\2dd33786e5b9d525999e8f13064b06cb.cache 第【676】行 时间：2015-09-06 14:34:31
'Undefined index: DSuffix' 文件：D:\project\dsm\Core\Runtime\Tpl\2dd33786e5b9d525999e8f13064b06cb.cache 第【685】行 时间：2015-09-06 14:34:31
'implode(): Invalid arguments passed' 文件：D:\project\dsm\Core\Runtime\Tpl\2dd33786e5b9d525999e8f13064b06cb.cache 第【685】行 时间：2015-09-06 14:34:31
'Invalid argument supplied for foreach()' 文件：D:\project\dsm\Core\Controller\BehaviorControlController.class.php 第【45】行 时间：2015-09-06 14:38:28
'Invalid argument supplied for foreach()' 文件：D:\project\dsm\Core\Controller\BehaviorControlController.class.php 第【45】行 时间：2015-09-06 14:38:28
'Invalid argument supplied for foreach()' 文件：D:\project\dsm\Core\Controller\BehaviorControlController.class.php 第【45】行 时间：2015-09-06 14:38:28
'Invalid argument supplied for foreach()' 文件：D:\project\dsm\Core\Controller\BehaviorControlController.class.php 第【45】行 时间：2015-09-06 14:38:28
'Invalid argument supplied for foreach()' 文件：D:\project\dsm\Core\Controller\BehaviorControlController.class.php 第【45】行 时间：2015-09-06 14:38:28
'Invalid argument supplied for foreach()' 文件：D:\project\dsm\Core\Controller\BehaviorControlController.class.php 第【45】行 时间：2015-09-06 14:38:28
'array_merge(): Argument #2 is not an array' 文件：D:\project\dsm\Core\Controller\SettingController.class.php 第【92】行 时间：2015-09-06 14:38:37
'array_merge(): Argument #1 is not an array' 文件：D:\project\dsm\Core\Controller\SettingController.class.php 第【100】行 时间：2015-09-06 14:38:37
'array_merge(): Argument #1 is not an array' 文件：D:\project\dsm\Core\Controller\SettingController.class.php 第【109】行 时间：2015-09-06 14:38:37
'array_merge(): Argument #1 is not an array' 文件：D:\project\dsm\Core\Controller\SettingController.class.php 第【118】行 时间：2015-09-06 14:38:37
'Undefined index: SS_FILEOUT_AVAILABLE_TIME' 文件：D:\project\dsm\Core\Runtime\Tpl\2dd33786e5b9d525999e8f13064b06cb.cache 第【41】行 时间：2015-09-06 14:38:37
'Undefined index: SS_FILEOUT_AVAILABLE_TIMES' 文件：D:\project\dsm\Core\Runtime\Tpl\2dd33786e5b9d525999e8f13064b06cb.cache 第【45】行 时间：2015-09-06 14:38:37
'Undefined index: SS_FILEOUT_PWD' 文件：D:\project\dsm\Core\Common\template.php 第【59】行 时间：2015-09-06 14:38:37
'Undefined index: SS_FILEOUT_MACHINECODE' 文件：D:\project\dsm\Core\Common\template.php 第【59】行 时间：2015-09-06 14:38:37
'Undefined index: SS_FILEOUT_MAKEEXE' 文件：D:\project\dsm\Core\Common\template.php 第【59】行 时间：2015-09-06 14:38:37
'Undefined index: SS_FILEOUT_AUTODEL' 文件：D:\project\dsm\Core\Common\template.php 第【59】行 时间：2015-09-06 14:38:37
'Undefined index: SS_FILEOUT_MODIFY' 文件：D:\project\dsm\Core\Common\template.php 第【59】行 时间：2015-09-06 14:38:37
'Undefined index: SS_FILEOUT_PRINT' 文件：D:\project\dsm\Core\Common\template.php 第【59】行 时间：2015-09-06 14:38:37
'Undefined index: SS_FILEOUT_SHOWREMAINTIME' 文件：D:\project\dsm\Core\Common\template.php 第【59】行 时间：2015-09-06 14:38:37
'Undefined index: OfflineShortTime' 文件：D:\project\dsm\Core\Runtime\Tpl\2dd33786e5b9d525999e8f13064b06cb.cache 第【78】行 时间：2015-09-06 14:38:37
'Undefined index: CopyCount' 文件：D:\project\dsm\Core\Runtime\Tpl\2dd33786e5b9d525999e8f13064b06cb.cache 第【85】行 时间：2015-09-06 14:38:37
'Undefined index: CopyLength' 文件：D:\project\dsm\Core\Runtime\Tpl\2dd33786e5b9d525999e8f13064b06cb.cache 第【92】行 时间：2015-09-06 14:38:37
'Undefined index: WaterMarkStr' 文件：D:\project\dsm\Core\Runtime\Tpl\2dd33786e5b9d525999e8f13064b06cb.cache 第【100】行 时间：2015-09-06 14:38:37
'Trying to get property of non-object' 文件：D:\project\dsm\Core\Runtime\Tpl\2dd33786e5b9d525999e8f13064b06cb.cache 第【439】行 时间：2015-09-06 14:38:37
'Trying to get property of non-object' 文件：D:\project\dsm\Core\Runtime\Tpl\2dd33786e5b9d525999e8f13064b06cb.cache 第【446】行 时间：2015-09-06 14:38:37
'Trying to get property of non-object' 文件：D:\project\dsm\Core\Runtime\Tpl\2dd33786e5b9d525999e8f13064b06cb.cache 第【452】行 时间：2015-09-06 14:38:37
'Trying to get property of non-object' 文件：D:\project\dsm\Core\Runtime\Tpl\2dd33786e5b9d525999e8f13064b06cb.cache 第【458】行 时间：2015-09-06 14:38:38
'Undefined index: TickTime' 文件：D:\project\dsm\Core\Runtime\Tpl\2dd33786e5b9d525999e8f13064b06cb.cache 第【527】行 时间：2015-09-06 14:38:38
'Undefined index: TickTime' 文件：D:\project\dsm\Core\Runtime\Tpl\2dd33786e5b9d525999e8f13064b06cb.cache 第【528】行 时间：2015-09-06 14:38:38
'Undefined index: ESentensPer' 文件：D:\project\dsm\Core\Runtime\Tpl\2dd33786e5b9d525999e8f13064b06cb.cache 第【572】行 时间：2015-09-06 14:38:38
'Undefined index: ESentensPer' 文件：D:\project\dsm\Core\Runtime\Tpl\2dd33786e5b9d525999e8f13064b06cb.cache 第【573】行 时间：2015-09-06 14:38:38
'Undefined index: NMaxSize' 文件：D:\project\dsm\Core\Runtime\Tpl\2dd33786e5b9d525999e8f13064b06cb.cache 第【579】行 时间：2015-09-06 14:38:38
'Undefined index: NIntervalTime' 文件：D:\project\dsm\Core\Runtime\Tpl\2dd33786e5b9d525999e8f13064b06cb.cache 第【584】行 时间：2015-09-06 14:38:38
'Undefined index: NIntervalTime' 文件：D:\project\dsm\Core\Runtime\Tpl\2dd33786e5b9d525999e8f13064b06cb.cache 第【585】行 时间：2015-09-06 14:38:38
'Undefined index: NSuffix' 文件：D:\project\dsm\Core\Runtime\Tpl\2dd33786e5b9d525999e8f13064b06cb.cache 第【592】行 时间：2015-09-06 14:38:38
'implode(): Invalid arguments passed' 文件：D:\project\dsm\Core\Runtime\Tpl\2dd33786e5b9d525999e8f13064b06cb.cache 第【592】行 时间：2015-09-06 14:38:38
'Undefined index: EMaxSize' 文件：D:\project\dsm\Core\Runtime\Tpl\2dd33786e5b9d525999e8f13064b06cb.cache 第【612】行 时间：2015-09-06 14:38:38
'Undefined index: EIntervalTime' 文件：D:\project\dsm\Core\Runtime\Tpl\2dd33786e5b9d525999e8f13064b06cb.cache 第【618】行 时间：2015-09-06 14:38:38
'Undefined index: EIntervalTime' 文件：D:\project\dsm\Core\Runtime\Tpl\2dd33786e5b9d525999e8f13064b06cb.cache 第【619】行 时间：2015-09-06 14:38:38
'Undefined index: EDelTime' 文件：D:\project\dsm\Core\Runtime\Tpl\2dd33786e5b9d525999e8f13064b06cb.cache 第【626】行 时间：2015-09-06 14:38:38
'Undefined index: EDelTime' 文件：D:\project\dsm\Core\Runtime\Tpl\2dd33786e5b9d525999e8f13064b06cb.cache 第【627】行 时间：2015-09-06 14:38:38
'Undefined index: ESuffix' 文件：D:\project\dsm\Core\Runtime\Tpl\2dd33786e5b9d525999e8f13064b06cb.cache 第【635】行 时间：2015-09-06 14:38:38
'implode(): Invalid arguments passed' 文件：D:\project\dsm\Core\Runtime\Tpl\2dd33786e5b9d525999e8f13064b06cb.cache 第【635】行 时间：2015-09-06 14:38:38
'Undefined index: DMaxSize' 文件：D:\project\dsm\Core\Runtime\Tpl\2dd33786e5b9d525999e8f13064b06cb.cache 第【655】行 时间：2015-09-06 14:38:38
'Undefined index: DIntervalTime' 文件：D:\project\dsm\Core\Runtime\Tpl\2dd33786e5b9d525999e8f13064b06cb.cache 第【660】行 时间：2015-09-06 14:38:38
'Undefined index: DIntervalTime' 文件：D:\project\dsm\Core\Runtime\Tpl\2dd33786e5b9d525999e8f13064b06cb.cache 第【661】行 时间：2015-09-06 14:38:38
'Undefined index: DSentensPer' 文件：D:\project\dsm\Core\Runtime\Tpl\2dd33786e5b9d525999e8f13064b06cb.cache 第【667】行 时间：2015-09-06 14:38:38
'Undefined index: DSentensPer' 文件：D:\project\dsm\Core\Runtime\Tpl\2dd33786e5b9d525999e8f13064b06cb.cache 第【668】行 时间：2015-09-06 14:38:38
'Undefined index: DDelTime' 文件：D:\project\dsm\Core\Runtime\Tpl\2dd33786e5b9d525999e8f13064b06cb.cache 第【675】行 时间：2015-09-06 14:38:38
'Undefined index: DDelTime' 文件：D:\project\dsm\Core\Runtime\Tpl\2dd33786e5b9d525999e8f13064b06cb.cache 第【676】行 时间：2015-09-06 14:38:38
'Undefined index: DSuffix' 文件：D:\project\dsm\Core\Runtime\Tpl\2dd33786e5b9d525999e8f13064b06cb.cache 第【685】行 时间：2015-09-06 14:38:38
'implode(): Invalid arguments passed' 文件：D:\project\dsm\Core\Runtime\Tpl\2dd33786e5b9d525999e8f13064b06cb.cache 第【685】行 时间：2015-09-06 14:38:38
'Invalid argument supplied for foreach()' 文件：D:\project\dsm\Core\Controller\BehaviorControlController.class.php 第【45】行 时间：2015-09-06 14:44:56
'Invalid argument supplied for foreach()' 文件：D:\project\dsm\Core\Controller\BehaviorControlController.class.php 第【45】行 时间：2015-09-06 14:44:56
'Invalid argument supplied for foreach()' 文件：D:\project\dsm\Core\Controller\BehaviorControlController.class.php 第【45】行 时间：2015-09-06 14:44:56
'Invalid argument supplied for foreach()' 文件：D:\project\dsm\Core\Controller\BehaviorControlController.class.php 第【45】行 时间：2015-09-06 14:44:56
'Invalid argument supplied for foreach()' 文件：D:\project\dsm\Core\Controller\BehaviorControlController.class.php 第【45】行 时间：2015-09-06 14:44:56
'Invalid argument supplied for foreach()' 文件：D:\project\dsm\Core\Controller\BehaviorControlController.class.php 第【45】行 时间：2015-09-06 14:44:56
'array_merge(): Argument #2 is not an array' 文件：D:\project\dsm\Core\Controller\SettingController.class.php 第【92】行 时间：2015-09-06 14:45:04
'array_merge(): Argument #1 is not an array' 文件：D:\project\dsm\Core\Controller\SettingController.class.php 第【100】行 时间：2015-09-06 14:45:04
'array_merge(): Argument #1 is not an array' 文件：D:\project\dsm\Core\Controller\SettingController.class.php 第【109】行 时间：2015-09-06 14:45:04
'array_merge(): Argument #1 is not an array' 文件：D:\project\dsm\Core\Controller\SettingController.class.php 第【118】行 时间：2015-09-06 14:45:04
'Undefined index: SS_FILEOUT_AVAILABLE_TIME' 文件：D:\project\dsm\Core\Runtime\Tpl\2dd33786e5b9d525999e8f13064b06cb.cache 第【41】行 时间：2015-09-06 14:45:04
'Undefined index: SS_FILEOUT_AVAILABLE_TIMES' 文件：D:\project\dsm\Core\Runtime\Tpl\2dd33786e5b9d525999e8f13064b06cb.cache 第【45】行 时间：2015-09-06 14:45:04
'Undefined index: SS_FILEOUT_PWD' 文件：D:\project\dsm\Core\Common\template.php 第【59】行 时间：2015-09-06 14:45:04
'Undefined index: SS_FILEOUT_MACHINECODE' 文件：D:\project\dsm\Core\Common\template.php 第【59】行 时间：2015-09-06 14:45:04
'Undefined index: SS_FILEOUT_MAKEEXE' 文件：D:\project\dsm\Core\Common\template.php 第【59】行 时间：2015-09-06 14:45:04
'Undefined index: SS_FILEOUT_AUTODEL' 文件：D:\project\dsm\Core\Common\template.php 第【59】行 时间：2015-09-06 14:45:04
'Undefined index: SS_FILEOUT_MODIFY' 文件：D:\project\dsm\Core\Common\template.php 第【59】行 时间：2015-09-06 14:45:04
'Undefined index: SS_FILEOUT_PRINT' 文件：D:\project\dsm\Core\Common\template.php 第【59】行 时间：2015-09-06 14:45:04
'Undefined index: SS_FILEOUT_SHOWREMAINTIME' 文件：D:\project\dsm\Core\Common\template.php 第【59】行 时间：2015-09-06 14:45:04
'Undefined index: OfflineShortTime' 文件：D:\project\dsm\Core\Runtime\Tpl\2dd33786e5b9d525999e8f13064b06cb.cache 第【78】行 时间：2015-09-06 14:45:04
'Undefined index: CopyCount' 文件：D:\project\dsm\Core\Runtime\Tpl\2dd33786e5b9d525999e8f13064b06cb.cache 第【85】行 时间：2015-09-06 14:45:04
'Undefined index: CopyLength' 文件：D:\project\dsm\Core\Runtime\Tpl\2dd33786e5b9d525999e8f13064b06cb.cache 第【92】行 时间：2015-09-06 14:45:04
'Undefined index: WaterMarkStr' 文件：D:\project\dsm\Core\Runtime\Tpl\2dd33786e5b9d525999e8f13064b06cb.cache 第【100】行 时间：2015-09-06 14:45:04
'Trying to get property of non-object' 文件：D:\project\dsm\Core\Runtime\Tpl\2dd33786e5b9d525999e8f13064b06cb.cache 第【439】行 时间：2015-09-06 14:45:04
'Trying to get property of non-object' 文件：D:\project\dsm\Core\Runtime\Tpl\2dd33786e5b9d525999e8f13064b06cb.cache 第【446】行 时间：2015-09-06 14:45:04
'Trying to get property of non-object' 文件：D:\project\dsm\Core\Runtime\Tpl\2dd33786e5b9d525999e8f13064b06cb.cache 第【452】行 时间：2015-09-06 14:45:04
'Trying to get property of non-object' 文件：D:\project\dsm\Core\Runtime\Tpl\2dd33786e5b9d525999e8f13064b06cb.cache 第【458】行 时间：2015-09-06 14:45:04
'Undefined index: TickTime' 文件：D:\project\dsm\Core\Runtime\Tpl\2dd33786e5b9d525999e8f13064b06cb.cache 第【527】行 时间：2015-09-06 14:45:04
'Undefined index: TickTime' 文件：D:\project\dsm\Core\Runtime\Tpl\2dd33786e5b9d525999e8f13064b06cb.cache 第【528】行 时间：2015-09-06 14:45:04
'Undefined index: ESentensPer' 文件：D:\project\dsm\Core\Runtime\Tpl\2dd33786e5b9d525999e8f13064b06cb.cache 第【572】行 时间：2015-09-06 14:45:04
'Undefined index: ESentensPer' 文件：D:\project\dsm\Core\Runtime\Tpl\2dd33786e5b9d525999e8f13064b06cb.cache 第【573】行 时间：2015-09-06 14:45:04
'Undefined index: NMaxSize' 文件：D:\project\dsm\Core\Runtime\Tpl\2dd33786e5b9d525999e8f13064b06cb.cache 第【579】行 时间：2015-09-06 14:45:04
'Undefined index: NIntervalTime' 文件：D:\project\dsm\Core\Runtime\Tpl\2dd33786e5b9d525999e8f13064b06cb.cache 第【584】行 时间：2015-09-06 14:45:04
'Undefined index: NIntervalTime' 文件：D:\project\dsm\Core\Runtime\Tpl\2dd33786e5b9d525999e8f13064b06cb.cache 第【585】行 时间：2015-09-06 14:45:04
'Undefined index: NSuffix' 文件：D:\project\dsm\Core\Runtime\Tpl\2dd33786e5b9d525999e8f13064b06cb.cache 第【592】行 时间：2015-09-06 14:45:04
'implode(): Invalid arguments passed' 文件：D:\project\dsm\Core\Runtime\Tpl\2dd33786e5b9d525999e8f13064b06cb.cache 第【592】行 时间：2015-09-06 14:45:04
'Undefined index: EMaxSize' 文件：D:\project\dsm\Core\Runtime\Tpl\2dd33786e5b9d525999e8f13064b06cb.cache 第【612】行 时间：2015-09-06 14:45:04
'Undefined index: EIntervalTime' 文件：D:\project\dsm\Core\Runtime\Tpl\2dd33786e5b9d525999e8f13064b06cb.cache 第【618】行 时间：2015-09-06 14:45:04
'Undefined index: EIntervalTime' 文件：D:\project\dsm\Core\Runtime\Tpl\2dd33786e5b9d525999e8f13064b06cb.cache 第【619】行 时间：2015-09-06 14:45:04
'Undefined index: EDelTime' 文件：D:\project\dsm\Core\Runtime\Tpl\2dd33786e5b9d525999e8f13064b06cb.cache 第【626】行 时间：2015-09-06 14:45:04
'Undefined index: EDelTime' 文件：D:\project\dsm\Core\Runtime\Tpl\2dd33786e5b9d525999e8f13064b06cb.cache 第【627】行 时间：2015-09-06 14:45:04
'Undefined index: ESuffix' 文件：D:\project\dsm\Core\Runtime\Tpl\2dd33786e5b9d525999e8f13064b06cb.cache 第【635】行 时间：2015-09-06 14:45:04
'implode(): Invalid arguments passed' 文件：D:\project\dsm\Core\Runtime\Tpl\2dd33786e5b9d525999e8f13064b06cb.cache 第【635】行 时间：2015-09-06 14:45:04
'Undefined index: DMaxSize' 文件：D:\project\dsm\Core\Runtime\Tpl\2dd33786e5b9d525999e8f13064b06cb.cache 第【655】行 时间：2015-09-06 14:45:04
'Undefined index: DIntervalTime' 文件：D:\project\dsm\Core\Runtime\Tpl\2dd33786e5b9d525999e8f13064b06cb.cache 第【660】行 时间：2015-09-06 14:45:04
'Undefined index: DIntervalTime' 文件：D:\project\dsm\Core\Runtime\Tpl\2dd33786e5b9d525999e8f13064b06cb.cache 第【661】行 时间：2015-09-06 14:45:04
'Undefined index: DSentensPer' 文件：D:\project\dsm\Core\Runtime\Tpl\2dd33786e5b9d525999e8f13064b06cb.cache 第【667】行 时间：2015-09-06 14:45:04
'Undefined index: DSentensPer' 文件：D:\project\dsm\Core\Runtime\Tpl\2dd33786e5b9d525999e8f13064b06cb.cache 第【668】行 时间：2015-09-06 14:45:04
'Undefined index: DDelTime' 文件：D:\project\dsm\Core\Runtime\Tpl\2dd33786e5b9d525999e8f13064b06cb.cache 第【675】行 时间：2015-09-06 14:45:04
'Undefined index: DDelTime' 文件：D:\project\dsm\Core\Runtime\Tpl\2dd33786e5b9d525999e8f13064b06cb.cache 第【676】行 时间：2015-09-06 14:45:04
'Undefined index: DSuffix' 文件：D:\project\dsm\Core\Runtime\Tpl\2dd33786e5b9d525999e8f13064b06cb.cache 第【685】行 时间：2015-09-06 14:45:04
'implode(): Invalid arguments passed' 文件：D:\project\dsm\Core\Runtime\Tpl\2dd33786e5b9d525999e8f13064b06cb.cache 第【685】行 时间：2015-09-06 14:45:04
'array_merge(): Argument #2 is not an array' 文件：D:\project\dsm\Core\Controller\SettingController.class.php 第【92】行 时间：2015-09-06 14:51:03
'array_merge(): Argument #1 is not an array' 文件：D:\project\dsm\Core\Controller\SettingController.class.php 第【100】行 时间：2015-09-06 14:51:03
'array_merge(): Argument #1 is not an array' 文件：D:\project\dsm\Core\Controller\SettingController.class.php 第【109】行 时间：2015-09-06 14:51:03
'array_merge(): Argument #1 is not an array' 文件：D:\project\dsm\Core\Controller\SettingController.class.php 第【118】行 时间：2015-09-06 14:51:03
'Undefined index: SS_FILEOUT_AVAILABLE_TIME' 文件：D:\project\dsm\Core\Runtime\Tpl\2dd33786e5b9d525999e8f13064b06cb.cache 第【41】行 时间：2015-09-06 14:51:03
'Undefined index: SS_FILEOUT_AVAILABLE_TIMES' 文件：D:\project\dsm\Core\Runtime\Tpl\2dd33786e5b9d525999e8f13064b06cb.cache 第【45】行 时间：2015-09-06 14:51:03
'Undefined index: SS_FILEOUT_PWD' 文件：D:\project\dsm\Core\Common\template.php 第【59】行 时间：2015-09-06 14:51:03
'Undefined index: SS_FILEOUT_MACHINECODE' 文件：D:\project\dsm\Core\Common\template.php 第【59】行 时间：2015-09-06 14:51:03
'Undefined index: SS_FILEOUT_MAKEEXE' 文件：D:\project\dsm\Core\Common\template.php 第【59】行 时间：2015-09-06 14:51:03
'Undefined index: SS_FILEOUT_AUTODEL' 文件：D:\project\dsm\Core\Common\template.php 第【59】行 时间：2015-09-06 14:51:03
'Undefined index: SS_FILEOUT_MODIFY' 文件：D:\project\dsm\Core\Common\template.php 第【59】行 时间：2015-09-06 14:51:03
'Undefined index: SS_FILEOUT_PRINT' 文件：D:\project\dsm\Core\Common\template.php 第【59】行 时间：2015-09-06 14:51:03
'Undefined index: SS_FILEOUT_SHOWREMAINTIME' 文件：D:\project\dsm\Core\Common\template.php 第【59】行 时间：2015-09-06 14:51:03
'Undefined index: OfflineShortTime' 文件：D:\project\dsm\Core\Runtime\Tpl\2dd33786e5b9d525999e8f13064b06cb.cache 第【78】行 时间：2015-09-06 14:51:03
'Undefined index: CopyCount' 文件：D:\project\dsm\Core\Runtime\Tpl\2dd33786e5b9d525999e8f13064b06cb.cache 第【85】行 时间：2015-09-06 14:51:03
'Undefined index: CopyLength' 文件：D:\project\dsm\Core\Runtime\Tpl\2dd33786e5b9d525999e8f13064b06cb.cache 第【92】行 时间：2015-09-06 14:51:03
'Undefined index: WaterMarkStr' 文件：D:\project\dsm\Core\Runtime\Tpl\2dd33786e5b9d525999e8f13064b06cb.cache 第【100】行 时间：2015-09-06 14:51:03
'Trying to get property of non-object' 文件：D:\project\dsm\Core\Runtime\Tpl\2dd33786e5b9d525999e8f13064b06cb.cache 第【439】行 时间：2015-09-06 14:51:03
'Trying to get property of non-object' 文件：D:\project\dsm\Core\Runtime\Tpl\2dd33786e5b9d525999e8f13064b06cb.cache 第【446】行 时间：2015-09-06 14:51:03
'Trying to get property of non-object' 文件：D:\project\dsm\Core\Runtime\Tpl\2dd33786e5b9d525999e8f13064b06cb.cache 第【452】行 时间：2015-09-06 14:51:03
'Trying to get property of non-object' 文件：D:\project\dsm\Core\Runtime\Tpl\2dd33786e5b9d525999e8f13064b06cb.cache 第【458】行 时间：2015-09-06 14:51:03
'Undefined index: TickTime' 文件：D:\project\dsm\Core\Runtime\Tpl\2dd33786e5b9d525999e8f13064b06cb.cache 第【527】行 时间：2015-09-06 14:51:03
'Undefined index: TickTime' 文件：D:\project\dsm\Core\Runtime\Tpl\2dd33786e5b9d525999e8f13064b06cb.cache 第【528】行 时间：2015-09-06 14:51:03
'Undefined index: ESentensPer' 文件：D:\project\dsm\Core\Runtime\Tpl\2dd33786e5b9d525999e8f13064b06cb.cache 第【572】行 时间：2015-09-06 14:51:03
'Undefined index: ESentensPer' 文件：D:\project\dsm\Core\Runtime\Tpl\2dd33786e5b9d525999e8f13064b06cb.cache 第【573】行 时间：2015-09-06 14:51:03
'Undefined index: NMaxSize' 文件：D:\project\dsm\Core\Runtime\Tpl\2dd33786e5b9d525999e8f13064b06cb.cache 第【579】行 时间：2015-09-06 14:51:03
'Undefined index: NIntervalTime' 文件：D:\project\dsm\Core\Runtime\Tpl\2dd33786e5b9d525999e8f13064b06cb.cache 第【584】行 时间：2015-09-06 14:51:03
'Undefined index: NIntervalTime' 文件：D:\project\dsm\Core\Runtime\Tpl\2dd33786e5b9d525999e8f13064b06cb.cache 第【585】行 时间：2015-09-06 14:51:03
'Undefined index: NSuffix' 文件：D:\project\dsm\Core\Runtime\Tpl\2dd33786e5b9d525999e8f13064b06cb.cache 第【592】行 时间：2015-09-06 14:51:03
'implode(): Invalid arguments passed' 文件：D:\project\dsm\Core\Runtime\Tpl\2dd33786e5b9d525999e8f13064b06cb.cache 第【592】行 时间：2015-09-06 14:51:03
'Undefined index: EMaxSize' 文件：D:\project\dsm\Core\Runtime\Tpl\2dd33786e5b9d525999e8f13064b06cb.cache 第【612】行 时间：2015-09-06 14:51:03
'Undefined index: EIntervalTime' 文件：D:\project\dsm\Core\Runtime\Tpl\2dd33786e5b9d525999e8f13064b06cb.cache 第【618】行 时间：2015-09-06 14:51:04
'Undefined index: EIntervalTime' 文件：D:\project\dsm\Core\Runtime\Tpl\2dd33786e5b9d525999e8f13064b06cb.cache 第【619】行 时间：2015-09-06 14:51:04
'Undefined index: EDelTime' 文件：D:\project\dsm\Core\Runtime\Tpl\2dd33786e5b9d525999e8f13064b06cb.cache 第【626】行 时间：2015-09-06 14:51:04
'Undefined index: EDelTime' 文件：D:\project\dsm\Core\Runtime\Tpl\2dd33786e5b9d525999e8f13064b06cb.cache 第【627】行 时间：2015-09-06 14:51:04
'Undefined index: ESuffix' 文件：D:\project\dsm\Core\Runtime\Tpl\2dd33786e5b9d525999e8f13064b06cb.cache 第【635】行 时间：2015-09-06 14:51:04
'implode(): Invalid arguments passed' 文件：D:\project\dsm\Core\Runtime\Tpl\2dd33786e5b9d525999e8f13064b06cb.cache 第【635】行 时间：2015-09-06 14:51:04
'Undefined index: DMaxSize' 文件：D:\project\dsm\Core\Runtime\Tpl\2dd33786e5b9d525999e8f13064b06cb.cache 第【655】行 时间：2015-09-06 14:51:04
'Undefined index: DIntervalTime' 文件：D:\project\dsm\Core\Runtime\Tpl\2dd33786e5b9d525999e8f13064b06cb.cache 第【660】行 时间：2015-09-06 14:51:04
'Undefined index: DIntervalTime' 文件：D:\project\dsm\Core\Runtime\Tpl\2dd33786e5b9d525999e8f13064b06cb.cache 第【661】行 时间：2015-09-06 14:51:04
'Undefined index: DSentensPer' 文件：D:\project\dsm\Core\Runtime\Tpl\2dd33786e5b9d525999e8f13064b06cb.cache 第【667】行 时间：2015-09-06 14:51:04
'Undefined index: DSentensPer' 文件：D:\project\dsm\Core\Runtime\Tpl\2dd33786e5b9d525999e8f13064b06cb.cache 第【668】行 时间：2015-09-06 14:51:04
'Undefined index: DDelTime' 文件：D:\project\dsm\Core\Runtime\Tpl\2dd33786e5b9d525999e8f13064b06cb.cache 第【675】行 时间：2015-09-06 14:51:04
'Undefined index: DDelTime' 文件：D:\project\dsm\Core\Runtime\Tpl\2dd33786e5b9d525999e8f13064b06cb.cache 第【676】行 时间：2015-09-06 14:51:04
'Undefined index: DSuffix' 文件：D:\project\dsm\Core\Runtime\Tpl\2dd33786e5b9d525999e8f13064b06cb.cache 第【685】行 时间：2015-09-06 14:51:04
'implode(): Invalid arguments passed' 文件：D:\project\dsm\Core\Runtime\Tpl\2dd33786e5b9d525999e8f13064b06cb.cache 第【685】行 时间：2015-09-06 14:51:04
'Invalid argument supplied for foreach()' 文件：D:\project\dsm\Core\Controller\BehaviorControlController.class.php 第【45】行 时间：2015-09-06 14:51:11
'Invalid argument supplied for foreach()' 文件：D:\project\dsm\Core\Controller\BehaviorControlController.class.php 第【45】行 时间：2015-09-06 14:51:11
'Invalid argument supplied for foreach()' 文件：D:\project\dsm\Core\Controller\BehaviorControlController.class.php 第【45】行 时间：2015-09-06 14:51:11
'Invalid argument supplied for foreach()' 文件：D:\project\dsm\Core\Controller\BehaviorControlController.class.php 第【45】行 时间：2015-09-06 14:51:12
'Invalid argument supplied for foreach()' 文件：D:\project\dsm\Core\Controller\BehaviorControlController.class.php 第【45】行 时间：2015-09-06 14:51:12
'Invalid argument supplied for foreach()' 文件：D:\project\dsm\Core\Controller\BehaviorControlController.class.php 第【45】行 时间：2015-09-06 14:51:12
'Invalid argument supplied for foreach()' 文件：D:\project\dsm\Core\Controller\BehaviorControlController.class.php 第【45】行 时间：2015-09-06 15:09:33
'Invalid argument supplied for foreach()' 文件：D:\project\dsm\Core\Controller\BehaviorControlController.class.php 第【45】行 时间：2015-09-06 15:09:33
'Invalid argument supplied for foreach()' 文件：D:\project\dsm\Core\Controller\BehaviorControlController.class.php 第【45】行 时间：2015-09-06 15:09:33
'Invalid argument supplied for foreach()' 文件：D:\project\dsm\Core\Controller\BehaviorControlController.class.php 第【45】行 时间：2015-09-06 15:09:33
'Invalid argument supplied for foreach()' 文件：D:\project\dsm\Core\Controller\BehaviorControlController.class.php 第【45】行 时间：2015-09-06 15:09:33
'Invalid argument supplied for foreach()' 文件：D:\project\dsm\Core\Controller\BehaviorControlController.class.php 第【45】行 时间：2015-09-06 15:09:33
'Invalid argument supplied for foreach()' 文件：D:\project\dsm\Core\Controller\BehaviorControlController.class.php 第【52】行 时间：2015-09-06 15:16:13
'Invalid argument supplied for foreach()' 文件：D:\project\dsm\Core\Controller\BehaviorControlController.class.php 第【45】行 时间：2015-09-06 17:06:07
'Invalid argument supplied for foreach()' 文件：D:\project\dsm\Core\Controller\BehaviorControlController.class.php 第【45】行 时间：2015-09-06 17:06:07
'Invalid argument supplied for foreach()' 文件：D:\project\dsm\Core\Controller\BehaviorControlController.class.php 第【45】行 时间：2015-09-06 17:06:07
'Invalid argument supplied for foreach()' 文件：D:\project\dsm\Core\Controller\BehaviorControlController.class.php 第【45】行 时间：2015-09-06 17:06:08
'Invalid argument supplied for foreach()' 文件：D:\project\dsm\Core\Controller\BehaviorControlController.class.php 第【45】行 时间：2015-09-06 17:06:08
'Invalid argument supplied for foreach()' 文件：D:\project\dsm\Core\Controller\BehaviorControlController.class.php 第【45】行 时间：2015-09-06 17:06:08
'array_merge(): Argument #2 is not an array' 文件：D:\project\dsm\Core\Controller\SettingController.class.php 第【92】行 时间：2015-09-06 17:06:25
'array_merge(): Argument #1 is not an array' 文件：D:\project\dsm\Core\Controller\SettingController.class.php 第【100】行 时间：2015-09-06 17:06:25
'array_merge(): Argument #1 is not an array' 文件：D:\project\dsm\Core\Controller\SettingController.class.php 第【109】行 时间：2015-09-06 17:06:25
'array_merge(): Argument #1 is not an array' 文件：D:\project\dsm\Core\Controller\SettingController.class.php 第【118】行 时间：2015-09-06 17:06:25
'Undefined index: SS_FILEOUT_AVAILABLE_TIME' 文件：D:\project\dsm\Core\Runtime\Tpl\2dd33786e5b9d525999e8f13064b06cb.cache 第【41】行 时间：2015-09-06 17:06:25
'Undefined index: SS_FILEOUT_AVAILABLE_TIMES' 文件：D:\project\dsm\Core\Runtime\Tpl\2dd33786e5b9d525999e8f13064b06cb.cache 第【45】行 时间：2015-09-06 17:06:25
'Undefined index: SS_FILEOUT_PWD' 文件：D:\project\dsm\Core\Common\template.php 第【59】行 时间：2015-09-06 17:06:25
'Undefined index: SS_FILEOUT_MACHINECODE' 文件：D:\project\dsm\Core\Common\template.php 第【59】行 时间：2015-09-06 17:06:25
'Undefined index: SS_FILEOUT_MAKEEXE' 文件：D:\project\dsm\Core\Common\template.php 第【59】行 时间：2015-09-06 17:06:25
'Undefined index: SS_FILEOUT_AUTODEL' 文件：D:\project\dsm\Core\Common\template.php 第【59】行 时间：2015-09-06 17:06:25
'Undefined index: SS_FILEOUT_MODIFY' 文件：D:\project\dsm\Core\Common\template.php 第【59】行 时间：2015-09-06 17:06:25
'Undefined index: SS_FILEOUT_PRINT' 文件：D:\project\dsm\Core\Common\template.php 第【59】行 时间：2015-09-06 17:06:25
'Undefined index: SS_FILEOUT_SHOWREMAINTIME' 文件：D:\project\dsm\Core\Common\template.php 第【59】行 时间：2015-09-06 17:06:25
'Undefined index: OfflineShortTime' 文件：D:\project\dsm\Core\Runtime\Tpl\2dd33786e5b9d525999e8f13064b06cb.cache 第【78】行 时间：2015-09-06 17:06:25
'Undefined index: CopyCount' 文件：D:\project\dsm\Core\Runtime\Tpl\2dd33786e5b9d525999e8f13064b06cb.cache 第【85】行 时间：2015-09-06 17:06:25
'Undefined index: CopyLength' 文件：D:\project\dsm\Core\Runtime\Tpl\2dd33786e5b9d525999e8f13064b06cb.cache 第【92】行 时间：2015-09-06 17:06:25
'Undefined index: WaterMarkStr' 文件：D:\project\dsm\Core\Runtime\Tpl\2dd33786e5b9d525999e8f13064b06cb.cache 第【100】行 时间：2015-09-06 17:06:25
'Trying to get property of non-object' 文件：D:\project\dsm\Core\Runtime\Tpl\2dd33786e5b9d525999e8f13064b06cb.cache 第【439】行 时间：2015-09-06 17:06:25
'Trying to get property of non-object' 文件：D:\project\dsm\Core\Runtime\Tpl\2dd33786e5b9d525999e8f13064b06cb.cache 第【446】行 时间：2015-09-06 17:06:25
'Trying to get property of non-object' 文件：D:\project\dsm\Core\Runtime\Tpl\2dd33786e5b9d525999e8f13064b06cb.cache 第【452】行 时间：2015-09-06 17:06:25
'Trying to get property of non-object' 文件：D:\project\dsm\Core\Runtime\Tpl\2dd33786e5b9d525999e8f13064b06cb.cache 第【458】行 时间：2015-09-06 17:06:25
'Undefined index: TickTime' 文件：D:\project\dsm\Core\Runtime\Tpl\2dd33786e5b9d525999e8f13064b06cb.cache 第【527】行 时间：2015-09-06 17:06:25
'Undefined index: TickTime' 文件：D:\project\dsm\Core\Runtime\Tpl\2dd33786e5b9d525999e8f13064b06cb.cache 第【528】行 时间：2015-09-06 17:06:25
'Undefined index: ESentensPer' 文件：D:\project\dsm\Core\Runtime\Tpl\2dd33786e5b9d525999e8f13064b06cb.cache 第【572】行 时间：2015-09-06 17:06:25
'Undefined index: ESentensPer' 文件：D:\project\dsm\Core\Runtime\Tpl\2dd33786e5b9d525999e8f13064b06cb.cache 第【573】行 时间：2015-09-06 17:06:25
'Undefined index: NMaxSize' 文件：D:\project\dsm\Core\Runtime\Tpl\2dd33786e5b9d525999e8f13064b06cb.cache 第【579】行 时间：2015-09-06 17:06:25
'Undefined index: NIntervalTime' 文件：D:\project\dsm\Core\Runtime\Tpl\2dd33786e5b9d525999e8f13064b06cb.cache 第【584】行 时间：2015-09-06 17:06:25
'Undefined index: NIntervalTime' 文件：D:\project\dsm\Core\Runtime\Tpl\2dd33786e5b9d525999e8f13064b06cb.cache 第【585】行 时间：2015-09-06 17:06:25
'Undefined index: NSuffix' 文件：D:\project\dsm\Core\Runtime\Tpl\2dd33786e5b9d525999e8f13064b06cb.cache 第【592】行 时间：2015-09-06 17:06:25
'implode(): Invalid arguments passed' 文件：D:\project\dsm\Core\Runtime\Tpl\2dd33786e5b9d525999e8f13064b06cb.cache 第【592】行 时间：2015-09-06 17:06:26
'Undefined index: EMaxSize' 文件：D:\project\dsm\Core\Runtime\Tpl\2dd33786e5b9d525999e8f13064b06cb.cache 第【612】行 时间：2015-09-06 17:06:26
'Undefined index: EIntervalTime' 文件：D:\project\dsm\Core\Runtime\Tpl\2dd33786e5b9d525999e8f13064b06cb.cache 第【618】行 时间：2015-09-06 17:06:26
'Undefined index: EIntervalTime' 文件：D:\project\dsm\Core\Runtime\Tpl\2dd33786e5b9d525999e8f13064b06cb.cache 第【619】行 时间：2015-09-06 17:06:26
'Undefined index: EDelTime' 文件：D:\project\dsm\Core\Runtime\Tpl\2dd33786e5b9d525999e8f13064b06cb.cache 第【626】行 时间：2015-09-06 17:06:26
'Undefined index: EDelTime' 文件：D:\project\dsm\Core\Runtime\Tpl\2dd33786e5b9d525999e8f13064b06cb.cache 第【627】行 时间：2015-09-06 17:06:26
'Undefined index: ESuffix' 文件：D:\project\dsm\Core\Runtime\Tpl\2dd33786e5b9d525999e8f13064b06cb.cache 第【635】行 时间：2015-09-06 17:06:26
'implode(): Invalid arguments passed' 文件：D:\project\dsm\Core\Runtime\Tpl\2dd33786e5b9d525999e8f13064b06cb.cache 第【635】行 时间：2015-09-06 17:06:26
'Undefined index: DMaxSize' 文件：D:\project\dsm\Core\Runtime\Tpl\2dd33786e5b9d525999e8f13064b06cb.cache 第【655】行 时间：2015-09-06 17:06:26
'Undefined index: DIntervalTime' 文件：D:\project\dsm\Core\Runtime\Tpl\2dd33786e5b9d525999e8f13064b06cb.cache 第【660】行 时间：2015-09-06 17:06:26
'Undefined index: DIntervalTime' 文件：D:\project\dsm\Core\Runtime\Tpl\2dd33786e5b9d525999e8f13064b06cb.cache 第【661】行 时间：2015-09-06 17:06:26
'Undefined index: DSentensPer' 文件：D:\project\dsm\Core\Runtime\Tpl\2dd33786e5b9d525999e8f13064b06cb.cache 第【667】行 时间：2015-09-06 17:06:26
'Undefined index: DSentensPer' 文件：D:\project\dsm\Core\Runtime\Tpl\2dd33786e5b9d525999e8f13064b06cb.cache 第【668】行 时间：2015-09-06 17:06:26
'Undefined index: DDelTime' 文件：D:\project\dsm\Core\Runtime\Tpl\2dd33786e5b9d525999e8f13064b06cb.cache 第【675】行 时间：2015-09-06 17:06:26
'Undefined index: DDelTime' 文件：D:\project\dsm\Core\Runtime\Tpl\2dd33786e5b9d525999e8f13064b06cb.cache 第【676】行 时间：2015-09-06 17:06:26
'Undefined index: DSuffix' 文件：D:\project\dsm\Core\Runtime\Tpl\2dd33786e5b9d525999e8f13064b06cb.cache 第【685】行 时间：2015-09-06 17:06:26
'implode(): Invalid arguments passed' 文件：D:\project\dsm\Core\Runtime\Tpl\2dd33786e5b9d525999e8f13064b06cb.cache 第【685】行 时间：2015-09-06 17:06:26
'Invalid argument supplied for foreach()' 文件：D:\project\dsm\Core\Controller\BehaviorControlController.class.php 第【45】行 时间：2015-09-06 17:13:13
'Invalid argument supplied for foreach()' 文件：D:\project\dsm\Core\Controller\BehaviorControlController.class.php 第【45】行 时间：2015-09-06 17:13:13
'Invalid argument supplied for foreach()' 文件：D:\project\dsm\Core\Controller\BehaviorControlController.class.php 第【45】行 时间：2015-09-06 17:13:13
'Invalid argument supplied for foreach()' 文件：D:\project\dsm\Core\Controller\BehaviorControlController.class.php 第【45】行 时间：2015-09-06 17:13:13
'Invalid argument supplied for foreach()' 文件：D:\project\dsm\Core\Controller\BehaviorControlController.class.php 第【45】行 时间：2015-09-06 17:13:13
'Invalid argument supplied for foreach()' 文件：D:\project\dsm\Core\Controller\BehaviorControlController.class.php 第【45】行 时间：2015-09-06 17:13:13
'array_merge(): Argument #2 is not an array' 文件：D:\project\dsm\Core\Controller\SettingController.class.php 第【92】行 时间：2015-09-06 17:13:18
'array_merge(): Argument #1 is not an array' 文件：D:\project\dsm\Core\Controller\SettingController.class.php 第【100】行 时间：2015-09-06 17:13:18
'array_merge(): Argument #1 is not an array' 文件：D:\project\dsm\Core\Controller\SettingController.class.php 第【109】行 时间：2015-09-06 17:13:18
'array_merge(): Argument #1 is not an array' 文件：D:\project\dsm\Core\Controller\SettingController.class.php 第【118】行 时间：2015-09-06 17:13:18
'Undefined index: SS_FILEOUT_AVAILABLE_TIME' 文件：D:\project\dsm\Core\Runtime\Tpl\2dd33786e5b9d525999e8f13064b06cb.cache 第【41】行 时间：2015-09-06 17:13:18
'Undefined index: SS_FILEOUT_AVAILABLE_TIMES' 文件：D:\project\dsm\Core\Runtime\Tpl\2dd33786e5b9d525999e8f13064b06cb.cache 第【45】行 时间：2015-09-06 17:13:18
'Undefined index: SS_FILEOUT_PWD' 文件：D:\project\dsm\Core\Common\template.php 第【59】行 时间：2015-09-06 17:13:18
'Undefined index: SS_FILEOUT_MACHINECODE' 文件：D:\project\dsm\Core\Common\template.php 第【59】行 时间：2015-09-06 17:13:18
'Undefined index: SS_FILEOUT_MAKEEXE' 文件：D:\project\dsm\Core\Common\template.php 第【59】行 时间：2015-09-06 17:13:18
'Undefined index: SS_FILEOUT_AUTODEL' 文件：D:\project\dsm\Core\Common\template.php 第【59】行 时间：2015-09-06 17:13:18
'Undefined index: SS_FILEOUT_MODIFY' 文件：D:\project\dsm\Core\Common\template.php 第【59】行 时间：2015-09-06 17:13:18
'Undefined index: SS_FILEOUT_PRINT' 文件：D:\project\dsm\Core\Common\template.php 第【59】行 时间：2015-09-06 17:13:18
'Undefined index: SS_FILEOUT_SHOWREMAINTIME' 文件：D:\project\dsm\Core\Common\template.php 第【59】行 时间：2015-09-06 17:13:18
'Undefined index: OfflineShortTime' 文件：D:\project\dsm\Core\Runtime\Tpl\2dd33786e5b9d525999e8f13064b06cb.cache 第【78】行 时间：2015-09-06 17:13:18
'Undefined index: CopyCount' 文件：D:\project\dsm\Core\Runtime\Tpl\2dd33786e5b9d525999e8f13064b06cb.cache 第【85】行 时间：2015-09-06 17:13:18
'Undefined index: CopyLength' 文件：D:\project\dsm\Core\Runtime\Tpl\2dd33786e5b9d525999e8f13064b06cb.cache 第【92】行 时间：2015-09-06 17:13:18
'Undefined index: WaterMarkStr' 文件：D:\project\dsm\Core\Runtime\Tpl\2dd33786e5b9d525999e8f13064b06cb.cache 第【100】行 时间：2015-09-06 17:13:18
'Trying to get property of non-object' 文件：D:\project\dsm\Core\Runtime\Tpl\2dd33786e5b9d525999e8f13064b06cb.cache 第【439】行 时间：2015-09-06 17:13:18
'Trying to get property of non-object' 文件：D:\project\dsm\Core\Runtime\Tpl\2dd33786e5b9d525999e8f13064b06cb.cache 第【446】行 时间：2015-09-06 17:13:18
'Trying to get property of non-object' 文件：D:\project\dsm\Core\Runtime\Tpl\2dd33786e5b9d525999e8f13064b06cb.cache 第【452】行 时间：2015-09-06 17:13:18
'Trying to get property of non-object' 文件：D:\project\dsm\Core\Runtime\Tpl\2dd33786e5b9d525999e8f13064b06cb.cache 第【458】行 时间：2015-09-06 17:13:18
'Undefined index: TickTime' 文件：D:\project\dsm\Core\Runtime\Tpl\2dd33786e5b9d525999e8f13064b06cb.cache 第【527】行 时间：2015-09-06 17:13:18
'Undefined index: TickTime' 文件：D:\project\dsm\Core\Runtime\Tpl\2dd33786e5b9d525999e8f13064b06cb.cache 第【528】行 时间：2015-09-06 17:13:18
'Undefined index: ESentensPer' 文件：D:\project\dsm\Core\Runtime\Tpl\2dd33786e5b9d525999e8f13064b06cb.cache 第【572】行 时间：2015-09-06 17:13:18
'Undefined index: ESentensPer' 文件：D:\project\dsm\Core\Runtime\Tpl\2dd33786e5b9d525999e8f13064b06cb.cache 第【573】行 时间：2015-09-06 17:13:18
'Undefined index: NMaxSize' 文件：D:\project\dsm\Core\Runtime\Tpl\2dd33786e5b9d525999e8f13064b06cb.cache 第【579】行 时间：2015-09-06 17:13:18
'Undefined index: NIntervalTime' 文件：D:\project\dsm\Core\Runtime\Tpl\2dd33786e5b9d525999e8f13064b06cb.cache 第【584】行 时间：2015-09-06 17:13:18
'Undefined index: NIntervalTime' 文件：D:\project\dsm\Core\Runtime\Tpl\2dd33786e5b9d525999e8f13064b06cb.cache 第【585】行 时间：2015-09-06 17:13:18
'Undefined index: NSuffix' 文件：D:\project\dsm\Core\Runtime\Tpl\2dd33786e5b9d525999e8f13064b06cb.cache 第【592】行 时间：2015-09-06 17:13:18
'implode(): Invalid arguments passed' 文件：D:\project\dsm\Core\Runtime\Tpl\2dd33786e5b9d525999e8f13064b06cb.cache 第【592】行 时间：2015-09-06 17:13:18
'Undefined index: EMaxSize' 文件：D:\project\dsm\Core\Runtime\Tpl\2dd33786e5b9d525999e8f13064b06cb.cache 第【612】行 时间：2015-09-06 17:13:18
'Undefined index: EIntervalTime' 文件：D:\project\dsm\Core\Runtime\Tpl\2dd33786e5b9d525999e8f13064b06cb.cache 第【618】行 时间：2015-09-06 17:13:18
'Undefined index: EIntervalTime' 文件：D:\project\dsm\Core\Runtime\Tpl\2dd33786e5b9d525999e8f13064b06cb.cache 第【619】行 时间：2015-09-06 17:13:18
'Undefined index: EDelTime' 文件：D:\project\dsm\Core\Runtime\Tpl\2dd33786e5b9d525999e8f13064b06cb.cache 第【626】行 时间：2015-09-06 17:13:18
'Undefined index: EDelTime' 文件：D:\project\dsm\Core\Runtime\Tpl\2dd33786e5b9d525999e8f13064b06cb.cache 第【627】行 时间：2015-09-06 17:13:18
'Undefined index: ESuffix' 文件：D:\project\dsm\Core\Runtime\Tpl\2dd33786e5b9d525999e8f13064b06cb.cache 第【635】行 时间：2015-09-06 17:13:18
'implode(): Invalid arguments passed' 文件：D:\project\dsm\Core\Runtime\Tpl\2dd33786e5b9d525999e8f13064b06cb.cache 第【635】行 时间：2015-09-06 17:13:18
'Undefined index: DMaxSize' 文件：D:\project\dsm\Core\Runtime\Tpl\2dd33786e5b9d525999e8f13064b06cb.cache 第【655】行 时间：2015-09-06 17:13:18
'Undefined index: DIntervalTime' 文件：D:\project\dsm\Core\Runtime\Tpl\2dd33786e5b9d525999e8f13064b06cb.cache 第【660】行 时间：2015-09-06 17:13:18
'Undefined index: DIntervalTime' 文件：D:\project\dsm\Core\Runtime\Tpl\2dd33786e5b9d525999e8f13064b06cb.cache 第【661】行 时间：2015-09-06 17:13:18
'Undefined index: DSentensPer' 文件：D:\project\dsm\Core\Runtime\Tpl\2dd33786e5b9d525999e8f13064b06cb.cache 第【667】行 时间：2015-09-06 17:13:18
'Undefined index: DSentensPer' 文件：D:\project\dsm\Core\Runtime\Tpl\2dd33786e5b9d525999e8f13064b06cb.cache 第【668】行 时间：2015-09-06 17:13:18
'Undefined index: DDelTime' 文件：D:\project\dsm\Core\Runtime\Tpl\2dd33786e5b9d525999e8f13064b06cb.cache 第【675】行 时间：2015-09-06 17:13:18
'Undefined index: DDelTime' 文件：D:\project\dsm\Core\Runtime\Tpl\2dd33786e5b9d525999e8f13064b06cb.cache 第【676】行 时间：2015-09-06 17:13:18
'Undefined index: DSuffix' 文件：D:\project\dsm\Core\Runtime\Tpl\2dd33786e5b9d525999e8f13064b06cb.cache 第【685】行 时间：2015-09-06 17:13:18
'implode(): Invalid arguments passed' 文件：D:\project\dsm\Core\Runtime\Tpl\2dd33786e5b9d525999e8f13064b06cb.cache 第【685】行 时间：2015-09-06 17:13:18
'array_merge(): Argument #2 is not an array' 文件：D:\project\dsm\Core\Controller\SettingController.class.php 第【92】行 时间：2015-09-06 17:13:47
'array_merge(): Argument #1 is not an array' 文件：D:\project\dsm\Core\Controller\SettingController.class.php 第【100】行 时间：2015-09-06 17:13:47
'array_merge(): Argument #1 is not an array' 文件：D:\project\dsm\Core\Controller\SettingController.class.php 第【109】行 时间：2015-09-06 17:13:47
'array_merge(): Argument #1 is not an array' 文件：D:\project\dsm\Core\Controller\SettingController.class.php 第【118】行 时间：2015-09-06 17:13:47
'Undefined index: SS_FILEOUT_AVAILABLE_TIME' 文件：D:\project\dsm\Core\Runtime\Tpl\2dd33786e5b9d525999e8f13064b06cb.cache 第【41】行 时间：2015-09-06 17:13:47
'Undefined index: SS_FILEOUT_AVAILABLE_TIMES' 文件：D:\project\dsm\Core\Runtime\Tpl\2dd33786e5b9d525999e8f13064b06cb.cache 第【45】行 时间：2015-09-06 17:13:47
'Undefined index: SS_FILEOUT_PWD' 文件：D:\project\dsm\Core\Common\template.php 第【59】行 时间：2015-09-06 17:13:47
'Undefined index: SS_FILEOUT_MACHINECODE' 文件：D:\project\dsm\Core\Common\template.php 第【59】行 时间：2015-09-06 17:13:47
'Undefined index: SS_FILEOUT_MAKEEXE' 文件：D:\project\dsm\Core\Common\template.php 第【59】行 时间：2015-09-06 17:13:47
'Undefined index: SS_FILEOUT_AUTODEL' 文件：D:\project\dsm\Core\Common\template.php 第【59】行 时间：2015-09-06 17:13:47
'Undefined index: SS_FILEOUT_MODIFY' 文件：D:\project\dsm\Core\Common\template.php 第【59】行 时间：2015-09-06 17:13:47
'Undefined index: SS_FILEOUT_PRINT' 文件：D:\project\dsm\Core\Common\template.php 第【59】行 时间：2015-09-06 17:13:47
'Undefined index: SS_FILEOUT_SHOWREMAINTIME' 文件：D:\project\dsm\Core\Common\template.php 第【59】行 时间：2015-09-06 17:13:47
'Undefined index: OfflineShortTime' 文件：D:\project\dsm\Core\Runtime\Tpl\2dd33786e5b9d525999e8f13064b06cb.cache 第【78】行 时间：2015-09-06 17:13:47
'Undefined index: CopyCount' 文件：D:\project\dsm\Core\Runtime\Tpl\2dd33786e5b9d525999e8f13064b06cb.cache 第【85】行 时间：2015-09-06 17:13:47
'Undefined index: CopyLength' 文件：D:\project\dsm\Core\Runtime\Tpl\2dd33786e5b9d525999e8f13064b06cb.cache 第【92】行 时间：2015-09-06 17:13:47
'Undefined index: WaterMarkStr' 文件：D:\project\dsm\Core\Runtime\Tpl\2dd33786e5b9d525999e8f13064b06cb.cache 第【100】行 时间：2015-09-06 17:13:47
'Trying to get property of non-object' 文件：D:\project\dsm\Core\Runtime\Tpl\2dd33786e5b9d525999e8f13064b06cb.cache 第【439】行 时间：2015-09-06 17:13:47
'Trying to get property of non-object' 文件：D:\project\dsm\Core\Runtime\Tpl\2dd33786e5b9d525999e8f13064b06cb.cache 第【446】行 时间：2015-09-06 17:13:47
'Trying to get property of non-object' 文件：D:\project\dsm\Core\Runtime\Tpl\2dd33786e5b9d525999e8f13064b06cb.cache 第【452】行 时间：2015-09-06 17:13:47
'Trying to get property of non-object' 文件：D:\project\dsm\Core\Runtime\Tpl\2dd33786e5b9d525999e8f13064b06cb.cache 第【458】行 时间：2015-09-06 17:13:47
'Undefined index: TickTime' 文件：D:\project\dsm\Core\Runtime\Tpl\2dd33786e5b9d525999e8f13064b06cb.cache 第【527】行 时间：2015-09-06 17:13:47
'Undefined index: TickTime' 文件：D:\project\dsm\Core\Runtime\Tpl\2dd33786e5b9d525999e8f13064b06cb.cache 第【528】行 时间：2015-09-06 17:13:47
'Undefined index: ESentensPer' 文件：D:\project\dsm\Core\Runtime\Tpl\2dd33786e5b9d525999e8f13064b06cb.cache 第【572】行 时间：2015-09-06 17:13:47
'Undefined index: ESentensPer' 文件：D:\project\dsm\Core\Runtime\Tpl\2dd33786e5b9d525999e8f13064b06cb.cache 第【573】行 时间：2015-09-06 17:13:47
'Undefined index: NMaxSize' 文件：D:\project\dsm\Core\Runtime\Tpl\2dd33786e5b9d525999e8f13064b06cb.cache 第【579】行 时间：2015-09-06 17:13:47
'Undefined index: NIntervalTime' 文件：D:\project\dsm\Core\Runtime\Tpl\2dd33786e5b9d525999e8f13064b06cb.cache 第【584】行 时间：2015-09-06 17:13:47
'Undefined index: NIntervalTime' 文件：D:\project\dsm\Core\Runtime\Tpl\2dd33786e5b9d525999e8f13064b06cb.cache 第【585】行 时间：2015-09-06 17:13:47
'Undefined index: NSuffix' 文件：D:\project\dsm\Core\Runtime\Tpl\2dd33786e5b9d525999e8f13064b06cb.cache 第【592】行 时间：2015-09-06 17:13:47
'implode(): Invalid arguments passed' 文件：D:\project\dsm\Core\Runtime\Tpl\2dd33786e5b9d525999e8f13064b06cb.cache 第【592】行 时间：2015-09-06 17:13:47
'Undefined index: EMaxSize' 文件：D:\project\dsm\Core\Runtime\Tpl\2dd33786e5b9d525999e8f13064b06cb.cache 第【612】行 时间：2015-09-06 17:13:47
'Undefined index: EIntervalTime' 文件：D:\project\dsm\Core\Runtime\Tpl\2dd33786e5b9d525999e8f13064b06cb.cache 第【618】行 时间：2015-09-06 17:13:47
'Undefined index: EIntervalTime' 文件：D:\project\dsm\Core\Runtime\Tpl\2dd33786e5b9d525999e8f13064b06cb.cache 第【619】行 时间：2015-09-06 17:13:47
'Undefined index: EDelTime' 文件：D:\project\dsm\Core\Runtime\Tpl\2dd33786e5b9d525999e8f13064b06cb.cache 第【626】行 时间：2015-09-06 17:13:47
'Undefined index: EDelTime' 文件：D:\project\dsm\Core\Runtime\Tpl\2dd33786e5b9d525999e8f13064b06cb.cache 第【627】行 时间：2015-09-06 17:13:47
'Undefined index: ESuffix' 文件：D:\project\dsm\Core\Runtime\Tpl\2dd33786e5b9d525999e8f13064b06cb.cache 第【635】行 时间：2015-09-06 17:13:47
'implode(): Invalid arguments passed' 文件：D:\project\dsm\Core\Runtime\Tpl\2dd33786e5b9d525999e8f13064b06cb.cache 第【635】行 时间：2015-09-06 17:13:47
'Undefined index: DMaxSize' 文件：D:\project\dsm\Core\Runtime\Tpl\2dd33786e5b9d525999e8f13064b06cb.cache 第【655】行 时间：2015-09-06 17:13:47
'Undefined index: DIntervalTime' 文件：D:\project\dsm\Core\Runtime\Tpl\2dd33786e5b9d525999e8f13064b06cb.cache 第【660】行 时间：2015-09-06 17:13:47
'Undefined index: DIntervalTime' 文件：D:\project\dsm\Core\Runtime\Tpl\2dd33786e5b9d525999e8f13064b06cb.cache 第【661】行 时间：2015-09-06 17:13:47
'Undefined index: DSentensPer' 文件：D:\project\dsm\Core\Runtime\Tpl\2dd33786e5b9d525999e8f13064b06cb.cache 第【667】行 时间：2015-09-06 17:13:47
'Undefined index: DSentensPer' 文件：D:\project\dsm\Core\Runtime\Tpl\2dd33786e5b9d525999e8f13064b06cb.cache 第【668】行 时间：2015-09-06 17:13:47
'Undefined index: DDelTime' 文件：D:\project\dsm\Core\Runtime\Tpl\2dd33786e5b9d525999e8f13064b06cb.cache 第【675】行 时间：2015-09-06 17:13:47
'Undefined index: DDelTime' 文件：D:\project\dsm\Core\Runtime\Tpl\2dd33786e5b9d525999e8f13064b06cb.cache 第【676】行 时间：2015-09-06 17:13:47
'Undefined index: DSuffix' 文件：D:\project\dsm\Core\Runtime\Tpl\2dd33786e5b9d525999e8f13064b06cb.cache 第【685】行 时间：2015-09-06 17:13:47
'implode(): Invalid arguments passed' 文件：D:\project\dsm\Core\Runtime\Tpl\2dd33786e5b9d525999e8f13064b06cb.cache 第【685】行 时间：2015-09-06 17:13:47
'Invalid argument supplied for foreach()' 文件：D:\project\dsm\Core\Controller\BehaviorControlController.class.php 第【45】行 时间：2015-09-06 17:28:00
'Invalid argument supplied for foreach()' 文件：D:\project\dsm\Core\Controller\BehaviorControlController.class.php 第【45】行 时间：2015-09-06 17:28:00
'Invalid argument supplied for foreach()' 文件：D:\project\dsm\Core\Controller\BehaviorControlController.class.php 第【45】行 时间：2015-09-06 17:28:00
'Invalid argument supplied for foreach()' 文件：D:\project\dsm\Core\Controller\BehaviorControlController.class.php 第【45】行 时间：2015-09-06 17:28:00
'Invalid argument supplied for foreach()' 文件：D:\project\dsm\Core\Controller\BehaviorControlController.class.php 第【45】行 时间：2015-09-06 17:28:00
'Invalid argument supplied for foreach()' 文件：D:\project\dsm\Core\Controller\BehaviorControlController.class.php 第【45】行 时间：2015-09-06 17:28:00
'Invalid argument supplied for foreach()' 文件：D:\project\dsm\Core\Controller\BehaviorControlController.class.php 第【45】行 时间：2015-09-06 17:28:06
'Invalid argument supplied for foreach()' 文件：D:\project\dsm\Core\Controller\BehaviorControlController.class.php 第【45】行 时间：2015-09-06 17:28:06
'Invalid argument supplied for foreach()' 文件：D:\project\dsm\Core\Controller\BehaviorControlController.class.php 第【45】行 时间：2015-09-06 17:28:06
'Invalid argument supplied for foreach()' 文件：D:\project\dsm\Core\Controller\BehaviorControlController.class.php 第【45】行 时间：2015-09-06 17:28:07
'Invalid argument supplied for foreach()' 文件：D:\project\dsm\Core\Controller\BehaviorControlController.class.php 第【45】行 时间：2015-09-06 17:28:07
'Invalid argument supplied for foreach()' 文件：D:\project\dsm\Core\Controller\BehaviorControlController.class.php 第【45】行 时间：2015-09-06 17:28:07
'Invalid argument supplied for foreach()' 文件：D:\project\dsm\Core\Controller\BehaviorControlController.class.php 第【52】行 时间：2015-09-06 17:28:08
'Invalid argument supplied for foreach()' 文件：D:\project\dsm\Core\Controller\BehaviorControlController.class.php 第【52】行 时间：2015-09-06 17:28:09
'Invalid argument supplied for foreach()' 文件：D:\project\dsm\Core\Controller\BehaviorControlController.class.php 第【52】行 时间：2015-09-06 17:28:10
'Invalid argument supplied for foreach()' 文件：D:\project\dsm\Core\Controller\BehaviorControlController.class.php 第【52】行 时间：2015-09-06 17:28:12
'array_merge(): Argument #2 is not an array' 文件：D:\project\dsm\Core\Controller\SettingController.class.php 第【92】行 时间：2015-09-06 17:28:19
'array_merge(): Argument #1 is not an array' 文件：D:\project\dsm\Core\Controller\SettingController.class.php 第【100】行 时间：2015-09-06 17:28:19
'array_merge(): Argument #1 is not an array' 文件：D:\project\dsm\Core\Controller\SettingController.class.php 第【109】行 时间：2015-09-06 17:28:19
'array_merge(): Argument #1 is not an array' 文件：D:\project\dsm\Core\Controller\SettingController.class.php 第【118】行 时间：2015-09-06 17:28:19
'Undefined index: SS_FILEOUT_AVAILABLE_TIME' 文件：D:\project\dsm\Core\Runtime\Tpl\2dd33786e5b9d525999e8f13064b06cb.cache 第【41】行 时间：2015-09-06 17:28:19
'Undefined index: SS_FILEOUT_AVAILABLE_TIMES' 文件：D:\project\dsm\Core\Runtime\Tpl\2dd33786e5b9d525999e8f13064b06cb.cache 第【45】行 时间：2015-09-06 17:28:19
'Undefined index: SS_FILEOUT_PWD' 文件：D:\project\dsm\Core\Common\template.php 第【59】行 时间：2015-09-06 17:28:19
'Undefined index: SS_FILEOUT_MACHINECODE' 文件：D:\project\dsm\Core\Common\template.php 第【59】行 时间：2015-09-06 17:28:19
'Undefined index: SS_FILEOUT_MAKEEXE' 文件：D:\project\dsm\Core\Common\template.php 第【59】行 时间：2015-09-06 17:28:19
'Undefined index: SS_FILEOUT_AUTODEL' 文件：D:\project\dsm\Core\Common\template.php 第【59】行 时间：2015-09-06 17:28:19
'Undefined index: SS_FILEOUT_MODIFY' 文件：D:\project\dsm\Core\Common\template.php 第【59】行 时间：2015-09-06 17:28:19
'Undefined index: SS_FILEOUT_PRINT' 文件：D:\project\dsm\Core\Common\template.php 第【59】行 时间：2015-09-06 17:28:19
'Undefined index: SS_FILEOUT_SHOWREMAINTIME' 文件：D:\project\dsm\Core\Common\template.php 第【59】行 时间：2015-09-06 17:28:19
'Undefined index: OfflineShortTime' 文件：D:\project\dsm\Core\Runtime\Tpl\2dd33786e5b9d525999e8f13064b06cb.cache 第【78】行 时间：2015-09-06 17:28:19
'Undefined index: CopyCount' 文件：D:\project\dsm\Core\Runtime\Tpl\2dd33786e5b9d525999e8f13064b06cb.cache 第【85】行 时间：2015-09-06 17:28:19
'Undefined index: CopyLength' 文件：D:\project\dsm\Core\Runtime\Tpl\2dd33786e5b9d525999e8f13064b06cb.cache 第【92】行 时间：2015-09-06 17:28:19
'Undefined index: WaterMarkStr' 文件：D:\project\dsm\Core\Runtime\Tpl\2dd33786e5b9d525999e8f13064b06cb.cache 第【100】行 时间：2015-09-06 17:28:19
'Trying to get property of non-object' 文件：D:\project\dsm\Core\Runtime\Tpl\2dd33786e5b9d525999e8f13064b06cb.cache 第【439】行 时间：2015-09-06 17:28:19
'Trying to get property of non-object' 文件：D:\project\dsm\Core\Runtime\Tpl\2dd33786e5b9d525999e8f13064b06cb.cache 第【446】行 时间：2015-09-06 17:28:19
'Trying to get property of non-object' 文件：D:\project\dsm\Core\Runtime\Tpl\2dd33786e5b9d525999e8f13064b06cb.cache 第【452】行 时间：2015-09-06 17:28:19
'Trying to get property of non-object' 文件：D:\project\dsm\Core\Runtime\Tpl\2dd33786e5b9d525999e8f13064b06cb.cache 第【458】行 时间：2015-09-06 17:28:19
'Undefined index: TickTime' 文件：D:\project\dsm\Core\Runtime\Tpl\2dd33786e5b9d525999e8f13064b06cb.cache 第【527】行 时间：2015-09-06 17:28:19
'Undefined index: TickTime' 文件：D:\project\dsm\Core\Runtime\Tpl\2dd33786e5b9d525999e8f13064b06cb.cache 第【528】行 时间：2015-09-06 17:28:19
'Undefined index: ESentensPer' 文件：D:\project\dsm\Core\Runtime\Tpl\2dd33786e5b9d525999e8f13064b06cb.cache 第【572】行 时间：2015-09-06 17:28:19
'Undefined index: ESentensPer' 文件：D:\project\dsm\Core\Runtime\Tpl\2dd33786e5b9d525999e8f13064b06cb.cache 第【573】行 时间：2015-09-06 17:28:19
'Undefined index: NMaxSize' 文件：D:\project\dsm\Core\Runtime\Tpl\2dd33786e5b9d525999e8f13064b06cb.cache 第【579】行 时间：2015-09-06 17:28:19
'Undefined index: NIntervalTime' 文件：D:\project\dsm\Core\Runtime\Tpl\2dd33786e5b9d525999e8f13064b06cb.cache 第【584】行 时间：2015-09-06 17:28:19
'Undefined index: NIntervalTime' 文件：D:\project\dsm\Core\Runtime\Tpl\2dd33786e5b9d525999e8f13064b06cb.cache 第【585】行 时间：2015-09-06 17:28:19
'Undefined index: NSuffix' 文件：D:\project\dsm\Core\Runtime\Tpl\2dd33786e5b9d525999e8f13064b06cb.cache 第【592】行 时间：2015-09-06 17:28:19
'implode(): Invalid arguments passed' 文件：D:\project\dsm\Core\Runtime\Tpl\2dd33786e5b9d525999e8f13064b06cb.cache 第【592】行 时间：2015-09-06 17:28:19
'Undefined index: EMaxSize' 文件：D:\project\dsm\Core\Runtime\Tpl\2dd33786e5b9d525999e8f13064b06cb.cache 第【612】行 时间：2015-09-06 17:28:19
'Undefined index: EIntervalTime' 文件：D:\project\dsm\Core\Runtime\Tpl\2dd33786e5b9d525999e8f13064b06cb.cache 第【618】行 时间：2015-09-06 17:28:19
'Undefined index: EIntervalTime' 文件：D:\project\dsm\Core\Runtime\Tpl\2dd33786e5b9d525999e8f13064b06cb.cache 第【619】行 时间：2015-09-06 17:28:19
'Undefined index: EDelTime' 文件：D:\project\dsm\Core\Runtime\Tpl\2dd33786e5b9d525999e8f13064b06cb.cache 第【626】行 时间：2015-09-06 17:28:19
'Undefined index: EDelTime' 文件：D:\project\dsm\Core\Runtime\Tpl\2dd33786e5b9d525999e8f13064b06cb.cache 第【627】行 时间：2015-09-06 17:28:19
'Undefined index: ESuffix' 文件：D:\project\dsm\Core\Runtime\Tpl\2dd33786e5b9d525999e8f13064b06cb.cache 第【635】行 时间：2015-09-06 17:28:19
'implode(): Invalid arguments passed' 文件：D:\project\dsm\Core\Runtime\Tpl\2dd33786e5b9d525999e8f13064b06cb.cache 第【635】行 时间：2015-09-06 17:28:19
'Undefined index: DMaxSize' 文件：D:\project\dsm\Core\Runtime\Tpl\2dd33786e5b9d525999e8f13064b06cb.cache 第【655】行 时间：2015-09-06 17:28:19
'Undefined index: DIntervalTime' 文件：D:\project\dsm\Core\Runtime\Tpl\2dd33786e5b9d525999e8f13064b06cb.cache 第【660】行 时间：2015-09-06 17:28:19
'Undefined index: DIntervalTime' 文件：D:\project\dsm\Core\Runtime\Tpl\2dd33786e5b9d525999e8f13064b06cb.cache 第【661】行 时间：2015-09-06 17:28:19
'Undefined index: DSentensPer' 文件：D:\project\dsm\Core\Runtime\Tpl\2dd33786e5b9d525999e8f13064b06cb.cache 第【667】行 时间：2015-09-06 17:28:19
'Undefined index: DSentensPer' 文件：D:\project\dsm\Core\Runtime\Tpl\2dd33786e5b9d525999e8f13064b06cb.cache 第【668】行 时间：2015-09-06 17:28:19
'Undefined index: DDelTime' 文件：D:\project\dsm\Core\Runtime\Tpl\2dd33786e5b9d525999e8f13064b06cb.cache 第【675】行 时间：2015-09-06 17:28:19
'Undefined index: DDelTime' 文件：D:\project\dsm\Core\Runtime\Tpl\2dd33786e5b9d525999e8f13064b06cb.cache 第【676】行 时间：2015-09-06 17:28:19
'Undefined index: DSuffix' 文件：D:\project\dsm\Core\Runtime\Tpl\2dd33786e5b9d525999e8f13064b06cb.cache 第【685】行 时间：2015-09-06 17:28:19
'implode(): Invalid arguments passed' 文件：D:\project\dsm\Core\Runtime\Tpl\2dd33786e5b9d525999e8f13064b06cb.cache 第【685】行 时间：2015-09-06 17:28:19
