'Invalid argument supplied for foreach()' 文件：D:\project\dsm\Core\Controller\BehaviorControlController.class.php 第【45】行 时间：2016-01-08 09:35:48
'Invalid argument supplied for foreach()' 文件：D:\project\dsm\Core\Controller\BehaviorControlController.class.php 第【45】行 时间：2016-01-08 09:35:48
'Invalid argument supplied for foreach()' 文件：D:\project\dsm\Core\Controller\BehaviorControlController.class.php 第【45】行 时间：2016-01-08 09:35:48
'Invalid argument supplied for foreach()' 文件：D:\project\dsm\Core\Controller\BehaviorControlController.class.php 第【45】行 时间：2016-01-08 09:35:48
'Trying to get property of non-object' 文件：D:\project\dsm\Core\Runtime\Tpl\2dd33786e5b9d525999e8f13064b06cb.cache 第【443】行 时间：2016-01-08 09:36:02
'Trying to get property of non-object' 文件：D:\project\dsm\Core\Runtime\Tpl\2dd33786e5b9d525999e8f13064b06cb.cache 第【450】行 时间：2016-01-08 09:36:02
'Trying to get property of non-object' 文件：D:\project\dsm\Core\Runtime\Tpl\2dd33786e5b9d525999e8f13064b06cb.cache 第【456】行 时间：2016-01-08 09:36:02
'Trying to get property of non-object' 文件：D:\project\dsm\Core\Runtime\Tpl\2dd33786e5b9d525999e8f13064b06cb.cache 第【462】行 时间：2016-01-08 09:36:02
'implode(): Invalid arguments passed' 文件：D:\project\dsm\Core\Runtime\Tpl\2dd33786e5b9d525999e8f13064b06cb.cache 第【596】行 时间：2016-01-08 09:36:02
'implode(): Invalid arguments passed' 文件：D:\project\dsm\Core\Runtime\Tpl\2dd33786e5b9d525999e8f13064b06cb.cache 第【639】行 时间：2016-01-08 09:36:02
'implode(): Invalid arguments passed' 文件：D:\project\dsm\Core\Runtime\Tpl\2dd33786e5b9d525999e8f13064b06cb.cache 第【689】行 时间：2016-01-08 09:36:02
'Invalid argument supplied for foreach()' 文件：D:\project\dsm\Core\Runtime\Tpl\94dec3260dd92464f74077d669f1c8e9.cache 第【15】行 时间：2016-01-08 17:02:46
'Invalid argument supplied for foreach()' 文件：D:\project\dsm\Core\Runtime\Tpl\94dec3260dd92464f74077d669f1c8e9.cache 第【15】行 时间：2016-01-08 17:02:46
'Invalid argument supplied for foreach()' 文件：D:\project\dsm\Core\Runtime\Tpl\94dec3260dd92464f74077d669f1c8e9.cache 第【15】行 时间：2016-01-08 17:02:46
'Invalid argument supplied for foreach()' 文件：D:\project\dsm\Core\Runtime\Tpl\94dec3260dd92464f74077d669f1c8e9.cache 第【15】行 时间：2016-01-08 17:02:46
'Invalid argument supplied for foreach()' 文件：D:\project\dsm\Core\Runtime\Tpl\94dec3260dd92464f74077d669f1c8e9.cache 第【15】行 时间：2016-01-08 17:02:46
'Invalid argument supplied for foreach()' 文件：D:\project\dsm\Core\Runtime\Tpl\94dec3260dd92464f74077d669f1c8e9.cache 第【15】行 时间：2016-01-08 17:02:46
'Invalid argument supplied for foreach()' 文件：D:\project\dsm\Core\Runtime\Tpl\94dec3260dd92464f74077d669f1c8e9.cache 第【15】行 时间：2016-01-08 17:02:46
'Invalid argument supplied for foreach()' 文件：D:\project\dsm\Core\Runtime\Tpl\94dec3260dd92464f74077d669f1c8e9.cache 第【15】行 时间：2016-01-08 17:02:46
'Invalid argument supplied for foreach()' 文件：D:\project\dsm\Core\Runtime\Tpl\94dec3260dd92464f74077d669f1c8e9.cache 第【15】行 时间：2016-01-08 17:02:46
'Invalid argument supplied for foreach()' 文件：D:\project\dsm\Core\Runtime\Tpl\94dec3260dd92464f74077d669f1c8e9.cache 第【15】行 时间：2016-01-08 17:02:46
'Invalid argument supplied for foreach()' 文件：D:\project\dsm\Core\Runtime\Tpl\94dec3260dd92464f74077d669f1c8e9.cache 第【15】行 时间：2016-01-08 17:02:46
'Invalid argument supplied for foreach()' 文件：D:\project\dsm\Core\Runtime\Tpl\94dec3260dd92464f74077d669f1c8e9.cache 第【15】行 时间：2016-01-08 17:02:46
'Invalid argument supplied for foreach()' 文件：D:\project\dsm\Core\Runtime\Tpl\94dec3260dd92464f74077d669f1c8e9.cache 第【15】行 时间：2016-01-08 17:02:46
'Invalid argument supplied for foreach()' 文件：D:\project\dsm\Core\Runtime\Tpl\94dec3260dd92464f74077d669f1c8e9.cache 第【15】行 时间：2016-01-08 17:02:46
'Invalid argument supplied for foreach()' 文件：D:\project\dsm\Core\Runtime\Tpl\94dec3260dd92464f74077d669f1c8e9.cache 第【15】行 时间：2016-01-08 17:02:46
'Invalid argument supplied for foreach()' 文件：D:\project\dsm\Core\Runtime\Tpl\94dec3260dd92464f74077d669f1c8e9.cache 第【15】行 时间：2016-01-08 17:02:46
'Invalid argument supplied for foreach()' 文件：D:\project\dsm\Core\Runtime\Tpl\94dec3260dd92464f74077d669f1c8e9.cache 第【15】行 时间：2016-01-08 17:02:46
'Invalid argument supplied for foreach()' 文件：D:\project\dsm\Core\Runtime\Tpl\94dec3260dd92464f74077d669f1c8e9.cache 第【15】行 时间：2016-01-08 17:02:46
'Invalid argument supplied for foreach()' 文件：D:\project\dsm\Core\Runtime\Tpl\94dec3260dd92464f74077d669f1c8e9.cache 第【15】行 时间：2016-01-08 17:02:46
'Invalid argument supplied for foreach()' 文件：D:\project\dsm\Core\Runtime\Tpl\94dec3260dd92464f74077d669f1c8e9.cache 第【15】行 时间：2016-01-08 17:02:46
'Invalid argument supplied for foreach()' 文件：D:\project\dsm\Core\Runtime\Tpl\94dec3260dd92464f74077d669f1c8e9.cache 第【15】行 时间：2016-01-08 17:02:46
'Invalid argument supplied for foreach()' 文件：D:\project\dsm\Core\Runtime\Tpl\94dec3260dd92464f74077d669f1c8e9.cache 第【15】行 时间：2016-01-08 17:02:46
'Invalid argument supplied for foreach()' 文件：D:\project\dsm\Core\Runtime\Tpl\94dec3260dd92464f74077d669f1c8e9.cache 第【15】行 时间：2016-01-08 17:02:46
'Invalid argument supplied for foreach()' 文件：D:\project\dsm\Core\Runtime\Tpl\94dec3260dd92464f74077d669f1c8e9.cache 第【15】行 时间：2016-01-08 17:02:46
'Invalid argument supplied for foreach()' 文件：D:\project\dsm\Core\Runtime\Tpl\94dec3260dd92464f74077d669f1c8e9.cache 第【15】行 时间：2016-01-08 17:02:46
'Invalid argument supplied for foreach()' 文件：D:\project\dsm\Core\Runtime\Tpl\94dec3260dd92464f74077d669f1c8e9.cache 第【15】行 时间：2016-01-08 17:02:46
'Invalid argument supplied for foreach()' 文件：D:\project\dsm\Core\Runtime\Tpl\94dec3260dd92464f74077d669f1c8e9.cache 第【15】行 时间：2016-01-08 17:02:46
'Invalid argument supplied for foreach()' 文件：D:\project\dsm\Core\Runtime\Tpl\94dec3260dd92464f74077d669f1c8e9.cache 第【15】行 时间：2016-01-08 17:02:47
'Invalid argument supplied for foreach()' 文件：D:\project\dsm\Core\Runtime\Tpl\94dec3260dd92464f74077d669f1c8e9.cache 第【15】行 时间：2016-01-08 17:02:47
'Invalid argument supplied for foreach()' 文件：D:\project\dsm\Core\Runtime\Tpl\94dec3260dd92464f74077d669f1c8e9.cache 第【15】行 时间：2016-01-08 17:02:47
'Invalid argument supplied for foreach()' 文件：D:\project\dsm\Core\Runtime\Tpl\94dec3260dd92464f74077d669f1c8e9.cache 第【15】行 时间：2016-01-08 17:02:47
'Invalid argument supplied for foreach()' 文件：D:\project\dsm\Core\Runtime\Tpl\94dec3260dd92464f74077d669f1c8e9.cache 第【15】行 时间：2016-01-08 17:02:47
'Invalid argument supplied for foreach()' 文件：D:\project\dsm\Core\Runtime\Tpl\94dec3260dd92464f74077d669f1c8e9.cache 第【15】行 时间：2016-01-08 17:02:47
'Invalid argument supplied for foreach()' 文件：D:\project\dsm\Core\Runtime\Tpl\94dec3260dd92464f74077d669f1c8e9.cache 第【15】行 时间：2016-01-08 17:02:47
'Invalid argument supplied for foreach()' 文件：D:\project\dsm\Core\Runtime\Tpl\94dec3260dd92464f74077d669f1c8e9.cache 第【15】行 时间：2016-01-08 17:02:47
'Invalid argument supplied for foreach()' 文件：D:\project\dsm\Core\Runtime\Tpl\94dec3260dd92464f74077d669f1c8e9.cache 第【15】行 时间：2016-01-08 17:02:47
'Invalid argument supplied for foreach()' 文件：D:\project\dsm\Core\Runtime\Tpl\94dec3260dd92464f74077d669f1c8e9.cache 第【15】行 时间：2016-01-08 17:02:47
'Invalid argument supplied for foreach()' 文件：D:\project\dsm\Core\Runtime\Tpl\94dec3260dd92464f74077d669f1c8e9.cache 第【15】行 时间：2016-01-08 17:02:47
'Invalid argument supplied for foreach()' 文件：D:\project\dsm\Core\Runtime\Tpl\94dec3260dd92464f74077d669f1c8e9.cache 第【15】行 时间：2016-01-08 17:02:47
'Invalid argument supplied for foreach()' 文件：D:\project\dsm\Core\Runtime\Tpl\94dec3260dd92464f74077d669f1c8e9.cache 第【15】行 时间：2016-01-08 17:02:47
'Invalid argument supplied for foreach()' 文件：D:\project\dsm\Core\Runtime\Tpl\94dec3260dd92464f74077d669f1c8e9.cache 第【15】行 时间：2016-01-08 17:02:47
'Invalid argument supplied for foreach()' 文件：D:\project\dsm\Core\Runtime\Tpl\94dec3260dd92464f74077d669f1c8e9.cache 第【15】行 时间：2016-01-08 17:02:47
'Invalid argument supplied for foreach()' 文件：D:\project\dsm\Core\Runtime\Tpl\94dec3260dd92464f74077d669f1c8e9.cache 第【15】行 时间：2016-01-08 17:02:47
'Invalid argument supplied for foreach()' 文件：D:\project\dsm\Core\Runtime\Tpl\94dec3260dd92464f74077d669f1c8e9.cache 第【15】行 时间：2016-01-08 17:02:47
'Invalid argument supplied for foreach()' 文件：D:\project\dsm\Core\Runtime\Tpl\94dec3260dd92464f74077d669f1c8e9.cache 第【15】行 时间：2016-01-08 17:02:47
'Invalid argument supplied for foreach()' 文件：D:\project\dsm\Core\Runtime\Tpl\94dec3260dd92464f74077d669f1c8e9.cache 第【15】行 时间：2016-01-08 17:02:47
'Invalid argument supplied for foreach()' 文件：D:\project\dsm\Core\Runtime\Tpl\94dec3260dd92464f74077d669f1c8e9.cache 第【15】行 时间：2016-01-08 17:02:47
'Invalid argument supplied for foreach()' 文件：D:\project\dsm\Core\Runtime\Tpl\94dec3260dd92464f74077d669f1c8e9.cache 第【15】行 时间：2016-01-08 17:02:47
'Invalid argument supplied for foreach()' 文件：D:\project\dsm\Core\Runtime\Tpl\94dec3260dd92464f74077d669f1c8e9.cache 第【15】行 时间：2016-01-08 17:02:47
'Invalid argument supplied for foreach()' 文件：D:\project\dsm\Core\Runtime\Tpl\94dec3260dd92464f74077d669f1c8e9.cache 第【15】行 时间：2016-01-08 17:02:47
'Invalid argument supplied for foreach()' 文件：D:\project\dsm\Core\Runtime\Tpl\94dec3260dd92464f74077d669f1c8e9.cache 第【15】行 时间：2016-01-08 17:02:47
'Invalid argument supplied for foreach()' 文件：D:\project\dsm\Core\Runtime\Tpl\94dec3260dd92464f74077d669f1c8e9.cache 第【15】行 时间：2016-01-08 17:02:57
'Invalid argument supplied for foreach()' 文件：D:\project\dsm\Core\Runtime\Tpl\94dec3260dd92464f74077d669f1c8e9.cache 第【15】行 时间：2016-01-08 17:02:57
'Invalid argument supplied for foreach()' 文件：D:\project\dsm\Core\Runtime\Tpl\94dec3260dd92464f74077d669f1c8e9.cache 第【15】行 时间：2016-01-08 17:02:57
'Invalid argument supplied for foreach()' 文件：D:\project\dsm\Core\Runtime\Tpl\94dec3260dd92464f74077d669f1c8e9.cache 第【15】行 时间：2016-01-08 17:02:58
'Invalid argument supplied for foreach()' 文件：D:\project\dsm\Core\Runtime\Tpl\94dec3260dd92464f74077d669f1c8e9.cache 第【15】行 时间：2016-01-08 17:02:58
'Invalid argument supplied for foreach()' 文件：D:\project\dsm\Core\Runtime\Tpl\94dec3260dd92464f74077d669f1c8e9.cache 第【15】行 时间：2016-01-08 17:02:58
'Invalid argument supplied for foreach()' 文件：D:\project\dsm\Core\Runtime\Tpl\94dec3260dd92464f74077d669f1c8e9.cache 第【15】行 时间：2016-01-08 17:02:58
'Invalid argument supplied for foreach()' 文件：D:\project\dsm\Core\Runtime\Tpl\94dec3260dd92464f74077d669f1c8e9.cache 第【15】行 时间：2016-01-08 17:02:58
'Invalid argument supplied for foreach()' 文件：D:\project\dsm\Core\Runtime\Tpl\94dec3260dd92464f74077d669f1c8e9.cache 第【15】行 时间：2016-01-08 17:02:58
'Invalid argument supplied for foreach()' 文件：D:\project\dsm\Core\Runtime\Tpl\94dec3260dd92464f74077d669f1c8e9.cache 第【15】行 时间：2016-01-08 17:02:58
'Invalid argument supplied for foreach()' 文件：D:\project\dsm\Core\Runtime\Tpl\94dec3260dd92464f74077d669f1c8e9.cache 第【15】行 时间：2016-01-08 17:02:58
'Invalid argument supplied for foreach()' 文件：D:\project\dsm\Core\Runtime\Tpl\94dec3260dd92464f74077d669f1c8e9.cache 第【15】行 时间：2016-01-08 17:02:58
'Invalid argument supplied for foreach()' 文件：D:\project\dsm\Core\Runtime\Tpl\94dec3260dd92464f74077d669f1c8e9.cache 第【15】行 时间：2016-01-08 17:02:58
'Invalid argument supplied for foreach()' 文件：D:\project\dsm\Core\Runtime\Tpl\94dec3260dd92464f74077d669f1c8e9.cache 第【15】行 时间：2016-01-08 17:02:58
'Invalid argument supplied for foreach()' 文件：D:\project\dsm\Core\Runtime\Tpl\94dec3260dd92464f74077d669f1c8e9.cache 第【15】行 时间：2016-01-08 17:02:58
'Invalid argument supplied for foreach()' 文件：D:\project\dsm\Core\Runtime\Tpl\94dec3260dd92464f74077d669f1c8e9.cache 第【15】行 时间：2016-01-08 17:02:58
'Invalid argument supplied for foreach()' 文件：D:\project\dsm\Core\Runtime\Tpl\94dec3260dd92464f74077d669f1c8e9.cache 第【15】行 时间：2016-01-08 17:02:58
'Invalid argument supplied for foreach()' 文件：D:\project\dsm\Core\Runtime\Tpl\94dec3260dd92464f74077d669f1c8e9.cache 第【15】行 时间：2016-01-08 17:02:58
'Invalid argument supplied for foreach()' 文件：D:\project\dsm\Core\Runtime\Tpl\94dec3260dd92464f74077d669f1c8e9.cache 第【15】行 时间：2016-01-08 17:02:58
'Invalid argument supplied for foreach()' 文件：D:\project\dsm\Core\Runtime\Tpl\94dec3260dd92464f74077d669f1c8e9.cache 第【15】行 时间：2016-01-08 17:02:58
'Invalid argument supplied for foreach()' 文件：D:\project\dsm\Core\Runtime\Tpl\94dec3260dd92464f74077d669f1c8e9.cache 第【15】行 时间：2016-01-08 17:02:58
'Invalid argument supplied for foreach()' 文件：D:\project\dsm\Core\Runtime\Tpl\94dec3260dd92464f74077d669f1c8e9.cache 第【15】行 时间：2016-01-08 17:02:58
'Invalid argument supplied for foreach()' 文件：D:\project\dsm\Core\Runtime\Tpl\94dec3260dd92464f74077d669f1c8e9.cache 第【15】行 时间：2016-01-08 17:02:58
'Invalid argument supplied for foreach()' 文件：D:\project\dsm\Core\Runtime\Tpl\94dec3260dd92464f74077d669f1c8e9.cache 第【15】行 时间：2016-01-08 17:02:58
'Invalid argument supplied for foreach()' 文件：D:\project\dsm\Core\Runtime\Tpl\94dec3260dd92464f74077d669f1c8e9.cache 第【15】行 时间：2016-01-08 17:02:58
'Invalid argument supplied for foreach()' 文件：D:\project\dsm\Core\Runtime\Tpl\94dec3260dd92464f74077d669f1c8e9.cache 第【15】行 时间：2016-01-08 17:02:58
'Invalid argument supplied for foreach()' 文件：D:\project\dsm\Core\Runtime\Tpl\94dec3260dd92464f74077d669f1c8e9.cache 第【15】行 时间：2016-01-08 17:02:58
'Invalid argument supplied for foreach()' 文件：D:\project\dsm\Core\Runtime\Tpl\94dec3260dd92464f74077d669f1c8e9.cache 第【15】行 时间：2016-01-08 17:02:58
'Invalid argument supplied for foreach()' 文件：D:\project\dsm\Core\Runtime\Tpl\94dec3260dd92464f74077d669f1c8e9.cache 第【15】行 时间：2016-01-08 17:02:58
'Invalid argument supplied for foreach()' 文件：D:\project\dsm\Core\Runtime\Tpl\94dec3260dd92464f74077d669f1c8e9.cache 第【15】行 时间：2016-01-08 17:02:58
'Invalid argument supplied for foreach()' 文件：D:\project\dsm\Core\Runtime\Tpl\94dec3260dd92464f74077d669f1c8e9.cache 第【15】行 时间：2016-01-08 17:02:58
'Invalid argument supplied for foreach()' 文件：D:\project\dsm\Core\Runtime\Tpl\94dec3260dd92464f74077d669f1c8e9.cache 第【15】行 时间：2016-01-08 17:02:58
'Invalid argument supplied for foreach()' 文件：D:\project\dsm\Core\Runtime\Tpl\94dec3260dd92464f74077d669f1c8e9.cache 第【15】行 时间：2016-01-08 17:02:58
'Invalid argument supplied for foreach()' 文件：D:\project\dsm\Core\Runtime\Tpl\94dec3260dd92464f74077d669f1c8e9.cache 第【15】行 时间：2016-01-08 17:02:58
'Invalid argument supplied for foreach()' 文件：D:\project\dsm\Core\Runtime\Tpl\94dec3260dd92464f74077d669f1c8e9.cache 第【15】行 时间：2016-01-08 17:02:58
'Invalid argument supplied for foreach()' 文件：D:\project\dsm\Core\Runtime\Tpl\94dec3260dd92464f74077d669f1c8e9.cache 第【15】行 时间：2016-01-08 17:02:58
'Invalid argument supplied for foreach()' 文件：D:\project\dsm\Core\Runtime\Tpl\94dec3260dd92464f74077d669f1c8e9.cache 第【15】行 时间：2016-01-08 17:02:58
'Invalid argument supplied for foreach()' 文件：D:\project\dsm\Core\Runtime\Tpl\94dec3260dd92464f74077d669f1c8e9.cache 第【15】行 时间：2016-01-08 17:02:58
'Invalid argument supplied for foreach()' 文件：D:\project\dsm\Core\Runtime\Tpl\94dec3260dd92464f74077d669f1c8e9.cache 第【15】行 时间：2016-01-08 17:02:58
'Invalid argument supplied for foreach()' 文件：D:\project\dsm\Core\Runtime\Tpl\94dec3260dd92464f74077d669f1c8e9.cache 第【15】行 时间：2016-01-08 17:02:58
'Invalid argument supplied for foreach()' 文件：D:\project\dsm\Core\Runtime\Tpl\94dec3260dd92464f74077d669f1c8e9.cache 第【15】行 时间：2016-01-08 17:02:58
'Invalid argument supplied for foreach()' 文件：D:\project\dsm\Core\Runtime\Tpl\94dec3260dd92464f74077d669f1c8e9.cache 第【15】行 时间：2016-01-08 17:02:58
'Invalid argument supplied for foreach()' 文件：D:\project\dsm\Core\Runtime\Tpl\94dec3260dd92464f74077d669f1c8e9.cache 第【15】行 时间：2016-01-08 17:02:58
'Invalid argument supplied for foreach()' 文件：D:\project\dsm\Core\Runtime\Tpl\94dec3260dd92464f74077d669f1c8e9.cache 第【15】行 时间：2016-01-08 17:02:58
'Invalid argument supplied for foreach()' 文件：D:\project\dsm\Core\Runtime\Tpl\94dec3260dd92464f74077d669f1c8e9.cache 第【15】行 时间：2016-01-08 17:02:58
'Invalid argument supplied for foreach()' 文件：D:\project\dsm\Core\Runtime\Tpl\94dec3260dd92464f74077d669f1c8e9.cache 第【15】行 时间：2016-01-08 17:02:58
'Invalid argument supplied for foreach()' 文件：D:\project\dsm\Core\Runtime\Tpl\94dec3260dd92464f74077d669f1c8e9.cache 第【15】行 时间：2016-01-08 17:02:58
'Invalid argument supplied for foreach()' 文件：D:\project\dsm\Core\Runtime\Tpl\94dec3260dd92464f74077d669f1c8e9.cache 第【15】行 时间：2016-01-08 17:02:58
'Invalid argument supplied for foreach()' 文件：D:\project\dsm\Core\Runtime\Tpl\94dec3260dd92464f74077d669f1c8e9.cache 第【15】行 时间：2016-01-08 17:02:58
'Invalid argument supplied for foreach()' 文件：D:\project\dsm\Core\Runtime\Tpl\94dec3260dd92464f74077d669f1c8e9.cache 第【15】行 时间：2016-01-08 17:02:58
'Invalid argument supplied for foreach()' 文件：D:\project\dsm\Core\Runtime\Tpl\94dec3260dd92464f74077d669f1c8e9.cache 第【15】行 时间：2016-01-08 17:02:58
'Invalid argument supplied for foreach()' 文件：D:\project\dsm\Core\Runtime\Tpl\94dec3260dd92464f74077d669f1c8e9.cache 第【15】行 时间：2016-01-08 17:03:08
'Invalid argument supplied for foreach()' 文件：D:\project\dsm\Core\Runtime\Tpl\94dec3260dd92464f74077d669f1c8e9.cache 第【15】行 时间：2016-01-08 17:03:08
'Invalid argument supplied for foreach()' 文件：D:\project\dsm\Core\Runtime\Tpl\94dec3260dd92464f74077d669f1c8e9.cache 第【15】行 时间：2016-01-08 17:03:09
'Invalid argument supplied for foreach()' 文件：D:\project\dsm\Core\Runtime\Tpl\94dec3260dd92464f74077d669f1c8e9.cache 第【15】行 时间：2016-01-08 17:03:09
'Invalid argument supplied for foreach()' 文件：D:\project\dsm\Core\Runtime\Tpl\94dec3260dd92464f74077d669f1c8e9.cache 第【15】行 时间：2016-01-08 17:03:09
'Invalid argument supplied for foreach()' 文件：D:\project\dsm\Core\Runtime\Tpl\94dec3260dd92464f74077d669f1c8e9.cache 第【15】行 时间：2016-01-08 17:03:09
'Invalid argument supplied for foreach()' 文件：D:\project\dsm\Core\Runtime\Tpl\94dec3260dd92464f74077d669f1c8e9.cache 第【15】行 时间：2016-01-08 17:03:09
'Invalid argument supplied for foreach()' 文件：D:\project\dsm\Core\Runtime\Tpl\94dec3260dd92464f74077d669f1c8e9.cache 第【15】行 时间：2016-01-08 17:03:09
'Invalid argument supplied for foreach()' 文件：D:\project\dsm\Core\Runtime\Tpl\94dec3260dd92464f74077d669f1c8e9.cache 第【15】行 时间：2016-01-08 17:03:09
'Invalid argument supplied for foreach()' 文件：D:\project\dsm\Core\Runtime\Tpl\94dec3260dd92464f74077d669f1c8e9.cache 第【15】行 时间：2016-01-08 17:03:09
'Invalid argument supplied for foreach()' 文件：D:\project\dsm\Core\Runtime\Tpl\94dec3260dd92464f74077d669f1c8e9.cache 第【15】行 时间：2016-01-08 17:03:09
'Invalid argument supplied for foreach()' 文件：D:\project\dsm\Core\Runtime\Tpl\94dec3260dd92464f74077d669f1c8e9.cache 第【15】行 时间：2016-01-08 17:03:09
'Invalid argument supplied for foreach()' 文件：D:\project\dsm\Core\Runtime\Tpl\94dec3260dd92464f74077d669f1c8e9.cache 第【15】行 时间：2016-01-08 17:03:09
'Invalid argument supplied for foreach()' 文件：D:\project\dsm\Core\Runtime\Tpl\94dec3260dd92464f74077d669f1c8e9.cache 第【15】行 时间：2016-01-08 17:03:09
'Invalid argument supplied for foreach()' 文件：D:\project\dsm\Core\Runtime\Tpl\94dec3260dd92464f74077d669f1c8e9.cache 第【15】行 时间：2016-01-08 17:03:09
'Invalid argument supplied for foreach()' 文件：D:\project\dsm\Core\Runtime\Tpl\94dec3260dd92464f74077d669f1c8e9.cache 第【15】行 时间：2016-01-08 17:03:09
'Invalid argument supplied for foreach()' 文件：D:\project\dsm\Core\Runtime\Tpl\94dec3260dd92464f74077d669f1c8e9.cache 第【15】行 时间：2016-01-08 17:03:09
'Invalid argument supplied for foreach()' 文件：D:\project\dsm\Core\Runtime\Tpl\94dec3260dd92464f74077d669f1c8e9.cache 第【15】行 时间：2016-01-08 17:03:09
'Invalid argument supplied for foreach()' 文件：D:\project\dsm\Core\Runtime\Tpl\94dec3260dd92464f74077d669f1c8e9.cache 第【15】行 时间：2016-01-08 17:03:09
'Invalid argument supplied for foreach()' 文件：D:\project\dsm\Core\Runtime\Tpl\94dec3260dd92464f74077d669f1c8e9.cache 第【15】行 时间：2016-01-08 17:03:09
'Invalid argument supplied for foreach()' 文件：D:\project\dsm\Core\Runtime\Tpl\94dec3260dd92464f74077d669f1c8e9.cache 第【15】行 时间：2016-01-08 17:03:09
'Invalid argument supplied for foreach()' 文件：D:\project\dsm\Core\Runtime\Tpl\94dec3260dd92464f74077d669f1c8e9.cache 第【15】行 时间：2016-01-08 17:03:09
'Invalid argument supplied for foreach()' 文件：D:\project\dsm\Core\Runtime\Tpl\94dec3260dd92464f74077d669f1c8e9.cache 第【15】行 时间：2016-01-08 17:03:09
'Invalid argument supplied for foreach()' 文件：D:\project\dsm\Core\Runtime\Tpl\94dec3260dd92464f74077d669f1c8e9.cache 第【15】行 时间：2016-01-08 17:03:09
'Invalid argument supplied for foreach()' 文件：D:\project\dsm\Core\Runtime\Tpl\94dec3260dd92464f74077d669f1c8e9.cache 第【15】行 时间：2016-01-08 17:03:09
'Invalid argument supplied for foreach()' 文件：D:\project\dsm\Core\Runtime\Tpl\94dec3260dd92464f74077d669f1c8e9.cache 第【15】行 时间：2016-01-08 17:03:09
'Invalid argument supplied for foreach()' 文件：D:\project\dsm\Core\Runtime\Tpl\94dec3260dd92464f74077d669f1c8e9.cache 第【15】行 时间：2016-01-08 17:03:09
'Invalid argument supplied for foreach()' 文件：D:\project\dsm\Core\Runtime\Tpl\94dec3260dd92464f74077d669f1c8e9.cache 第【15】行 时间：2016-01-08 17:03:09
'Invalid argument supplied for foreach()' 文件：D:\project\dsm\Core\Runtime\Tpl\94dec3260dd92464f74077d669f1c8e9.cache 第【15】行 时间：2016-01-08 17:03:09
'Invalid argument supplied for foreach()' 文件：D:\project\dsm\Core\Runtime\Tpl\94dec3260dd92464f74077d669f1c8e9.cache 第【15】行 时间：2016-01-08 17:03:10
'Invalid argument supplied for foreach()' 文件：D:\project\dsm\Core\Runtime\Tpl\94dec3260dd92464f74077d669f1c8e9.cache 第【15】行 时间：2016-01-08 17:03:10
'Invalid argument supplied for foreach()' 文件：D:\project\dsm\Core\Runtime\Tpl\94dec3260dd92464f74077d669f1c8e9.cache 第【15】行 时间：2016-01-08 17:03:10
'Invalid argument supplied for foreach()' 文件：D:\project\dsm\Core\Runtime\Tpl\94dec3260dd92464f74077d669f1c8e9.cache 第【15】行 时间：2016-01-08 17:03:10
'Invalid argument supplied for foreach()' 文件：D:\project\dsm\Core\Runtime\Tpl\94dec3260dd92464f74077d669f1c8e9.cache 第【15】行 时间：2016-01-08 17:03:10
'Invalid argument supplied for foreach()' 文件：D:\project\dsm\Core\Runtime\Tpl\94dec3260dd92464f74077d669f1c8e9.cache 第【15】行 时间：2016-01-08 17:03:10
'Invalid argument supplied for foreach()' 文件：D:\project\dsm\Core\Runtime\Tpl\94dec3260dd92464f74077d669f1c8e9.cache 第【15】行 时间：2016-01-08 17:03:10
'Invalid argument supplied for foreach()' 文件：D:\project\dsm\Core\Runtime\Tpl\94dec3260dd92464f74077d669f1c8e9.cache 第【15】行 时间：2016-01-08 17:03:10
'Invalid argument supplied for foreach()' 文件：D:\project\dsm\Core\Runtime\Tpl\94dec3260dd92464f74077d669f1c8e9.cache 第【15】行 时间：2016-01-08 17:03:10
'Invalid argument supplied for foreach()' 文件：D:\project\dsm\Core\Runtime\Tpl\94dec3260dd92464f74077d669f1c8e9.cache 第【15】行 时间：2016-01-08 17:03:10
'Invalid argument supplied for foreach()' 文件：D:\project\dsm\Core\Runtime\Tpl\94dec3260dd92464f74077d669f1c8e9.cache 第【15】行 时间：2016-01-08 17:03:10
'Invalid argument supplied for foreach()' 文件：D:\project\dsm\Core\Runtime\Tpl\94dec3260dd92464f74077d669f1c8e9.cache 第【15】行 时间：2016-01-08 17:03:10
'Invalid argument supplied for foreach()' 文件：D:\project\dsm\Core\Runtime\Tpl\94dec3260dd92464f74077d669f1c8e9.cache 第【15】行 时间：2016-01-08 17:03:10
'Invalid argument supplied for foreach()' 文件：D:\project\dsm\Core\Runtime\Tpl\94dec3260dd92464f74077d669f1c8e9.cache 第【15】行 时间：2016-01-08 17:03:10
'Invalid argument supplied for foreach()' 文件：D:\project\dsm\Core\Runtime\Tpl\94dec3260dd92464f74077d669f1c8e9.cache 第【15】行 时间：2016-01-08 17:03:10
'Invalid argument supplied for foreach()' 文件：D:\project\dsm\Core\Runtime\Tpl\94dec3260dd92464f74077d669f1c8e9.cache 第【15】行 时间：2016-01-08 17:03:10
'Invalid argument supplied for foreach()' 文件：D:\project\dsm\Core\Runtime\Tpl\94dec3260dd92464f74077d669f1c8e9.cache 第【15】行 时间：2016-01-08 17:03:10
'Invalid argument supplied for foreach()' 文件：D:\project\dsm\Core\Runtime\Tpl\94dec3260dd92464f74077d669f1c8e9.cache 第【15】行 时间：2016-01-08 17:03:10
'Invalid argument supplied for foreach()' 文件：D:\project\dsm\Core\Runtime\Tpl\94dec3260dd92464f74077d669f1c8e9.cache 第【15】行 时间：2016-01-08 17:03:10
'Invalid argument supplied for foreach()' 文件：D:\project\dsm\Core\Runtime\Tpl\94dec3260dd92464f74077d669f1c8e9.cache 第【15】行 时间：2016-01-08 17:03:10
'Invalid argument supplied for foreach()' 文件：D:\project\dsm\Core\Runtime\Tpl\94dec3260dd92464f74077d669f1c8e9.cache 第【15】行 时间：2016-01-08 17:03:10
'Invalid argument supplied for foreach()' 文件：D:\project\dsm\Core\Runtime\Tpl\94dec3260dd92464f74077d669f1c8e9.cache 第【15】行 时间：2016-01-08 17:03:10
'Invalid argument supplied for foreach()' 文件：D:\project\dsm\Core\Runtime\Tpl\94dec3260dd92464f74077d669f1c8e9.cache 第【15】行 时间：2016-01-08 17:04:07
'Invalid argument supplied for foreach()' 文件：D:\project\dsm\Core\Runtime\Tpl\94dec3260dd92464f74077d669f1c8e9.cache 第【15】行 时间：2016-01-08 17:04:07
'Invalid argument supplied for foreach()' 文件：D:\project\dsm\Core\Runtime\Tpl\94dec3260dd92464f74077d669f1c8e9.cache 第【15】行 时间：2016-01-08 17:04:07
'Invalid argument supplied for foreach()' 文件：D:\project\dsm\Core\Runtime\Tpl\94dec3260dd92464f74077d669f1c8e9.cache 第【15】行 时间：2016-01-08 17:04:07
'Invalid argument supplied for foreach()' 文件：D:\project\dsm\Core\Runtime\Tpl\94dec3260dd92464f74077d669f1c8e9.cache 第【15】行 时间：2016-01-08 17:04:07
'Invalid argument supplied for foreach()' 文件：D:\project\dsm\Core\Runtime\Tpl\94dec3260dd92464f74077d669f1c8e9.cache 第【15】行 时间：2016-01-08 17:04:07
'Invalid argument supplied for foreach()' 文件：D:\project\dsm\Core\Runtime\Tpl\94dec3260dd92464f74077d669f1c8e9.cache 第【15】行 时间：2016-01-08 17:04:07
'Invalid argument supplied for foreach()' 文件：D:\project\dsm\Core\Runtime\Tpl\94dec3260dd92464f74077d669f1c8e9.cache 第【15】行 时间：2016-01-08 17:04:07
'Invalid argument supplied for foreach()' 文件：D:\project\dsm\Core\Runtime\Tpl\94dec3260dd92464f74077d669f1c8e9.cache 第【15】行 时间：2016-01-08 17:04:07
'Invalid argument supplied for foreach()' 文件：D:\project\dsm\Core\Runtime\Tpl\94dec3260dd92464f74077d669f1c8e9.cache 第【15】行 时间：2016-01-08 17:04:07
'Invalid argument supplied for foreach()' 文件：D:\project\dsm\Core\Runtime\Tpl\94dec3260dd92464f74077d669f1c8e9.cache 第【15】行 时间：2016-01-08 17:04:07
'Invalid argument supplied for foreach()' 文件：D:\project\dsm\Core\Runtime\Tpl\94dec3260dd92464f74077d669f1c8e9.cache 第【15】行 时间：2016-01-08 17:04:07
'Invalid argument supplied for foreach()' 文件：D:\project\dsm\Core\Runtime\Tpl\94dec3260dd92464f74077d669f1c8e9.cache 第【15】行 时间：2016-01-08 17:04:07
'Invalid argument supplied for foreach()' 文件：D:\project\dsm\Core\Runtime\Tpl\94dec3260dd92464f74077d669f1c8e9.cache 第【15】行 时间：2016-01-08 17:04:07
'Invalid argument supplied for foreach()' 文件：D:\project\dsm\Core\Runtime\Tpl\94dec3260dd92464f74077d669f1c8e9.cache 第【15】行 时间：2016-01-08 17:04:07
'Invalid argument supplied for foreach()' 文件：D:\project\dsm\Core\Runtime\Tpl\94dec3260dd92464f74077d669f1c8e9.cache 第【15】行 时间：2016-01-08 17:04:07
'Invalid argument supplied for foreach()' 文件：D:\project\dsm\Core\Runtime\Tpl\94dec3260dd92464f74077d669f1c8e9.cache 第【15】行 时间：2016-01-08 17:04:07
'Invalid argument supplied for foreach()' 文件：D:\project\dsm\Core\Runtime\Tpl\94dec3260dd92464f74077d669f1c8e9.cache 第【15】行 时间：2016-01-08 17:04:07
'Invalid argument supplied for foreach()' 文件：D:\project\dsm\Core\Runtime\Tpl\94dec3260dd92464f74077d669f1c8e9.cache 第【15】行 时间：2016-01-08 17:04:07
'Invalid argument supplied for foreach()' 文件：D:\project\dsm\Core\Runtime\Tpl\94dec3260dd92464f74077d669f1c8e9.cache 第【15】行 时间：2016-01-08 17:04:07
'Invalid argument supplied for foreach()' 文件：D:\project\dsm\Core\Runtime\Tpl\94dec3260dd92464f74077d669f1c8e9.cache 第【15】行 时间：2016-01-08 17:04:07
'Invalid argument supplied for foreach()' 文件：D:\project\dsm\Core\Runtime\Tpl\94dec3260dd92464f74077d669f1c8e9.cache 第【15】行 时间：2016-01-08 17:04:07
'Invalid argument supplied for foreach()' 文件：D:\project\dsm\Core\Runtime\Tpl\94dec3260dd92464f74077d669f1c8e9.cache 第【15】行 时间：2016-01-08 17:04:07
'Invalid argument supplied for foreach()' 文件：D:\project\dsm\Core\Runtime\Tpl\94dec3260dd92464f74077d669f1c8e9.cache 第【15】行 时间：2016-01-08 17:04:07
'Invalid argument supplied for foreach()' 文件：D:\project\dsm\Core\Runtime\Tpl\94dec3260dd92464f74077d669f1c8e9.cache 第【15】行 时间：2016-01-08 17:04:07
'Invalid argument supplied for foreach()' 文件：D:\project\dsm\Core\Runtime\Tpl\94dec3260dd92464f74077d669f1c8e9.cache 第【15】行 时间：2016-01-08 17:04:07
'Invalid argument supplied for foreach()' 文件：D:\project\dsm\Core\Runtime\Tpl\94dec3260dd92464f74077d669f1c8e9.cache 第【15】行 时间：2016-01-08 17:04:07
'Invalid argument supplied for foreach()' 文件：D:\project\dsm\Core\Runtime\Tpl\94dec3260dd92464f74077d669f1c8e9.cache 第【15】行 时间：2016-01-08 17:04:07
'Invalid argument supplied for foreach()' 文件：D:\project\dsm\Core\Runtime\Tpl\94dec3260dd92464f74077d669f1c8e9.cache 第【15】行 时间：2016-01-08 17:04:07
'Invalid argument supplied for foreach()' 文件：D:\project\dsm\Core\Runtime\Tpl\94dec3260dd92464f74077d669f1c8e9.cache 第【15】行 时间：2016-01-08 17:04:07
'Invalid argument supplied for foreach()' 文件：D:\project\dsm\Core\Runtime\Tpl\94dec3260dd92464f74077d669f1c8e9.cache 第【15】行 时间：2016-01-08 17:04:07
'Invalid argument supplied for foreach()' 文件：D:\project\dsm\Core\Runtime\Tpl\94dec3260dd92464f74077d669f1c8e9.cache 第【15】行 时间：2016-01-08 17:04:07
'Invalid argument supplied for foreach()' 文件：D:\project\dsm\Core\Runtime\Tpl\94dec3260dd92464f74077d669f1c8e9.cache 第【15】行 时间：2016-01-08 17:04:07
'Invalid argument supplied for foreach()' 文件：D:\project\dsm\Core\Runtime\Tpl\94dec3260dd92464f74077d669f1c8e9.cache 第【15】行 时间：2016-01-08 17:04:07
'Invalid argument supplied for foreach()' 文件：D:\project\dsm\Core\Runtime\Tpl\94dec3260dd92464f74077d669f1c8e9.cache 第【15】行 时间：2016-01-08 17:04:07
'Invalid argument supplied for foreach()' 文件：D:\project\dsm\Core\Runtime\Tpl\94dec3260dd92464f74077d669f1c8e9.cache 第【15】行 时间：2016-01-08 17:04:07
'Invalid argument supplied for foreach()' 文件：D:\project\dsm\Core\Runtime\Tpl\94dec3260dd92464f74077d669f1c8e9.cache 第【15】行 时间：2016-01-08 17:04:07
'Invalid argument supplied for foreach()' 文件：D:\project\dsm\Core\Runtime\Tpl\94dec3260dd92464f74077d669f1c8e9.cache 第【15】行 时间：2016-01-08 17:04:07
'Invalid argument supplied for foreach()' 文件：D:\project\dsm\Core\Runtime\Tpl\94dec3260dd92464f74077d669f1c8e9.cache 第【15】行 时间：2016-01-08 17:04:07
'Invalid argument supplied for foreach()' 文件：D:\project\dsm\Core\Runtime\Tpl\94dec3260dd92464f74077d669f1c8e9.cache 第【15】行 时间：2016-01-08 17:04:07
'Invalid argument supplied for foreach()' 文件：D:\project\dsm\Core\Runtime\Tpl\94dec3260dd92464f74077d669f1c8e9.cache 第【15】行 时间：2016-01-08 17:04:07
'Invalid argument supplied for foreach()' 文件：D:\project\dsm\Core\Runtime\Tpl\94dec3260dd92464f74077d669f1c8e9.cache 第【15】行 时间：2016-01-08 17:04:07
'Invalid argument supplied for foreach()' 文件：D:\project\dsm\Core\Runtime\Tpl\94dec3260dd92464f74077d669f1c8e9.cache 第【15】行 时间：2016-01-08 17:04:08
'Invalid argument supplied for foreach()' 文件：D:\project\dsm\Core\Runtime\Tpl\94dec3260dd92464f74077d669f1c8e9.cache 第【15】行 时间：2016-01-08 17:04:08
'Invalid argument supplied for foreach()' 文件：D:\project\dsm\Core\Runtime\Tpl\94dec3260dd92464f74077d669f1c8e9.cache 第【15】行 时间：2016-01-08 17:04:08
'Invalid argument supplied for foreach()' 文件：D:\project\dsm\Core\Runtime\Tpl\94dec3260dd92464f74077d669f1c8e9.cache 第【15】行 时间：2016-01-08 17:04:08
'Invalid argument supplied for foreach()' 文件：D:\project\dsm\Core\Runtime\Tpl\94dec3260dd92464f74077d669f1c8e9.cache 第【15】行 时间：2016-01-08 17:04:08
'Invalid argument supplied for foreach()' 文件：D:\project\dsm\Core\Runtime\Tpl\94dec3260dd92464f74077d669f1c8e9.cache 第【15】行 时间：2016-01-08 17:04:08
'Invalid argument supplied for foreach()' 文件：D:\project\dsm\Core\Runtime\Tpl\94dec3260dd92464f74077d669f1c8e9.cache 第【15】行 时间：2016-01-08 17:04:08
'Invalid argument supplied for foreach()' 文件：D:\project\dsm\Core\Runtime\Tpl\94dec3260dd92464f74077d669f1c8e9.cache 第【15】行 时间：2016-01-08 17:04:08
'Invalid argument supplied for foreach()' 文件：D:\project\dsm\Core\Runtime\Tpl\94dec3260dd92464f74077d669f1c8e9.cache 第【15】行 时间：2016-01-08 17:04:08
'Invalid argument supplied for foreach()' 文件：D:\project\dsm\Core\Runtime\Tpl\94dec3260dd92464f74077d669f1c8e9.cache 第【15】行 时间：2016-01-08 17:04:22
'Invalid argument supplied for foreach()' 文件：D:\project\dsm\Core\Runtime\Tpl\94dec3260dd92464f74077d669f1c8e9.cache 第【15】行 时间：2016-01-08 17:04:22
'Invalid argument supplied for foreach()' 文件：D:\project\dsm\Core\Runtime\Tpl\94dec3260dd92464f74077d669f1c8e9.cache 第【15】行 时间：2016-01-08 17:04:22
'Invalid argument supplied for foreach()' 文件：D:\project\dsm\Core\Runtime\Tpl\94dec3260dd92464f74077d669f1c8e9.cache 第【15】行 时间：2016-01-08 17:04:22
'Invalid argument supplied for foreach()' 文件：D:\project\dsm\Core\Runtime\Tpl\94dec3260dd92464f74077d669f1c8e9.cache 第【15】行 时间：2016-01-08 17:04:22
'Invalid argument supplied for foreach()' 文件：D:\project\dsm\Core\Runtime\Tpl\94dec3260dd92464f74077d669f1c8e9.cache 第【15】行 时间：2016-01-08 17:04:22
'Invalid argument supplied for foreach()' 文件：D:\project\dsm\Core\Runtime\Tpl\94dec3260dd92464f74077d669f1c8e9.cache 第【15】行 时间：2016-01-08 17:04:22
'Invalid argument supplied for foreach()' 文件：D:\project\dsm\Core\Runtime\Tpl\94dec3260dd92464f74077d669f1c8e9.cache 第【15】行 时间：2016-01-08 17:04:22
'Invalid argument supplied for foreach()' 文件：D:\project\dsm\Core\Runtime\Tpl\94dec3260dd92464f74077d669f1c8e9.cache 第【15】行 时间：2016-01-08 17:04:22
'Invalid argument supplied for foreach()' 文件：D:\project\dsm\Core\Runtime\Tpl\94dec3260dd92464f74077d669f1c8e9.cache 第【15】行 时间：2016-01-08 17:04:22
'Invalid argument supplied for foreach()' 文件：D:\project\dsm\Core\Runtime\Tpl\94dec3260dd92464f74077d669f1c8e9.cache 第【15】行 时间：2016-01-08 17:04:22
'Invalid argument supplied for foreach()' 文件：D:\project\dsm\Core\Runtime\Tpl\94dec3260dd92464f74077d669f1c8e9.cache 第【15】行 时间：2016-01-08 17:04:22
'Invalid argument supplied for foreach()' 文件：D:\project\dsm\Core\Runtime\Tpl\94dec3260dd92464f74077d669f1c8e9.cache 第【15】行 时间：2016-01-08 17:04:22
'Invalid argument supplied for foreach()' 文件：D:\project\dsm\Core\Runtime\Tpl\94dec3260dd92464f74077d669f1c8e9.cache 第【15】行 时间：2016-01-08 17:04:22
'Invalid argument supplied for foreach()' 文件：D:\project\dsm\Core\Runtime\Tpl\94dec3260dd92464f74077d669f1c8e9.cache 第【15】行 时间：2016-01-08 17:04:22
'Invalid argument supplied for foreach()' 文件：D:\project\dsm\Core\Runtime\Tpl\94dec3260dd92464f74077d669f1c8e9.cache 第【15】行 时间：2016-01-08 17:04:22
'Invalid argument supplied for foreach()' 文件：D:\project\dsm\Core\Runtime\Tpl\94dec3260dd92464f74077d669f1c8e9.cache 第【15】行 时间：2016-01-08 17:04:22
'Invalid argument supplied for foreach()' 文件：D:\project\dsm\Core\Runtime\Tpl\94dec3260dd92464f74077d669f1c8e9.cache 第【15】行 时间：2016-01-08 17:04:22
'Invalid argument supplied for foreach()' 文件：D:\project\dsm\Core\Runtime\Tpl\94dec3260dd92464f74077d669f1c8e9.cache 第【15】行 时间：2016-01-08 17:04:22
'Invalid argument supplied for foreach()' 文件：D:\project\dsm\Core\Runtime\Tpl\94dec3260dd92464f74077d669f1c8e9.cache 第【15】行 时间：2016-01-08 17:04:22
'Invalid argument supplied for foreach()' 文件：D:\project\dsm\Core\Runtime\Tpl\94dec3260dd92464f74077d669f1c8e9.cache 第【15】行 时间：2016-01-08 17:04:22
'Invalid argument supplied for foreach()' 文件：D:\project\dsm\Core\Runtime\Tpl\94dec3260dd92464f74077d669f1c8e9.cache 第【15】行 时间：2016-01-08 17:04:23
'Invalid argument supplied for foreach()' 文件：D:\project\dsm\Core\Runtime\Tpl\94dec3260dd92464f74077d669f1c8e9.cache 第【15】行 时间：2016-01-08 17:04:23
'Invalid argument supplied for foreach()' 文件：D:\project\dsm\Core\Runtime\Tpl\94dec3260dd92464f74077d669f1c8e9.cache 第【15】行 时间：2016-01-08 17:04:23
'Invalid argument supplied for foreach()' 文件：D:\project\dsm\Core\Runtime\Tpl\94dec3260dd92464f74077d669f1c8e9.cache 第【15】行 时间：2016-01-08 17:04:23
'Invalid argument supplied for foreach()' 文件：D:\project\dsm\Core\Runtime\Tpl\94dec3260dd92464f74077d669f1c8e9.cache 第【15】行 时间：2016-01-08 17:04:23
'Invalid argument supplied for foreach()' 文件：D:\project\dsm\Core\Runtime\Tpl\94dec3260dd92464f74077d669f1c8e9.cache 第【15】行 时间：2016-01-08 17:04:23
'Invalid argument supplied for foreach()' 文件：D:\project\dsm\Core\Runtime\Tpl\94dec3260dd92464f74077d669f1c8e9.cache 第【15】行 时间：2016-01-08 17:04:23
'Invalid argument supplied for foreach()' 文件：D:\project\dsm\Core\Runtime\Tpl\94dec3260dd92464f74077d669f1c8e9.cache 第【15】行 时间：2016-01-08 17:04:23
'Invalid argument supplied for foreach()' 文件：D:\project\dsm\Core\Runtime\Tpl\94dec3260dd92464f74077d669f1c8e9.cache 第【15】行 时间：2016-01-08 17:04:23
'Invalid argument supplied for foreach()' 文件：D:\project\dsm\Core\Runtime\Tpl\94dec3260dd92464f74077d669f1c8e9.cache 第【15】行 时间：2016-01-08 17:04:23
'Invalid argument supplied for foreach()' 文件：D:\project\dsm\Core\Runtime\Tpl\94dec3260dd92464f74077d669f1c8e9.cache 第【15】行 时间：2016-01-08 17:04:23
'Invalid argument supplied for foreach()' 文件：D:\project\dsm\Core\Runtime\Tpl\94dec3260dd92464f74077d669f1c8e9.cache 第【15】行 时间：2016-01-08 17:04:23
'Invalid argument supplied for foreach()' 文件：D:\project\dsm\Core\Runtime\Tpl\94dec3260dd92464f74077d669f1c8e9.cache 第【15】行 时间：2016-01-08 17:04:23
'Invalid argument supplied for foreach()' 文件：D:\project\dsm\Core\Runtime\Tpl\94dec3260dd92464f74077d669f1c8e9.cache 第【15】行 时间：2016-01-08 17:04:23
'Invalid argument supplied for foreach()' 文件：D:\project\dsm\Core\Runtime\Tpl\94dec3260dd92464f74077d669f1c8e9.cache 第【15】行 时间：2016-01-08 17:04:23
'Invalid argument supplied for foreach()' 文件：D:\project\dsm\Core\Runtime\Tpl\94dec3260dd92464f74077d669f1c8e9.cache 第【15】行 时间：2016-01-08 17:04:23
'Invalid argument supplied for foreach()' 文件：D:\project\dsm\Core\Runtime\Tpl\94dec3260dd92464f74077d669f1c8e9.cache 第【15】行 时间：2016-01-08 17:04:23
'Invalid argument supplied for foreach()' 文件：D:\project\dsm\Core\Runtime\Tpl\94dec3260dd92464f74077d669f1c8e9.cache 第【15】行 时间：2016-01-08 17:04:23
'Invalid argument supplied for foreach()' 文件：D:\project\dsm\Core\Runtime\Tpl\94dec3260dd92464f74077d669f1c8e9.cache 第【15】行 时间：2016-01-08 17:04:23
'Invalid argument supplied for foreach()' 文件：D:\project\dsm\Core\Runtime\Tpl\94dec3260dd92464f74077d669f1c8e9.cache 第【15】行 时间：2016-01-08 17:04:23
'Invalid argument supplied for foreach()' 文件：D:\project\dsm\Core\Runtime\Tpl\94dec3260dd92464f74077d669f1c8e9.cache 第【15】行 时间：2016-01-08 17:04:23
'Invalid argument supplied for foreach()' 文件：D:\project\dsm\Core\Runtime\Tpl\94dec3260dd92464f74077d669f1c8e9.cache 第【15】行 时间：2016-01-08 17:04:23
'Invalid argument supplied for foreach()' 文件：D:\project\dsm\Core\Runtime\Tpl\94dec3260dd92464f74077d669f1c8e9.cache 第【15】行 时间：2016-01-08 17:04:23
'Invalid argument supplied for foreach()' 文件：D:\project\dsm\Core\Runtime\Tpl\94dec3260dd92464f74077d669f1c8e9.cache 第【15】行 时间：2016-01-08 17:04:23
'Invalid argument supplied for foreach()' 文件：D:\project\dsm\Core\Runtime\Tpl\94dec3260dd92464f74077d669f1c8e9.cache 第【15】行 时间：2016-01-08 17:04:23
'Invalid argument supplied for foreach()' 文件：D:\project\dsm\Core\Runtime\Tpl\94dec3260dd92464f74077d669f1c8e9.cache 第【15】行 时间：2016-01-08 17:04:23
'Invalid argument supplied for foreach()' 文件：D:\project\dsm\Core\Runtime\Tpl\94dec3260dd92464f74077d669f1c8e9.cache 第【15】行 时间：2016-01-08 17:04:23
'Invalid argument supplied for foreach()' 文件：D:\project\dsm\Core\Runtime\Tpl\94dec3260dd92464f74077d669f1c8e9.cache 第【15】行 时间：2016-01-08 17:04:23
'Invalid argument supplied for foreach()' 文件：D:\project\dsm\Core\Runtime\Tpl\94dec3260dd92464f74077d669f1c8e9.cache 第【15】行 时间：2016-01-08 17:04:23
'Invalid argument supplied for foreach()' 文件：D:\project\dsm\Core\Runtime\Tpl\94dec3260dd92464f74077d669f1c8e9.cache 第【15】行 时间：2016-01-08 17:04:23
'Invalid argument supplied for foreach()' 文件：D:\project\dsm\Core\Runtime\Tpl\94dec3260dd92464f74077d669f1c8e9.cache 第【15】行 时间：2016-01-08 17:04:31
'Invalid argument supplied for foreach()' 文件：D:\project\dsm\Core\Runtime\Tpl\94dec3260dd92464f74077d669f1c8e9.cache 第【15】行 时间：2016-01-08 17:04:31
'Invalid argument supplied for foreach()' 文件：D:\project\dsm\Core\Runtime\Tpl\94dec3260dd92464f74077d669f1c8e9.cache 第【15】行 时间：2016-01-08 17:04:31
'Invalid argument supplied for foreach()' 文件：D:\project\dsm\Core\Runtime\Tpl\94dec3260dd92464f74077d669f1c8e9.cache 第【15】行 时间：2016-01-08 17:04:31
'Invalid argument supplied for foreach()' 文件：D:\project\dsm\Core\Runtime\Tpl\94dec3260dd92464f74077d669f1c8e9.cache 第【15】行 时间：2016-01-08 17:04:31
'Invalid argument supplied for foreach()' 文件：D:\project\dsm\Core\Runtime\Tpl\94dec3260dd92464f74077d669f1c8e9.cache 第【15】行 时间：2016-01-08 17:04:31
'Invalid argument supplied for foreach()' 文件：D:\project\dsm\Core\Runtime\Tpl\94dec3260dd92464f74077d669f1c8e9.cache 第【15】行 时间：2016-01-08 17:04:31
'Invalid argument supplied for foreach()' 文件：D:\project\dsm\Core\Runtime\Tpl\94dec3260dd92464f74077d669f1c8e9.cache 第【15】行 时间：2016-01-08 17:04:31
'Invalid argument supplied for foreach()' 文件：D:\project\dsm\Core\Runtime\Tpl\94dec3260dd92464f74077d669f1c8e9.cache 第【15】行 时间：2016-01-08 17:04:31
'Invalid argument supplied for foreach()' 文件：D:\project\dsm\Core\Runtime\Tpl\94dec3260dd92464f74077d669f1c8e9.cache 第【15】行 时间：2016-01-08 17:04:31
'Invalid argument supplied for foreach()' 文件：D:\project\dsm\Core\Runtime\Tpl\94dec3260dd92464f74077d669f1c8e9.cache 第【15】行 时间：2016-01-08 17:04:31
'Invalid argument supplied for foreach()' 文件：D:\project\dsm\Core\Runtime\Tpl\94dec3260dd92464f74077d669f1c8e9.cache 第【15】行 时间：2016-01-08 17:04:31
'Invalid argument supplied for foreach()' 文件：D:\project\dsm\Core\Runtime\Tpl\94dec3260dd92464f74077d669f1c8e9.cache 第【15】行 时间：2016-01-08 17:04:31
'Invalid argument supplied for foreach()' 文件：D:\project\dsm\Core\Runtime\Tpl\94dec3260dd92464f74077d669f1c8e9.cache 第【15】行 时间：2016-01-08 17:04:31
'Invalid argument supplied for foreach()' 文件：D:\project\dsm\Core\Runtime\Tpl\94dec3260dd92464f74077d669f1c8e9.cache 第【15】行 时间：2016-01-08 17:04:31
'Invalid argument supplied for foreach()' 文件：D:\project\dsm\Core\Runtime\Tpl\94dec3260dd92464f74077d669f1c8e9.cache 第【15】行 时间：2016-01-08 17:04:31
'Invalid argument supplied for foreach()' 文件：D:\project\dsm\Core\Runtime\Tpl\94dec3260dd92464f74077d669f1c8e9.cache 第【15】行 时间：2016-01-08 17:04:31
'Invalid argument supplied for foreach()' 文件：D:\project\dsm\Core\Runtime\Tpl\94dec3260dd92464f74077d669f1c8e9.cache 第【15】行 时间：2016-01-08 17:04:31
'Invalid argument supplied for foreach()' 文件：D:\project\dsm\Core\Runtime\Tpl\94dec3260dd92464f74077d669f1c8e9.cache 第【15】行 时间：2016-01-08 17:04:31
'Invalid argument supplied for foreach()' 文件：D:\project\dsm\Core\Runtime\Tpl\94dec3260dd92464f74077d669f1c8e9.cache 第【15】行 时间：2016-01-08 17:04:31
'Invalid argument supplied for foreach()' 文件：D:\project\dsm\Core\Runtime\Tpl\94dec3260dd92464f74077d669f1c8e9.cache 第【15】行 时间：2016-01-08 17:04:31
'Invalid argument supplied for foreach()' 文件：D:\project\dsm\Core\Runtime\Tpl\94dec3260dd92464f74077d669f1c8e9.cache 第【15】行 时间：2016-01-08 17:04:31
'Invalid argument supplied for foreach()' 文件：D:\project\dsm\Core\Runtime\Tpl\94dec3260dd92464f74077d669f1c8e9.cache 第【15】行 时间：2016-01-08 17:04:31
'Invalid argument supplied for foreach()' 文件：D:\project\dsm\Core\Runtime\Tpl\94dec3260dd92464f74077d669f1c8e9.cache 第【15】行 时间：2016-01-08 17:04:31
'Invalid argument supplied for foreach()' 文件：D:\project\dsm\Core\Runtime\Tpl\94dec3260dd92464f74077d669f1c8e9.cache 第【15】行 时间：2016-01-08 17:04:31
'Invalid argument supplied for foreach()' 文件：D:\project\dsm\Core\Runtime\Tpl\94dec3260dd92464f74077d669f1c8e9.cache 第【15】行 时间：2016-01-08 17:04:31
'Invalid argument supplied for foreach()' 文件：D:\project\dsm\Core\Runtime\Tpl\94dec3260dd92464f74077d669f1c8e9.cache 第【15】行 时间：2016-01-08 17:04:31
'Invalid argument supplied for foreach()' 文件：D:\project\dsm\Core\Runtime\Tpl\94dec3260dd92464f74077d669f1c8e9.cache 第【15】行 时间：2016-01-08 17:04:31
'Invalid argument supplied for foreach()' 文件：D:\project\dsm\Core\Runtime\Tpl\94dec3260dd92464f74077d669f1c8e9.cache 第【15】行 时间：2016-01-08 17:04:31
'Invalid argument supplied for foreach()' 文件：D:\project\dsm\Core\Runtime\Tpl\94dec3260dd92464f74077d669f1c8e9.cache 第【15】行 时间：2016-01-08 17:04:31
'Invalid argument supplied for foreach()' 文件：D:\project\dsm\Core\Runtime\Tpl\94dec3260dd92464f74077d669f1c8e9.cache 第【15】行 时间：2016-01-08 17:04:31
'Invalid argument supplied for foreach()' 文件：D:\project\dsm\Core\Runtime\Tpl\94dec3260dd92464f74077d669f1c8e9.cache 第【15】行 时间：2016-01-08 17:04:31
'Invalid argument supplied for foreach()' 文件：D:\project\dsm\Core\Runtime\Tpl\94dec3260dd92464f74077d669f1c8e9.cache 第【15】行 时间：2016-01-08 17:04:32
'Invalid argument supplied for foreach()' 文件：D:\project\dsm\Core\Runtime\Tpl\94dec3260dd92464f74077d669f1c8e9.cache 第【15】行 时间：2016-01-08 17:04:32
'Invalid argument supplied for foreach()' 文件：D:\project\dsm\Core\Runtime\Tpl\94dec3260dd92464f74077d669f1c8e9.cache 第【15】行 时间：2016-01-08 17:04:32
'Invalid argument supplied for foreach()' 文件：D:\project\dsm\Core\Runtime\Tpl\94dec3260dd92464f74077d669f1c8e9.cache 第【15】行 时间：2016-01-08 17:04:32
'Invalid argument supplied for foreach()' 文件：D:\project\dsm\Core\Runtime\Tpl\94dec3260dd92464f74077d669f1c8e9.cache 第【15】行 时间：2016-01-08 17:04:32
'Invalid argument supplied for foreach()' 文件：D:\project\dsm\Core\Runtime\Tpl\94dec3260dd92464f74077d669f1c8e9.cache 第【15】行 时间：2016-01-08 17:04:32
'Invalid argument supplied for foreach()' 文件：D:\project\dsm\Core\Runtime\Tpl\94dec3260dd92464f74077d669f1c8e9.cache 第【15】行 时间：2016-01-08 17:04:32
'Invalid argument supplied for foreach()' 文件：D:\project\dsm\Core\Runtime\Tpl\94dec3260dd92464f74077d669f1c8e9.cache 第【15】行 时间：2016-01-08 17:04:32
'Invalid argument supplied for foreach()' 文件：D:\project\dsm\Core\Runtime\Tpl\94dec3260dd92464f74077d669f1c8e9.cache 第【15】行 时间：2016-01-08 17:04:32
'Invalid argument supplied for foreach()' 文件：D:\project\dsm\Core\Runtime\Tpl\94dec3260dd92464f74077d669f1c8e9.cache 第【15】行 时间：2016-01-08 17:04:32
'Invalid argument supplied for foreach()' 文件：D:\project\dsm\Core\Runtime\Tpl\94dec3260dd92464f74077d669f1c8e9.cache 第【15】行 时间：2016-01-08 17:04:32
'Invalid argument supplied for foreach()' 文件：D:\project\dsm\Core\Runtime\Tpl\94dec3260dd92464f74077d669f1c8e9.cache 第【15】行 时间：2016-01-08 17:04:32
'Invalid argument supplied for foreach()' 文件：D:\project\dsm\Core\Runtime\Tpl\94dec3260dd92464f74077d669f1c8e9.cache 第【15】行 时间：2016-01-08 17:04:32
'Invalid argument supplied for foreach()' 文件：D:\project\dsm\Core\Runtime\Tpl\94dec3260dd92464f74077d669f1c8e9.cache 第【15】行 时间：2016-01-08 17:04:32
'Invalid argument supplied for foreach()' 文件：D:\project\dsm\Core\Runtime\Tpl\94dec3260dd92464f74077d669f1c8e9.cache 第【15】行 时间：2016-01-08 17:04:32
'Invalid argument supplied for foreach()' 文件：D:\project\dsm\Core\Runtime\Tpl\94dec3260dd92464f74077d669f1c8e9.cache 第【15】行 时间：2016-01-08 17:04:32
'Invalid argument supplied for foreach()' 文件：D:\project\dsm\Core\Runtime\Tpl\94dec3260dd92464f74077d669f1c8e9.cache 第【15】行 时间：2016-01-08 17:04:32
'Invalid argument supplied for foreach()' 文件：D:\project\dsm\Core\Runtime\Tpl\94dec3260dd92464f74077d669f1c8e9.cache 第【15】行 时间：2016-01-08 17:04:32
'Invalid argument supplied for foreach()' 文件：D:\project\dsm\Core\Runtime\Tpl\94dec3260dd92464f74077d669f1c8e9.cache 第【15】行 时间：2016-01-08 17:04:32
'Invalid argument supplied for foreach()' 文件：D:\project\dsm\Core\Runtime\Tpl\94dec3260dd92464f74077d669f1c8e9.cache 第【15】行 时间：2016-01-08 17:06:54
'Invalid argument supplied for foreach()' 文件：D:\project\dsm\Core\Runtime\Tpl\94dec3260dd92464f74077d669f1c8e9.cache 第【15】行 时间：2016-01-08 17:06:54
'Invalid argument supplied for foreach()' 文件：D:\project\dsm\Core\Runtime\Tpl\94dec3260dd92464f74077d669f1c8e9.cache 第【15】行 时间：2016-01-08 17:06:54
'Invalid argument supplied for foreach()' 文件：D:\project\dsm\Core\Runtime\Tpl\94dec3260dd92464f74077d669f1c8e9.cache 第【15】行 时间：2016-01-08 17:06:54
'Invalid argument supplied for foreach()' 文件：D:\project\dsm\Core\Runtime\Tpl\94dec3260dd92464f74077d669f1c8e9.cache 第【15】行 时间：2016-01-08 17:06:54
'Invalid argument supplied for foreach()' 文件：D:\project\dsm\Core\Runtime\Tpl\94dec3260dd92464f74077d669f1c8e9.cache 第【15】行 时间：2016-01-08 17:06:54
'Invalid argument supplied for foreach()' 文件：D:\project\dsm\Core\Runtime\Tpl\94dec3260dd92464f74077d669f1c8e9.cache 第【15】行 时间：2016-01-08 17:06:54
'Invalid argument supplied for foreach()' 文件：D:\project\dsm\Core\Runtime\Tpl\94dec3260dd92464f74077d669f1c8e9.cache 第【15】行 时间：2016-01-08 17:06:54
'Invalid argument supplied for foreach()' 文件：D:\project\dsm\Core\Runtime\Tpl\94dec3260dd92464f74077d669f1c8e9.cache 第【15】行 时间：2016-01-08 17:06:54
'Invalid argument supplied for foreach()' 文件：D:\project\dsm\Core\Runtime\Tpl\94dec3260dd92464f74077d669f1c8e9.cache 第【15】行 时间：2016-01-08 17:06:55
'Invalid argument supplied for foreach()' 文件：D:\project\dsm\Core\Runtime\Tpl\94dec3260dd92464f74077d669f1c8e9.cache 第【15】行 时间：2016-01-08 17:06:55
'Invalid argument supplied for foreach()' 文件：D:\project\dsm\Core\Runtime\Tpl\94dec3260dd92464f74077d669f1c8e9.cache 第【15】行 时间：2016-01-08 17:06:55
'Invalid argument supplied for foreach()' 文件：D:\project\dsm\Core\Runtime\Tpl\94dec3260dd92464f74077d669f1c8e9.cache 第【15】行 时间：2016-01-08 17:06:55
'Invalid argument supplied for foreach()' 文件：D:\project\dsm\Core\Runtime\Tpl\94dec3260dd92464f74077d669f1c8e9.cache 第【15】行 时间：2016-01-08 17:06:55
'Invalid argument supplied for foreach()' 文件：D:\project\dsm\Core\Runtime\Tpl\94dec3260dd92464f74077d669f1c8e9.cache 第【15】行 时间：2016-01-08 17:06:55
'Invalid argument supplied for foreach()' 文件：D:\project\dsm\Core\Runtime\Tpl\94dec3260dd92464f74077d669f1c8e9.cache 第【15】行 时间：2016-01-08 17:06:55
'Invalid argument supplied for foreach()' 文件：D:\project\dsm\Core\Runtime\Tpl\94dec3260dd92464f74077d669f1c8e9.cache 第【15】行 时间：2016-01-08 17:06:55
'Invalid argument supplied for foreach()' 文件：D:\project\dsm\Core\Runtime\Tpl\94dec3260dd92464f74077d669f1c8e9.cache 第【15】行 时间：2016-01-08 17:06:55
'Invalid argument supplied for foreach()' 文件：D:\project\dsm\Core\Runtime\Tpl\94dec3260dd92464f74077d669f1c8e9.cache 第【15】行 时间：2016-01-08 17:06:55
'Invalid argument supplied for foreach()' 文件：D:\project\dsm\Core\Runtime\Tpl\94dec3260dd92464f74077d669f1c8e9.cache 第【15】行 时间：2016-01-08 17:06:55
'Invalid argument supplied for foreach()' 文件：D:\project\dsm\Core\Runtime\Tpl\94dec3260dd92464f74077d669f1c8e9.cache 第【15】行 时间：2016-01-08 17:06:55
'Invalid argument supplied for foreach()' 文件：D:\project\dsm\Core\Runtime\Tpl\94dec3260dd92464f74077d669f1c8e9.cache 第【15】行 时间：2016-01-08 17:06:55
'Invalid argument supplied for foreach()' 文件：D:\project\dsm\Core\Runtime\Tpl\94dec3260dd92464f74077d669f1c8e9.cache 第【15】行 时间：2016-01-08 17:06:55
'Invalid argument supplied for foreach()' 文件：D:\project\dsm\Core\Runtime\Tpl\94dec3260dd92464f74077d669f1c8e9.cache 第【15】行 时间：2016-01-08 17:06:55
'Invalid argument supplied for foreach()' 文件：D:\project\dsm\Core\Runtime\Tpl\94dec3260dd92464f74077d669f1c8e9.cache 第【15】行 时间：2016-01-08 17:06:55
'Invalid argument supplied for foreach()' 文件：D:\project\dsm\Core\Runtime\Tpl\94dec3260dd92464f74077d669f1c8e9.cache 第【15】行 时间：2016-01-08 17:06:55
'Invalid argument supplied for foreach()' 文件：D:\project\dsm\Core\Runtime\Tpl\94dec3260dd92464f74077d669f1c8e9.cache 第【15】行 时间：2016-01-08 17:06:56
'Invalid argument supplied for foreach()' 文件：D:\project\dsm\Core\Runtime\Tpl\94dec3260dd92464f74077d669f1c8e9.cache 第【15】行 时间：2016-01-08 17:06:56
'Invalid argument supplied for foreach()' 文件：D:\project\dsm\Core\Runtime\Tpl\94dec3260dd92464f74077d669f1c8e9.cache 第【15】行 时间：2016-01-08 17:06:56
'Invalid argument supplied for foreach()' 文件：D:\project\dsm\Core\Runtime\Tpl\94dec3260dd92464f74077d669f1c8e9.cache 第【15】行 时间：2016-01-08 17:06:56
'Invalid argument supplied for foreach()' 文件：D:\project\dsm\Core\Runtime\Tpl\94dec3260dd92464f74077d669f1c8e9.cache 第【15】行 时间：2016-01-08 17:06:56
'Invalid argument supplied for foreach()' 文件：D:\project\dsm\Core\Runtime\Tpl\94dec3260dd92464f74077d669f1c8e9.cache 第【15】行 时间：2016-01-08 17:06:56
'Invalid argument supplied for foreach()' 文件：D:\project\dsm\Core\Runtime\Tpl\94dec3260dd92464f74077d669f1c8e9.cache 第【15】行 时间：2016-01-08 17:06:56
'Invalid argument supplied for foreach()' 文件：D:\project\dsm\Core\Runtime\Tpl\94dec3260dd92464f74077d669f1c8e9.cache 第【15】行 时间：2016-01-08 17:06:56
'Invalid argument supplied for foreach()' 文件：D:\project\dsm\Core\Runtime\Tpl\94dec3260dd92464f74077d669f1c8e9.cache 第【15】行 时间：2016-01-08 17:06:56
'Invalid argument supplied for foreach()' 文件：D:\project\dsm\Core\Runtime\Tpl\94dec3260dd92464f74077d669f1c8e9.cache 第【15】行 时间：2016-01-08 17:06:56
'Invalid argument supplied for foreach()' 文件：D:\project\dsm\Core\Runtime\Tpl\94dec3260dd92464f74077d669f1c8e9.cache 第【15】行 时间：2016-01-08 17:06:56
'Invalid argument supplied for foreach()' 文件：D:\project\dsm\Core\Runtime\Tpl\94dec3260dd92464f74077d669f1c8e9.cache 第【15】行 时间：2016-01-08 17:06:56
'Invalid argument supplied for foreach()' 文件：D:\project\dsm\Core\Runtime\Tpl\94dec3260dd92464f74077d669f1c8e9.cache 第【15】行 时间：2016-01-08 17:06:56
'Invalid argument supplied for foreach()' 文件：D:\project\dsm\Core\Runtime\Tpl\94dec3260dd92464f74077d669f1c8e9.cache 第【15】行 时间：2016-01-08 17:06:56
'Invalid argument supplied for foreach()' 文件：D:\project\dsm\Core\Runtime\Tpl\94dec3260dd92464f74077d669f1c8e9.cache 第【15】行 时间：2016-01-08 17:06:56
'Invalid argument supplied for foreach()' 文件：D:\project\dsm\Core\Runtime\Tpl\94dec3260dd92464f74077d669f1c8e9.cache 第【15】行 时间：2016-01-08 17:06:56
'Invalid argument supplied for foreach()' 文件：D:\project\dsm\Core\Runtime\Tpl\94dec3260dd92464f74077d669f1c8e9.cache 第【15】行 时间：2016-01-08 17:06:56
'Invalid argument supplied for foreach()' 文件：D:\project\dsm\Core\Runtime\Tpl\94dec3260dd92464f74077d669f1c8e9.cache 第【15】行 时间：2016-01-08 17:06:56
'Invalid argument supplied for foreach()' 文件：D:\project\dsm\Core\Runtime\Tpl\94dec3260dd92464f74077d669f1c8e9.cache 第【15】行 时间：2016-01-08 17:06:56
'Invalid argument supplied for foreach()' 文件：D:\project\dsm\Core\Runtime\Tpl\94dec3260dd92464f74077d669f1c8e9.cache 第【15】行 时间：2016-01-08 17:06:56
'Invalid argument supplied for foreach()' 文件：D:\project\dsm\Core\Runtime\Tpl\94dec3260dd92464f74077d669f1c8e9.cache 第【15】行 时间：2016-01-08 17:06:56
'Invalid argument supplied for foreach()' 文件：D:\project\dsm\Core\Runtime\Tpl\94dec3260dd92464f74077d669f1c8e9.cache 第【15】行 时间：2016-01-08 17:06:56
'Invalid argument supplied for foreach()' 文件：D:\project\dsm\Core\Runtime\Tpl\94dec3260dd92464f74077d669f1c8e9.cache 第【15】行 时间：2016-01-08 17:06:56
'Invalid argument supplied for foreach()' 文件：D:\project\dsm\Core\Runtime\Tpl\94dec3260dd92464f74077d669f1c8e9.cache 第【15】行 时间：2016-01-08 17:06:56
'Invalid argument supplied for foreach()' 文件：D:\project\dsm\Core\Runtime\Tpl\94dec3260dd92464f74077d669f1c8e9.cache 第【15】行 时间：2016-01-08 17:06:56
'Invalid argument supplied for foreach()' 文件：D:\project\dsm\Core\Runtime\Tpl\94dec3260dd92464f74077d669f1c8e9.cache 第【15】行 时间：2016-01-08 17:10:34
'Invalid argument supplied for foreach()' 文件：D:\project\dsm\Core\Runtime\Tpl\94dec3260dd92464f74077d669f1c8e9.cache 第【15】行 时间：2016-01-08 17:10:34
'Invalid argument supplied for foreach()' 文件：D:\project\dsm\Core\Runtime\Tpl\94dec3260dd92464f74077d669f1c8e9.cache 第【15】行 时间：2016-01-08 17:10:34
'Invalid argument supplied for foreach()' 文件：D:\project\dsm\Core\Runtime\Tpl\94dec3260dd92464f74077d669f1c8e9.cache 第【15】行 时间：2016-01-08 17:10:34
'Invalid argument supplied for foreach()' 文件：D:\project\dsm\Core\Runtime\Tpl\94dec3260dd92464f74077d669f1c8e9.cache 第【15】行 时间：2016-01-08 17:10:34
'Invalid argument supplied for foreach()' 文件：D:\project\dsm\Core\Runtime\Tpl\94dec3260dd92464f74077d669f1c8e9.cache 第【15】行 时间：2016-01-08 17:10:34
'Invalid argument supplied for foreach()' 文件：D:\project\dsm\Core\Runtime\Tpl\94dec3260dd92464f74077d669f1c8e9.cache 第【15】行 时间：2016-01-08 17:10:34
'Invalid argument supplied for foreach()' 文件：D:\project\dsm\Core\Runtime\Tpl\94dec3260dd92464f74077d669f1c8e9.cache 第【15】行 时间：2016-01-08 17:10:34
'Invalid argument supplied for foreach()' 文件：D:\project\dsm\Core\Runtime\Tpl\94dec3260dd92464f74077d669f1c8e9.cache 第【15】行 时间：2016-01-08 17:10:34
'Invalid argument supplied for foreach()' 文件：D:\project\dsm\Core\Runtime\Tpl\94dec3260dd92464f74077d669f1c8e9.cache 第【15】行 时间：2016-01-08 17:10:34
'Invalid argument supplied for foreach()' 文件：D:\project\dsm\Core\Runtime\Tpl\94dec3260dd92464f74077d669f1c8e9.cache 第【15】行 时间：2016-01-08 17:10:34
'Invalid argument supplied for foreach()' 文件：D:\project\dsm\Core\Runtime\Tpl\94dec3260dd92464f74077d669f1c8e9.cache 第【15】行 时间：2016-01-08 17:10:34
'Invalid argument supplied for foreach()' 文件：D:\project\dsm\Core\Runtime\Tpl\94dec3260dd92464f74077d669f1c8e9.cache 第【15】行 时间：2016-01-08 17:10:34
'Invalid argument supplied for foreach()' 文件：D:\project\dsm\Core\Runtime\Tpl\94dec3260dd92464f74077d669f1c8e9.cache 第【15】行 时间：2016-01-08 17:10:34
'Invalid argument supplied for foreach()' 文件：D:\project\dsm\Core\Runtime\Tpl\94dec3260dd92464f74077d669f1c8e9.cache 第【15】行 时间：2016-01-08 17:10:34
'Invalid argument supplied for foreach()' 文件：D:\project\dsm\Core\Runtime\Tpl\94dec3260dd92464f74077d669f1c8e9.cache 第【15】行 时间：2016-01-08 17:10:34
'Invalid argument supplied for foreach()' 文件：D:\project\dsm\Core\Runtime\Tpl\94dec3260dd92464f74077d669f1c8e9.cache 第【15】行 时间：2016-01-08 17:10:34
'Invalid argument supplied for foreach()' 文件：D:\project\dsm\Core\Runtime\Tpl\94dec3260dd92464f74077d669f1c8e9.cache 第【15】行 时间：2016-01-08 17:10:34
'Invalid argument supplied for foreach()' 文件：D:\project\dsm\Core\Runtime\Tpl\94dec3260dd92464f74077d669f1c8e9.cache 第【15】行 时间：2016-01-08 17:10:34
'Invalid argument supplied for foreach()' 文件：D:\project\dsm\Core\Runtime\Tpl\94dec3260dd92464f74077d669f1c8e9.cache 第【15】行 时间：2016-01-08 17:10:34
'Invalid argument supplied for foreach()' 文件：D:\project\dsm\Core\Runtime\Tpl\94dec3260dd92464f74077d669f1c8e9.cache 第【15】行 时间：2016-01-08 17:10:34
'Invalid argument supplied for foreach()' 文件：D:\project\dsm\Core\Runtime\Tpl\94dec3260dd92464f74077d669f1c8e9.cache 第【15】行 时间：2016-01-08 17:10:34
'Invalid argument supplied for foreach()' 文件：D:\project\dsm\Core\Runtime\Tpl\94dec3260dd92464f74077d669f1c8e9.cache 第【15】行 时间：2016-01-08 17:10:34
'Invalid argument supplied for foreach()' 文件：D:\project\dsm\Core\Runtime\Tpl\94dec3260dd92464f74077d669f1c8e9.cache 第【15】行 时间：2016-01-08 17:10:34
'Invalid argument supplied for foreach()' 文件：D:\project\dsm\Core\Runtime\Tpl\94dec3260dd92464f74077d669f1c8e9.cache 第【15】行 时间：2016-01-08 17:10:34
'Invalid argument supplied for foreach()' 文件：D:\project\dsm\Core\Runtime\Tpl\94dec3260dd92464f74077d669f1c8e9.cache 第【15】行 时间：2016-01-08 17:10:34
'Invalid argument supplied for foreach()' 文件：D:\project\dsm\Core\Runtime\Tpl\94dec3260dd92464f74077d669f1c8e9.cache 第【15】行 时间：2016-01-08 17:10:34
'Invalid argument supplied for foreach()' 文件：D:\project\dsm\Core\Runtime\Tpl\94dec3260dd92464f74077d669f1c8e9.cache 第【15】行 时间：2016-01-08 17:10:34
'Invalid argument supplied for foreach()' 文件：D:\project\dsm\Core\Runtime\Tpl\94dec3260dd92464f74077d669f1c8e9.cache 第【15】行 时间：2016-01-08 17:10:34
'Invalid argument supplied for foreach()' 文件：D:\project\dsm\Core\Runtime\Tpl\94dec3260dd92464f74077d669f1c8e9.cache 第【15】行 时间：2016-01-08 17:10:34
'Invalid argument supplied for foreach()' 文件：D:\project\dsm\Core\Runtime\Tpl\94dec3260dd92464f74077d669f1c8e9.cache 第【15】行 时间：2016-01-08 17:10:34
'Invalid argument supplied for foreach()' 文件：D:\project\dsm\Core\Runtime\Tpl\94dec3260dd92464f74077d669f1c8e9.cache 第【15】行 时间：2016-01-08 17:10:35
'Invalid argument supplied for foreach()' 文件：D:\project\dsm\Core\Runtime\Tpl\94dec3260dd92464f74077d669f1c8e9.cache 第【15】行 时间：2016-01-08 17:10:35
'Invalid argument supplied for foreach()' 文件：D:\project\dsm\Core\Runtime\Tpl\94dec3260dd92464f74077d669f1c8e9.cache 第【15】行 时间：2016-01-08 17:10:35
'Invalid argument supplied for foreach()' 文件：D:\project\dsm\Core\Runtime\Tpl\94dec3260dd92464f74077d669f1c8e9.cache 第【15】行 时间：2016-01-08 17:10:35
'Invalid argument supplied for foreach()' 文件：D:\project\dsm\Core\Runtime\Tpl\94dec3260dd92464f74077d669f1c8e9.cache 第【15】行 时间：2016-01-08 17:10:35
'Invalid argument supplied for foreach()' 文件：D:\project\dsm\Core\Runtime\Tpl\94dec3260dd92464f74077d669f1c8e9.cache 第【15】行 时间：2016-01-08 17:10:35
'Invalid argument supplied for foreach()' 文件：D:\project\dsm\Core\Runtime\Tpl\94dec3260dd92464f74077d669f1c8e9.cache 第【15】行 时间：2016-01-08 17:10:49
'Invalid argument supplied for foreach()' 文件：D:\project\dsm\Core\Runtime\Tpl\94dec3260dd92464f74077d669f1c8e9.cache 第【15】行 时间：2016-01-08 17:10:49
'Invalid argument supplied for foreach()' 文件：D:\project\dsm\Core\Runtime\Tpl\94dec3260dd92464f74077d669f1c8e9.cache 第【15】行 时间：2016-01-08 17:10:49
'Invalid argument supplied for foreach()' 文件：D:\project\dsm\Core\Runtime\Tpl\94dec3260dd92464f74077d669f1c8e9.cache 第【15】行 时间：2016-01-08 17:10:49
'Invalid argument supplied for foreach()' 文件：D:\project\dsm\Core\Runtime\Tpl\94dec3260dd92464f74077d669f1c8e9.cache 第【15】行 时间：2016-01-08 17:10:49
'Invalid argument supplied for foreach()' 文件：D:\project\dsm\Core\Runtime\Tpl\94dec3260dd92464f74077d669f1c8e9.cache 第【15】行 时间：2016-01-08 17:10:49
'Invalid argument supplied for foreach()' 文件：D:\project\dsm\Core\Runtime\Tpl\94dec3260dd92464f74077d669f1c8e9.cache 第【15】行 时间：2016-01-08 17:10:49
'Invalid argument supplied for foreach()' 文件：D:\project\dsm\Core\Runtime\Tpl\94dec3260dd92464f74077d669f1c8e9.cache 第【15】行 时间：2016-01-08 17:10:49
'Invalid argument supplied for foreach()' 文件：D:\project\dsm\Core\Runtime\Tpl\94dec3260dd92464f74077d669f1c8e9.cache 第【15】行 时间：2016-01-08 17:10:49
'Invalid argument supplied for foreach()' 文件：D:\project\dsm\Core\Runtime\Tpl\94dec3260dd92464f74077d669f1c8e9.cache 第【15】行 时间：2016-01-08 17:10:49
'Invalid argument supplied for foreach()' 文件：D:\project\dsm\Core\Runtime\Tpl\94dec3260dd92464f74077d669f1c8e9.cache 第【15】行 时间：2016-01-08 17:10:49
'Invalid argument supplied for foreach()' 文件：D:\project\dsm\Core\Runtime\Tpl\94dec3260dd92464f74077d669f1c8e9.cache 第【15】行 时间：2016-01-08 17:10:49
'Invalid argument supplied for foreach()' 文件：D:\project\dsm\Core\Runtime\Tpl\94dec3260dd92464f74077d669f1c8e9.cache 第【15】行 时间：2016-01-08 17:10:49
'Invalid argument supplied for foreach()' 文件：D:\project\dsm\Core\Runtime\Tpl\94dec3260dd92464f74077d669f1c8e9.cache 第【15】行 时间：2016-01-08 17:10:49
'Invalid argument supplied for foreach()' 文件：D:\project\dsm\Core\Runtime\Tpl\94dec3260dd92464f74077d669f1c8e9.cache 第【15】行 时间：2016-01-08 17:10:49
'Invalid argument supplied for foreach()' 文件：D:\project\dsm\Core\Runtime\Tpl\94dec3260dd92464f74077d669f1c8e9.cache 第【15】行 时间：2016-01-08 17:10:49
'Invalid argument supplied for foreach()' 文件：D:\project\dsm\Core\Runtime\Tpl\94dec3260dd92464f74077d669f1c8e9.cache 第【15】行 时间：2016-01-08 17:10:49
'Invalid argument supplied for foreach()' 文件：D:\project\dsm\Core\Runtime\Tpl\94dec3260dd92464f74077d669f1c8e9.cache 第【15】行 时间：2016-01-08 17:10:49
'Invalid argument supplied for foreach()' 文件：D:\project\dsm\Core\Runtime\Tpl\94dec3260dd92464f74077d669f1c8e9.cache 第【15】行 时间：2016-01-08 17:10:49
'Invalid argument supplied for foreach()' 文件：D:\project\dsm\Core\Runtime\Tpl\94dec3260dd92464f74077d669f1c8e9.cache 第【15】行 时间：2016-01-08 17:10:49
'Invalid argument supplied for foreach()' 文件：D:\project\dsm\Core\Runtime\Tpl\94dec3260dd92464f74077d669f1c8e9.cache 第【15】行 时间：2016-01-08 17:10:49
'Invalid argument supplied for foreach()' 文件：D:\project\dsm\Core\Runtime\Tpl\94dec3260dd92464f74077d669f1c8e9.cache 第【15】行 时间：2016-01-08 17:10:49
'Invalid argument supplied for foreach()' 文件：D:\project\dsm\Core\Runtime\Tpl\94dec3260dd92464f74077d669f1c8e9.cache 第【15】行 时间：2016-01-08 17:10:49
'Invalid argument supplied for foreach()' 文件：D:\project\dsm\Core\Runtime\Tpl\94dec3260dd92464f74077d669f1c8e9.cache 第【15】行 时间：2016-01-08 17:10:49
'Invalid argument supplied for foreach()' 文件：D:\project\dsm\Core\Runtime\Tpl\94dec3260dd92464f74077d669f1c8e9.cache 第【15】行 时间：2016-01-08 17:10:49
'Invalid argument supplied for foreach()' 文件：D:\project\dsm\Core\Runtime\Tpl\94dec3260dd92464f74077d669f1c8e9.cache 第【15】行 时间：2016-01-08 17:10:49
'Invalid argument supplied for foreach()' 文件：D:\project\dsm\Core\Runtime\Tpl\94dec3260dd92464f74077d669f1c8e9.cache 第【15】行 时间：2016-01-08 17:10:49
'Invalid argument supplied for foreach()' 文件：D:\project\dsm\Core\Runtime\Tpl\94dec3260dd92464f74077d669f1c8e9.cache 第【15】行 时间：2016-01-08 17:10:49
'Invalid argument supplied for foreach()' 文件：D:\project\dsm\Core\Runtime\Tpl\94dec3260dd92464f74077d669f1c8e9.cache 第【15】行 时间：2016-01-08 17:10:49
'Invalid argument supplied for foreach()' 文件：D:\project\dsm\Core\Runtime\Tpl\94dec3260dd92464f74077d669f1c8e9.cache 第【15】行 时间：2016-01-08 17:10:49
'Invalid argument supplied for foreach()' 文件：D:\project\dsm\Core\Runtime\Tpl\94dec3260dd92464f74077d669f1c8e9.cache 第【15】行 时间：2016-01-08 17:10:49
'Invalid argument supplied for foreach()' 文件：D:\project\dsm\Core\Runtime\Tpl\94dec3260dd92464f74077d669f1c8e9.cache 第【15】行 时间：2016-01-08 17:10:49
'Invalid argument supplied for foreach()' 文件：D:\project\dsm\Core\Runtime\Tpl\94dec3260dd92464f74077d669f1c8e9.cache 第【15】行 时间：2016-01-08 17:10:49
'Invalid argument supplied for foreach()' 文件：D:\project\dsm\Core\Runtime\Tpl\94dec3260dd92464f74077d669f1c8e9.cache 第【15】行 时间：2016-01-08 17:10:49
'Invalid argument supplied for foreach()' 文件：D:\project\dsm\Core\Runtime\Tpl\94dec3260dd92464f74077d669f1c8e9.cache 第【15】行 时间：2016-01-08 17:10:49
'Invalid argument supplied for foreach()' 文件：D:\project\dsm\Core\Runtime\Tpl\94dec3260dd92464f74077d669f1c8e9.cache 第【15】行 时间：2016-01-08 17:10:49
'Invalid argument supplied for foreach()' 文件：D:\project\dsm\Core\Runtime\Tpl\94dec3260dd92464f74077d669f1c8e9.cache 第【15】行 时间：2016-01-08 17:10:49
'Invalid argument supplied for foreach()' 文件：D:\project\dsm\Core\Runtime\Tpl\94dec3260dd92464f74077d669f1c8e9.cache 第【15】行 时间：2016-01-08 17:13:10
'Invalid argument supplied for foreach()' 文件：D:\project\dsm\Core\Runtime\Tpl\94dec3260dd92464f74077d669f1c8e9.cache 第【15】行 时间：2016-01-08 17:13:10
'Invalid argument supplied for foreach()' 文件：D:\project\dsm\Core\Runtime\Tpl\94dec3260dd92464f74077d669f1c8e9.cache 第【15】行 时间：2016-01-08 17:13:10
'Invalid argument supplied for foreach()' 文件：D:\project\dsm\Core\Runtime\Tpl\94dec3260dd92464f74077d669f1c8e9.cache 第【15】行 时间：2016-01-08 17:13:10
'Invalid argument supplied for foreach()' 文件：D:\project\dsm\Core\Runtime\Tpl\94dec3260dd92464f74077d669f1c8e9.cache 第【15】行 时间：2016-01-08 17:13:10
'Invalid argument supplied for foreach()' 文件：D:\project\dsm\Core\Runtime\Tpl\94dec3260dd92464f74077d669f1c8e9.cache 第【15】行 时间：2016-01-08 17:13:10
'Invalid argument supplied for foreach()' 文件：D:\project\dsm\Core\Runtime\Tpl\94dec3260dd92464f74077d669f1c8e9.cache 第【15】行 时间：2016-01-08 17:13:10
'Invalid argument supplied for foreach()' 文件：D:\project\dsm\Core\Runtime\Tpl\94dec3260dd92464f74077d669f1c8e9.cache 第【15】行 时间：2016-01-08 17:13:10
'Invalid argument supplied for foreach()' 文件：D:\project\dsm\Core\Runtime\Tpl\94dec3260dd92464f74077d669f1c8e9.cache 第【15】行 时间：2016-01-08 17:13:10
'Invalid argument supplied for foreach()' 文件：D:\project\dsm\Core\Runtime\Tpl\94dec3260dd92464f74077d669f1c8e9.cache 第【15】行 时间：2016-01-08 17:13:10
'Invalid argument supplied for foreach()' 文件：D:\project\dsm\Core\Runtime\Tpl\94dec3260dd92464f74077d669f1c8e9.cache 第【15】行 时间：2016-01-08 17:13:10
'Invalid argument supplied for foreach()' 文件：D:\project\dsm\Core\Runtime\Tpl\94dec3260dd92464f74077d669f1c8e9.cache 第【15】行 时间：2016-01-08 17:13:10
'Invalid argument supplied for foreach()' 文件：D:\project\dsm\Core\Runtime\Tpl\94dec3260dd92464f74077d669f1c8e9.cache 第【15】行 时间：2016-01-08 17:13:10
'Invalid argument supplied for foreach()' 文件：D:\project\dsm\Core\Runtime\Tpl\94dec3260dd92464f74077d669f1c8e9.cache 第【15】行 时间：2016-01-08 17:13:10
'Invalid argument supplied for foreach()' 文件：D:\project\dsm\Core\Runtime\Tpl\94dec3260dd92464f74077d669f1c8e9.cache 第【15】行 时间：2016-01-08 17:13:11
'Invalid argument supplied for foreach()' 文件：D:\project\dsm\Core\Runtime\Tpl\94dec3260dd92464f74077d669f1c8e9.cache 第【15】行 时间：2016-01-08 17:13:11
'Invalid argument supplied for foreach()' 文件：D:\project\dsm\Core\Runtime\Tpl\94dec3260dd92464f74077d669f1c8e9.cache 第【15】行 时间：2016-01-08 17:13:11
'Invalid argument supplied for foreach()' 文件：D:\project\dsm\Core\Runtime\Tpl\94dec3260dd92464f74077d669f1c8e9.cache 第【15】行 时间：2016-01-08 17:13:11
'Invalid argument supplied for foreach()' 文件：D:\project\dsm\Core\Runtime\Tpl\94dec3260dd92464f74077d669f1c8e9.cache 第【15】行 时间：2016-01-08 17:13:11
'Invalid argument supplied for foreach()' 文件：D:\project\dsm\Core\Runtime\Tpl\94dec3260dd92464f74077d669f1c8e9.cache 第【15】行 时间：2016-01-08 17:13:11
'Invalid argument supplied for foreach()' 文件：D:\project\dsm\Core\Runtime\Tpl\94dec3260dd92464f74077d669f1c8e9.cache 第【15】行 时间：2016-01-08 17:13:11
'Invalid argument supplied for foreach()' 文件：D:\project\dsm\Core\Runtime\Tpl\94dec3260dd92464f74077d669f1c8e9.cache 第【15】行 时间：2016-01-08 17:13:11
'Invalid argument supplied for foreach()' 文件：D:\project\dsm\Core\Runtime\Tpl\94dec3260dd92464f74077d669f1c8e9.cache 第【15】行 时间：2016-01-08 17:13:11
'Invalid argument supplied for foreach()' 文件：D:\project\dsm\Core\Runtime\Tpl\94dec3260dd92464f74077d669f1c8e9.cache 第【15】行 时间：2016-01-08 17:13:11
'Invalid argument supplied for foreach()' 文件：D:\project\dsm\Core\Runtime\Tpl\94dec3260dd92464f74077d669f1c8e9.cache 第【15】行 时间：2016-01-08 17:13:11
'Invalid argument supplied for foreach()' 文件：D:\project\dsm\Core\Runtime\Tpl\94dec3260dd92464f74077d669f1c8e9.cache 第【15】行 时间：2016-01-08 17:13:11
'Invalid argument supplied for foreach()' 文件：D:\project\dsm\Core\Runtime\Tpl\94dec3260dd92464f74077d669f1c8e9.cache 第【15】行 时间：2016-01-08 17:13:11
'Invalid argument supplied for foreach()' 文件：D:\project\dsm\Core\Runtime\Tpl\94dec3260dd92464f74077d669f1c8e9.cache 第【15】行 时间：2016-01-08 17:13:11
'Invalid argument supplied for foreach()' 文件：D:\project\dsm\Core\Runtime\Tpl\94dec3260dd92464f74077d669f1c8e9.cache 第【15】行 时间：2016-01-08 17:13:11
'Invalid argument supplied for foreach()' 文件：D:\project\dsm\Core\Runtime\Tpl\94dec3260dd92464f74077d669f1c8e9.cache 第【15】行 时间：2016-01-08 17:13:11
'Invalid argument supplied for foreach()' 文件：D:\project\dsm\Core\Runtime\Tpl\94dec3260dd92464f74077d669f1c8e9.cache 第【15】行 时间：2016-01-08 17:13:11
'Invalid argument supplied for foreach()' 文件：D:\project\dsm\Core\Runtime\Tpl\94dec3260dd92464f74077d669f1c8e9.cache 第【15】行 时间：2016-01-08 17:13:11
'Invalid argument supplied for foreach()' 文件：D:\project\dsm\Core\Runtime\Tpl\94dec3260dd92464f74077d669f1c8e9.cache 第【15】行 时间：2016-01-08 17:13:11
'Invalid argument supplied for foreach()' 文件：D:\project\dsm\Core\Runtime\Tpl\94dec3260dd92464f74077d669f1c8e9.cache 第【15】行 时间：2016-01-08 17:13:11
'Invalid argument supplied for foreach()' 文件：D:\project\dsm\Core\Runtime\Tpl\94dec3260dd92464f74077d669f1c8e9.cache 第【15】行 时间：2016-01-08 17:13:11
'Invalid argument supplied for foreach()' 文件：D:\project\dsm\Core\Runtime\Tpl\94dec3260dd92464f74077d669f1c8e9.cache 第【15】行 时间：2016-01-08 17:13:11
'Invalid argument supplied for foreach()' 文件：D:\project\dsm\Core\Runtime\Tpl\94dec3260dd92464f74077d669f1c8e9.cache 第【15】行 时间：2016-01-08 17:13:11
