'Invalid argument supplied for foreach()' 文件：D:\project\dsm\Core\Controller\BehaviorControlController.class.php 第【45】行 时间：2015-09-16 10:03:22
'Invalid argument supplied for foreach()' 文件：D:\project\dsm\Core\Controller\BehaviorControlController.class.php 第【45】行 时间：2015-09-16 10:03:22
'Invalid argument supplied for foreach()' 文件：D:\project\dsm\Core\Controller\BehaviorControlController.class.php 第【45】行 时间：2015-09-16 10:03:22
'Invalid argument supplied for foreach()' 文件：D:\project\dsm\Core\Controller\BehaviorControlController.class.php 第【45】行 时间：2015-09-16 10:03:22
'array_merge(): Argument #2 is not an array' 文件：D:\project\dsm\Core\Controller\SettingController.class.php 第【92】行 时间：2015-09-16 10:03:25
'array_merge(): Argument #1 is not an array' 文件：D:\project\dsm\Core\Controller\SettingController.class.php 第【100】行 时间：2015-09-16 10:03:25
'array_merge(): Argument #1 is not an array' 文件：D:\project\dsm\Core\Controller\SettingController.class.php 第【109】行 时间：2015-09-16 10:03:25
'array_merge(): Argument #1 is not an array' 文件：D:\project\dsm\Core\Controller\SettingController.class.php 第【118】行 时间：2015-09-16 10:03:25
'Undefined index: SS_FILEOUT_AVAILABLE_TIME' 文件：D:\project\dsm\Core\Runtime\Tpl\2dd33786e5b9d525999e8f13064b06cb.cache 第【41】行 时间：2015-09-16 10:03:25
'Undefined index: SS_FILEOUT_AVAILABLE_TIMES' 文件：D:\project\dsm\Core\Runtime\Tpl\2dd33786e5b9d525999e8f13064b06cb.cache 第【45】行 时间：2015-09-16 10:03:25
'Undefined index: SS_FILEOUT_PWD' 文件：D:\project\dsm\Core\Common\template.php 第【59】行 时间：2015-09-16 10:03:25
'Undefined index: SS_FILEOUT_MACHINECODE' 文件：D:\project\dsm\Core\Common\template.php 第【59】行 时间：2015-09-16 10:03:25
'Undefined index: SS_FILEOUT_MAKEEXE' 文件：D:\project\dsm\Core\Common\template.php 第【59】行 时间：2015-09-16 10:03:25
'Undefined index: SS_FILEOUT_AUTODEL' 文件：D:\project\dsm\Core\Common\template.php 第【59】行 时间：2015-09-16 10:03:25
'Undefined index: SS_FILEOUT_MODIFY' 文件：D:\project\dsm\Core\Common\template.php 第【59】行 时间：2015-09-16 10:03:25
'Undefined index: SS_FILEOUT_PRINT' 文件：D:\project\dsm\Core\Common\template.php 第【59】行 时间：2015-09-16 10:03:25
'Undefined index: SS_FILEOUT_SHOWREMAINTIME' 文件：D:\project\dsm\Core\Common\template.php 第【59】行 时间：2015-09-16 10:03:25
'Undefined index: OfflineShortTime' 文件：D:\project\dsm\Core\Runtime\Tpl\2dd33786e5b9d525999e8f13064b06cb.cache 第【78】行 时间：2015-09-16 10:03:25
'Undefined index: CopyCount' 文件：D:\project\dsm\Core\Runtime\Tpl\2dd33786e5b9d525999e8f13064b06cb.cache 第【85】行 时间：2015-09-16 10:03:25
'Undefined index: CopyLength' 文件：D:\project\dsm\Core\Runtime\Tpl\2dd33786e5b9d525999e8f13064b06cb.cache 第【92】行 时间：2015-09-16 10:03:25
'Undefined index: WaterMarkStr' 文件：D:\project\dsm\Core\Runtime\Tpl\2dd33786e5b9d525999e8f13064b06cb.cache 第【100】行 时间：2015-09-16 10:03:25
'Trying to get property of non-object' 文件：D:\project\dsm\Core\Runtime\Tpl\2dd33786e5b9d525999e8f13064b06cb.cache 第【439】行 时间：2015-09-16 10:03:25
'Trying to get property of non-object' 文件：D:\project\dsm\Core\Runtime\Tpl\2dd33786e5b9d525999e8f13064b06cb.cache 第【446】行 时间：2015-09-16 10:03:25
'Trying to get property of non-object' 文件：D:\project\dsm\Core\Runtime\Tpl\2dd33786e5b9d525999e8f13064b06cb.cache 第【452】行 时间：2015-09-16 10:03:25
'Trying to get property of non-object' 文件：D:\project\dsm\Core\Runtime\Tpl\2dd33786e5b9d525999e8f13064b06cb.cache 第【458】行 时间：2015-09-16 10:03:25
'Undefined index: TickTime' 文件：D:\project\dsm\Core\Runtime\Tpl\2dd33786e5b9d525999e8f13064b06cb.cache 第【527】行 时间：2015-09-16 10:03:25
'Undefined index: TickTime' 文件：D:\project\dsm\Core\Runtime\Tpl\2dd33786e5b9d525999e8f13064b06cb.cache 第【528】行 时间：2015-09-16 10:03:25
'Undefined index: ESentensPer' 文件：D:\project\dsm\Core\Runtime\Tpl\2dd33786e5b9d525999e8f13064b06cb.cache 第【572】行 时间：2015-09-16 10:03:25
'Undefined index: ESentensPer' 文件：D:\project\dsm\Core\Runtime\Tpl\2dd33786e5b9d525999e8f13064b06cb.cache 第【573】行 时间：2015-09-16 10:03:25
'Undefined index: NMaxSize' 文件：D:\project\dsm\Core\Runtime\Tpl\2dd33786e5b9d525999e8f13064b06cb.cache 第【579】行 时间：2015-09-16 10:03:25
'Undefined index: NIntervalTime' 文件：D:\project\dsm\Core\Runtime\Tpl\2dd33786e5b9d525999e8f13064b06cb.cache 第【584】行 时间：2015-09-16 10:03:25
'Undefined index: NIntervalTime' 文件：D:\project\dsm\Core\Runtime\Tpl\2dd33786e5b9d525999e8f13064b06cb.cache 第【585】行 时间：2015-09-16 10:03:25
'Undefined index: NSuffix' 文件：D:\project\dsm\Core\Runtime\Tpl\2dd33786e5b9d525999e8f13064b06cb.cache 第【592】行 时间：2015-09-16 10:03:25
'implode(): Invalid arguments passed' 文件：D:\project\dsm\Core\Runtime\Tpl\2dd33786e5b9d525999e8f13064b06cb.cache 第【592】行 时间：2015-09-16 10:03:25
'Undefined index: EMaxSize' 文件：D:\project\dsm\Core\Runtime\Tpl\2dd33786e5b9d525999e8f13064b06cb.cache 第【612】行 时间：2015-09-16 10:03:25
'Undefined index: EIntervalTime' 文件：D:\project\dsm\Core\Runtime\Tpl\2dd33786e5b9d525999e8f13064b06cb.cache 第【618】行 时间：2015-09-16 10:03:25
'Undefined index: EIntervalTime' 文件：D:\project\dsm\Core\Runtime\Tpl\2dd33786e5b9d525999e8f13064b06cb.cache 第【619】行 时间：2015-09-16 10:03:25
'Undefined index: EDelTime' 文件：D:\project\dsm\Core\Runtime\Tpl\2dd33786e5b9d525999e8f13064b06cb.cache 第【626】行 时间：2015-09-16 10:03:25
'Undefined index: EDelTime' 文件：D:\project\dsm\Core\Runtime\Tpl\2dd33786e5b9d525999e8f13064b06cb.cache 第【627】行 时间：2015-09-16 10:03:25
'Undefined index: ESuffix' 文件：D:\project\dsm\Core\Runtime\Tpl\2dd33786e5b9d525999e8f13064b06cb.cache 第【635】行 时间：2015-09-16 10:03:26
'implode(): Invalid arguments passed' 文件：D:\project\dsm\Core\Runtime\Tpl\2dd33786e5b9d525999e8f13064b06cb.cache 第【635】行 时间：2015-09-16 10:03:26
'Undefined index: DMaxSize' 文件：D:\project\dsm\Core\Runtime\Tpl\2dd33786e5b9d525999e8f13064b06cb.cache 第【655】行 时间：2015-09-16 10:03:26
'Undefined index: DIntervalTime' 文件：D:\project\dsm\Core\Runtime\Tpl\2dd33786e5b9d525999e8f13064b06cb.cache 第【660】行 时间：2015-09-16 10:03:26
'Undefined index: DIntervalTime' 文件：D:\project\dsm\Core\Runtime\Tpl\2dd33786e5b9d525999e8f13064b06cb.cache 第【661】行 时间：2015-09-16 10:03:26
'Undefined index: DSentensPer' 文件：D:\project\dsm\Core\Runtime\Tpl\2dd33786e5b9d525999e8f13064b06cb.cache 第【667】行 时间：2015-09-16 10:03:26
'Undefined index: DSentensPer' 文件：D:\project\dsm\Core\Runtime\Tpl\2dd33786e5b9d525999e8f13064b06cb.cache 第【668】行 时间：2015-09-16 10:03:26
'Undefined index: DDelTime' 文件：D:\project\dsm\Core\Runtime\Tpl\2dd33786e5b9d525999e8f13064b06cb.cache 第【675】行 时间：2015-09-16 10:03:26
'Undefined index: DDelTime' 文件：D:\project\dsm\Core\Runtime\Tpl\2dd33786e5b9d525999e8f13064b06cb.cache 第【676】行 时间：2015-09-16 10:03:26
'Undefined index: DSuffix' 文件：D:\project\dsm\Core\Runtime\Tpl\2dd33786e5b9d525999e8f13064b06cb.cache 第【685】行 时间：2015-09-16 10:03:26
'implode(): Invalid arguments passed' 文件：D:\project\dsm\Core\Runtime\Tpl\2dd33786e5b9d525999e8f13064b06cb.cache 第【685】行 时间：2015-09-16 10:03:26
'Invalid argument supplied for foreach()' 文件：D:\project\dsm\Core\Controller\BehaviorControlController.class.php 第【45】行 时间：2015-09-16 10:08:43
'Invalid argument supplied for foreach()' 文件：D:\project\dsm\Core\Controller\BehaviorControlController.class.php 第【45】行 时间：2015-09-16 10:08:43
'Invalid argument supplied for foreach()' 文件：D:\project\dsm\Core\Controller\BehaviorControlController.class.php 第【45】行 时间：2015-09-16 10:08:44
'Invalid argument supplied for foreach()' 文件：D:\project\dsm\Core\Controller\BehaviorControlController.class.php 第【45】行 时间：2015-09-16 10:08:44
'array_merge(): Argument #2 is not an array' 文件：D:\project\dsm\Core\Controller\SettingController.class.php 第【92】行 时间：2015-09-16 10:08:56
'array_merge(): Argument #1 is not an array' 文件：D:\project\dsm\Core\Controller\SettingController.class.php 第【100】行 时间：2015-09-16 10:08:56
'array_merge(): Argument #1 is not an array' 文件：D:\project\dsm\Core\Controller\SettingController.class.php 第【109】行 时间：2015-09-16 10:08:56
'array_merge(): Argument #1 is not an array' 文件：D:\project\dsm\Core\Controller\SettingController.class.php 第【118】行 时间：2015-09-16 10:08:56
'Undefined index: SS_FILEOUT_AVAILABLE_TIME' 文件：D:\project\dsm\Core\Runtime\Tpl\2dd33786e5b9d525999e8f13064b06cb.cache 第【41】行 时间：2015-09-16 10:08:56
'Undefined index: SS_FILEOUT_AVAILABLE_TIMES' 文件：D:\project\dsm\Core\Runtime\Tpl\2dd33786e5b9d525999e8f13064b06cb.cache 第【45】行 时间：2015-09-16 10:08:56
'Undefined index: SS_FILEOUT_PWD' 文件：D:\project\dsm\Core\Common\template.php 第【59】行 时间：2015-09-16 10:08:56
'Undefined index: SS_FILEOUT_MACHINECODE' 文件：D:\project\dsm\Core\Common\template.php 第【59】行 时间：2015-09-16 10:08:56
'Undefined index: SS_FILEOUT_MAKEEXE' 文件：D:\project\dsm\Core\Common\template.php 第【59】行 时间：2015-09-16 10:08:56
'Undefined index: SS_FILEOUT_AUTODEL' 文件：D:\project\dsm\Core\Common\template.php 第【59】行 时间：2015-09-16 10:08:56
'Undefined index: SS_FILEOUT_MODIFY' 文件：D:\project\dsm\Core\Common\template.php 第【59】行 时间：2015-09-16 10:08:56
'Undefined index: SS_FILEOUT_PRINT' 文件：D:\project\dsm\Core\Common\template.php 第【59】行 时间：2015-09-16 10:08:56
'Undefined index: SS_FILEOUT_SHOWREMAINTIME' 文件：D:\project\dsm\Core\Common\template.php 第【59】行 时间：2015-09-16 10:08:56
'Undefined index: OfflineShortTime' 文件：D:\project\dsm\Core\Runtime\Tpl\2dd33786e5b9d525999e8f13064b06cb.cache 第【78】行 时间：2015-09-16 10:08:56
'Undefined index: CopyCount' 文件：D:\project\dsm\Core\Runtime\Tpl\2dd33786e5b9d525999e8f13064b06cb.cache 第【85】行 时间：2015-09-16 10:08:56
'Undefined index: CopyLength' 文件：D:\project\dsm\Core\Runtime\Tpl\2dd33786e5b9d525999e8f13064b06cb.cache 第【92】行 时间：2015-09-16 10:08:56
'Undefined index: WaterMarkStr' 文件：D:\project\dsm\Core\Runtime\Tpl\2dd33786e5b9d525999e8f13064b06cb.cache 第【100】行 时间：2015-09-16 10:08:56
'Trying to get property of non-object' 文件：D:\project\dsm\Core\Runtime\Tpl\2dd33786e5b9d525999e8f13064b06cb.cache 第【439】行 时间：2015-09-16 10:08:56
'Trying to get property of non-object' 文件：D:\project\dsm\Core\Runtime\Tpl\2dd33786e5b9d525999e8f13064b06cb.cache 第【446】行 时间：2015-09-16 10:08:56
'Trying to get property of non-object' 文件：D:\project\dsm\Core\Runtime\Tpl\2dd33786e5b9d525999e8f13064b06cb.cache 第【452】行 时间：2015-09-16 10:08:56
'Trying to get property of non-object' 文件：D:\project\dsm\Core\Runtime\Tpl\2dd33786e5b9d525999e8f13064b06cb.cache 第【458】行 时间：2015-09-16 10:08:56
'Undefined index: TickTime' 文件：D:\project\dsm\Core\Runtime\Tpl\2dd33786e5b9d525999e8f13064b06cb.cache 第【527】行 时间：2015-09-16 10:08:56
'Undefined index: TickTime' 文件：D:\project\dsm\Core\Runtime\Tpl\2dd33786e5b9d525999e8f13064b06cb.cache 第【528】行 时间：2015-09-16 10:08:56
'Undefined index: ESentensPer' 文件：D:\project\dsm\Core\Runtime\Tpl\2dd33786e5b9d525999e8f13064b06cb.cache 第【572】行 时间：2015-09-16 10:08:56
'Undefined index: ESentensPer' 文件：D:\project\dsm\Core\Runtime\Tpl\2dd33786e5b9d525999e8f13064b06cb.cache 第【573】行 时间：2015-09-16 10:08:56
'Undefined index: NMaxSize' 文件：D:\project\dsm\Core\Runtime\Tpl\2dd33786e5b9d525999e8f13064b06cb.cache 第【579】行 时间：2015-09-16 10:08:56
'Undefined index: NIntervalTime' 文件：D:\project\dsm\Core\Runtime\Tpl\2dd33786e5b9d525999e8f13064b06cb.cache 第【584】行 时间：2015-09-16 10:08:56
'Undefined index: NIntervalTime' 文件：D:\project\dsm\Core\Runtime\Tpl\2dd33786e5b9d525999e8f13064b06cb.cache 第【585】行 时间：2015-09-16 10:08:56
'Undefined index: NSuffix' 文件：D:\project\dsm\Core\Runtime\Tpl\2dd33786e5b9d525999e8f13064b06cb.cache 第【592】行 时间：2015-09-16 10:08:56
'implode(): Invalid arguments passed' 文件：D:\project\dsm\Core\Runtime\Tpl\2dd33786e5b9d525999e8f13064b06cb.cache 第【592】行 时间：2015-09-16 10:08:56
'Undefined index: EMaxSize' 文件：D:\project\dsm\Core\Runtime\Tpl\2dd33786e5b9d525999e8f13064b06cb.cache 第【612】行 时间：2015-09-16 10:08:56
'Undefined index: EIntervalTime' 文件：D:\project\dsm\Core\Runtime\Tpl\2dd33786e5b9d525999e8f13064b06cb.cache 第【618】行 时间：2015-09-16 10:08:56
'Undefined index: EIntervalTime' 文件：D:\project\dsm\Core\Runtime\Tpl\2dd33786e5b9d525999e8f13064b06cb.cache 第【619】行 时间：2015-09-16 10:08:56
'Undefined index: EDelTime' 文件：D:\project\dsm\Core\Runtime\Tpl\2dd33786e5b9d525999e8f13064b06cb.cache 第【626】行 时间：2015-09-16 10:08:56
'Undefined index: EDelTime' 文件：D:\project\dsm\Core\Runtime\Tpl\2dd33786e5b9d525999e8f13064b06cb.cache 第【627】行 时间：2015-09-16 10:08:56
'Undefined index: ESuffix' 文件：D:\project\dsm\Core\Runtime\Tpl\2dd33786e5b9d525999e8f13064b06cb.cache 第【635】行 时间：2015-09-16 10:08:56
'implode(): Invalid arguments passed' 文件：D:\project\dsm\Core\Runtime\Tpl\2dd33786e5b9d525999e8f13064b06cb.cache 第【635】行 时间：2015-09-16 10:08:56
'Undefined index: DMaxSize' 文件：D:\project\dsm\Core\Runtime\Tpl\2dd33786e5b9d525999e8f13064b06cb.cache 第【655】行 时间：2015-09-16 10:08:56
'Undefined index: DIntervalTime' 文件：D:\project\dsm\Core\Runtime\Tpl\2dd33786e5b9d525999e8f13064b06cb.cache 第【660】行 时间：2015-09-16 10:08:56
'Undefined index: DIntervalTime' 文件：D:\project\dsm\Core\Runtime\Tpl\2dd33786e5b9d525999e8f13064b06cb.cache 第【661】行 时间：2015-09-16 10:08:56
'Undefined index: DSentensPer' 文件：D:\project\dsm\Core\Runtime\Tpl\2dd33786e5b9d525999e8f13064b06cb.cache 第【667】行 时间：2015-09-16 10:08:56
'Undefined index: DSentensPer' 文件：D:\project\dsm\Core\Runtime\Tpl\2dd33786e5b9d525999e8f13064b06cb.cache 第【668】行 时间：2015-09-16 10:08:56
'Undefined index: DDelTime' 文件：D:\project\dsm\Core\Runtime\Tpl\2dd33786e5b9d525999e8f13064b06cb.cache 第【675】行 时间：2015-09-16 10:08:56
'Undefined index: DDelTime' 文件：D:\project\dsm\Core\Runtime\Tpl\2dd33786e5b9d525999e8f13064b06cb.cache 第【676】行 时间：2015-09-16 10:08:56
'Undefined index: DSuffix' 文件：D:\project\dsm\Core\Runtime\Tpl\2dd33786e5b9d525999e8f13064b06cb.cache 第【685】行 时间：2015-09-16 10:08:56
'implode(): Invalid arguments passed' 文件：D:\project\dsm\Core\Runtime\Tpl\2dd33786e5b9d525999e8f13064b06cb.cache 第【685】行 时间：2015-09-16 10:08:56
'Invalid argument supplied for foreach()' 文件：D:\project\dsm\Core\Controller\BehaviorControlController.class.php 第【45】行 时间：2015-09-16 16:58:00
'Invalid argument supplied for foreach()' 文件：D:\project\dsm\Core\Controller\BehaviorControlController.class.php 第【45】行 时间：2015-09-16 16:58:00
'Invalid argument supplied for foreach()' 文件：D:\project\dsm\Core\Controller\BehaviorControlController.class.php 第【45】行 时间：2015-09-16 16:58:01
'Invalid argument supplied for foreach()' 文件：D:\project\dsm\Core\Controller\BehaviorControlController.class.php 第【45】行 时间：2015-09-16 16:58:01
'array_merge(): Argument #2 is not an array' 文件：D:\project\dsm\Core\Controller\SettingController.class.php 第【92】行 时间：2015-09-16 17:05:07
'array_merge(): Argument #1 is not an array' 文件：D:\project\dsm\Core\Controller\SettingController.class.php 第【100】行 时间：2015-09-16 17:05:07
'array_merge(): Argument #1 is not an array' 文件：D:\project\dsm\Core\Controller\SettingController.class.php 第【109】行 时间：2015-09-16 17:05:07
'array_merge(): Argument #1 is not an array' 文件：D:\project\dsm\Core\Controller\SettingController.class.php 第【118】行 时间：2015-09-16 17:05:07
'Undefined index: SS_FILEOUT_AVAILABLE_TIME' 文件：D:\project\dsm\Core\Runtime\Tpl\2dd33786e5b9d525999e8f13064b06cb.cache 第【41】行 时间：2015-09-16 17:05:07
'Undefined index: SS_FILEOUT_AVAILABLE_TIMES' 文件：D:\project\dsm\Core\Runtime\Tpl\2dd33786e5b9d525999e8f13064b06cb.cache 第【45】行 时间：2015-09-16 17:05:07
'Undefined index: SS_FILEOUT_PWD' 文件：D:\project\dsm\Core\Common\template.php 第【59】行 时间：2015-09-16 17:05:07
'Undefined index: SS_FILEOUT_MACHINECODE' 文件：D:\project\dsm\Core\Common\template.php 第【59】行 时间：2015-09-16 17:05:07
'Undefined index: SS_FILEOUT_MAKEEXE' 文件：D:\project\dsm\Core\Common\template.php 第【59】行 时间：2015-09-16 17:05:07
'Undefined index: SS_FILEOUT_AUTODEL' 文件：D:\project\dsm\Core\Common\template.php 第【59】行 时间：2015-09-16 17:05:07
'Undefined index: SS_FILEOUT_MODIFY' 文件：D:\project\dsm\Core\Common\template.php 第【59】行 时间：2015-09-16 17:05:07
'Undefined index: SS_FILEOUT_PRINT' 文件：D:\project\dsm\Core\Common\template.php 第【59】行 时间：2015-09-16 17:05:07
'Undefined index: SS_FILEOUT_SHOWREMAINTIME' 文件：D:\project\dsm\Core\Common\template.php 第【59】行 时间：2015-09-16 17:05:07
'Undefined index: OfflineShortTime' 文件：D:\project\dsm\Core\Runtime\Tpl\2dd33786e5b9d525999e8f13064b06cb.cache 第【78】行 时间：2015-09-16 17:05:07
'Undefined index: CopyCount' 文件：D:\project\dsm\Core\Runtime\Tpl\2dd33786e5b9d525999e8f13064b06cb.cache 第【85】行 时间：2015-09-16 17:05:07
'Undefined index: CopyLength' 文件：D:\project\dsm\Core\Runtime\Tpl\2dd33786e5b9d525999e8f13064b06cb.cache 第【92】行 时间：2015-09-16 17:05:07
'Undefined index: WaterMarkStr' 文件：D:\project\dsm\Core\Runtime\Tpl\2dd33786e5b9d525999e8f13064b06cb.cache 第【100】行 时间：2015-09-16 17:05:07
'Trying to get property of non-object' 文件：D:\project\dsm\Core\Runtime\Tpl\2dd33786e5b9d525999e8f13064b06cb.cache 第【439】行 时间：2015-09-16 17:05:07
'Trying to get property of non-object' 文件：D:\project\dsm\Core\Runtime\Tpl\2dd33786e5b9d525999e8f13064b06cb.cache 第【446】行 时间：2015-09-16 17:05:07
'Trying to get property of non-object' 文件：D:\project\dsm\Core\Runtime\Tpl\2dd33786e5b9d525999e8f13064b06cb.cache 第【452】行 时间：2015-09-16 17:05:07
'Trying to get property of non-object' 文件：D:\project\dsm\Core\Runtime\Tpl\2dd33786e5b9d525999e8f13064b06cb.cache 第【458】行 时间：2015-09-16 17:05:07
'Undefined index: TickTime' 文件：D:\project\dsm\Core\Runtime\Tpl\2dd33786e5b9d525999e8f13064b06cb.cache 第【527】行 时间：2015-09-16 17:05:07
'Undefined index: TickTime' 文件：D:\project\dsm\Core\Runtime\Tpl\2dd33786e5b9d525999e8f13064b06cb.cache 第【528】行 时间：2015-09-16 17:05:07
'Undefined index: ESentensPer' 文件：D:\project\dsm\Core\Runtime\Tpl\2dd33786e5b9d525999e8f13064b06cb.cache 第【572】行 时间：2015-09-16 17:05:07
'Undefined index: ESentensPer' 文件：D:\project\dsm\Core\Runtime\Tpl\2dd33786e5b9d525999e8f13064b06cb.cache 第【573】行 时间：2015-09-16 17:05:07
'Undefined index: NMaxSize' 文件：D:\project\dsm\Core\Runtime\Tpl\2dd33786e5b9d525999e8f13064b06cb.cache 第【579】行 时间：2015-09-16 17:05:07
'Undefined index: NIntervalTime' 文件：D:\project\dsm\Core\Runtime\Tpl\2dd33786e5b9d525999e8f13064b06cb.cache 第【584】行 时间：2015-09-16 17:05:07
'Undefined index: NIntervalTime' 文件：D:\project\dsm\Core\Runtime\Tpl\2dd33786e5b9d525999e8f13064b06cb.cache 第【585】行 时间：2015-09-16 17:05:07
'Undefined index: NSuffix' 文件：D:\project\dsm\Core\Runtime\Tpl\2dd33786e5b9d525999e8f13064b06cb.cache 第【592】行 时间：2015-09-16 17:05:07
'implode(): Invalid arguments passed' 文件：D:\project\dsm\Core\Runtime\Tpl\2dd33786e5b9d525999e8f13064b06cb.cache 第【592】行 时间：2015-09-16 17:05:07
'Undefined index: EMaxSize' 文件：D:\project\dsm\Core\Runtime\Tpl\2dd33786e5b9d525999e8f13064b06cb.cache 第【612】行 时间：2015-09-16 17:05:07
'Undefined index: EIntervalTime' 文件：D:\project\dsm\Core\Runtime\Tpl\2dd33786e5b9d525999e8f13064b06cb.cache 第【618】行 时间：2015-09-16 17:05:07
'Undefined index: EIntervalTime' 文件：D:\project\dsm\Core\Runtime\Tpl\2dd33786e5b9d525999e8f13064b06cb.cache 第【619】行 时间：2015-09-16 17:05:07
'Undefined index: EDelTime' 文件：D:\project\dsm\Core\Runtime\Tpl\2dd33786e5b9d525999e8f13064b06cb.cache 第【626】行 时间：2015-09-16 17:05:07
'Undefined index: EDelTime' 文件：D:\project\dsm\Core\Runtime\Tpl\2dd33786e5b9d525999e8f13064b06cb.cache 第【627】行 时间：2015-09-16 17:05:07
'Undefined index: ESuffix' 文件：D:\project\dsm\Core\Runtime\Tpl\2dd33786e5b9d525999e8f13064b06cb.cache 第【635】行 时间：2015-09-16 17:05:07
'implode(): Invalid arguments passed' 文件：D:\project\dsm\Core\Runtime\Tpl\2dd33786e5b9d525999e8f13064b06cb.cache 第【635】行 时间：2015-09-16 17:05:07
'Undefined index: DMaxSize' 文件：D:\project\dsm\Core\Runtime\Tpl\2dd33786e5b9d525999e8f13064b06cb.cache 第【655】行 时间：2015-09-16 17:05:07
'Undefined index: DIntervalTime' 文件：D:\project\dsm\Core\Runtime\Tpl\2dd33786e5b9d525999e8f13064b06cb.cache 第【660】行 时间：2015-09-16 17:05:07
'Undefined index: DIntervalTime' 文件：D:\project\dsm\Core\Runtime\Tpl\2dd33786e5b9d525999e8f13064b06cb.cache 第【661】行 时间：2015-09-16 17:05:07
'Undefined index: DSentensPer' 文件：D:\project\dsm\Core\Runtime\Tpl\2dd33786e5b9d525999e8f13064b06cb.cache 第【667】行 时间：2015-09-16 17:05:07
'Undefined index: DSentensPer' 文件：D:\project\dsm\Core\Runtime\Tpl\2dd33786e5b9d525999e8f13064b06cb.cache 第【668】行 时间：2015-09-16 17:05:07
'Undefined index: DDelTime' 文件：D:\project\dsm\Core\Runtime\Tpl\2dd33786e5b9d525999e8f13064b06cb.cache 第【675】行 时间：2015-09-16 17:05:07
'Undefined index: DDelTime' 文件：D:\project\dsm\Core\Runtime\Tpl\2dd33786e5b9d525999e8f13064b06cb.cache 第【676】行 时间：2015-09-16 17:05:07
'Undefined index: DSuffix' 文件：D:\project\dsm\Core\Runtime\Tpl\2dd33786e5b9d525999e8f13064b06cb.cache 第【685】行 时间：2015-09-16 17:05:07
'implode(): Invalid arguments passed' 文件：D:\project\dsm\Core\Runtime\Tpl\2dd33786e5b9d525999e8f13064b06cb.cache 第【685】行 时间：2015-09-16 17:05:07
'array_merge(): Argument #2 is not an array' 文件：D:\project\dsm\Core\Controller\SettingController.class.php 第【92】行 时间：2015-09-16 17:22:38
'array_merge(): Argument #1 is not an array' 文件：D:\project\dsm\Core\Controller\SettingController.class.php 第【100】行 时间：2015-09-16 17:22:38
'array_merge(): Argument #1 is not an array' 文件：D:\project\dsm\Core\Controller\SettingController.class.php 第【109】行 时间：2015-09-16 17:22:39
'array_merge(): Argument #1 is not an array' 文件：D:\project\dsm\Core\Controller\SettingController.class.php 第【118】行 时间：2015-09-16 17:22:39
'Undefined index: SS_FILEOUT_AVAILABLE_TIME' 文件：D:\project\dsm\Core\Runtime\Tpl\2dd33786e5b9d525999e8f13064b06cb.cache 第【44】行 时间：2015-09-16 17:22:39
'Undefined index: SS_FILEOUT_AVAILABLE_TIMES' 文件：D:\project\dsm\Core\Runtime\Tpl\2dd33786e5b9d525999e8f13064b06cb.cache 第【48】行 时间：2015-09-16 17:22:39
'Undefined index: SS_FILEOUT_PWD' 文件：D:\project\dsm\Core\Common\template.php 第【59】行 时间：2015-09-16 17:22:39
'Undefined index: SS_FILEOUT_MACHINECODE' 文件：D:\project\dsm\Core\Common\template.php 第【59】行 时间：2015-09-16 17:22:39
'Undefined index: SS_FILEOUT_MAKEEXE' 文件：D:\project\dsm\Core\Common\template.php 第【59】行 时间：2015-09-16 17:22:39
'Undefined index: SS_FILEOUT_AUTODEL' 文件：D:\project\dsm\Core\Common\template.php 第【59】行 时间：2015-09-16 17:22:39
'Undefined index: SS_FILEOUT_MODIFY' 文件：D:\project\dsm\Core\Common\template.php 第【59】行 时间：2015-09-16 17:22:39
'Undefined index: SS_FILEOUT_PRINT' 文件：D:\project\dsm\Core\Common\template.php 第【59】行 时间：2015-09-16 17:22:39
'Undefined index: SS_FILEOUT_SHOWREMAINTIME' 文件：D:\project\dsm\Core\Common\template.php 第【59】行 时间：2015-09-16 17:22:39
'Undefined index: OfflineShortTime' 文件：D:\project\dsm\Core\Runtime\Tpl\2dd33786e5b9d525999e8f13064b06cb.cache 第【81】行 时间：2015-09-16 17:22:39
'Undefined index: CopyCount' 文件：D:\project\dsm\Core\Runtime\Tpl\2dd33786e5b9d525999e8f13064b06cb.cache 第【88】行 时间：2015-09-16 17:22:39
'Undefined index: CopyLength' 文件：D:\project\dsm\Core\Runtime\Tpl\2dd33786e5b9d525999e8f13064b06cb.cache 第【95】行 时间：2015-09-16 17:22:39
'Undefined index: WaterMarkStr' 文件：D:\project\dsm\Core\Runtime\Tpl\2dd33786e5b9d525999e8f13064b06cb.cache 第【103】行 时间：2015-09-16 17:22:39
'Trying to get property of non-object' 文件：D:\project\dsm\Core\Runtime\Tpl\2dd33786e5b9d525999e8f13064b06cb.cache 第【442】行 时间：2015-09-16 17:22:39
'Trying to get property of non-object' 文件：D:\project\dsm\Core\Runtime\Tpl\2dd33786e5b9d525999e8f13064b06cb.cache 第【449】行 时间：2015-09-16 17:22:39
'Trying to get property of non-object' 文件：D:\project\dsm\Core\Runtime\Tpl\2dd33786e5b9d525999e8f13064b06cb.cache 第【455】行 时间：2015-09-16 17:22:39
'Trying to get property of non-object' 文件：D:\project\dsm\Core\Runtime\Tpl\2dd33786e5b9d525999e8f13064b06cb.cache 第【461】行 时间：2015-09-16 17:22:39
'Undefined index: TickTime' 文件：D:\project\dsm\Core\Runtime\Tpl\2dd33786e5b9d525999e8f13064b06cb.cache 第【530】行 时间：2015-09-16 17:22:39
'Undefined index: TickTime' 文件：D:\project\dsm\Core\Runtime\Tpl\2dd33786e5b9d525999e8f13064b06cb.cache 第【531】行 时间：2015-09-16 17:22:39
'Undefined index: ESentensPer' 文件：D:\project\dsm\Core\Runtime\Tpl\2dd33786e5b9d525999e8f13064b06cb.cache 第【575】行 时间：2015-09-16 17:22:39
'Undefined index: ESentensPer' 文件：D:\project\dsm\Core\Runtime\Tpl\2dd33786e5b9d525999e8f13064b06cb.cache 第【576】行 时间：2015-09-16 17:22:39
'Undefined index: NMaxSize' 文件：D:\project\dsm\Core\Runtime\Tpl\2dd33786e5b9d525999e8f13064b06cb.cache 第【582】行 时间：2015-09-16 17:22:39
'Undefined index: NIntervalTime' 文件：D:\project\dsm\Core\Runtime\Tpl\2dd33786e5b9d525999e8f13064b06cb.cache 第【587】行 时间：2015-09-16 17:22:39
'Undefined index: NIntervalTime' 文件：D:\project\dsm\Core\Runtime\Tpl\2dd33786e5b9d525999e8f13064b06cb.cache 第【588】行 时间：2015-09-16 17:22:39
'Undefined index: NSuffix' 文件：D:\project\dsm\Core\Runtime\Tpl\2dd33786e5b9d525999e8f13064b06cb.cache 第【595】行 时间：2015-09-16 17:22:39
'implode(): Invalid arguments passed' 文件：D:\project\dsm\Core\Runtime\Tpl\2dd33786e5b9d525999e8f13064b06cb.cache 第【595】行 时间：2015-09-16 17:22:39
'Undefined index: EMaxSize' 文件：D:\project\dsm\Core\Runtime\Tpl\2dd33786e5b9d525999e8f13064b06cb.cache 第【615】行 时间：2015-09-16 17:22:39
'Undefined index: EIntervalTime' 文件：D:\project\dsm\Core\Runtime\Tpl\2dd33786e5b9d525999e8f13064b06cb.cache 第【621】行 时间：2015-09-16 17:22:39
'Undefined index: EIntervalTime' 文件：D:\project\dsm\Core\Runtime\Tpl\2dd33786e5b9d525999e8f13064b06cb.cache 第【622】行 时间：2015-09-16 17:22:39
'Undefined index: EDelTime' 文件：D:\project\dsm\Core\Runtime\Tpl\2dd33786e5b9d525999e8f13064b06cb.cache 第【629】行 时间：2015-09-16 17:22:39
'Undefined index: EDelTime' 文件：D:\project\dsm\Core\Runtime\Tpl\2dd33786e5b9d525999e8f13064b06cb.cache 第【630】行 时间：2015-09-16 17:22:39
'Undefined index: ESuffix' 文件：D:\project\dsm\Core\Runtime\Tpl\2dd33786e5b9d525999e8f13064b06cb.cache 第【638】行 时间：2015-09-16 17:22:39
'implode(): Invalid arguments passed' 文件：D:\project\dsm\Core\Runtime\Tpl\2dd33786e5b9d525999e8f13064b06cb.cache 第【638】行 时间：2015-09-16 17:22:39
'Undefined index: DMaxSize' 文件：D:\project\dsm\Core\Runtime\Tpl\2dd33786e5b9d525999e8f13064b06cb.cache 第【658】行 时间：2015-09-16 17:22:39
'Undefined index: DIntervalTime' 文件：D:\project\dsm\Core\Runtime\Tpl\2dd33786e5b9d525999e8f13064b06cb.cache 第【663】行 时间：2015-09-16 17:22:39
'Undefined index: DIntervalTime' 文件：D:\project\dsm\Core\Runtime\Tpl\2dd33786e5b9d525999e8f13064b06cb.cache 第【664】行 时间：2015-09-16 17:22:39
'Undefined index: DSentensPer' 文件：D:\project\dsm\Core\Runtime\Tpl\2dd33786e5b9d525999e8f13064b06cb.cache 第【670】行 时间：2015-09-16 17:22:39
'Undefined index: DSentensPer' 文件：D:\project\dsm\Core\Runtime\Tpl\2dd33786e5b9d525999e8f13064b06cb.cache 第【671】行 时间：2015-09-16 17:22:39
'Undefined index: DDelTime' 文件：D:\project\dsm\Core\Runtime\Tpl\2dd33786e5b9d525999e8f13064b06cb.cache 第【678】行 时间：2015-09-16 17:22:39
'Undefined index: DDelTime' 文件：D:\project\dsm\Core\Runtime\Tpl\2dd33786e5b9d525999e8f13064b06cb.cache 第【679】行 时间：2015-09-16 17:22:39
'Undefined index: DSuffix' 文件：D:\project\dsm\Core\Runtime\Tpl\2dd33786e5b9d525999e8f13064b06cb.cache 第【688】行 时间：2015-09-16 17:22:39
'implode(): Invalid arguments passed' 文件：D:\project\dsm\Core\Runtime\Tpl\2dd33786e5b9d525999e8f13064b06cb.cache 第【688】行 时间：2015-09-16 17:22:39
