'Invalid argument supplied for foreach()' 文件：D:\project\dsm\Core\Controller\BehaviorControlController.class.php 第【45】行 时间：2015-09-09 09:52:37
'Invalid argument supplied for foreach()' 文件：D:\project\dsm\Core\Controller\BehaviorControlController.class.php 第【45】行 时间：2015-09-09 09:52:37
'Invalid argument supplied for foreach()' 文件：D:\project\dsm\Core\Controller\BehaviorControlController.class.php 第【45】行 时间：2015-09-09 09:52:37
'Invalid argument supplied for foreach()' 文件：D:\project\dsm\Core\Controller\BehaviorControlController.class.php 第【45】行 时间：2015-09-09 09:52:37
'Invalid argument supplied for foreach()' 文件：D:\project\dsm\Core\Controller\BehaviorControlController.class.php 第【45】行 时间：2015-09-09 09:54:10
'Invalid argument supplied for foreach()' 文件：D:\project\dsm\Core\Controller\BehaviorControlController.class.php 第【45】行 时间：2015-09-09 09:54:10
'Invalid argument supplied for foreach()' 文件：D:\project\dsm\Core\Controller\BehaviorControlController.class.php 第【45】行 时间：2015-09-09 09:54:11
'Invalid argument supplied for foreach()' 文件：D:\project\dsm\Core\Controller\BehaviorControlController.class.php 第【45】行 时间：2015-09-09 09:54:11
'Invalid argument supplied for foreach()' 文件：D:\project\dsm\Core\Controller\BehaviorControlController.class.php 第【45】行 时间：2015-09-09 11:33:40
'Invalid argument supplied for foreach()' 文件：D:\project\dsm\Core\Controller\BehaviorControlController.class.php 第【45】行 时间：2015-09-09 11:33:40
'Invalid argument supplied for foreach()' 文件：D:\project\dsm\Core\Controller\BehaviorControlController.class.php 第【45】行 时间：2015-09-09 11:33:41
'Invalid argument supplied for foreach()' 文件：D:\project\dsm\Core\Controller\BehaviorControlController.class.php 第【45】行 时间：2015-09-09 11:33:41
'Invalid argument supplied for foreach()' 文件：D:\project\dsm\Core\Controller\BehaviorControlController.class.php 第【45】行 时间：2015-09-09 13:58:10
'Invalid argument supplied for foreach()' 文件：D:\project\dsm\Core\Controller\BehaviorControlController.class.php 第【45】行 时间：2015-09-09 13:58:10
'Invalid argument supplied for foreach()' 文件：D:\project\dsm\Core\Controller\BehaviorControlController.class.php 第【45】行 时间：2015-09-09 13:58:10
'Invalid argument supplied for foreach()' 文件：D:\project\dsm\Core\Controller\BehaviorControlController.class.php 第【45】行 时间：2015-09-09 13:58:10
'array_merge(): Argument #2 is not an array' 文件：D:\project\dsm\Core\Controller\SettingController.class.php 第【92】行 时间：2015-09-09 13:58:28
'array_merge(): Argument #1 is not an array' 文件：D:\project\dsm\Core\Controller\SettingController.class.php 第【100】行 时间：2015-09-09 13:58:28
'array_merge(): Argument #1 is not an array' 文件：D:\project\dsm\Core\Controller\SettingController.class.php 第【109】行 时间：2015-09-09 13:58:28
'array_merge(): Argument #1 is not an array' 文件：D:\project\dsm\Core\Controller\SettingController.class.php 第【118】行 时间：2015-09-09 13:58:28
'Undefined index: SS_FILEOUT_AVAILABLE_TIME' 文件：D:\project\dsm\Core\Runtime\Tpl\2dd33786e5b9d525999e8f13064b06cb.cache 第【41】行 时间：2015-09-09 13:58:29
'Undefined index: SS_FILEOUT_AVAILABLE_TIMES' 文件：D:\project\dsm\Core\Runtime\Tpl\2dd33786e5b9d525999e8f13064b06cb.cache 第【45】行 时间：2015-09-09 13:58:29
'Undefined index: SS_FILEOUT_PWD' 文件：D:\project\dsm\Core\Common\template.php 第【59】行 时间：2015-09-09 13:58:29
'Undefined index: SS_FILEOUT_MACHINECODE' 文件：D:\project\dsm\Core\Common\template.php 第【59】行 时间：2015-09-09 13:58:29
'Undefined index: SS_FILEOUT_MAKEEXE' 文件：D:\project\dsm\Core\Common\template.php 第【59】行 时间：2015-09-09 13:58:29
'Undefined index: SS_FILEOUT_AUTODEL' 文件：D:\project\dsm\Core\Common\template.php 第【59】行 时间：2015-09-09 13:58:29
'Undefined index: SS_FILEOUT_MODIFY' 文件：D:\project\dsm\Core\Common\template.php 第【59】行 时间：2015-09-09 13:58:29
'Undefined index: SS_FILEOUT_PRINT' 文件：D:\project\dsm\Core\Common\template.php 第【59】行 时间：2015-09-09 13:58:29
'Undefined index: SS_FILEOUT_SHOWREMAINTIME' 文件：D:\project\dsm\Core\Common\template.php 第【59】行 时间：2015-09-09 13:58:29
'Undefined index: OfflineShortTime' 文件：D:\project\dsm\Core\Runtime\Tpl\2dd33786e5b9d525999e8f13064b06cb.cache 第【78】行 时间：2015-09-09 13:58:29
'Undefined index: CopyCount' 文件：D:\project\dsm\Core\Runtime\Tpl\2dd33786e5b9d525999e8f13064b06cb.cache 第【85】行 时间：2015-09-09 13:58:29
'Undefined index: CopyLength' 文件：D:\project\dsm\Core\Runtime\Tpl\2dd33786e5b9d525999e8f13064b06cb.cache 第【92】行 时间：2015-09-09 13:58:29
'Undefined index: WaterMarkStr' 文件：D:\project\dsm\Core\Runtime\Tpl\2dd33786e5b9d525999e8f13064b06cb.cache 第【100】行 时间：2015-09-09 13:58:29
'Trying to get property of non-object' 文件：D:\project\dsm\Core\Runtime\Tpl\2dd33786e5b9d525999e8f13064b06cb.cache 第【439】行 时间：2015-09-09 13:58:29
'Trying to get property of non-object' 文件：D:\project\dsm\Core\Runtime\Tpl\2dd33786e5b9d525999e8f13064b06cb.cache 第【446】行 时间：2015-09-09 13:58:29
'Trying to get property of non-object' 文件：D:\project\dsm\Core\Runtime\Tpl\2dd33786e5b9d525999e8f13064b06cb.cache 第【452】行 时间：2015-09-09 13:58:29
'Trying to get property of non-object' 文件：D:\project\dsm\Core\Runtime\Tpl\2dd33786e5b9d525999e8f13064b06cb.cache 第【458】行 时间：2015-09-09 13:58:29
'Undefined index: TickTime' 文件：D:\project\dsm\Core\Runtime\Tpl\2dd33786e5b9d525999e8f13064b06cb.cache 第【527】行 时间：2015-09-09 13:58:29
'Undefined index: TickTime' 文件：D:\project\dsm\Core\Runtime\Tpl\2dd33786e5b9d525999e8f13064b06cb.cache 第【528】行 时间：2015-09-09 13:58:29
'Undefined index: ESentensPer' 文件：D:\project\dsm\Core\Runtime\Tpl\2dd33786e5b9d525999e8f13064b06cb.cache 第【572】行 时间：2015-09-09 13:58:29
'Undefined index: ESentensPer' 文件：D:\project\dsm\Core\Runtime\Tpl\2dd33786e5b9d525999e8f13064b06cb.cache 第【573】行 时间：2015-09-09 13:58:29
'Undefined index: NMaxSize' 文件：D:\project\dsm\Core\Runtime\Tpl\2dd33786e5b9d525999e8f13064b06cb.cache 第【579】行 时间：2015-09-09 13:58:29
'Undefined index: NIntervalTime' 文件：D:\project\dsm\Core\Runtime\Tpl\2dd33786e5b9d525999e8f13064b06cb.cache 第【584】行 时间：2015-09-09 13:58:29
'Undefined index: NIntervalTime' 文件：D:\project\dsm\Core\Runtime\Tpl\2dd33786e5b9d525999e8f13064b06cb.cache 第【585】行 时间：2015-09-09 13:58:29
'Undefined index: NSuffix' 文件：D:\project\dsm\Core\Runtime\Tpl\2dd33786e5b9d525999e8f13064b06cb.cache 第【592】行 时间：2015-09-09 13:58:29
'implode(): Invalid arguments passed' 文件：D:\project\dsm\Core\Runtime\Tpl\2dd33786e5b9d525999e8f13064b06cb.cache 第【592】行 时间：2015-09-09 13:58:29
'Undefined index: EMaxSize' 文件：D:\project\dsm\Core\Runtime\Tpl\2dd33786e5b9d525999e8f13064b06cb.cache 第【612】行 时间：2015-09-09 13:58:29
'Undefined index: EIntervalTime' 文件：D:\project\dsm\Core\Runtime\Tpl\2dd33786e5b9d525999e8f13064b06cb.cache 第【618】行 时间：2015-09-09 13:58:29
'Undefined index: EIntervalTime' 文件：D:\project\dsm\Core\Runtime\Tpl\2dd33786e5b9d525999e8f13064b06cb.cache 第【619】行 时间：2015-09-09 13:58:29
'Undefined index: EDelTime' 文件：D:\project\dsm\Core\Runtime\Tpl\2dd33786e5b9d525999e8f13064b06cb.cache 第【626】行 时间：2015-09-09 13:58:29
'Undefined index: EDelTime' 文件：D:\project\dsm\Core\Runtime\Tpl\2dd33786e5b9d525999e8f13064b06cb.cache 第【627】行 时间：2015-09-09 13:58:29
'Undefined index: ESuffix' 文件：D:\project\dsm\Core\Runtime\Tpl\2dd33786e5b9d525999e8f13064b06cb.cache 第【635】行 时间：2015-09-09 13:58:29
'implode(): Invalid arguments passed' 文件：D:\project\dsm\Core\Runtime\Tpl\2dd33786e5b9d525999e8f13064b06cb.cache 第【635】行 时间：2015-09-09 13:58:29
'Undefined index: DMaxSize' 文件：D:\project\dsm\Core\Runtime\Tpl\2dd33786e5b9d525999e8f13064b06cb.cache 第【655】行 时间：2015-09-09 13:58:29
'Undefined index: DIntervalTime' 文件：D:\project\dsm\Core\Runtime\Tpl\2dd33786e5b9d525999e8f13064b06cb.cache 第【660】行 时间：2015-09-09 13:58:29
'Undefined index: DIntervalTime' 文件：D:\project\dsm\Core\Runtime\Tpl\2dd33786e5b9d525999e8f13064b06cb.cache 第【661】行 时间：2015-09-09 13:58:29
'Undefined index: DSentensPer' 文件：D:\project\dsm\Core\Runtime\Tpl\2dd33786e5b9d525999e8f13064b06cb.cache 第【667】行 时间：2015-09-09 13:58:29
'Undefined index: DSentensPer' 文件：D:\project\dsm\Core\Runtime\Tpl\2dd33786e5b9d525999e8f13064b06cb.cache 第【668】行 时间：2015-09-09 13:58:29
'Undefined index: DDelTime' 文件：D:\project\dsm\Core\Runtime\Tpl\2dd33786e5b9d525999e8f13064b06cb.cache 第【675】行 时间：2015-09-09 13:58:29
'Undefined index: DDelTime' 文件：D:\project\dsm\Core\Runtime\Tpl\2dd33786e5b9d525999e8f13064b06cb.cache 第【676】行 时间：2015-09-09 13:58:29
'Undefined index: DSuffix' 文件：D:\project\dsm\Core\Runtime\Tpl\2dd33786e5b9d525999e8f13064b06cb.cache 第【685】行 时间：2015-09-09 13:58:29
'implode(): Invalid arguments passed' 文件：D:\project\dsm\Core\Runtime\Tpl\2dd33786e5b9d525999e8f13064b06cb.cache 第【685】行 时间：2015-09-09 13:58:29
'Invalid argument supplied for foreach()' 文件：D:\project\dsm\Core\Controller\BehaviorControlController.class.php 第【45】行 时间：2015-09-09 14:33:05
'Invalid argument supplied for foreach()' 文件：D:\project\dsm\Core\Controller\BehaviorControlController.class.php 第【45】行 时间：2015-09-09 14:33:05
'Invalid argument supplied for foreach()' 文件：D:\project\dsm\Core\Controller\BehaviorControlController.class.php 第【45】行 时间：2015-09-09 14:33:06
'Invalid argument supplied for foreach()' 文件：D:\project\dsm\Core\Controller\BehaviorControlController.class.php 第【45】行 时间：2015-09-09 14:33:06
'Invalid argument supplied for foreach()' 文件：D:\project\dsm\Core\Controller\BehaviorControlController.class.php 第【45】行 时间：2015-09-09 14:45:17
'Invalid argument supplied for foreach()' 文件：D:\project\dsm\Core\Controller\BehaviorControlController.class.php 第【45】行 时间：2015-09-09 14:45:17
'Invalid argument supplied for foreach()' 文件：D:\project\dsm\Core\Controller\BehaviorControlController.class.php 第【45】行 时间：2015-09-09 14:45:18
'Invalid argument supplied for foreach()' 文件：D:\project\dsm\Core\Controller\BehaviorControlController.class.php 第【45】行 时间：2015-09-09 14:45:18
'Invalid argument supplied for foreach()' 文件：D:\project\dsm\Core\Controller\BehaviorControlController.class.php 第【52】行 时间：2015-09-09 14:45:22
'Invalid argument supplied for foreach()' 文件：D:\project\dsm\Core\Controller\BehaviorControlController.class.php 第【52】行 时间：2015-09-09 14:45:23
'array_merge(): Argument #2 is not an array' 文件：D:\project\dsm\Core\Controller\SettingController.class.php 第【92】行 时间：2015-09-09 14:45:51
'array_merge(): Argument #1 is not an array' 文件：D:\project\dsm\Core\Controller\SettingController.class.php 第【100】行 时间：2015-09-09 14:45:51
'array_merge(): Argument #1 is not an array' 文件：D:\project\dsm\Core\Controller\SettingController.class.php 第【109】行 时间：2015-09-09 14:45:51
'array_merge(): Argument #1 is not an array' 文件：D:\project\dsm\Core\Controller\SettingController.class.php 第【118】行 时间：2015-09-09 14:45:51
'Undefined index: SS_FILEOUT_AVAILABLE_TIME' 文件：D:\project\dsm\Core\Runtime\Tpl\2dd33786e5b9d525999e8f13064b06cb.cache 第【41】行 时间：2015-09-09 14:45:51
'Undefined index: SS_FILEOUT_AVAILABLE_TIMES' 文件：D:\project\dsm\Core\Runtime\Tpl\2dd33786e5b9d525999e8f13064b06cb.cache 第【45】行 时间：2015-09-09 14:45:51
'Undefined index: SS_FILEOUT_PWD' 文件：D:\project\dsm\Core\Common\template.php 第【59】行 时间：2015-09-09 14:45:51
'Undefined index: SS_FILEOUT_MACHINECODE' 文件：D:\project\dsm\Core\Common\template.php 第【59】行 时间：2015-09-09 14:45:51
'Undefined index: SS_FILEOUT_MAKEEXE' 文件：D:\project\dsm\Core\Common\template.php 第【59】行 时间：2015-09-09 14:45:51
'Undefined index: SS_FILEOUT_AUTODEL' 文件：D:\project\dsm\Core\Common\template.php 第【59】行 时间：2015-09-09 14:45:51
'Undefined index: SS_FILEOUT_MODIFY' 文件：D:\project\dsm\Core\Common\template.php 第【59】行 时间：2015-09-09 14:45:51
'Undefined index: SS_FILEOUT_PRINT' 文件：D:\project\dsm\Core\Common\template.php 第【59】行 时间：2015-09-09 14:45:51
'Undefined index: SS_FILEOUT_SHOWREMAINTIME' 文件：D:\project\dsm\Core\Common\template.php 第【59】行 时间：2015-09-09 14:45:51
'Undefined index: OfflineShortTime' 文件：D:\project\dsm\Core\Runtime\Tpl\2dd33786e5b9d525999e8f13064b06cb.cache 第【78】行 时间：2015-09-09 14:45:51
'Undefined index: CopyCount' 文件：D:\project\dsm\Core\Runtime\Tpl\2dd33786e5b9d525999e8f13064b06cb.cache 第【85】行 时间：2015-09-09 14:45:51
'Undefined index: CopyLength' 文件：D:\project\dsm\Core\Runtime\Tpl\2dd33786e5b9d525999e8f13064b06cb.cache 第【92】行 时间：2015-09-09 14:45:51
'Undefined index: WaterMarkStr' 文件：D:\project\dsm\Core\Runtime\Tpl\2dd33786e5b9d525999e8f13064b06cb.cache 第【100】行 时间：2015-09-09 14:45:51
'Trying to get property of non-object' 文件：D:\project\dsm\Core\Runtime\Tpl\2dd33786e5b9d525999e8f13064b06cb.cache 第【439】行 时间：2015-09-09 14:45:51
'Trying to get property of non-object' 文件：D:\project\dsm\Core\Runtime\Tpl\2dd33786e5b9d525999e8f13064b06cb.cache 第【446】行 时间：2015-09-09 14:45:51
'Trying to get property of non-object' 文件：D:\project\dsm\Core\Runtime\Tpl\2dd33786e5b9d525999e8f13064b06cb.cache 第【452】行 时间：2015-09-09 14:45:51
'Trying to get property of non-object' 文件：D:\project\dsm\Core\Runtime\Tpl\2dd33786e5b9d525999e8f13064b06cb.cache 第【458】行 时间：2015-09-09 14:45:51
'Undefined index: TickTime' 文件：D:\project\dsm\Core\Runtime\Tpl\2dd33786e5b9d525999e8f13064b06cb.cache 第【527】行 时间：2015-09-09 14:45:51
'Undefined index: TickTime' 文件：D:\project\dsm\Core\Runtime\Tpl\2dd33786e5b9d525999e8f13064b06cb.cache 第【528】行 时间：2015-09-09 14:45:51
'Undefined index: ESentensPer' 文件：D:\project\dsm\Core\Runtime\Tpl\2dd33786e5b9d525999e8f13064b06cb.cache 第【572】行 时间：2015-09-09 14:45:51
'Undefined index: ESentensPer' 文件：D:\project\dsm\Core\Runtime\Tpl\2dd33786e5b9d525999e8f13064b06cb.cache 第【573】行 时间：2015-09-09 14:45:51
'Undefined index: NMaxSize' 文件：D:\project\dsm\Core\Runtime\Tpl\2dd33786e5b9d525999e8f13064b06cb.cache 第【579】行 时间：2015-09-09 14:45:51
'Undefined index: NIntervalTime' 文件：D:\project\dsm\Core\Runtime\Tpl\2dd33786e5b9d525999e8f13064b06cb.cache 第【584】行 时间：2015-09-09 14:45:51
'Undefined index: NIntervalTime' 文件：D:\project\dsm\Core\Runtime\Tpl\2dd33786e5b9d525999e8f13064b06cb.cache 第【585】行 时间：2015-09-09 14:45:51
'Undefined index: NSuffix' 文件：D:\project\dsm\Core\Runtime\Tpl\2dd33786e5b9d525999e8f13064b06cb.cache 第【592】行 时间：2015-09-09 14:45:51
'implode(): Invalid arguments passed' 文件：D:\project\dsm\Core\Runtime\Tpl\2dd33786e5b9d525999e8f13064b06cb.cache 第【592】行 时间：2015-09-09 14:45:51
'Undefined index: EMaxSize' 文件：D:\project\dsm\Core\Runtime\Tpl\2dd33786e5b9d525999e8f13064b06cb.cache 第【612】行 时间：2015-09-09 14:45:51
'Undefined index: EIntervalTime' 文件：D:\project\dsm\Core\Runtime\Tpl\2dd33786e5b9d525999e8f13064b06cb.cache 第【618】行 时间：2015-09-09 14:45:51
'Undefined index: EIntervalTime' 文件：D:\project\dsm\Core\Runtime\Tpl\2dd33786e5b9d525999e8f13064b06cb.cache 第【619】行 时间：2015-09-09 14:45:51
'Undefined index: EDelTime' 文件：D:\project\dsm\Core\Runtime\Tpl\2dd33786e5b9d525999e8f13064b06cb.cache 第【626】行 时间：2015-09-09 14:45:51
'Undefined index: EDelTime' 文件：D:\project\dsm\Core\Runtime\Tpl\2dd33786e5b9d525999e8f13064b06cb.cache 第【627】行 时间：2015-09-09 14:45:51
'Undefined index: ESuffix' 文件：D:\project\dsm\Core\Runtime\Tpl\2dd33786e5b9d525999e8f13064b06cb.cache 第【635】行 时间：2015-09-09 14:45:51
'implode(): Invalid arguments passed' 文件：D:\project\dsm\Core\Runtime\Tpl\2dd33786e5b9d525999e8f13064b06cb.cache 第【635】行 时间：2015-09-09 14:45:51
'Undefined index: DMaxSize' 文件：D:\project\dsm\Core\Runtime\Tpl\2dd33786e5b9d525999e8f13064b06cb.cache 第【655】行 时间：2015-09-09 14:45:51
'Undefined index: DIntervalTime' 文件：D:\project\dsm\Core\Runtime\Tpl\2dd33786e5b9d525999e8f13064b06cb.cache 第【660】行 时间：2015-09-09 14:45:51
'Undefined index: DIntervalTime' 文件：D:\project\dsm\Core\Runtime\Tpl\2dd33786e5b9d525999e8f13064b06cb.cache 第【661】行 时间：2015-09-09 14:45:51
'Undefined index: DSentensPer' 文件：D:\project\dsm\Core\Runtime\Tpl\2dd33786e5b9d525999e8f13064b06cb.cache 第【667】行 时间：2015-09-09 14:45:51
'Undefined index: DSentensPer' 文件：D:\project\dsm\Core\Runtime\Tpl\2dd33786e5b9d525999e8f13064b06cb.cache 第【668】行 时间：2015-09-09 14:45:51
'Undefined index: DDelTime' 文件：D:\project\dsm\Core\Runtime\Tpl\2dd33786e5b9d525999e8f13064b06cb.cache 第【675】行 时间：2015-09-09 14:45:51
'Undefined index: DDelTime' 文件：D:\project\dsm\Core\Runtime\Tpl\2dd33786e5b9d525999e8f13064b06cb.cache 第【676】行 时间：2015-09-09 14:45:51
'Undefined index: DSuffix' 文件：D:\project\dsm\Core\Runtime\Tpl\2dd33786e5b9d525999e8f13064b06cb.cache 第【685】行 时间：2015-09-09 14:45:51
'implode(): Invalid arguments passed' 文件：D:\project\dsm\Core\Runtime\Tpl\2dd33786e5b9d525999e8f13064b06cb.cache 第【685】行 时间：2015-09-09 14:45:51
'array_merge(): Argument #2 is not an array' 文件：D:\project\dsm\Core\Controller\SettingController.class.php 第【92】行 时间：2015-09-09 14:45:56
'array_merge(): Argument #1 is not an array' 文件：D:\project\dsm\Core\Controller\SettingController.class.php 第【100】行 时间：2015-09-09 14:45:56
'array_merge(): Argument #1 is not an array' 文件：D:\project\dsm\Core\Controller\SettingController.class.php 第【109】行 时间：2015-09-09 14:45:56
'array_merge(): Argument #1 is not an array' 文件：D:\project\dsm\Core\Controller\SettingController.class.php 第【118】行 时间：2015-09-09 14:45:56
'Undefined index: SS_FILEOUT_AVAILABLE_TIME' 文件：D:\project\dsm\Core\Runtime\Tpl\2dd33786e5b9d525999e8f13064b06cb.cache 第【41】行 时间：2015-09-09 14:45:56
'Undefined index: SS_FILEOUT_AVAILABLE_TIMES' 文件：D:\project\dsm\Core\Runtime\Tpl\2dd33786e5b9d525999e8f13064b06cb.cache 第【45】行 时间：2015-09-09 14:45:56
'Undefined index: SS_FILEOUT_PWD' 文件：D:\project\dsm\Core\Common\template.php 第【59】行 时间：2015-09-09 14:45:56
'Undefined index: SS_FILEOUT_MACHINECODE' 文件：D:\project\dsm\Core\Common\template.php 第【59】行 时间：2015-09-09 14:45:56
'Undefined index: SS_FILEOUT_MAKEEXE' 文件：D:\project\dsm\Core\Common\template.php 第【59】行 时间：2015-09-09 14:45:56
'Undefined index: SS_FILEOUT_AUTODEL' 文件：D:\project\dsm\Core\Common\template.php 第【59】行 时间：2015-09-09 14:45:56
'Undefined index: SS_FILEOUT_MODIFY' 文件：D:\project\dsm\Core\Common\template.php 第【59】行 时间：2015-09-09 14:45:56
'Undefined index: SS_FILEOUT_PRINT' 文件：D:\project\dsm\Core\Common\template.php 第【59】行 时间：2015-09-09 14:45:56
'Undefined index: SS_FILEOUT_SHOWREMAINTIME' 文件：D:\project\dsm\Core\Common\template.php 第【59】行 时间：2015-09-09 14:45:56
'Undefined index: OfflineShortTime' 文件：D:\project\dsm\Core\Runtime\Tpl\2dd33786e5b9d525999e8f13064b06cb.cache 第【78】行 时间：2015-09-09 14:45:56
'Undefined index: CopyCount' 文件：D:\project\dsm\Core\Runtime\Tpl\2dd33786e5b9d525999e8f13064b06cb.cache 第【85】行 时间：2015-09-09 14:45:56
'Undefined index: CopyLength' 文件：D:\project\dsm\Core\Runtime\Tpl\2dd33786e5b9d525999e8f13064b06cb.cache 第【92】行 时间：2015-09-09 14:45:56
'Undefined index: WaterMarkStr' 文件：D:\project\dsm\Core\Runtime\Tpl\2dd33786e5b9d525999e8f13064b06cb.cache 第【100】行 时间：2015-09-09 14:45:56
'Trying to get property of non-object' 文件：D:\project\dsm\Core\Runtime\Tpl\2dd33786e5b9d525999e8f13064b06cb.cache 第【439】行 时间：2015-09-09 14:45:56
'Trying to get property of non-object' 文件：D:\project\dsm\Core\Runtime\Tpl\2dd33786e5b9d525999e8f13064b06cb.cache 第【446】行 时间：2015-09-09 14:45:56
'Trying to get property of non-object' 文件：D:\project\dsm\Core\Runtime\Tpl\2dd33786e5b9d525999e8f13064b06cb.cache 第【452】行 时间：2015-09-09 14:45:56
'Trying to get property of non-object' 文件：D:\project\dsm\Core\Runtime\Tpl\2dd33786e5b9d525999e8f13064b06cb.cache 第【458】行 时间：2015-09-09 14:45:56
'Undefined index: TickTime' 文件：D:\project\dsm\Core\Runtime\Tpl\2dd33786e5b9d525999e8f13064b06cb.cache 第【527】行 时间：2015-09-09 14:45:56
'Undefined index: TickTime' 文件：D:\project\dsm\Core\Runtime\Tpl\2dd33786e5b9d525999e8f13064b06cb.cache 第【528】行 时间：2015-09-09 14:45:56
'Undefined index: ESentensPer' 文件：D:\project\dsm\Core\Runtime\Tpl\2dd33786e5b9d525999e8f13064b06cb.cache 第【572】行 时间：2015-09-09 14:45:56
'Undefined index: ESentensPer' 文件：D:\project\dsm\Core\Runtime\Tpl\2dd33786e5b9d525999e8f13064b06cb.cache 第【573】行 时间：2015-09-09 14:45:56
'Undefined index: NMaxSize' 文件：D:\project\dsm\Core\Runtime\Tpl\2dd33786e5b9d525999e8f13064b06cb.cache 第【579】行 时间：2015-09-09 14:45:56
'Undefined index: NIntervalTime' 文件：D:\project\dsm\Core\Runtime\Tpl\2dd33786e5b9d525999e8f13064b06cb.cache 第【584】行 时间：2015-09-09 14:45:56
'Undefined index: NIntervalTime' 文件：D:\project\dsm\Core\Runtime\Tpl\2dd33786e5b9d525999e8f13064b06cb.cache 第【585】行 时间：2015-09-09 14:45:56
'Undefined index: NSuffix' 文件：D:\project\dsm\Core\Runtime\Tpl\2dd33786e5b9d525999e8f13064b06cb.cache 第【592】行 时间：2015-09-09 14:45:56
'implode(): Invalid arguments passed' 文件：D:\project\dsm\Core\Runtime\Tpl\2dd33786e5b9d525999e8f13064b06cb.cache 第【592】行 时间：2015-09-09 14:45:56
'Undefined index: EMaxSize' 文件：D:\project\dsm\Core\Runtime\Tpl\2dd33786e5b9d525999e8f13064b06cb.cache 第【612】行 时间：2015-09-09 14:45:56
'Undefined index: EIntervalTime' 文件：D:\project\dsm\Core\Runtime\Tpl\2dd33786e5b9d525999e8f13064b06cb.cache 第【618】行 时间：2015-09-09 14:45:56
'Undefined index: EIntervalTime' 文件：D:\project\dsm\Core\Runtime\Tpl\2dd33786e5b9d525999e8f13064b06cb.cache 第【619】行 时间：2015-09-09 14:45:56
'Undefined index: EDelTime' 文件：D:\project\dsm\Core\Runtime\Tpl\2dd33786e5b9d525999e8f13064b06cb.cache 第【626】行 时间：2015-09-09 14:45:56
'Undefined index: EDelTime' 文件：D:\project\dsm\Core\Runtime\Tpl\2dd33786e5b9d525999e8f13064b06cb.cache 第【627】行 时间：2015-09-09 14:45:56
'Undefined index: ESuffix' 文件：D:\project\dsm\Core\Runtime\Tpl\2dd33786e5b9d525999e8f13064b06cb.cache 第【635】行 时间：2015-09-09 14:45:56
'implode(): Invalid arguments passed' 文件：D:\project\dsm\Core\Runtime\Tpl\2dd33786e5b9d525999e8f13064b06cb.cache 第【635】行 时间：2015-09-09 14:45:56
'Undefined index: DMaxSize' 文件：D:\project\dsm\Core\Runtime\Tpl\2dd33786e5b9d525999e8f13064b06cb.cache 第【655】行 时间：2015-09-09 14:45:56
'Undefined index: DIntervalTime' 文件：D:\project\dsm\Core\Runtime\Tpl\2dd33786e5b9d525999e8f13064b06cb.cache 第【660】行 时间：2015-09-09 14:45:56
'Undefined index: DIntervalTime' 文件：D:\project\dsm\Core\Runtime\Tpl\2dd33786e5b9d525999e8f13064b06cb.cache 第【661】行 时间：2015-09-09 14:45:56
'Undefined index: DSentensPer' 文件：D:\project\dsm\Core\Runtime\Tpl\2dd33786e5b9d525999e8f13064b06cb.cache 第【667】行 时间：2015-09-09 14:45:56
'Undefined index: DSentensPer' 文件：D:\project\dsm\Core\Runtime\Tpl\2dd33786e5b9d525999e8f13064b06cb.cache 第【668】行 时间：2015-09-09 14:45:56
'Undefined index: DDelTime' 文件：D:\project\dsm\Core\Runtime\Tpl\2dd33786e5b9d525999e8f13064b06cb.cache 第【675】行 时间：2015-09-09 14:45:56
'Undefined index: DDelTime' 文件：D:\project\dsm\Core\Runtime\Tpl\2dd33786e5b9d525999e8f13064b06cb.cache 第【676】行 时间：2015-09-09 14:45:56
'Undefined index: DSuffix' 文件：D:\project\dsm\Core\Runtime\Tpl\2dd33786e5b9d525999e8f13064b06cb.cache 第【685】行 时间：2015-09-09 14:45:56
'implode(): Invalid arguments passed' 文件：D:\project\dsm\Core\Runtime\Tpl\2dd33786e5b9d525999e8f13064b06cb.cache 第【685】行 时间：2015-09-09 14:45:56
'Invalid argument supplied for foreach()' 文件：D:\project\dsm\Core\Controller\BehaviorControlController.class.php 第【45】行 时间：2015-09-09 14:47:30
'Invalid argument supplied for foreach()' 文件：D:\project\dsm\Core\Controller\BehaviorControlController.class.php 第【45】行 时间：2015-09-09 14:47:31
'Invalid argument supplied for foreach()' 文件：D:\project\dsm\Core\Controller\BehaviorControlController.class.php 第【45】行 时间：2015-09-09 14:47:31
'Invalid argument supplied for foreach()' 文件：D:\project\dsm\Core\Controller\BehaviorControlController.class.php 第【45】行 时间：2015-09-09 14:47:31
'array_merge(): Argument #2 is not an array' 文件：D:\project\dsm\Core\Controller\SettingController.class.php 第【92】行 时间：2015-09-09 14:47:38
'array_merge(): Argument #1 is not an array' 文件：D:\project\dsm\Core\Controller\SettingController.class.php 第【100】行 时间：2015-09-09 14:47:38
'array_merge(): Argument #1 is not an array' 文件：D:\project\dsm\Core\Controller\SettingController.class.php 第【109】行 时间：2015-09-09 14:47:38
'array_merge(): Argument #1 is not an array' 文件：D:\project\dsm\Core\Controller\SettingController.class.php 第【118】行 时间：2015-09-09 14:47:38
'Undefined index: SS_FILEOUT_AVAILABLE_TIME' 文件：D:\project\dsm\Core\Runtime\Tpl\2dd33786e5b9d525999e8f13064b06cb.cache 第【41】行 时间：2015-09-09 14:47:38
'Undefined index: SS_FILEOUT_AVAILABLE_TIMES' 文件：D:\project\dsm\Core\Runtime\Tpl\2dd33786e5b9d525999e8f13064b06cb.cache 第【45】行 时间：2015-09-09 14:47:38
'Undefined index: SS_FILEOUT_PWD' 文件：D:\project\dsm\Core\Common\template.php 第【59】行 时间：2015-09-09 14:47:38
'Undefined index: SS_FILEOUT_MACHINECODE' 文件：D:\project\dsm\Core\Common\template.php 第【59】行 时间：2015-09-09 14:47:38
'Undefined index: SS_FILEOUT_MAKEEXE' 文件：D:\project\dsm\Core\Common\template.php 第【59】行 时间：2015-09-09 14:47:38
'Undefined index: SS_FILEOUT_AUTODEL' 文件：D:\project\dsm\Core\Common\template.php 第【59】行 时间：2015-09-09 14:47:38
'Undefined index: SS_FILEOUT_MODIFY' 文件：D:\project\dsm\Core\Common\template.php 第【59】行 时间：2015-09-09 14:47:38
'Undefined index: SS_FILEOUT_PRINT' 文件：D:\project\dsm\Core\Common\template.php 第【59】行 时间：2015-09-09 14:47:38
'Undefined index: SS_FILEOUT_SHOWREMAINTIME' 文件：D:\project\dsm\Core\Common\template.php 第【59】行 时间：2015-09-09 14:47:38
'Undefined index: OfflineShortTime' 文件：D:\project\dsm\Core\Runtime\Tpl\2dd33786e5b9d525999e8f13064b06cb.cache 第【78】行 时间：2015-09-09 14:47:38
'Undefined index: CopyCount' 文件：D:\project\dsm\Core\Runtime\Tpl\2dd33786e5b9d525999e8f13064b06cb.cache 第【85】行 时间：2015-09-09 14:47:38
'Undefined index: CopyLength' 文件：D:\project\dsm\Core\Runtime\Tpl\2dd33786e5b9d525999e8f13064b06cb.cache 第【92】行 时间：2015-09-09 14:47:38
'Undefined index: WaterMarkStr' 文件：D:\project\dsm\Core\Runtime\Tpl\2dd33786e5b9d525999e8f13064b06cb.cache 第【100】行 时间：2015-09-09 14:47:38
'Trying to get property of non-object' 文件：D:\project\dsm\Core\Runtime\Tpl\2dd33786e5b9d525999e8f13064b06cb.cache 第【439】行 时间：2015-09-09 14:47:38
'Trying to get property of non-object' 文件：D:\project\dsm\Core\Runtime\Tpl\2dd33786e5b9d525999e8f13064b06cb.cache 第【446】行 时间：2015-09-09 14:47:38
'Trying to get property of non-object' 文件：D:\project\dsm\Core\Runtime\Tpl\2dd33786e5b9d525999e8f13064b06cb.cache 第【452】行 时间：2015-09-09 14:47:38
'Trying to get property of non-object' 文件：D:\project\dsm\Core\Runtime\Tpl\2dd33786e5b9d525999e8f13064b06cb.cache 第【458】行 时间：2015-09-09 14:47:38
'Undefined index: TickTime' 文件：D:\project\dsm\Core\Runtime\Tpl\2dd33786e5b9d525999e8f13064b06cb.cache 第【527】行 时间：2015-09-09 14:47:38
'Undefined index: TickTime' 文件：D:\project\dsm\Core\Runtime\Tpl\2dd33786e5b9d525999e8f13064b06cb.cache 第【528】行 时间：2015-09-09 14:47:38
'Undefined index: ESentensPer' 文件：D:\project\dsm\Core\Runtime\Tpl\2dd33786e5b9d525999e8f13064b06cb.cache 第【572】行 时间：2015-09-09 14:47:38
'Undefined index: ESentensPer' 文件：D:\project\dsm\Core\Runtime\Tpl\2dd33786e5b9d525999e8f13064b06cb.cache 第【573】行 时间：2015-09-09 14:47:38
'Undefined index: NMaxSize' 文件：D:\project\dsm\Core\Runtime\Tpl\2dd33786e5b9d525999e8f13064b06cb.cache 第【579】行 时间：2015-09-09 14:47:38
'Undefined index: NIntervalTime' 文件：D:\project\dsm\Core\Runtime\Tpl\2dd33786e5b9d525999e8f13064b06cb.cache 第【584】行 时间：2015-09-09 14:47:38
'Undefined index: NIntervalTime' 文件：D:\project\dsm\Core\Runtime\Tpl\2dd33786e5b9d525999e8f13064b06cb.cache 第【585】行 时间：2015-09-09 14:47:38
'Undefined index: NSuffix' 文件：D:\project\dsm\Core\Runtime\Tpl\2dd33786e5b9d525999e8f13064b06cb.cache 第【592】行 时间：2015-09-09 14:47:38
'implode(): Invalid arguments passed' 文件：D:\project\dsm\Core\Runtime\Tpl\2dd33786e5b9d525999e8f13064b06cb.cache 第【592】行 时间：2015-09-09 14:47:38
'Undefined index: EMaxSize' 文件：D:\project\dsm\Core\Runtime\Tpl\2dd33786e5b9d525999e8f13064b06cb.cache 第【612】行 时间：2015-09-09 14:47:38
'Undefined index: EIntervalTime' 文件：D:\project\dsm\Core\Runtime\Tpl\2dd33786e5b9d525999e8f13064b06cb.cache 第【618】行 时间：2015-09-09 14:47:38
'Undefined index: EIntervalTime' 文件：D:\project\dsm\Core\Runtime\Tpl\2dd33786e5b9d525999e8f13064b06cb.cache 第【619】行 时间：2015-09-09 14:47:38
'Undefined index: EDelTime' 文件：D:\project\dsm\Core\Runtime\Tpl\2dd33786e5b9d525999e8f13064b06cb.cache 第【626】行 时间：2015-09-09 14:47:38
'Undefined index: EDelTime' 文件：D:\project\dsm\Core\Runtime\Tpl\2dd33786e5b9d525999e8f13064b06cb.cache 第【627】行 时间：2015-09-09 14:47:38
'Undefined index: ESuffix' 文件：D:\project\dsm\Core\Runtime\Tpl\2dd33786e5b9d525999e8f13064b06cb.cache 第【635】行 时间：2015-09-09 14:47:38
'implode(): Invalid arguments passed' 文件：D:\project\dsm\Core\Runtime\Tpl\2dd33786e5b9d525999e8f13064b06cb.cache 第【635】行 时间：2015-09-09 14:47:38
'Undefined index: DMaxSize' 文件：D:\project\dsm\Core\Runtime\Tpl\2dd33786e5b9d525999e8f13064b06cb.cache 第【655】行 时间：2015-09-09 14:47:38
'Undefined index: DIntervalTime' 文件：D:\project\dsm\Core\Runtime\Tpl\2dd33786e5b9d525999e8f13064b06cb.cache 第【660】行 时间：2015-09-09 14:47:38
'Undefined index: DIntervalTime' 文件：D:\project\dsm\Core\Runtime\Tpl\2dd33786e5b9d525999e8f13064b06cb.cache 第【661】行 时间：2015-09-09 14:47:38
'Undefined index: DSentensPer' 文件：D:\project\dsm\Core\Runtime\Tpl\2dd33786e5b9d525999e8f13064b06cb.cache 第【667】行 时间：2015-09-09 14:47:38
'Undefined index: DSentensPer' 文件：D:\project\dsm\Core\Runtime\Tpl\2dd33786e5b9d525999e8f13064b06cb.cache 第【668】行 时间：2015-09-09 14:47:38
'Undefined index: DDelTime' 文件：D:\project\dsm\Core\Runtime\Tpl\2dd33786e5b9d525999e8f13064b06cb.cache 第【675】行 时间：2015-09-09 14:47:38
'Undefined index: DDelTime' 文件：D:\project\dsm\Core\Runtime\Tpl\2dd33786e5b9d525999e8f13064b06cb.cache 第【676】行 时间：2015-09-09 14:47:38
'Undefined index: DSuffix' 文件：D:\project\dsm\Core\Runtime\Tpl\2dd33786e5b9d525999e8f13064b06cb.cache 第【685】行 时间：2015-09-09 14:47:38
'implode(): Invalid arguments passed' 文件：D:\project\dsm\Core\Runtime\Tpl\2dd33786e5b9d525999e8f13064b06cb.cache 第【685】行 时间：2015-09-09 14:47:38
'Invalid argument supplied for foreach()' 文件：D:\project\dsm\Core\Controller\BehaviorControlController.class.php 第【45】行 时间：2015-09-09 14:48:55
'Invalid argument supplied for foreach()' 文件：D:\project\dsm\Core\Controller\BehaviorControlController.class.php 第【45】行 时间：2015-09-09 14:48:55
'Invalid argument supplied for foreach()' 文件：D:\project\dsm\Core\Controller\BehaviorControlController.class.php 第【45】行 时间：2015-09-09 14:48:55
'Invalid argument supplied for foreach()' 文件：D:\project\dsm\Core\Controller\BehaviorControlController.class.php 第【45】行 时间：2015-09-09 14:48:55
'Invalid argument supplied for foreach()' 文件：D:\project\dsm\Core\Controller\BehaviorControlController.class.php 第【52】行 时间：2015-09-09 14:48:59
'Invalid argument supplied for foreach()' 文件：D:\project\dsm\Core\Controller\BehaviorControlController.class.php 第【52】行 时间：2015-09-09 14:49:01
'Invalid argument supplied for foreach()' 文件：D:\project\dsm\Core\Controller\BehaviorControlController.class.php 第【45】行 时间：2015-09-09 14:49:29
'Invalid argument supplied for foreach()' 文件：D:\project\dsm\Core\Controller\BehaviorControlController.class.php 第【45】行 时间：2015-09-09 14:49:29
'Invalid argument supplied for foreach()' 文件：D:\project\dsm\Core\Controller\BehaviorControlController.class.php 第【45】行 时间：2015-09-09 14:49:30
'Invalid argument supplied for foreach()' 文件：D:\project\dsm\Core\Controller\BehaviorControlController.class.php 第【45】行 时间：2015-09-09 14:49:30
'array_merge(): Argument #2 is not an array' 文件：D:\project\dsm\Core\Controller\SettingController.class.php 第【92】行 时间：2015-09-09 14:49:34
'array_merge(): Argument #1 is not an array' 文件：D:\project\dsm\Core\Controller\SettingController.class.php 第【100】行 时间：2015-09-09 14:49:34
'array_merge(): Argument #1 is not an array' 文件：D:\project\dsm\Core\Controller\SettingController.class.php 第【109】行 时间：2015-09-09 14:49:34
'array_merge(): Argument #1 is not an array' 文件：D:\project\dsm\Core\Controller\SettingController.class.php 第【118】行 时间：2015-09-09 14:49:34
'Undefined index: SS_FILEOUT_AVAILABLE_TIME' 文件：D:\project\dsm\Core\Runtime\Tpl\2dd33786e5b9d525999e8f13064b06cb.cache 第【41】行 时间：2015-09-09 14:49:34
'Undefined index: SS_FILEOUT_AVAILABLE_TIMES' 文件：D:\project\dsm\Core\Runtime\Tpl\2dd33786e5b9d525999e8f13064b06cb.cache 第【45】行 时间：2015-09-09 14:49:34
'Undefined index: SS_FILEOUT_PWD' 文件：D:\project\dsm\Core\Common\template.php 第【59】行 时间：2015-09-09 14:49:34
'Undefined index: SS_FILEOUT_MACHINECODE' 文件：D:\project\dsm\Core\Common\template.php 第【59】行 时间：2015-09-09 14:49:34
'Undefined index: SS_FILEOUT_MAKEEXE' 文件：D:\project\dsm\Core\Common\template.php 第【59】行 时间：2015-09-09 14:49:34
'Undefined index: SS_FILEOUT_AUTODEL' 文件：D:\project\dsm\Core\Common\template.php 第【59】行 时间：2015-09-09 14:49:34
'Undefined index: SS_FILEOUT_MODIFY' 文件：D:\project\dsm\Core\Common\template.php 第【59】行 时间：2015-09-09 14:49:34
'Undefined index: SS_FILEOUT_PRINT' 文件：D:\project\dsm\Core\Common\template.php 第【59】行 时间：2015-09-09 14:49:34
'Undefined index: SS_FILEOUT_SHOWREMAINTIME' 文件：D:\project\dsm\Core\Common\template.php 第【59】行 时间：2015-09-09 14:49:34
'Undefined index: OfflineShortTime' 文件：D:\project\dsm\Core\Runtime\Tpl\2dd33786e5b9d525999e8f13064b06cb.cache 第【78】行 时间：2015-09-09 14:49:34
'Undefined index: CopyCount' 文件：D:\project\dsm\Core\Runtime\Tpl\2dd33786e5b9d525999e8f13064b06cb.cache 第【85】行 时间：2015-09-09 14:49:34
'Undefined index: CopyLength' 文件：D:\project\dsm\Core\Runtime\Tpl\2dd33786e5b9d525999e8f13064b06cb.cache 第【92】行 时间：2015-09-09 14:49:35
'Undefined index: WaterMarkStr' 文件：D:\project\dsm\Core\Runtime\Tpl\2dd33786e5b9d525999e8f13064b06cb.cache 第【100】行 时间：2015-09-09 14:49:35
'Trying to get property of non-object' 文件：D:\project\dsm\Core\Runtime\Tpl\2dd33786e5b9d525999e8f13064b06cb.cache 第【439】行 时间：2015-09-09 14:49:35
'Trying to get property of non-object' 文件：D:\project\dsm\Core\Runtime\Tpl\2dd33786e5b9d525999e8f13064b06cb.cache 第【446】行 时间：2015-09-09 14:49:35
'Trying to get property of non-object' 文件：D:\project\dsm\Core\Runtime\Tpl\2dd33786e5b9d525999e8f13064b06cb.cache 第【452】行 时间：2015-09-09 14:49:35
'Trying to get property of non-object' 文件：D:\project\dsm\Core\Runtime\Tpl\2dd33786e5b9d525999e8f13064b06cb.cache 第【458】行 时间：2015-09-09 14:49:35
'Undefined index: TickTime' 文件：D:\project\dsm\Core\Runtime\Tpl\2dd33786e5b9d525999e8f13064b06cb.cache 第【527】行 时间：2015-09-09 14:49:35
'Undefined index: TickTime' 文件：D:\project\dsm\Core\Runtime\Tpl\2dd33786e5b9d525999e8f13064b06cb.cache 第【528】行 时间：2015-09-09 14:49:35
'Undefined index: ESentensPer' 文件：D:\project\dsm\Core\Runtime\Tpl\2dd33786e5b9d525999e8f13064b06cb.cache 第【572】行 时间：2015-09-09 14:49:35
'Undefined index: ESentensPer' 文件：D:\project\dsm\Core\Runtime\Tpl\2dd33786e5b9d525999e8f13064b06cb.cache 第【573】行 时间：2015-09-09 14:49:35
'Undefined index: NMaxSize' 文件：D:\project\dsm\Core\Runtime\Tpl\2dd33786e5b9d525999e8f13064b06cb.cache 第【579】行 时间：2015-09-09 14:49:35
'Undefined index: NIntervalTime' 文件：D:\project\dsm\Core\Runtime\Tpl\2dd33786e5b9d525999e8f13064b06cb.cache 第【584】行 时间：2015-09-09 14:49:35
'Undefined index: NIntervalTime' 文件：D:\project\dsm\Core\Runtime\Tpl\2dd33786e5b9d525999e8f13064b06cb.cache 第【585】行 时间：2015-09-09 14:49:35
'Undefined index: NSuffix' 文件：D:\project\dsm\Core\Runtime\Tpl\2dd33786e5b9d525999e8f13064b06cb.cache 第【592】行 时间：2015-09-09 14:49:35
'implode(): Invalid arguments passed' 文件：D:\project\dsm\Core\Runtime\Tpl\2dd33786e5b9d525999e8f13064b06cb.cache 第【592】行 时间：2015-09-09 14:49:35
'Undefined index: EMaxSize' 文件：D:\project\dsm\Core\Runtime\Tpl\2dd33786e5b9d525999e8f13064b06cb.cache 第【612】行 时间：2015-09-09 14:49:35
'Undefined index: EIntervalTime' 文件：D:\project\dsm\Core\Runtime\Tpl\2dd33786e5b9d525999e8f13064b06cb.cache 第【618】行 时间：2015-09-09 14:49:35
'Undefined index: EIntervalTime' 文件：D:\project\dsm\Core\Runtime\Tpl\2dd33786e5b9d525999e8f13064b06cb.cache 第【619】行 时间：2015-09-09 14:49:35
'Undefined index: EDelTime' 文件：D:\project\dsm\Core\Runtime\Tpl\2dd33786e5b9d525999e8f13064b06cb.cache 第【626】行 时间：2015-09-09 14:49:35
'Undefined index: EDelTime' 文件：D:\project\dsm\Core\Runtime\Tpl\2dd33786e5b9d525999e8f13064b06cb.cache 第【627】行 时间：2015-09-09 14:49:35
'Undefined index: ESuffix' 文件：D:\project\dsm\Core\Runtime\Tpl\2dd33786e5b9d525999e8f13064b06cb.cache 第【635】行 时间：2015-09-09 14:49:35
'implode(): Invalid arguments passed' 文件：D:\project\dsm\Core\Runtime\Tpl\2dd33786e5b9d525999e8f13064b06cb.cache 第【635】行 时间：2015-09-09 14:49:35
'Undefined index: DMaxSize' 文件：D:\project\dsm\Core\Runtime\Tpl\2dd33786e5b9d525999e8f13064b06cb.cache 第【655】行 时间：2015-09-09 14:49:35
'Undefined index: DIntervalTime' 文件：D:\project\dsm\Core\Runtime\Tpl\2dd33786e5b9d525999e8f13064b06cb.cache 第【660】行 时间：2015-09-09 14:49:35
'Undefined index: DIntervalTime' 文件：D:\project\dsm\Core\Runtime\Tpl\2dd33786e5b9d525999e8f13064b06cb.cache 第【661】行 时间：2015-09-09 14:49:35
'Undefined index: DSentensPer' 文件：D:\project\dsm\Core\Runtime\Tpl\2dd33786e5b9d525999e8f13064b06cb.cache 第【667】行 时间：2015-09-09 14:49:35
'Undefined index: DSentensPer' 文件：D:\project\dsm\Core\Runtime\Tpl\2dd33786e5b9d525999e8f13064b06cb.cache 第【668】行 时间：2015-09-09 14:49:35
'Undefined index: DDelTime' 文件：D:\project\dsm\Core\Runtime\Tpl\2dd33786e5b9d525999e8f13064b06cb.cache 第【675】行 时间：2015-09-09 14:49:35
'Undefined index: DDelTime' 文件：D:\project\dsm\Core\Runtime\Tpl\2dd33786e5b9d525999e8f13064b06cb.cache 第【676】行 时间：2015-09-09 14:49:35
'Undefined index: DSuffix' 文件：D:\project\dsm\Core\Runtime\Tpl\2dd33786e5b9d525999e8f13064b06cb.cache 第【685】行 时间：2015-09-09 14:49:35
'implode(): Invalid arguments passed' 文件：D:\project\dsm\Core\Runtime\Tpl\2dd33786e5b9d525999e8f13064b06cb.cache 第【685】行 时间：2015-09-09 14:49:35
'Invalid argument supplied for foreach()' 文件：D:\project\dsm\Core\Controller\BehaviorControlController.class.php 第【45】行 时间：2015-09-09 14:50:07
'Invalid argument supplied for foreach()' 文件：D:\project\dsm\Core\Controller\BehaviorControlController.class.php 第【45】行 时间：2015-09-09 14:50:07
'Invalid argument supplied for foreach()' 文件：D:\project\dsm\Core\Controller\BehaviorControlController.class.php 第【45】行 时间：2015-09-09 14:50:07
'Invalid argument supplied for foreach()' 文件：D:\project\dsm\Core\Controller\BehaviorControlController.class.php 第【45】行 时间：2015-09-09 14:50:07
'array_merge(): Argument #2 is not an array' 文件：D:\project\dsm\Core\Controller\SettingController.class.php 第【92】行 时间：2015-09-09 14:50:18
'array_merge(): Argument #1 is not an array' 文件：D:\project\dsm\Core\Controller\SettingController.class.php 第【100】行 时间：2015-09-09 14:50:18
'array_merge(): Argument #1 is not an array' 文件：D:\project\dsm\Core\Controller\SettingController.class.php 第【109】行 时间：2015-09-09 14:50:18
'array_merge(): Argument #1 is not an array' 文件：D:\project\dsm\Core\Controller\SettingController.class.php 第【118】行 时间：2015-09-09 14:50:18
'Undefined index: SS_FILEOUT_AVAILABLE_TIME' 文件：D:\project\dsm\Core\Runtime\Tpl\2dd33786e5b9d525999e8f13064b06cb.cache 第【41】行 时间：2015-09-09 14:50:18
'Undefined index: SS_FILEOUT_AVAILABLE_TIMES' 文件：D:\project\dsm\Core\Runtime\Tpl\2dd33786e5b9d525999e8f13064b06cb.cache 第【45】行 时间：2015-09-09 14:50:18
'Undefined index: SS_FILEOUT_PWD' 文件：D:\project\dsm\Core\Common\template.php 第【59】行 时间：2015-09-09 14:50:18
'Undefined index: SS_FILEOUT_MACHINECODE' 文件：D:\project\dsm\Core\Common\template.php 第【59】行 时间：2015-09-09 14:50:18
'Undefined index: SS_FILEOUT_MAKEEXE' 文件：D:\project\dsm\Core\Common\template.php 第【59】行 时间：2015-09-09 14:50:18
'Undefined index: SS_FILEOUT_AUTODEL' 文件：D:\project\dsm\Core\Common\template.php 第【59】行 时间：2015-09-09 14:50:18
'Undefined index: SS_FILEOUT_MODIFY' 文件：D:\project\dsm\Core\Common\template.php 第【59】行 时间：2015-09-09 14:50:18
'Undefined index: SS_FILEOUT_PRINT' 文件：D:\project\dsm\Core\Common\template.php 第【59】行 时间：2015-09-09 14:50:18
'Undefined index: SS_FILEOUT_SHOWREMAINTIME' 文件：D:\project\dsm\Core\Common\template.php 第【59】行 时间：2015-09-09 14:50:18
'Undefined index: OfflineShortTime' 文件：D:\project\dsm\Core\Runtime\Tpl\2dd33786e5b9d525999e8f13064b06cb.cache 第【78】行 时间：2015-09-09 14:50:18
'Undefined index: CopyCount' 文件：D:\project\dsm\Core\Runtime\Tpl\2dd33786e5b9d525999e8f13064b06cb.cache 第【85】行 时间：2015-09-09 14:50:18
'Undefined index: CopyLength' 文件：D:\project\dsm\Core\Runtime\Tpl\2dd33786e5b9d525999e8f13064b06cb.cache 第【92】行 时间：2015-09-09 14:50:18
'Undefined index: WaterMarkStr' 文件：D:\project\dsm\Core\Runtime\Tpl\2dd33786e5b9d525999e8f13064b06cb.cache 第【100】行 时间：2015-09-09 14:50:18
'Trying to get property of non-object' 文件：D:\project\dsm\Core\Runtime\Tpl\2dd33786e5b9d525999e8f13064b06cb.cache 第【439】行 时间：2015-09-09 14:50:18
'Trying to get property of non-object' 文件：D:\project\dsm\Core\Runtime\Tpl\2dd33786e5b9d525999e8f13064b06cb.cache 第【446】行 时间：2015-09-09 14:50:18
'Trying to get property of non-object' 文件：D:\project\dsm\Core\Runtime\Tpl\2dd33786e5b9d525999e8f13064b06cb.cache 第【452】行 时间：2015-09-09 14:50:18
'Trying to get property of non-object' 文件：D:\project\dsm\Core\Runtime\Tpl\2dd33786e5b9d525999e8f13064b06cb.cache 第【458】行 时间：2015-09-09 14:50:18
'Undefined index: TickTime' 文件：D:\project\dsm\Core\Runtime\Tpl\2dd33786e5b9d525999e8f13064b06cb.cache 第【527】行 时间：2015-09-09 14:50:18
'Undefined index: TickTime' 文件：D:\project\dsm\Core\Runtime\Tpl\2dd33786e5b9d525999e8f13064b06cb.cache 第【528】行 时间：2015-09-09 14:50:18
'Undefined index: ESentensPer' 文件：D:\project\dsm\Core\Runtime\Tpl\2dd33786e5b9d525999e8f13064b06cb.cache 第【572】行 时间：2015-09-09 14:50:18
'Undefined index: ESentensPer' 文件：D:\project\dsm\Core\Runtime\Tpl\2dd33786e5b9d525999e8f13064b06cb.cache 第【573】行 时间：2015-09-09 14:50:18
'Undefined index: NMaxSize' 文件：D:\project\dsm\Core\Runtime\Tpl\2dd33786e5b9d525999e8f13064b06cb.cache 第【579】行 时间：2015-09-09 14:50:18
'Undefined index: NIntervalTime' 文件：D:\project\dsm\Core\Runtime\Tpl\2dd33786e5b9d525999e8f13064b06cb.cache 第【584】行 时间：2015-09-09 14:50:18
'Undefined index: NIntervalTime' 文件：D:\project\dsm\Core\Runtime\Tpl\2dd33786e5b9d525999e8f13064b06cb.cache 第【585】行 时间：2015-09-09 14:50:18
'Undefined index: NSuffix' 文件：D:\project\dsm\Core\Runtime\Tpl\2dd33786e5b9d525999e8f13064b06cb.cache 第【592】行 时间：2015-09-09 14:50:18
'implode(): Invalid arguments passed' 文件：D:\project\dsm\Core\Runtime\Tpl\2dd33786e5b9d525999e8f13064b06cb.cache 第【592】行 时间：2015-09-09 14:50:18
'Undefined index: EMaxSize' 文件：D:\project\dsm\Core\Runtime\Tpl\2dd33786e5b9d525999e8f13064b06cb.cache 第【612】行 时间：2015-09-09 14:50:18
'Undefined index: EIntervalTime' 文件：D:\project\dsm\Core\Runtime\Tpl\2dd33786e5b9d525999e8f13064b06cb.cache 第【618】行 时间：2015-09-09 14:50:18
'Undefined index: EIntervalTime' 文件：D:\project\dsm\Core\Runtime\Tpl\2dd33786e5b9d525999e8f13064b06cb.cache 第【619】行 时间：2015-09-09 14:50:18
'Undefined index: EDelTime' 文件：D:\project\dsm\Core\Runtime\Tpl\2dd33786e5b9d525999e8f13064b06cb.cache 第【626】行 时间：2015-09-09 14:50:18
'Undefined index: EDelTime' 文件：D:\project\dsm\Core\Runtime\Tpl\2dd33786e5b9d525999e8f13064b06cb.cache 第【627】行 时间：2015-09-09 14:50:18
'Undefined index: ESuffix' 文件：D:\project\dsm\Core\Runtime\Tpl\2dd33786e5b9d525999e8f13064b06cb.cache 第【635】行 时间：2015-09-09 14:50:18
'implode(): Invalid arguments passed' 文件：D:\project\dsm\Core\Runtime\Tpl\2dd33786e5b9d525999e8f13064b06cb.cache 第【635】行 时间：2015-09-09 14:50:18
'Undefined index: DMaxSize' 文件：D:\project\dsm\Core\Runtime\Tpl\2dd33786e5b9d525999e8f13064b06cb.cache 第【655】行 时间：2015-09-09 14:50:18
'Undefined index: DIntervalTime' 文件：D:\project\dsm\Core\Runtime\Tpl\2dd33786e5b9d525999e8f13064b06cb.cache 第【660】行 时间：2015-09-09 14:50:18
'Undefined index: DIntervalTime' 文件：D:\project\dsm\Core\Runtime\Tpl\2dd33786e5b9d525999e8f13064b06cb.cache 第【661】行 时间：2015-09-09 14:50:18
'Undefined index: DSentensPer' 文件：D:\project\dsm\Core\Runtime\Tpl\2dd33786e5b9d525999e8f13064b06cb.cache 第【667】行 时间：2015-09-09 14:50:18
'Undefined index: DSentensPer' 文件：D:\project\dsm\Core\Runtime\Tpl\2dd33786e5b9d525999e8f13064b06cb.cache 第【668】行 时间：2015-09-09 14:50:18
'Undefined index: DDelTime' 文件：D:\project\dsm\Core\Runtime\Tpl\2dd33786e5b9d525999e8f13064b06cb.cache 第【675】行 时间：2015-09-09 14:50:18
'Undefined index: DDelTime' 文件：D:\project\dsm\Core\Runtime\Tpl\2dd33786e5b9d525999e8f13064b06cb.cache 第【676】行 时间：2015-09-09 14:50:18
'Undefined index: DSuffix' 文件：D:\project\dsm\Core\Runtime\Tpl\2dd33786e5b9d525999e8f13064b06cb.cache 第【685】行 时间：2015-09-09 14:50:18
'implode(): Invalid arguments passed' 文件：D:\project\dsm\Core\Runtime\Tpl\2dd33786e5b9d525999e8f13064b06cb.cache 第【685】行 时间：2015-09-09 14:50:18
'Invalid argument supplied for foreach()' 文件：D:\project\dsm\Core\Controller\BehaviorControlController.class.php 第【45】行 时间：2015-09-09 14:51:44
'Invalid argument supplied for foreach()' 文件：D:\project\dsm\Core\Controller\BehaviorControlController.class.php 第【45】行 时间：2015-09-09 14:51:44
'Invalid argument supplied for foreach()' 文件：D:\project\dsm\Core\Controller\BehaviorControlController.class.php 第【45】行 时间：2015-09-09 14:51:45
'Invalid argument supplied for foreach()' 文件：D:\project\dsm\Core\Controller\BehaviorControlController.class.php 第【45】行 时间：2015-09-09 14:51:45
'array_merge(): Argument #2 is not an array' 文件：D:\project\dsm\Core\Controller\SettingController.class.php 第【92】行 时间：2015-09-09 14:52:01
'array_merge(): Argument #1 is not an array' 文件：D:\project\dsm\Core\Controller\SettingController.class.php 第【100】行 时间：2015-09-09 14:52:01
'array_merge(): Argument #1 is not an array' 文件：D:\project\dsm\Core\Controller\SettingController.class.php 第【109】行 时间：2015-09-09 14:52:01
'array_merge(): Argument #1 is not an array' 文件：D:\project\dsm\Core\Controller\SettingController.class.php 第【118】行 时间：2015-09-09 14:52:01
'Undefined index: SS_FILEOUT_AVAILABLE_TIME' 文件：D:\project\dsm\Core\Runtime\Tpl\2dd33786e5b9d525999e8f13064b06cb.cache 第【41】行 时间：2015-09-09 14:52:01
'Undefined index: SS_FILEOUT_AVAILABLE_TIMES' 文件：D:\project\dsm\Core\Runtime\Tpl\2dd33786e5b9d525999e8f13064b06cb.cache 第【45】行 时间：2015-09-09 14:52:01
'Undefined index: SS_FILEOUT_PWD' 文件：D:\project\dsm\Core\Common\template.php 第【59】行 时间：2015-09-09 14:52:01
'Undefined index: SS_FILEOUT_MACHINECODE' 文件：D:\project\dsm\Core\Common\template.php 第【59】行 时间：2015-09-09 14:52:01
'Undefined index: SS_FILEOUT_MAKEEXE' 文件：D:\project\dsm\Core\Common\template.php 第【59】行 时间：2015-09-09 14:52:01
'Undefined index: SS_FILEOUT_AUTODEL' 文件：D:\project\dsm\Core\Common\template.php 第【59】行 时间：2015-09-09 14:52:01
'Undefined index: SS_FILEOUT_MODIFY' 文件：D:\project\dsm\Core\Common\template.php 第【59】行 时间：2015-09-09 14:52:01
'Undefined index: SS_FILEOUT_PRINT' 文件：D:\project\dsm\Core\Common\template.php 第【59】行 时间：2015-09-09 14:52:01
'Undefined index: SS_FILEOUT_SHOWREMAINTIME' 文件：D:\project\dsm\Core\Common\template.php 第【59】行 时间：2015-09-09 14:52:01
'Undefined index: OfflineShortTime' 文件：D:\project\dsm\Core\Runtime\Tpl\2dd33786e5b9d525999e8f13064b06cb.cache 第【78】行 时间：2015-09-09 14:52:01
'Undefined index: CopyCount' 文件：D:\project\dsm\Core\Runtime\Tpl\2dd33786e5b9d525999e8f13064b06cb.cache 第【85】行 时间：2015-09-09 14:52:01
'Undefined index: CopyLength' 文件：D:\project\dsm\Core\Runtime\Tpl\2dd33786e5b9d525999e8f13064b06cb.cache 第【92】行 时间：2015-09-09 14:52:01
'Undefined index: WaterMarkStr' 文件：D:\project\dsm\Core\Runtime\Tpl\2dd33786e5b9d525999e8f13064b06cb.cache 第【100】行 时间：2015-09-09 14:52:01
'Trying to get property of non-object' 文件：D:\project\dsm\Core\Runtime\Tpl\2dd33786e5b9d525999e8f13064b06cb.cache 第【439】行 时间：2015-09-09 14:52:01
'Trying to get property of non-object' 文件：D:\project\dsm\Core\Runtime\Tpl\2dd33786e5b9d525999e8f13064b06cb.cache 第【446】行 时间：2015-09-09 14:52:01
'Trying to get property of non-object' 文件：D:\project\dsm\Core\Runtime\Tpl\2dd33786e5b9d525999e8f13064b06cb.cache 第【452】行 时间：2015-09-09 14:52:01
'Trying to get property of non-object' 文件：D:\project\dsm\Core\Runtime\Tpl\2dd33786e5b9d525999e8f13064b06cb.cache 第【458】行 时间：2015-09-09 14:52:01
'Undefined index: TickTime' 文件：D:\project\dsm\Core\Runtime\Tpl\2dd33786e5b9d525999e8f13064b06cb.cache 第【527】行 时间：2015-09-09 14:52:01
'Undefined index: TickTime' 文件：D:\project\dsm\Core\Runtime\Tpl\2dd33786e5b9d525999e8f13064b06cb.cache 第【528】行 时间：2015-09-09 14:52:01
'Undefined index: ESentensPer' 文件：D:\project\dsm\Core\Runtime\Tpl\2dd33786e5b9d525999e8f13064b06cb.cache 第【572】行 时间：2015-09-09 14:52:01
'Undefined index: ESentensPer' 文件：D:\project\dsm\Core\Runtime\Tpl\2dd33786e5b9d525999e8f13064b06cb.cache 第【573】行 时间：2015-09-09 14:52:01
'Undefined index: NMaxSize' 文件：D:\project\dsm\Core\Runtime\Tpl\2dd33786e5b9d525999e8f13064b06cb.cache 第【579】行 时间：2015-09-09 14:52:01
'Undefined index: NIntervalTime' 文件：D:\project\dsm\Core\Runtime\Tpl\2dd33786e5b9d525999e8f13064b06cb.cache 第【584】行 时间：2015-09-09 14:52:01
'Undefined index: NIntervalTime' 文件：D:\project\dsm\Core\Runtime\Tpl\2dd33786e5b9d525999e8f13064b06cb.cache 第【585】行 时间：2015-09-09 14:52:01
'Undefined index: NSuffix' 文件：D:\project\dsm\Core\Runtime\Tpl\2dd33786e5b9d525999e8f13064b06cb.cache 第【592】行 时间：2015-09-09 14:52:01
'implode(): Invalid arguments passed' 文件：D:\project\dsm\Core\Runtime\Tpl\2dd33786e5b9d525999e8f13064b06cb.cache 第【592】行 时间：2015-09-09 14:52:01
'Undefined index: EMaxSize' 文件：D:\project\dsm\Core\Runtime\Tpl\2dd33786e5b9d525999e8f13064b06cb.cache 第【612】行 时间：2015-09-09 14:52:01
'Undefined index: EIntervalTime' 文件：D:\project\dsm\Core\Runtime\Tpl\2dd33786e5b9d525999e8f13064b06cb.cache 第【618】行 时间：2015-09-09 14:52:01
'Undefined index: EIntervalTime' 文件：D:\project\dsm\Core\Runtime\Tpl\2dd33786e5b9d525999e8f13064b06cb.cache 第【619】行 时间：2015-09-09 14:52:01
'Undefined index: EDelTime' 文件：D:\project\dsm\Core\Runtime\Tpl\2dd33786e5b9d525999e8f13064b06cb.cache 第【626】行 时间：2015-09-09 14:52:01
'Undefined index: EDelTime' 文件：D:\project\dsm\Core\Runtime\Tpl\2dd33786e5b9d525999e8f13064b06cb.cache 第【627】行 时间：2015-09-09 14:52:01
'Undefined index: ESuffix' 文件：D:\project\dsm\Core\Runtime\Tpl\2dd33786e5b9d525999e8f13064b06cb.cache 第【635】行 时间：2015-09-09 14:52:01
'implode(): Invalid arguments passed' 文件：D:\project\dsm\Core\Runtime\Tpl\2dd33786e5b9d525999e8f13064b06cb.cache 第【635】行 时间：2015-09-09 14:52:01
'Undefined index: DMaxSize' 文件：D:\project\dsm\Core\Runtime\Tpl\2dd33786e5b9d525999e8f13064b06cb.cache 第【655】行 时间：2015-09-09 14:52:01
'Undefined index: DIntervalTime' 文件：D:\project\dsm\Core\Runtime\Tpl\2dd33786e5b9d525999e8f13064b06cb.cache 第【660】行 时间：2015-09-09 14:52:01
'Undefined index: DIntervalTime' 文件：D:\project\dsm\Core\Runtime\Tpl\2dd33786e5b9d525999e8f13064b06cb.cache 第【661】行 时间：2015-09-09 14:52:01
'Undefined index: DSentensPer' 文件：D:\project\dsm\Core\Runtime\Tpl\2dd33786e5b9d525999e8f13064b06cb.cache 第【667】行 时间：2015-09-09 14:52:01
'Undefined index: DSentensPer' 文件：D:\project\dsm\Core\Runtime\Tpl\2dd33786e5b9d525999e8f13064b06cb.cache 第【668】行 时间：2015-09-09 14:52:01
'Undefined index: DDelTime' 文件：D:\project\dsm\Core\Runtime\Tpl\2dd33786e5b9d525999e8f13064b06cb.cache 第【675】行 时间：2015-09-09 14:52:01
'Undefined index: DDelTime' 文件：D:\project\dsm\Core\Runtime\Tpl\2dd33786e5b9d525999e8f13064b06cb.cache 第【676】行 时间：2015-09-09 14:52:01
'Undefined index: DSuffix' 文件：D:\project\dsm\Core\Runtime\Tpl\2dd33786e5b9d525999e8f13064b06cb.cache 第【685】行 时间：2015-09-09 14:52:01
'implode(): Invalid arguments passed' 文件：D:\project\dsm\Core\Runtime\Tpl\2dd33786e5b9d525999e8f13064b06cb.cache 第【685】行 时间：2015-09-09 14:52:01
'Invalid argument supplied for foreach()' 文件：D:\project\dsm\Core\Controller\BehaviorControlController.class.php 第【45】行 时间：2015-09-09 15:22:48
'Invalid argument supplied for foreach()' 文件：D:\project\dsm\Core\Controller\BehaviorControlController.class.php 第【45】行 时间：2015-09-09 15:22:48
'Invalid argument supplied for foreach()' 文件：D:\project\dsm\Core\Controller\BehaviorControlController.class.php 第【45】行 时间：2015-09-09 15:22:49
'Invalid argument supplied for foreach()' 文件：D:\project\dsm\Core\Controller\BehaviorControlController.class.php 第【45】行 时间：2015-09-09 15:22:49
'array_merge(): Argument #2 is not an array' 文件：D:\project\dsm\Core\Controller\SettingController.class.php 第【92】行 时间：2015-09-09 15:22:52
'array_merge(): Argument #1 is not an array' 文件：D:\project\dsm\Core\Controller\SettingController.class.php 第【100】行 时间：2015-09-09 15:22:52
'array_merge(): Argument #1 is not an array' 文件：D:\project\dsm\Core\Controller\SettingController.class.php 第【109】行 时间：2015-09-09 15:22:52
'array_merge(): Argument #1 is not an array' 文件：D:\project\dsm\Core\Controller\SettingController.class.php 第【118】行 时间：2015-09-09 15:22:52
'Undefined index: SS_FILEOUT_AVAILABLE_TIME' 文件：D:\project\dsm\Core\Runtime\Tpl\2dd33786e5b9d525999e8f13064b06cb.cache 第【41】行 时间：2015-09-09 15:22:52
'Undefined index: SS_FILEOUT_AVAILABLE_TIMES' 文件：D:\project\dsm\Core\Runtime\Tpl\2dd33786e5b9d525999e8f13064b06cb.cache 第【45】行 时间：2015-09-09 15:22:52
'Undefined index: SS_FILEOUT_PWD' 文件：D:\project\dsm\Core\Common\template.php 第【59】行 时间：2015-09-09 15:22:52
'Undefined index: SS_FILEOUT_MACHINECODE' 文件：D:\project\dsm\Core\Common\template.php 第【59】行 时间：2015-09-09 15:22:52
'Undefined index: SS_FILEOUT_MAKEEXE' 文件：D:\project\dsm\Core\Common\template.php 第【59】行 时间：2015-09-09 15:22:52
'Undefined index: SS_FILEOUT_AUTODEL' 文件：D:\project\dsm\Core\Common\template.php 第【59】行 时间：2015-09-09 15:22:52
'Undefined index: SS_FILEOUT_MODIFY' 文件：D:\project\dsm\Core\Common\template.php 第【59】行 时间：2015-09-09 15:22:52
'Undefined index: SS_FILEOUT_PRINT' 文件：D:\project\dsm\Core\Common\template.php 第【59】行 时间：2015-09-09 15:22:52
'Undefined index: SS_FILEOUT_SHOWREMAINTIME' 文件：D:\project\dsm\Core\Common\template.php 第【59】行 时间：2015-09-09 15:22:52
'Undefined index: OfflineShortTime' 文件：D:\project\dsm\Core\Runtime\Tpl\2dd33786e5b9d525999e8f13064b06cb.cache 第【78】行 时间：2015-09-09 15:22:52
'Undefined index: CopyCount' 文件：D:\project\dsm\Core\Runtime\Tpl\2dd33786e5b9d525999e8f13064b06cb.cache 第【85】行 时间：2015-09-09 15:22:52
'Undefined index: CopyLength' 文件：D:\project\dsm\Core\Runtime\Tpl\2dd33786e5b9d525999e8f13064b06cb.cache 第【92】行 时间：2015-09-09 15:22:52
'Undefined index: WaterMarkStr' 文件：D:\project\dsm\Core\Runtime\Tpl\2dd33786e5b9d525999e8f13064b06cb.cache 第【100】行 时间：2015-09-09 15:22:52
'Trying to get property of non-object' 文件：D:\project\dsm\Core\Runtime\Tpl\2dd33786e5b9d525999e8f13064b06cb.cache 第【439】行 时间：2015-09-09 15:22:52
'Trying to get property of non-object' 文件：D:\project\dsm\Core\Runtime\Tpl\2dd33786e5b9d525999e8f13064b06cb.cache 第【446】行 时间：2015-09-09 15:22:52
'Trying to get property of non-object' 文件：D:\project\dsm\Core\Runtime\Tpl\2dd33786e5b9d525999e8f13064b06cb.cache 第【452】行 时间：2015-09-09 15:22:52
'Trying to get property of non-object' 文件：D:\project\dsm\Core\Runtime\Tpl\2dd33786e5b9d525999e8f13064b06cb.cache 第【458】行 时间：2015-09-09 15:22:52
'Undefined index: TickTime' 文件：D:\project\dsm\Core\Runtime\Tpl\2dd33786e5b9d525999e8f13064b06cb.cache 第【527】行 时间：2015-09-09 15:22:52
'Undefined index: TickTime' 文件：D:\project\dsm\Core\Runtime\Tpl\2dd33786e5b9d525999e8f13064b06cb.cache 第【528】行 时间：2015-09-09 15:22:52
'Undefined index: ESentensPer' 文件：D:\project\dsm\Core\Runtime\Tpl\2dd33786e5b9d525999e8f13064b06cb.cache 第【572】行 时间：2015-09-09 15:22:52
'Undefined index: ESentensPer' 文件：D:\project\dsm\Core\Runtime\Tpl\2dd33786e5b9d525999e8f13064b06cb.cache 第【573】行 时间：2015-09-09 15:22:52
'Undefined index: NMaxSize' 文件：D:\project\dsm\Core\Runtime\Tpl\2dd33786e5b9d525999e8f13064b06cb.cache 第【579】行 时间：2015-09-09 15:22:52
'Undefined index: NIntervalTime' 文件：D:\project\dsm\Core\Runtime\Tpl\2dd33786e5b9d525999e8f13064b06cb.cache 第【584】行 时间：2015-09-09 15:22:52
'Undefined index: NIntervalTime' 文件：D:\project\dsm\Core\Runtime\Tpl\2dd33786e5b9d525999e8f13064b06cb.cache 第【585】行 时间：2015-09-09 15:22:52
'Undefined index: NSuffix' 文件：D:\project\dsm\Core\Runtime\Tpl\2dd33786e5b9d525999e8f13064b06cb.cache 第【592】行 时间：2015-09-09 15:22:52
'implode(): Invalid arguments passed' 文件：D:\project\dsm\Core\Runtime\Tpl\2dd33786e5b9d525999e8f13064b06cb.cache 第【592】行 时间：2015-09-09 15:22:52
'Undefined index: EMaxSize' 文件：D:\project\dsm\Core\Runtime\Tpl\2dd33786e5b9d525999e8f13064b06cb.cache 第【612】行 时间：2015-09-09 15:22:52
'Undefined index: EIntervalTime' 文件：D:\project\dsm\Core\Runtime\Tpl\2dd33786e5b9d525999e8f13064b06cb.cache 第【618】行 时间：2015-09-09 15:22:52
'Undefined index: EIntervalTime' 文件：D:\project\dsm\Core\Runtime\Tpl\2dd33786e5b9d525999e8f13064b06cb.cache 第【619】行 时间：2015-09-09 15:22:52
'Undefined index: EDelTime' 文件：D:\project\dsm\Core\Runtime\Tpl\2dd33786e5b9d525999e8f13064b06cb.cache 第【626】行 时间：2015-09-09 15:22:52
'Undefined index: EDelTime' 文件：D:\project\dsm\Core\Runtime\Tpl\2dd33786e5b9d525999e8f13064b06cb.cache 第【627】行 时间：2015-09-09 15:22:52
'Undefined index: ESuffix' 文件：D:\project\dsm\Core\Runtime\Tpl\2dd33786e5b9d525999e8f13064b06cb.cache 第【635】行 时间：2015-09-09 15:22:52
'implode(): Invalid arguments passed' 文件：D:\project\dsm\Core\Runtime\Tpl\2dd33786e5b9d525999e8f13064b06cb.cache 第【635】行 时间：2015-09-09 15:22:52
'Undefined index: DMaxSize' 文件：D:\project\dsm\Core\Runtime\Tpl\2dd33786e5b9d525999e8f13064b06cb.cache 第【655】行 时间：2015-09-09 15:22:52
'Undefined index: DIntervalTime' 文件：D:\project\dsm\Core\Runtime\Tpl\2dd33786e5b9d525999e8f13064b06cb.cache 第【660】行 时间：2015-09-09 15:22:52
'Undefined index: DIntervalTime' 文件：D:\project\dsm\Core\Runtime\Tpl\2dd33786e5b9d525999e8f13064b06cb.cache 第【661】行 时间：2015-09-09 15:22:52
'Undefined index: DSentensPer' 文件：D:\project\dsm\Core\Runtime\Tpl\2dd33786e5b9d525999e8f13064b06cb.cache 第【667】行 时间：2015-09-09 15:22:52
'Undefined index: DSentensPer' 文件：D:\project\dsm\Core\Runtime\Tpl\2dd33786e5b9d525999e8f13064b06cb.cache 第【668】行 时间：2015-09-09 15:22:52
'Undefined index: DDelTime' 文件：D:\project\dsm\Core\Runtime\Tpl\2dd33786e5b9d525999e8f13064b06cb.cache 第【675】行 时间：2015-09-09 15:22:52
'Undefined index: DDelTime' 文件：D:\project\dsm\Core\Runtime\Tpl\2dd33786e5b9d525999e8f13064b06cb.cache 第【676】行 时间：2015-09-09 15:22:52
'Undefined index: DSuffix' 文件：D:\project\dsm\Core\Runtime\Tpl\2dd33786e5b9d525999e8f13064b06cb.cache 第【685】行 时间：2015-09-09 15:22:52
'implode(): Invalid arguments passed' 文件：D:\project\dsm\Core\Runtime\Tpl\2dd33786e5b9d525999e8f13064b06cb.cache 第【685】行 时间：2015-09-09 15:22:52
'Invalid argument supplied for foreach()' 文件：D:\project\dsm\Core\Controller\BehaviorControlController.class.php 第【45】行 时间：2015-09-09 17:40:03
'Invalid argument supplied for foreach()' 文件：D:\project\dsm\Core\Controller\BehaviorControlController.class.php 第【45】行 时间：2015-09-09 17:40:03
'Invalid argument supplied for foreach()' 文件：D:\project\dsm\Core\Controller\BehaviorControlController.class.php 第【45】行 时间：2015-09-09 17:40:03
'Invalid argument supplied for foreach()' 文件：D:\project\dsm\Core\Controller\BehaviorControlController.class.php 第【45】行 时间：2015-09-09 17:40:03
'Invalid argument supplied for foreach()' 文件：D:\project\dsm\Core\Controller\BehaviorControlController.class.php 第【45】行 时间：2015-09-09 17:45:59
'Invalid argument supplied for foreach()' 文件：D:\project\dsm\Core\Controller\BehaviorControlController.class.php 第【45】行 时间：2015-09-09 17:45:59
'Invalid argument supplied for foreach()' 文件：D:\project\dsm\Core\Controller\BehaviorControlController.class.php 第【45】行 时间：2015-09-09 17:45:59
'Invalid argument supplied for foreach()' 文件：D:\project\dsm\Core\Controller\BehaviorControlController.class.php 第【45】行 时间：2015-09-09 17:45:59
