'array_merge(): Argument #2 is not an array' 文件：D:\project\dsm\Core\Controller\SettingController.class.php 第【92】行 时间：2015-09-10 09:20:20
'array_merge(): Argument #1 is not an array' 文件：D:\project\dsm\Core\Controller\SettingController.class.php 第【100】行 时间：2015-09-10 09:20:20
'array_merge(): Argument #1 is not an array' 文件：D:\project\dsm\Core\Controller\SettingController.class.php 第【109】行 时间：2015-09-10 09:20:20
'array_merge(): Argument #1 is not an array' 文件：D:\project\dsm\Core\Controller\SettingController.class.php 第【118】行 时间：2015-09-10 09:20:20
'Undefined index: SS_FILEOUT_AVAILABLE_TIME' 文件：D:\project\dsm\Core\Runtime\Tpl\2dd33786e5b9d525999e8f13064b06cb.cache 第【41】行 时间：2015-09-10 09:20:20
'Undefined index: SS_FILEOUT_AVAILABLE_TIMES' 文件：D:\project\dsm\Core\Runtime\Tpl\2dd33786e5b9d525999e8f13064b06cb.cache 第【45】行 时间：2015-09-10 09:20:20
'Undefined index: SS_FILEOUT_PWD' 文件：D:\project\dsm\Core\Common\template.php 第【59】行 时间：2015-09-10 09:20:20
'Undefined index: SS_FILEOUT_MACHINECODE' 文件：D:\project\dsm\Core\Common\template.php 第【59】行 时间：2015-09-10 09:20:20
'Undefined index: SS_FILEOUT_MAKEEXE' 文件：D:\project\dsm\Core\Common\template.php 第【59】行 时间：2015-09-10 09:20:20
'Undefined index: SS_FILEOUT_AUTODEL' 文件：D:\project\dsm\Core\Common\template.php 第【59】行 时间：2015-09-10 09:20:20
'Undefined index: SS_FILEOUT_MODIFY' 文件：D:\project\dsm\Core\Common\template.php 第【59】行 时间：2015-09-10 09:20:20
'Undefined index: SS_FILEOUT_PRINT' 文件：D:\project\dsm\Core\Common\template.php 第【59】行 时间：2015-09-10 09:20:20
'Undefined index: SS_FILEOUT_SHOWREMAINTIME' 文件：D:\project\dsm\Core\Common\template.php 第【59】行 时间：2015-09-10 09:20:20
'Undefined index: OfflineShortTime' 文件：D:\project\dsm\Core\Runtime\Tpl\2dd33786e5b9d525999e8f13064b06cb.cache 第【78】行 时间：2015-09-10 09:20:20
'Undefined index: CopyCount' 文件：D:\project\dsm\Core\Runtime\Tpl\2dd33786e5b9d525999e8f13064b06cb.cache 第【85】行 时间：2015-09-10 09:20:20
'Undefined index: CopyLength' 文件：D:\project\dsm\Core\Runtime\Tpl\2dd33786e5b9d525999e8f13064b06cb.cache 第【92】行 时间：2015-09-10 09:20:20
'Undefined index: WaterMarkStr' 文件：D:\project\dsm\Core\Runtime\Tpl\2dd33786e5b9d525999e8f13064b06cb.cache 第【100】行 时间：2015-09-10 09:20:20
'Trying to get property of non-object' 文件：D:\project\dsm\Core\Runtime\Tpl\2dd33786e5b9d525999e8f13064b06cb.cache 第【439】行 时间：2015-09-10 09:20:20
'Trying to get property of non-object' 文件：D:\project\dsm\Core\Runtime\Tpl\2dd33786e5b9d525999e8f13064b06cb.cache 第【446】行 时间：2015-09-10 09:20:20
'Trying to get property of non-object' 文件：D:\project\dsm\Core\Runtime\Tpl\2dd33786e5b9d525999e8f13064b06cb.cache 第【452】行 时间：2015-09-10 09:20:20
'Trying to get property of non-object' 文件：D:\project\dsm\Core\Runtime\Tpl\2dd33786e5b9d525999e8f13064b06cb.cache 第【458】行 时间：2015-09-10 09:20:20
'Undefined index: TickTime' 文件：D:\project\dsm\Core\Runtime\Tpl\2dd33786e5b9d525999e8f13064b06cb.cache 第【527】行 时间：2015-09-10 09:20:20
'Undefined index: TickTime' 文件：D:\project\dsm\Core\Runtime\Tpl\2dd33786e5b9d525999e8f13064b06cb.cache 第【528】行 时间：2015-09-10 09:20:20
'Undefined index: ESentensPer' 文件：D:\project\dsm\Core\Runtime\Tpl\2dd33786e5b9d525999e8f13064b06cb.cache 第【572】行 时间：2015-09-10 09:20:20
'Undefined index: ESentensPer' 文件：D:\project\dsm\Core\Runtime\Tpl\2dd33786e5b9d525999e8f13064b06cb.cache 第【573】行 时间：2015-09-10 09:20:20
'Undefined index: NMaxSize' 文件：D:\project\dsm\Core\Runtime\Tpl\2dd33786e5b9d525999e8f13064b06cb.cache 第【579】行 时间：2015-09-10 09:20:20
'Undefined index: NIntervalTime' 文件：D:\project\dsm\Core\Runtime\Tpl\2dd33786e5b9d525999e8f13064b06cb.cache 第【584】行 时间：2015-09-10 09:20:20
'Undefined index: NIntervalTime' 文件：D:\project\dsm\Core\Runtime\Tpl\2dd33786e5b9d525999e8f13064b06cb.cache 第【585】行 时间：2015-09-10 09:20:20
'Undefined index: NSuffix' 文件：D:\project\dsm\Core\Runtime\Tpl\2dd33786e5b9d525999e8f13064b06cb.cache 第【592】行 时间：2015-09-10 09:20:20
'implode(): Invalid arguments passed' 文件：D:\project\dsm\Core\Runtime\Tpl\2dd33786e5b9d525999e8f13064b06cb.cache 第【592】行 时间：2015-09-10 09:20:20
'Undefined index: EMaxSize' 文件：D:\project\dsm\Core\Runtime\Tpl\2dd33786e5b9d525999e8f13064b06cb.cache 第【612】行 时间：2015-09-10 09:20:20
'Undefined index: EIntervalTime' 文件：D:\project\dsm\Core\Runtime\Tpl\2dd33786e5b9d525999e8f13064b06cb.cache 第【618】行 时间：2015-09-10 09:20:20
'Undefined index: EIntervalTime' 文件：D:\project\dsm\Core\Runtime\Tpl\2dd33786e5b9d525999e8f13064b06cb.cache 第【619】行 时间：2015-09-10 09:20:20
'Undefined index: EDelTime' 文件：D:\project\dsm\Core\Runtime\Tpl\2dd33786e5b9d525999e8f13064b06cb.cache 第【626】行 时间：2015-09-10 09:20:20
'Undefined index: EDelTime' 文件：D:\project\dsm\Core\Runtime\Tpl\2dd33786e5b9d525999e8f13064b06cb.cache 第【627】行 时间：2015-09-10 09:20:20
'Undefined index: ESuffix' 文件：D:\project\dsm\Core\Runtime\Tpl\2dd33786e5b9d525999e8f13064b06cb.cache 第【635】行 时间：2015-09-10 09:20:20
'implode(): Invalid arguments passed' 文件：D:\project\dsm\Core\Runtime\Tpl\2dd33786e5b9d525999e8f13064b06cb.cache 第【635】行 时间：2015-09-10 09:20:20
'Undefined index: DMaxSize' 文件：D:\project\dsm\Core\Runtime\Tpl\2dd33786e5b9d525999e8f13064b06cb.cache 第【655】行 时间：2015-09-10 09:20:20
'Undefined index: DIntervalTime' 文件：D:\project\dsm\Core\Runtime\Tpl\2dd33786e5b9d525999e8f13064b06cb.cache 第【660】行 时间：2015-09-10 09:20:20
'Undefined index: DIntervalTime' 文件：D:\project\dsm\Core\Runtime\Tpl\2dd33786e5b9d525999e8f13064b06cb.cache 第【661】行 时间：2015-09-10 09:20:20
'Undefined index: DSentensPer' 文件：D:\project\dsm\Core\Runtime\Tpl\2dd33786e5b9d525999e8f13064b06cb.cache 第【667】行 时间：2015-09-10 09:20:20
'Undefined index: DSentensPer' 文件：D:\project\dsm\Core\Runtime\Tpl\2dd33786e5b9d525999e8f13064b06cb.cache 第【668】行 时间：2015-09-10 09:20:20
'Undefined index: DDelTime' 文件：D:\project\dsm\Core\Runtime\Tpl\2dd33786e5b9d525999e8f13064b06cb.cache 第【675】行 时间：2015-09-10 09:20:20
'Undefined index: DDelTime' 文件：D:\project\dsm\Core\Runtime\Tpl\2dd33786e5b9d525999e8f13064b06cb.cache 第【676】行 时间：2015-09-10 09:20:20
'Undefined index: DSuffix' 文件：D:\project\dsm\Core\Runtime\Tpl\2dd33786e5b9d525999e8f13064b06cb.cache 第【685】行 时间：2015-09-10 09:20:20
'implode(): Invalid arguments passed' 文件：D:\project\dsm\Core\Runtime\Tpl\2dd33786e5b9d525999e8f13064b06cb.cache 第【685】行 时间：2015-09-10 09:20:20
'Invalid argument supplied for foreach()' 文件：D:\project\dsm\Core\Controller\BehaviorControlController.class.php 第【45】行 时间：2015-09-10 10:51:39
'Invalid argument supplied for foreach()' 文件：D:\project\dsm\Core\Controller\BehaviorControlController.class.php 第【45】行 时间：2015-09-10 10:51:39
'Invalid argument supplied for foreach()' 文件：D:\project\dsm\Core\Controller\BehaviorControlController.class.php 第【45】行 时间：2015-09-10 10:51:39
'Invalid argument supplied for foreach()' 文件：D:\project\dsm\Core\Controller\BehaviorControlController.class.php 第【45】行 时间：2015-09-10 10:51:39
'array_merge(): Argument #2 is not an array' 文件：D:\project\dsm\Core\Controller\SettingController.class.php 第【92】行 时间：2015-09-10 10:56:02
'array_merge(): Argument #1 is not an array' 文件：D:\project\dsm\Core\Controller\SettingController.class.php 第【100】行 时间：2015-09-10 10:56:02
'array_merge(): Argument #1 is not an array' 文件：D:\project\dsm\Core\Controller\SettingController.class.php 第【109】行 时间：2015-09-10 10:56:02
'array_merge(): Argument #1 is not an array' 文件：D:\project\dsm\Core\Controller\SettingController.class.php 第【118】行 时间：2015-09-10 10:56:02
'Undefined index: SS_FILEOUT_AVAILABLE_TIME' 文件：D:\project\dsm\Core\Runtime\Tpl\2dd33786e5b9d525999e8f13064b06cb.cache 第【41】行 时间：2015-09-10 10:56:02
'Undefined index: SS_FILEOUT_AVAILABLE_TIMES' 文件：D:\project\dsm\Core\Runtime\Tpl\2dd33786e5b9d525999e8f13064b06cb.cache 第【45】行 时间：2015-09-10 10:56:02
'Undefined index: SS_FILEOUT_PWD' 文件：D:\project\dsm\Core\Common\template.php 第【59】行 时间：2015-09-10 10:56:02
'Undefined index: SS_FILEOUT_MACHINECODE' 文件：D:\project\dsm\Core\Common\template.php 第【59】行 时间：2015-09-10 10:56:02
'Undefined index: SS_FILEOUT_MAKEEXE' 文件：D:\project\dsm\Core\Common\template.php 第【59】行 时间：2015-09-10 10:56:02
'Undefined index: SS_FILEOUT_AUTODEL' 文件：D:\project\dsm\Core\Common\template.php 第【59】行 时间：2015-09-10 10:56:02
'Undefined index: SS_FILEOUT_MODIFY' 文件：D:\project\dsm\Core\Common\template.php 第【59】行 时间：2015-09-10 10:56:02
'Undefined index: SS_FILEOUT_PRINT' 文件：D:\project\dsm\Core\Common\template.php 第【59】行 时间：2015-09-10 10:56:02
'Undefined index: SS_FILEOUT_SHOWREMAINTIME' 文件：D:\project\dsm\Core\Common\template.php 第【59】行 时间：2015-09-10 10:56:02
'Undefined index: OfflineShortTime' 文件：D:\project\dsm\Core\Runtime\Tpl\2dd33786e5b9d525999e8f13064b06cb.cache 第【78】行 时间：2015-09-10 10:56:02
'Undefined index: CopyCount' 文件：D:\project\dsm\Core\Runtime\Tpl\2dd33786e5b9d525999e8f13064b06cb.cache 第【85】行 时间：2015-09-10 10:56:02
'Undefined index: CopyLength' 文件：D:\project\dsm\Core\Runtime\Tpl\2dd33786e5b9d525999e8f13064b06cb.cache 第【92】行 时间：2015-09-10 10:56:02
'Undefined index: WaterMarkStr' 文件：D:\project\dsm\Core\Runtime\Tpl\2dd33786e5b9d525999e8f13064b06cb.cache 第【100】行 时间：2015-09-10 10:56:02
'Trying to get property of non-object' 文件：D:\project\dsm\Core\Runtime\Tpl\2dd33786e5b9d525999e8f13064b06cb.cache 第【439】行 时间：2015-09-10 10:56:02
'Trying to get property of non-object' 文件：D:\project\dsm\Core\Runtime\Tpl\2dd33786e5b9d525999e8f13064b06cb.cache 第【446】行 时间：2015-09-10 10:56:02
'Trying to get property of non-object' 文件：D:\project\dsm\Core\Runtime\Tpl\2dd33786e5b9d525999e8f13064b06cb.cache 第【452】行 时间：2015-09-10 10:56:02
'Trying to get property of non-object' 文件：D:\project\dsm\Core\Runtime\Tpl\2dd33786e5b9d525999e8f13064b06cb.cache 第【458】行 时间：2015-09-10 10:56:02
'Undefined index: TickTime' 文件：D:\project\dsm\Core\Runtime\Tpl\2dd33786e5b9d525999e8f13064b06cb.cache 第【527】行 时间：2015-09-10 10:56:02
'Undefined index: TickTime' 文件：D:\project\dsm\Core\Runtime\Tpl\2dd33786e5b9d525999e8f13064b06cb.cache 第【528】行 时间：2015-09-10 10:56:02
'Undefined index: ESentensPer' 文件：D:\project\dsm\Core\Runtime\Tpl\2dd33786e5b9d525999e8f13064b06cb.cache 第【572】行 时间：2015-09-10 10:56:02
'Undefined index: ESentensPer' 文件：D:\project\dsm\Core\Runtime\Tpl\2dd33786e5b9d525999e8f13064b06cb.cache 第【573】行 时间：2015-09-10 10:56:02
'Undefined index: NMaxSize' 文件：D:\project\dsm\Core\Runtime\Tpl\2dd33786e5b9d525999e8f13064b06cb.cache 第【579】行 时间：2015-09-10 10:56:02
'Undefined index: NIntervalTime' 文件：D:\project\dsm\Core\Runtime\Tpl\2dd33786e5b9d525999e8f13064b06cb.cache 第【584】行 时间：2015-09-10 10:56:02
'Undefined index: NIntervalTime' 文件：D:\project\dsm\Core\Runtime\Tpl\2dd33786e5b9d525999e8f13064b06cb.cache 第【585】行 时间：2015-09-10 10:56:02
'Undefined index: NSuffix' 文件：D:\project\dsm\Core\Runtime\Tpl\2dd33786e5b9d525999e8f13064b06cb.cache 第【592】行 时间：2015-09-10 10:56:02
'implode(): Invalid arguments passed' 文件：D:\project\dsm\Core\Runtime\Tpl\2dd33786e5b9d525999e8f13064b06cb.cache 第【592】行 时间：2015-09-10 10:56:02
'Undefined index: EMaxSize' 文件：D:\project\dsm\Core\Runtime\Tpl\2dd33786e5b9d525999e8f13064b06cb.cache 第【612】行 时间：2015-09-10 10:56:02
'Undefined index: EIntervalTime' 文件：D:\project\dsm\Core\Runtime\Tpl\2dd33786e5b9d525999e8f13064b06cb.cache 第【618】行 时间：2015-09-10 10:56:02
'Undefined index: EIntervalTime' 文件：D:\project\dsm\Core\Runtime\Tpl\2dd33786e5b9d525999e8f13064b06cb.cache 第【619】行 时间：2015-09-10 10:56:02
'Undefined index: EDelTime' 文件：D:\project\dsm\Core\Runtime\Tpl\2dd33786e5b9d525999e8f13064b06cb.cache 第【626】行 时间：2015-09-10 10:56:02
'Undefined index: EDelTime' 文件：D:\project\dsm\Core\Runtime\Tpl\2dd33786e5b9d525999e8f13064b06cb.cache 第【627】行 时间：2015-09-10 10:56:02
'Undefined index: ESuffix' 文件：D:\project\dsm\Core\Runtime\Tpl\2dd33786e5b9d525999e8f13064b06cb.cache 第【635】行 时间：2015-09-10 10:56:02
'implode(): Invalid arguments passed' 文件：D:\project\dsm\Core\Runtime\Tpl\2dd33786e5b9d525999e8f13064b06cb.cache 第【635】行 时间：2015-09-10 10:56:02
'Undefined index: DMaxSize' 文件：D:\project\dsm\Core\Runtime\Tpl\2dd33786e5b9d525999e8f13064b06cb.cache 第【655】行 时间：2015-09-10 10:56:02
'Undefined index: DIntervalTime' 文件：D:\project\dsm\Core\Runtime\Tpl\2dd33786e5b9d525999e8f13064b06cb.cache 第【660】行 时间：2015-09-10 10:56:02
'Undefined index: DIntervalTime' 文件：D:\project\dsm\Core\Runtime\Tpl\2dd33786e5b9d525999e8f13064b06cb.cache 第【661】行 时间：2015-09-10 10:56:02
'Undefined index: DSentensPer' 文件：D:\project\dsm\Core\Runtime\Tpl\2dd33786e5b9d525999e8f13064b06cb.cache 第【667】行 时间：2015-09-10 10:56:02
'Undefined index: DSentensPer' 文件：D:\project\dsm\Core\Runtime\Tpl\2dd33786e5b9d525999e8f13064b06cb.cache 第【668】行 时间：2015-09-10 10:56:02
'Undefined index: DDelTime' 文件：D:\project\dsm\Core\Runtime\Tpl\2dd33786e5b9d525999e8f13064b06cb.cache 第【675】行 时间：2015-09-10 10:56:02
'Undefined index: DDelTime' 文件：D:\project\dsm\Core\Runtime\Tpl\2dd33786e5b9d525999e8f13064b06cb.cache 第【676】行 时间：2015-09-10 10:56:02
'Undefined index: DSuffix' 文件：D:\project\dsm\Core\Runtime\Tpl\2dd33786e5b9d525999e8f13064b06cb.cache 第【685】行 时间：2015-09-10 10:56:02
'implode(): Invalid arguments passed' 文件：D:\project\dsm\Core\Runtime\Tpl\2dd33786e5b9d525999e8f13064b06cb.cache 第【685】行 时间：2015-09-10 10:56:02
'array_merge(): Argument #2 is not an array' 文件：D:\project\dsm\Core\Controller\SettingController.class.php 第【92】行 时间：2015-09-10 10:56:28
'array_merge(): Argument #1 is not an array' 文件：D:\project\dsm\Core\Controller\SettingController.class.php 第【100】行 时间：2015-09-10 10:56:28
'array_merge(): Argument #1 is not an array' 文件：D:\project\dsm\Core\Controller\SettingController.class.php 第【109】行 时间：2015-09-10 10:56:28
'array_merge(): Argument #1 is not an array' 文件：D:\project\dsm\Core\Controller\SettingController.class.php 第【118】行 时间：2015-09-10 10:56:28
'Undefined index: SS_FILEOUT_AVAILABLE_TIME' 文件：D:\project\dsm\Core\Runtime\Tpl\2dd33786e5b9d525999e8f13064b06cb.cache 第【41】行 时间：2015-09-10 10:56:28
'Undefined index: SS_FILEOUT_AVAILABLE_TIMES' 文件：D:\project\dsm\Core\Runtime\Tpl\2dd33786e5b9d525999e8f13064b06cb.cache 第【45】行 时间：2015-09-10 10:56:28
'Undefined index: SS_FILEOUT_PWD' 文件：D:\project\dsm\Core\Common\template.php 第【59】行 时间：2015-09-10 10:56:28
'Undefined index: SS_FILEOUT_MACHINECODE' 文件：D:\project\dsm\Core\Common\template.php 第【59】行 时间：2015-09-10 10:56:28
'Undefined index: SS_FILEOUT_MAKEEXE' 文件：D:\project\dsm\Core\Common\template.php 第【59】行 时间：2015-09-10 10:56:28
'Undefined index: SS_FILEOUT_AUTODEL' 文件：D:\project\dsm\Core\Common\template.php 第【59】行 时间：2015-09-10 10:56:28
'Undefined index: SS_FILEOUT_MODIFY' 文件：D:\project\dsm\Core\Common\template.php 第【59】行 时间：2015-09-10 10:56:28
'Undefined index: SS_FILEOUT_PRINT' 文件：D:\project\dsm\Core\Common\template.php 第【59】行 时间：2015-09-10 10:56:28
'Undefined index: SS_FILEOUT_SHOWREMAINTIME' 文件：D:\project\dsm\Core\Common\template.php 第【59】行 时间：2015-09-10 10:56:28
'Undefined index: OfflineShortTime' 文件：D:\project\dsm\Core\Runtime\Tpl\2dd33786e5b9d525999e8f13064b06cb.cache 第【78】行 时间：2015-09-10 10:56:28
'Undefined index: CopyCount' 文件：D:\project\dsm\Core\Runtime\Tpl\2dd33786e5b9d525999e8f13064b06cb.cache 第【85】行 时间：2015-09-10 10:56:28
'Undefined index: CopyLength' 文件：D:\project\dsm\Core\Runtime\Tpl\2dd33786e5b9d525999e8f13064b06cb.cache 第【92】行 时间：2015-09-10 10:56:28
'Undefined index: WaterMarkStr' 文件：D:\project\dsm\Core\Runtime\Tpl\2dd33786e5b9d525999e8f13064b06cb.cache 第【100】行 时间：2015-09-10 10:56:28
'Trying to get property of non-object' 文件：D:\project\dsm\Core\Runtime\Tpl\2dd33786e5b9d525999e8f13064b06cb.cache 第【439】行 时间：2015-09-10 10:56:28
'Trying to get property of non-object' 文件：D:\project\dsm\Core\Runtime\Tpl\2dd33786e5b9d525999e8f13064b06cb.cache 第【446】行 时间：2015-09-10 10:56:28
'Trying to get property of non-object' 文件：D:\project\dsm\Core\Runtime\Tpl\2dd33786e5b9d525999e8f13064b06cb.cache 第【452】行 时间：2015-09-10 10:56:28
'Trying to get property of non-object' 文件：D:\project\dsm\Core\Runtime\Tpl\2dd33786e5b9d525999e8f13064b06cb.cache 第【458】行 时间：2015-09-10 10:56:28
'Undefined index: TickTime' 文件：D:\project\dsm\Core\Runtime\Tpl\2dd33786e5b9d525999e8f13064b06cb.cache 第【527】行 时间：2015-09-10 10:56:28
'Undefined index: TickTime' 文件：D:\project\dsm\Core\Runtime\Tpl\2dd33786e5b9d525999e8f13064b06cb.cache 第【528】行 时间：2015-09-10 10:56:28
'Undefined index: ESentensPer' 文件：D:\project\dsm\Core\Runtime\Tpl\2dd33786e5b9d525999e8f13064b06cb.cache 第【572】行 时间：2015-09-10 10:56:28
'Undefined index: ESentensPer' 文件：D:\project\dsm\Core\Runtime\Tpl\2dd33786e5b9d525999e8f13064b06cb.cache 第【573】行 时间：2015-09-10 10:56:28
'Undefined index: NMaxSize' 文件：D:\project\dsm\Core\Runtime\Tpl\2dd33786e5b9d525999e8f13064b06cb.cache 第【579】行 时间：2015-09-10 10:56:28
'Undefined index: NIntervalTime' 文件：D:\project\dsm\Core\Runtime\Tpl\2dd33786e5b9d525999e8f13064b06cb.cache 第【584】行 时间：2015-09-10 10:56:28
'Undefined index: NIntervalTime' 文件：D:\project\dsm\Core\Runtime\Tpl\2dd33786e5b9d525999e8f13064b06cb.cache 第【585】行 时间：2015-09-10 10:56:28
'Undefined index: NSuffix' 文件：D:\project\dsm\Core\Runtime\Tpl\2dd33786e5b9d525999e8f13064b06cb.cache 第【592】行 时间：2015-09-10 10:56:28
'implode(): Invalid arguments passed' 文件：D:\project\dsm\Core\Runtime\Tpl\2dd33786e5b9d525999e8f13064b06cb.cache 第【592】行 时间：2015-09-10 10:56:28
'Undefined index: EMaxSize' 文件：D:\project\dsm\Core\Runtime\Tpl\2dd33786e5b9d525999e8f13064b06cb.cache 第【612】行 时间：2015-09-10 10:56:28
'Undefined index: EIntervalTime' 文件：D:\project\dsm\Core\Runtime\Tpl\2dd33786e5b9d525999e8f13064b06cb.cache 第【618】行 时间：2015-09-10 10:56:28
'Undefined index: EIntervalTime' 文件：D:\project\dsm\Core\Runtime\Tpl\2dd33786e5b9d525999e8f13064b06cb.cache 第【619】行 时间：2015-09-10 10:56:28
'Undefined index: EDelTime' 文件：D:\project\dsm\Core\Runtime\Tpl\2dd33786e5b9d525999e8f13064b06cb.cache 第【626】行 时间：2015-09-10 10:56:28
'Undefined index: EDelTime' 文件：D:\project\dsm\Core\Runtime\Tpl\2dd33786e5b9d525999e8f13064b06cb.cache 第【627】行 时间：2015-09-10 10:56:28
'Undefined index: ESuffix' 文件：D:\project\dsm\Core\Runtime\Tpl\2dd33786e5b9d525999e8f13064b06cb.cache 第【635】行 时间：2015-09-10 10:56:29
'implode(): Invalid arguments passed' 文件：D:\project\dsm\Core\Runtime\Tpl\2dd33786e5b9d525999e8f13064b06cb.cache 第【635】行 时间：2015-09-10 10:56:29
'Undefined index: DMaxSize' 文件：D:\project\dsm\Core\Runtime\Tpl\2dd33786e5b9d525999e8f13064b06cb.cache 第【655】行 时间：2015-09-10 10:56:29
'Undefined index: DIntervalTime' 文件：D:\project\dsm\Core\Runtime\Tpl\2dd33786e5b9d525999e8f13064b06cb.cache 第【660】行 时间：2015-09-10 10:56:29
'Undefined index: DIntervalTime' 文件：D:\project\dsm\Core\Runtime\Tpl\2dd33786e5b9d525999e8f13064b06cb.cache 第【661】行 时间：2015-09-10 10:56:29
'Undefined index: DSentensPer' 文件：D:\project\dsm\Core\Runtime\Tpl\2dd33786e5b9d525999e8f13064b06cb.cache 第【667】行 时间：2015-09-10 10:56:29
'Undefined index: DSentensPer' 文件：D:\project\dsm\Core\Runtime\Tpl\2dd33786e5b9d525999e8f13064b06cb.cache 第【668】行 时间：2015-09-10 10:56:29
'Undefined index: DDelTime' 文件：D:\project\dsm\Core\Runtime\Tpl\2dd33786e5b9d525999e8f13064b06cb.cache 第【675】行 时间：2015-09-10 10:56:29
'Undefined index: DDelTime' 文件：D:\project\dsm\Core\Runtime\Tpl\2dd33786e5b9d525999e8f13064b06cb.cache 第【676】行 时间：2015-09-10 10:56:29
'Undefined index: DSuffix' 文件：D:\project\dsm\Core\Runtime\Tpl\2dd33786e5b9d525999e8f13064b06cb.cache 第【685】行 时间：2015-09-10 10:56:29
'implode(): Invalid arguments passed' 文件：D:\project\dsm\Core\Runtime\Tpl\2dd33786e5b9d525999e8f13064b06cb.cache 第【685】行 时间：2015-09-10 10:56:29
'Invalid argument supplied for foreach()' 文件：D:\project\dsm\Core\Controller\BehaviorControlController.class.php 第【45】行 时间：2015-09-10 11:00:41
'Invalid argument supplied for foreach()' 文件：D:\project\dsm\Core\Controller\BehaviorControlController.class.php 第【45】行 时间：2015-09-10 11:00:41
'Invalid argument supplied for foreach()' 文件：D:\project\dsm\Core\Controller\BehaviorControlController.class.php 第【45】行 时间：2015-09-10 11:00:41
'Invalid argument supplied for foreach()' 文件：D:\project\dsm\Core\Controller\BehaviorControlController.class.php 第【45】行 时间：2015-09-10 11:00:41
'array_merge(): Argument #2 is not an array' 文件：D:\project\dsm\Core\Controller\SettingController.class.php 第【92】行 时间：2015-09-10 11:00:47
'array_merge(): Argument #1 is not an array' 文件：D:\project\dsm\Core\Controller\SettingController.class.php 第【100】行 时间：2015-09-10 11:00:47
'array_merge(): Argument #1 is not an array' 文件：D:\project\dsm\Core\Controller\SettingController.class.php 第【109】行 时间：2015-09-10 11:00:47
'array_merge(): Argument #1 is not an array' 文件：D:\project\dsm\Core\Controller\SettingController.class.php 第【118】行 时间：2015-09-10 11:00:47
'Undefined index: SS_FILEOUT_AVAILABLE_TIME' 文件：D:\project\dsm\Core\Runtime\Tpl\2dd33786e5b9d525999e8f13064b06cb.cache 第【41】行 时间：2015-09-10 11:00:47
'Undefined index: SS_FILEOUT_AVAILABLE_TIMES' 文件：D:\project\dsm\Core\Runtime\Tpl\2dd33786e5b9d525999e8f13064b06cb.cache 第【45】行 时间：2015-09-10 11:00:47
'Undefined index: SS_FILEOUT_PWD' 文件：D:\project\dsm\Core\Common\template.php 第【59】行 时间：2015-09-10 11:00:47
'Undefined index: SS_FILEOUT_MACHINECODE' 文件：D:\project\dsm\Core\Common\template.php 第【59】行 时间：2015-09-10 11:00:47
'Undefined index: SS_FILEOUT_MAKEEXE' 文件：D:\project\dsm\Core\Common\template.php 第【59】行 时间：2015-09-10 11:00:47
'Undefined index: SS_FILEOUT_AUTODEL' 文件：D:\project\dsm\Core\Common\template.php 第【59】行 时间：2015-09-10 11:00:47
'Undefined index: SS_FILEOUT_MODIFY' 文件：D:\project\dsm\Core\Common\template.php 第【59】行 时间：2015-09-10 11:00:47
'Undefined index: SS_FILEOUT_PRINT' 文件：D:\project\dsm\Core\Common\template.php 第【59】行 时间：2015-09-10 11:00:47
'Undefined index: SS_FILEOUT_SHOWREMAINTIME' 文件：D:\project\dsm\Core\Common\template.php 第【59】行 时间：2015-09-10 11:00:47
'Undefined index: OfflineShortTime' 文件：D:\project\dsm\Core\Runtime\Tpl\2dd33786e5b9d525999e8f13064b06cb.cache 第【78】行 时间：2015-09-10 11:00:47
'Undefined index: CopyCount' 文件：D:\project\dsm\Core\Runtime\Tpl\2dd33786e5b9d525999e8f13064b06cb.cache 第【85】行 时间：2015-09-10 11:00:47
'Undefined index: CopyLength' 文件：D:\project\dsm\Core\Runtime\Tpl\2dd33786e5b9d525999e8f13064b06cb.cache 第【92】行 时间：2015-09-10 11:00:47
'Undefined index: WaterMarkStr' 文件：D:\project\dsm\Core\Runtime\Tpl\2dd33786e5b9d525999e8f13064b06cb.cache 第【100】行 时间：2015-09-10 11:00:48
'Trying to get property of non-object' 文件：D:\project\dsm\Core\Runtime\Tpl\2dd33786e5b9d525999e8f13064b06cb.cache 第【439】行 时间：2015-09-10 11:00:48
'Trying to get property of non-object' 文件：D:\project\dsm\Core\Runtime\Tpl\2dd33786e5b9d525999e8f13064b06cb.cache 第【446】行 时间：2015-09-10 11:00:48
'Trying to get property of non-object' 文件：D:\project\dsm\Core\Runtime\Tpl\2dd33786e5b9d525999e8f13064b06cb.cache 第【452】行 时间：2015-09-10 11:00:48
'Trying to get property of non-object' 文件：D:\project\dsm\Core\Runtime\Tpl\2dd33786e5b9d525999e8f13064b06cb.cache 第【458】行 时间：2015-09-10 11:00:48
'Undefined index: TickTime' 文件：D:\project\dsm\Core\Runtime\Tpl\2dd33786e5b9d525999e8f13064b06cb.cache 第【527】行 时间：2015-09-10 11:00:48
'Undefined index: TickTime' 文件：D:\project\dsm\Core\Runtime\Tpl\2dd33786e5b9d525999e8f13064b06cb.cache 第【528】行 时间：2015-09-10 11:00:48
'Undefined index: ESentensPer' 文件：D:\project\dsm\Core\Runtime\Tpl\2dd33786e5b9d525999e8f13064b06cb.cache 第【572】行 时间：2015-09-10 11:00:48
'Undefined index: ESentensPer' 文件：D:\project\dsm\Core\Runtime\Tpl\2dd33786e5b9d525999e8f13064b06cb.cache 第【573】行 时间：2015-09-10 11:00:48
'Undefined index: NMaxSize' 文件：D:\project\dsm\Core\Runtime\Tpl\2dd33786e5b9d525999e8f13064b06cb.cache 第【579】行 时间：2015-09-10 11:00:48
'Undefined index: NIntervalTime' 文件：D:\project\dsm\Core\Runtime\Tpl\2dd33786e5b9d525999e8f13064b06cb.cache 第【584】行 时间：2015-09-10 11:00:48
'Undefined index: NIntervalTime' 文件：D:\project\dsm\Core\Runtime\Tpl\2dd33786e5b9d525999e8f13064b06cb.cache 第【585】行 时间：2015-09-10 11:00:48
'Undefined index: NSuffix' 文件：D:\project\dsm\Core\Runtime\Tpl\2dd33786e5b9d525999e8f13064b06cb.cache 第【592】行 时间：2015-09-10 11:00:48
'implode(): Invalid arguments passed' 文件：D:\project\dsm\Core\Runtime\Tpl\2dd33786e5b9d525999e8f13064b06cb.cache 第【592】行 时间：2015-09-10 11:00:48
'Undefined index: EMaxSize' 文件：D:\project\dsm\Core\Runtime\Tpl\2dd33786e5b9d525999e8f13064b06cb.cache 第【612】行 时间：2015-09-10 11:00:48
'Undefined index: EIntervalTime' 文件：D:\project\dsm\Core\Runtime\Tpl\2dd33786e5b9d525999e8f13064b06cb.cache 第【618】行 时间：2015-09-10 11:00:48
'Undefined index: EIntervalTime' 文件：D:\project\dsm\Core\Runtime\Tpl\2dd33786e5b9d525999e8f13064b06cb.cache 第【619】行 时间：2015-09-10 11:00:48
'Undefined index: EDelTime' 文件：D:\project\dsm\Core\Runtime\Tpl\2dd33786e5b9d525999e8f13064b06cb.cache 第【626】行 时间：2015-09-10 11:00:48
'Undefined index: EDelTime' 文件：D:\project\dsm\Core\Runtime\Tpl\2dd33786e5b9d525999e8f13064b06cb.cache 第【627】行 时间：2015-09-10 11:00:48
'Undefined index: ESuffix' 文件：D:\project\dsm\Core\Runtime\Tpl\2dd33786e5b9d525999e8f13064b06cb.cache 第【635】行 时间：2015-09-10 11:00:48
'implode(): Invalid arguments passed' 文件：D:\project\dsm\Core\Runtime\Tpl\2dd33786e5b9d525999e8f13064b06cb.cache 第【635】行 时间：2015-09-10 11:00:48
'Undefined index: DMaxSize' 文件：D:\project\dsm\Core\Runtime\Tpl\2dd33786e5b9d525999e8f13064b06cb.cache 第【655】行 时间：2015-09-10 11:00:48
'Undefined index: DIntervalTime' 文件：D:\project\dsm\Core\Runtime\Tpl\2dd33786e5b9d525999e8f13064b06cb.cache 第【660】行 时间：2015-09-10 11:00:48
'Undefined index: DIntervalTime' 文件：D:\project\dsm\Core\Runtime\Tpl\2dd33786e5b9d525999e8f13064b06cb.cache 第【661】行 时间：2015-09-10 11:00:48
'Undefined index: DSentensPer' 文件：D:\project\dsm\Core\Runtime\Tpl\2dd33786e5b9d525999e8f13064b06cb.cache 第【667】行 时间：2015-09-10 11:00:48
'Undefined index: DSentensPer' 文件：D:\project\dsm\Core\Runtime\Tpl\2dd33786e5b9d525999e8f13064b06cb.cache 第【668】行 时间：2015-09-10 11:00:48
'Undefined index: DDelTime' 文件：D:\project\dsm\Core\Runtime\Tpl\2dd33786e5b9d525999e8f13064b06cb.cache 第【675】行 时间：2015-09-10 11:00:48
'Undefined index: DDelTime' 文件：D:\project\dsm\Core\Runtime\Tpl\2dd33786e5b9d525999e8f13064b06cb.cache 第【676】行 时间：2015-09-10 11:00:48
'Undefined index: DSuffix' 文件：D:\project\dsm\Core\Runtime\Tpl\2dd33786e5b9d525999e8f13064b06cb.cache 第【685】行 时间：2015-09-10 11:00:48
'implode(): Invalid arguments passed' 文件：D:\project\dsm\Core\Runtime\Tpl\2dd33786e5b9d525999e8f13064b06cb.cache 第【685】行 时间：2015-09-10 11:00:48
'array_merge(): Argument #2 is not an array' 文件：D:\project\dsm\Core\Controller\SettingController.class.php 第【92】行 时间：2015-09-10 11:06:45
'array_merge(): Argument #1 is not an array' 文件：D:\project\dsm\Core\Controller\SettingController.class.php 第【100】行 时间：2015-09-10 11:06:45
'array_merge(): Argument #1 is not an array' 文件：D:\project\dsm\Core\Controller\SettingController.class.php 第【109】行 时间：2015-09-10 11:06:45
'array_merge(): Argument #1 is not an array' 文件：D:\project\dsm\Core\Controller\SettingController.class.php 第【118】行 时间：2015-09-10 11:06:45
'Undefined index: SS_FILEOUT_AVAILABLE_TIME' 文件：D:\project\dsm\Core\Runtime\Tpl\2dd33786e5b9d525999e8f13064b06cb.cache 第【41】行 时间：2015-09-10 11:06:45
'Undefined index: SS_FILEOUT_AVAILABLE_TIMES' 文件：D:\project\dsm\Core\Runtime\Tpl\2dd33786e5b9d525999e8f13064b06cb.cache 第【45】行 时间：2015-09-10 11:06:45
'Undefined index: SS_FILEOUT_PWD' 文件：D:\project\dsm\Core\Common\template.php 第【59】行 时间：2015-09-10 11:06:45
'Undefined index: SS_FILEOUT_MACHINECODE' 文件：D:\project\dsm\Core\Common\template.php 第【59】行 时间：2015-09-10 11:06:45
'Undefined index: SS_FILEOUT_MAKEEXE' 文件：D:\project\dsm\Core\Common\template.php 第【59】行 时间：2015-09-10 11:06:45
'Undefined index: SS_FILEOUT_AUTODEL' 文件：D:\project\dsm\Core\Common\template.php 第【59】行 时间：2015-09-10 11:06:45
'Undefined index: SS_FILEOUT_MODIFY' 文件：D:\project\dsm\Core\Common\template.php 第【59】行 时间：2015-09-10 11:06:45
'Undefined index: SS_FILEOUT_PRINT' 文件：D:\project\dsm\Core\Common\template.php 第【59】行 时间：2015-09-10 11:06:45
'Undefined index: SS_FILEOUT_SHOWREMAINTIME' 文件：D:\project\dsm\Core\Common\template.php 第【59】行 时间：2015-09-10 11:06:45
'Undefined index: OfflineShortTime' 文件：D:\project\dsm\Core\Runtime\Tpl\2dd33786e5b9d525999e8f13064b06cb.cache 第【78】行 时间：2015-09-10 11:06:45
'Undefined index: CopyCount' 文件：D:\project\dsm\Core\Runtime\Tpl\2dd33786e5b9d525999e8f13064b06cb.cache 第【85】行 时间：2015-09-10 11:06:45
'Undefined index: CopyLength' 文件：D:\project\dsm\Core\Runtime\Tpl\2dd33786e5b9d525999e8f13064b06cb.cache 第【92】行 时间：2015-09-10 11:06:45
'Undefined index: WaterMarkStr' 文件：D:\project\dsm\Core\Runtime\Tpl\2dd33786e5b9d525999e8f13064b06cb.cache 第【100】行 时间：2015-09-10 11:06:45
'Trying to get property of non-object' 文件：D:\project\dsm\Core\Runtime\Tpl\2dd33786e5b9d525999e8f13064b06cb.cache 第【439】行 时间：2015-09-10 11:06:45
'Trying to get property of non-object' 文件：D:\project\dsm\Core\Runtime\Tpl\2dd33786e5b9d525999e8f13064b06cb.cache 第【446】行 时间：2015-09-10 11:06:45
'Trying to get property of non-object' 文件：D:\project\dsm\Core\Runtime\Tpl\2dd33786e5b9d525999e8f13064b06cb.cache 第【452】行 时间：2015-09-10 11:06:45
'Trying to get property of non-object' 文件：D:\project\dsm\Core\Runtime\Tpl\2dd33786e5b9d525999e8f13064b06cb.cache 第【458】行 时间：2015-09-10 11:06:45
'Undefined index: TickTime' 文件：D:\project\dsm\Core\Runtime\Tpl\2dd33786e5b9d525999e8f13064b06cb.cache 第【527】行 时间：2015-09-10 11:06:45
'Undefined index: TickTime' 文件：D:\project\dsm\Core\Runtime\Tpl\2dd33786e5b9d525999e8f13064b06cb.cache 第【528】行 时间：2015-09-10 11:06:45
'Undefined index: ESentensPer' 文件：D:\project\dsm\Core\Runtime\Tpl\2dd33786e5b9d525999e8f13064b06cb.cache 第【572】行 时间：2015-09-10 11:06:45
'Undefined index: ESentensPer' 文件：D:\project\dsm\Core\Runtime\Tpl\2dd33786e5b9d525999e8f13064b06cb.cache 第【573】行 时间：2015-09-10 11:06:45
'Undefined index: NMaxSize' 文件：D:\project\dsm\Core\Runtime\Tpl\2dd33786e5b9d525999e8f13064b06cb.cache 第【579】行 时间：2015-09-10 11:06:45
'Undefined index: NIntervalTime' 文件：D:\project\dsm\Core\Runtime\Tpl\2dd33786e5b9d525999e8f13064b06cb.cache 第【584】行 时间：2015-09-10 11:06:45
'Undefined index: NIntervalTime' 文件：D:\project\dsm\Core\Runtime\Tpl\2dd33786e5b9d525999e8f13064b06cb.cache 第【585】行 时间：2015-09-10 11:06:45
'Undefined index: NSuffix' 文件：D:\project\dsm\Core\Runtime\Tpl\2dd33786e5b9d525999e8f13064b06cb.cache 第【592】行 时间：2015-09-10 11:06:45
'implode(): Invalid arguments passed' 文件：D:\project\dsm\Core\Runtime\Tpl\2dd33786e5b9d525999e8f13064b06cb.cache 第【592】行 时间：2015-09-10 11:06:45
'Undefined index: EMaxSize' 文件：D:\project\dsm\Core\Runtime\Tpl\2dd33786e5b9d525999e8f13064b06cb.cache 第【612】行 时间：2015-09-10 11:06:45
'Undefined index: EIntervalTime' 文件：D:\project\dsm\Core\Runtime\Tpl\2dd33786e5b9d525999e8f13064b06cb.cache 第【618】行 时间：2015-09-10 11:06:45
'Undefined index: EIntervalTime' 文件：D:\project\dsm\Core\Runtime\Tpl\2dd33786e5b9d525999e8f13064b06cb.cache 第【619】行 时间：2015-09-10 11:06:45
'Undefined index: EDelTime' 文件：D:\project\dsm\Core\Runtime\Tpl\2dd33786e5b9d525999e8f13064b06cb.cache 第【626】行 时间：2015-09-10 11:06:45
'Undefined index: EDelTime' 文件：D:\project\dsm\Core\Runtime\Tpl\2dd33786e5b9d525999e8f13064b06cb.cache 第【627】行 时间：2015-09-10 11:06:45
'Undefined index: ESuffix' 文件：D:\project\dsm\Core\Runtime\Tpl\2dd33786e5b9d525999e8f13064b06cb.cache 第【635】行 时间：2015-09-10 11:06:45
'implode(): Invalid arguments passed' 文件：D:\project\dsm\Core\Runtime\Tpl\2dd33786e5b9d525999e8f13064b06cb.cache 第【635】行 时间：2015-09-10 11:06:45
'Undefined index: DMaxSize' 文件：D:\project\dsm\Core\Runtime\Tpl\2dd33786e5b9d525999e8f13064b06cb.cache 第【655】行 时间：2015-09-10 11:06:45
'Undefined index: DIntervalTime' 文件：D:\project\dsm\Core\Runtime\Tpl\2dd33786e5b9d525999e8f13064b06cb.cache 第【660】行 时间：2015-09-10 11:06:45
'Undefined index: DIntervalTime' 文件：D:\project\dsm\Core\Runtime\Tpl\2dd33786e5b9d525999e8f13064b06cb.cache 第【661】行 时间：2015-09-10 11:06:45
'Undefined index: DSentensPer' 文件：D:\project\dsm\Core\Runtime\Tpl\2dd33786e5b9d525999e8f13064b06cb.cache 第【667】行 时间：2015-09-10 11:06:45
'Undefined index: DSentensPer' 文件：D:\project\dsm\Core\Runtime\Tpl\2dd33786e5b9d525999e8f13064b06cb.cache 第【668】行 时间：2015-09-10 11:06:45
'Undefined index: DDelTime' 文件：D:\project\dsm\Core\Runtime\Tpl\2dd33786e5b9d525999e8f13064b06cb.cache 第【675】行 时间：2015-09-10 11:06:46
'Undefined index: DDelTime' 文件：D:\project\dsm\Core\Runtime\Tpl\2dd33786e5b9d525999e8f13064b06cb.cache 第【676】行 时间：2015-09-10 11:06:46
'Undefined index: DSuffix' 文件：D:\project\dsm\Core\Runtime\Tpl\2dd33786e5b9d525999e8f13064b06cb.cache 第【685】行 时间：2015-09-10 11:06:46
'implode(): Invalid arguments passed' 文件：D:\project\dsm\Core\Runtime\Tpl\2dd33786e5b9d525999e8f13064b06cb.cache 第【685】行 时间：2015-09-10 11:06:46
'array_merge(): Argument #2 is not an array' 文件：D:\project\dsm\Core\Controller\SettingController.class.php 第【92】行 时间：2015-09-10 11:42:59
'array_merge(): Argument #1 is not an array' 文件：D:\project\dsm\Core\Controller\SettingController.class.php 第【100】行 时间：2015-09-10 11:42:59
'array_merge(): Argument #1 is not an array' 文件：D:\project\dsm\Core\Controller\SettingController.class.php 第【109】行 时间：2015-09-10 11:42:59
'array_merge(): Argument #1 is not an array' 文件：D:\project\dsm\Core\Controller\SettingController.class.php 第【118】行 时间：2015-09-10 11:42:59
'Undefined index: SS_FILEOUT_AVAILABLE_TIME' 文件：D:\project\dsm\Core\Runtime\Tpl\2dd33786e5b9d525999e8f13064b06cb.cache 第【41】行 时间：2015-09-10 11:42:59
'Undefined index: SS_FILEOUT_AVAILABLE_TIMES' 文件：D:\project\dsm\Core\Runtime\Tpl\2dd33786e5b9d525999e8f13064b06cb.cache 第【45】行 时间：2015-09-10 11:42:59
'Undefined index: SS_FILEOUT_PWD' 文件：D:\project\dsm\Core\Common\template.php 第【59】行 时间：2015-09-10 11:42:59
'Undefined index: SS_FILEOUT_MACHINECODE' 文件：D:\project\dsm\Core\Common\template.php 第【59】行 时间：2015-09-10 11:42:59
'Undefined index: SS_FILEOUT_MAKEEXE' 文件：D:\project\dsm\Core\Common\template.php 第【59】行 时间：2015-09-10 11:42:59
'Undefined index: SS_FILEOUT_AUTODEL' 文件：D:\project\dsm\Core\Common\template.php 第【59】行 时间：2015-09-10 11:42:59
'Undefined index: SS_FILEOUT_MODIFY' 文件：D:\project\dsm\Core\Common\template.php 第【59】行 时间：2015-09-10 11:42:59
'Undefined index: SS_FILEOUT_PRINT' 文件：D:\project\dsm\Core\Common\template.php 第【59】行 时间：2015-09-10 11:42:59
'Undefined index: SS_FILEOUT_SHOWREMAINTIME' 文件：D:\project\dsm\Core\Common\template.php 第【59】行 时间：2015-09-10 11:42:59
'Undefined index: OfflineShortTime' 文件：D:\project\dsm\Core\Runtime\Tpl\2dd33786e5b9d525999e8f13064b06cb.cache 第【78】行 时间：2015-09-10 11:42:59
'Undefined index: CopyCount' 文件：D:\project\dsm\Core\Runtime\Tpl\2dd33786e5b9d525999e8f13064b06cb.cache 第【85】行 时间：2015-09-10 11:42:59
'Undefined index: CopyLength' 文件：D:\project\dsm\Core\Runtime\Tpl\2dd33786e5b9d525999e8f13064b06cb.cache 第【92】行 时间：2015-09-10 11:42:59
'Undefined index: WaterMarkStr' 文件：D:\project\dsm\Core\Runtime\Tpl\2dd33786e5b9d525999e8f13064b06cb.cache 第【100】行 时间：2015-09-10 11:42:59
'Trying to get property of non-object' 文件：D:\project\dsm\Core\Runtime\Tpl\2dd33786e5b9d525999e8f13064b06cb.cache 第【439】行 时间：2015-09-10 11:42:59
'Trying to get property of non-object' 文件：D:\project\dsm\Core\Runtime\Tpl\2dd33786e5b9d525999e8f13064b06cb.cache 第【446】行 时间：2015-09-10 11:42:59
'Trying to get property of non-object' 文件：D:\project\dsm\Core\Runtime\Tpl\2dd33786e5b9d525999e8f13064b06cb.cache 第【452】行 时间：2015-09-10 11:42:59
'Trying to get property of non-object' 文件：D:\project\dsm\Core\Runtime\Tpl\2dd33786e5b9d525999e8f13064b06cb.cache 第【458】行 时间：2015-09-10 11:42:59
'Undefined index: TickTime' 文件：D:\project\dsm\Core\Runtime\Tpl\2dd33786e5b9d525999e8f13064b06cb.cache 第【527】行 时间：2015-09-10 11:42:59
'Undefined index: TickTime' 文件：D:\project\dsm\Core\Runtime\Tpl\2dd33786e5b9d525999e8f13064b06cb.cache 第【528】行 时间：2015-09-10 11:42:59
'Undefined index: ESentensPer' 文件：D:\project\dsm\Core\Runtime\Tpl\2dd33786e5b9d525999e8f13064b06cb.cache 第【572】行 时间：2015-09-10 11:42:59
'Undefined index: ESentensPer' 文件：D:\project\dsm\Core\Runtime\Tpl\2dd33786e5b9d525999e8f13064b06cb.cache 第【573】行 时间：2015-09-10 11:42:59
'Undefined index: NMaxSize' 文件：D:\project\dsm\Core\Runtime\Tpl\2dd33786e5b9d525999e8f13064b06cb.cache 第【579】行 时间：2015-09-10 11:42:59
'Undefined index: NIntervalTime' 文件：D:\project\dsm\Core\Runtime\Tpl\2dd33786e5b9d525999e8f13064b06cb.cache 第【584】行 时间：2015-09-10 11:42:59
'Undefined index: NIntervalTime' 文件：D:\project\dsm\Core\Runtime\Tpl\2dd33786e5b9d525999e8f13064b06cb.cache 第【585】行 时间：2015-09-10 11:42:59
'Undefined index: NSuffix' 文件：D:\project\dsm\Core\Runtime\Tpl\2dd33786e5b9d525999e8f13064b06cb.cache 第【592】行 时间：2015-09-10 11:42:59
'implode(): Invalid arguments passed' 文件：D:\project\dsm\Core\Runtime\Tpl\2dd33786e5b9d525999e8f13064b06cb.cache 第【592】行 时间：2015-09-10 11:42:59
'Undefined index: EMaxSize' 文件：D:\project\dsm\Core\Runtime\Tpl\2dd33786e5b9d525999e8f13064b06cb.cache 第【612】行 时间：2015-09-10 11:42:59
'Undefined index: EIntervalTime' 文件：D:\project\dsm\Core\Runtime\Tpl\2dd33786e5b9d525999e8f13064b06cb.cache 第【618】行 时间：2015-09-10 11:42:59
'Undefined index: EIntervalTime' 文件：D:\project\dsm\Core\Runtime\Tpl\2dd33786e5b9d525999e8f13064b06cb.cache 第【619】行 时间：2015-09-10 11:42:59
'Undefined index: EDelTime' 文件：D:\project\dsm\Core\Runtime\Tpl\2dd33786e5b9d525999e8f13064b06cb.cache 第【626】行 时间：2015-09-10 11:42:59
'Undefined index: EDelTime' 文件：D:\project\dsm\Core\Runtime\Tpl\2dd33786e5b9d525999e8f13064b06cb.cache 第【627】行 时间：2015-09-10 11:42:59
'Undefined index: ESuffix' 文件：D:\project\dsm\Core\Runtime\Tpl\2dd33786e5b9d525999e8f13064b06cb.cache 第【635】行 时间：2015-09-10 11:42:59
'implode(): Invalid arguments passed' 文件：D:\project\dsm\Core\Runtime\Tpl\2dd33786e5b9d525999e8f13064b06cb.cache 第【635】行 时间：2015-09-10 11:42:59
'Undefined index: DMaxSize' 文件：D:\project\dsm\Core\Runtime\Tpl\2dd33786e5b9d525999e8f13064b06cb.cache 第【655】行 时间：2015-09-10 11:42:59
'Undefined index: DIntervalTime' 文件：D:\project\dsm\Core\Runtime\Tpl\2dd33786e5b9d525999e8f13064b06cb.cache 第【660】行 时间：2015-09-10 11:42:59
'Undefined index: DIntervalTime' 文件：D:\project\dsm\Core\Runtime\Tpl\2dd33786e5b9d525999e8f13064b06cb.cache 第【661】行 时间：2015-09-10 11:42:59
'Undefined index: DSentensPer' 文件：D:\project\dsm\Core\Runtime\Tpl\2dd33786e5b9d525999e8f13064b06cb.cache 第【667】行 时间：2015-09-10 11:42:59
'Undefined index: DSentensPer' 文件：D:\project\dsm\Core\Runtime\Tpl\2dd33786e5b9d525999e8f13064b06cb.cache 第【668】行 时间：2015-09-10 11:42:59
'Undefined index: DDelTime' 文件：D:\project\dsm\Core\Runtime\Tpl\2dd33786e5b9d525999e8f13064b06cb.cache 第【675】行 时间：2015-09-10 11:42:59
'Undefined index: DDelTime' 文件：D:\project\dsm\Core\Runtime\Tpl\2dd33786e5b9d525999e8f13064b06cb.cache 第【676】行 时间：2015-09-10 11:42:59
'Undefined index: DSuffix' 文件：D:\project\dsm\Core\Runtime\Tpl\2dd33786e5b9d525999e8f13064b06cb.cache 第【685】行 时间：2015-09-10 11:42:59
'implode(): Invalid arguments passed' 文件：D:\project\dsm\Core\Runtime\Tpl\2dd33786e5b9d525999e8f13064b06cb.cache 第【685】行 时间：2015-09-10 11:42:59
'Invalid argument supplied for foreach()' 文件：D:\project\dsm\Core\Controller\BehaviorControlController.class.php 第【45】行 时间：2015-09-10 17:12:00
'Invalid argument supplied for foreach()' 文件：D:\project\dsm\Core\Controller\BehaviorControlController.class.php 第【45】行 时间：2015-09-10 17:12:00
'Invalid argument supplied for foreach()' 文件：D:\project\dsm\Core\Controller\BehaviorControlController.class.php 第【45】行 时间：2015-09-10 17:12:00
'Invalid argument supplied for foreach()' 文件：D:\project\dsm\Core\Controller\BehaviorControlController.class.php 第【45】行 时间：2015-09-10 17:12:00
'array_merge(): Argument #2 is not an array' 文件：D:\project\dsm\Core\Controller\SettingController.class.php 第【92】行 时间：2015-09-10 17:12:04
'array_merge(): Argument #1 is not an array' 文件：D:\project\dsm\Core\Controller\SettingController.class.php 第【100】行 时间：2015-09-10 17:12:04
'array_merge(): Argument #1 is not an array' 文件：D:\project\dsm\Core\Controller\SettingController.class.php 第【109】行 时间：2015-09-10 17:12:04
'array_merge(): Argument #1 is not an array' 文件：D:\project\dsm\Core\Controller\SettingController.class.php 第【118】行 时间：2015-09-10 17:12:04
'Undefined index: SS_FILEOUT_AVAILABLE_TIME' 文件：D:\project\dsm\Core\Runtime\Tpl\2dd33786e5b9d525999e8f13064b06cb.cache 第【41】行 时间：2015-09-10 17:12:04
'Undefined index: SS_FILEOUT_AVAILABLE_TIMES' 文件：D:\project\dsm\Core\Runtime\Tpl\2dd33786e5b9d525999e8f13064b06cb.cache 第【45】行 时间：2015-09-10 17:12:04
'Undefined index: SS_FILEOUT_PWD' 文件：D:\project\dsm\Core\Common\template.php 第【59】行 时间：2015-09-10 17:12:04
'Undefined index: SS_FILEOUT_MACHINECODE' 文件：D:\project\dsm\Core\Common\template.php 第【59】行 时间：2015-09-10 17:12:04
'Undefined index: SS_FILEOUT_MAKEEXE' 文件：D:\project\dsm\Core\Common\template.php 第【59】行 时间：2015-09-10 17:12:04
'Undefined index: SS_FILEOUT_AUTODEL' 文件：D:\project\dsm\Core\Common\template.php 第【59】行 时间：2015-09-10 17:12:04
'Undefined index: SS_FILEOUT_MODIFY' 文件：D:\project\dsm\Core\Common\template.php 第【59】行 时间：2015-09-10 17:12:04
'Undefined index: SS_FILEOUT_PRINT' 文件：D:\project\dsm\Core\Common\template.php 第【59】行 时间：2015-09-10 17:12:04
'Undefined index: SS_FILEOUT_SHOWREMAINTIME' 文件：D:\project\dsm\Core\Common\template.php 第【59】行 时间：2015-09-10 17:12:04
'Undefined index: OfflineShortTime' 文件：D:\project\dsm\Core\Runtime\Tpl\2dd33786e5b9d525999e8f13064b06cb.cache 第【78】行 时间：2015-09-10 17:12:04
'Undefined index: CopyCount' 文件：D:\project\dsm\Core\Runtime\Tpl\2dd33786e5b9d525999e8f13064b06cb.cache 第【85】行 时间：2015-09-10 17:12:04
'Undefined index: CopyLength' 文件：D:\project\dsm\Core\Runtime\Tpl\2dd33786e5b9d525999e8f13064b06cb.cache 第【92】行 时间：2015-09-10 17:12:04
'Undefined index: WaterMarkStr' 文件：D:\project\dsm\Core\Runtime\Tpl\2dd33786e5b9d525999e8f13064b06cb.cache 第【100】行 时间：2015-09-10 17:12:04
'Trying to get property of non-object' 文件：D:\project\dsm\Core\Runtime\Tpl\2dd33786e5b9d525999e8f13064b06cb.cache 第【439】行 时间：2015-09-10 17:12:04
'Trying to get property of non-object' 文件：D:\project\dsm\Core\Runtime\Tpl\2dd33786e5b9d525999e8f13064b06cb.cache 第【446】行 时间：2015-09-10 17:12:04
'Trying to get property of non-object' 文件：D:\project\dsm\Core\Runtime\Tpl\2dd33786e5b9d525999e8f13064b06cb.cache 第【452】行 时间：2015-09-10 17:12:04
'Trying to get property of non-object' 文件：D:\project\dsm\Core\Runtime\Tpl\2dd33786e5b9d525999e8f13064b06cb.cache 第【458】行 时间：2015-09-10 17:12:04
'Undefined index: TickTime' 文件：D:\project\dsm\Core\Runtime\Tpl\2dd33786e5b9d525999e8f13064b06cb.cache 第【527】行 时间：2015-09-10 17:12:04
'Undefined index: TickTime' 文件：D:\project\dsm\Core\Runtime\Tpl\2dd33786e5b9d525999e8f13064b06cb.cache 第【528】行 时间：2015-09-10 17:12:04
'Undefined index: ESentensPer' 文件：D:\project\dsm\Core\Runtime\Tpl\2dd33786e5b9d525999e8f13064b06cb.cache 第【572】行 时间：2015-09-10 17:12:04
'Undefined index: ESentensPer' 文件：D:\project\dsm\Core\Runtime\Tpl\2dd33786e5b9d525999e8f13064b06cb.cache 第【573】行 时间：2015-09-10 17:12:04
'Undefined index: NMaxSize' 文件：D:\project\dsm\Core\Runtime\Tpl\2dd33786e5b9d525999e8f13064b06cb.cache 第【579】行 时间：2015-09-10 17:12:04
'Undefined index: NIntervalTime' 文件：D:\project\dsm\Core\Runtime\Tpl\2dd33786e5b9d525999e8f13064b06cb.cache 第【584】行 时间：2015-09-10 17:12:04
'Undefined index: NIntervalTime' 文件：D:\project\dsm\Core\Runtime\Tpl\2dd33786e5b9d525999e8f13064b06cb.cache 第【585】行 时间：2015-09-10 17:12:04
'Undefined index: NSuffix' 文件：D:\project\dsm\Core\Runtime\Tpl\2dd33786e5b9d525999e8f13064b06cb.cache 第【592】行 时间：2015-09-10 17:12:04
'implode(): Invalid arguments passed' 文件：D:\project\dsm\Core\Runtime\Tpl\2dd33786e5b9d525999e8f13064b06cb.cache 第【592】行 时间：2015-09-10 17:12:04
'Undefined index: EMaxSize' 文件：D:\project\dsm\Core\Runtime\Tpl\2dd33786e5b9d525999e8f13064b06cb.cache 第【612】行 时间：2015-09-10 17:12:04
'Undefined index: EIntervalTime' 文件：D:\project\dsm\Core\Runtime\Tpl\2dd33786e5b9d525999e8f13064b06cb.cache 第【618】行 时间：2015-09-10 17:12:04
'Undefined index: EIntervalTime' 文件：D:\project\dsm\Core\Runtime\Tpl\2dd33786e5b9d525999e8f13064b06cb.cache 第【619】行 时间：2015-09-10 17:12:04
'Undefined index: EDelTime' 文件：D:\project\dsm\Core\Runtime\Tpl\2dd33786e5b9d525999e8f13064b06cb.cache 第【626】行 时间：2015-09-10 17:12:04
'Undefined index: EDelTime' 文件：D:\project\dsm\Core\Runtime\Tpl\2dd33786e5b9d525999e8f13064b06cb.cache 第【627】行 时间：2015-09-10 17:12:04
'Undefined index: ESuffix' 文件：D:\project\dsm\Core\Runtime\Tpl\2dd33786e5b9d525999e8f13064b06cb.cache 第【635】行 时间：2015-09-10 17:12:04
'implode(): Invalid arguments passed' 文件：D:\project\dsm\Core\Runtime\Tpl\2dd33786e5b9d525999e8f13064b06cb.cache 第【635】行 时间：2015-09-10 17:12:04
'Undefined index: DMaxSize' 文件：D:\project\dsm\Core\Runtime\Tpl\2dd33786e5b9d525999e8f13064b06cb.cache 第【655】行 时间：2015-09-10 17:12:04
'Undefined index: DIntervalTime' 文件：D:\project\dsm\Core\Runtime\Tpl\2dd33786e5b9d525999e8f13064b06cb.cache 第【660】行 时间：2015-09-10 17:12:04
'Undefined index: DIntervalTime' 文件：D:\project\dsm\Core\Runtime\Tpl\2dd33786e5b9d525999e8f13064b06cb.cache 第【661】行 时间：2015-09-10 17:12:04
'Undefined index: DSentensPer' 文件：D:\project\dsm\Core\Runtime\Tpl\2dd33786e5b9d525999e8f13064b06cb.cache 第【667】行 时间：2015-09-10 17:12:04
'Undefined index: DSentensPer' 文件：D:\project\dsm\Core\Runtime\Tpl\2dd33786e5b9d525999e8f13064b06cb.cache 第【668】行 时间：2015-09-10 17:12:04
'Undefined index: DDelTime' 文件：D:\project\dsm\Core\Runtime\Tpl\2dd33786e5b9d525999e8f13064b06cb.cache 第【675】行 时间：2015-09-10 17:12:04
'Undefined index: DDelTime' 文件：D:\project\dsm\Core\Runtime\Tpl\2dd33786e5b9d525999e8f13064b06cb.cache 第【676】行 时间：2015-09-10 17:12:04
'Undefined index: DSuffix' 文件：D:\project\dsm\Core\Runtime\Tpl\2dd33786e5b9d525999e8f13064b06cb.cache 第【685】行 时间：2015-09-10 17:12:04
'implode(): Invalid arguments passed' 文件：D:\project\dsm\Core\Runtime\Tpl\2dd33786e5b9d525999e8f13064b06cb.cache 第【685】行 时间：2015-09-10 17:12:04
'array_merge(): Argument #2 is not an array' 文件：D:\project\dsm\Core\Controller\SettingController.class.php 第【92】行 时间：2015-09-10 17:12:18
'array_merge(): Argument #1 is not an array' 文件：D:\project\dsm\Core\Controller\SettingController.class.php 第【100】行 时间：2015-09-10 17:12:18
'array_merge(): Argument #1 is not an array' 文件：D:\project\dsm\Core\Controller\SettingController.class.php 第【109】行 时间：2015-09-10 17:12:18
'array_merge(): Argument #1 is not an array' 文件：D:\project\dsm\Core\Controller\SettingController.class.php 第【118】行 时间：2015-09-10 17:12:18
'Undefined index: SS_FILEOUT_AVAILABLE_TIME' 文件：D:\project\dsm\Core\Runtime\Tpl\2dd33786e5b9d525999e8f13064b06cb.cache 第【41】行 时间：2015-09-10 17:12:18
'Undefined index: SS_FILEOUT_AVAILABLE_TIMES' 文件：D:\project\dsm\Core\Runtime\Tpl\2dd33786e5b9d525999e8f13064b06cb.cache 第【45】行 时间：2015-09-10 17:12:18
'Undefined index: SS_FILEOUT_PWD' 文件：D:\project\dsm\Core\Common\template.php 第【59】行 时间：2015-09-10 17:12:18
'Undefined index: SS_FILEOUT_MACHINECODE' 文件：D:\project\dsm\Core\Common\template.php 第【59】行 时间：2015-09-10 17:12:18
'Undefined index: SS_FILEOUT_MAKEEXE' 文件：D:\project\dsm\Core\Common\template.php 第【59】行 时间：2015-09-10 17:12:18
'Undefined index: SS_FILEOUT_AUTODEL' 文件：D:\project\dsm\Core\Common\template.php 第【59】行 时间：2015-09-10 17:12:18
'Undefined index: SS_FILEOUT_MODIFY' 文件：D:\project\dsm\Core\Common\template.php 第【59】行 时间：2015-09-10 17:12:18
'Undefined index: SS_FILEOUT_PRINT' 文件：D:\project\dsm\Core\Common\template.php 第【59】行 时间：2015-09-10 17:12:18
'Undefined index: SS_FILEOUT_SHOWREMAINTIME' 文件：D:\project\dsm\Core\Common\template.php 第【59】行 时间：2015-09-10 17:12:18
'Undefined index: OfflineShortTime' 文件：D:\project\dsm\Core\Runtime\Tpl\2dd33786e5b9d525999e8f13064b06cb.cache 第【78】行 时间：2015-09-10 17:12:18
'Undefined index: CopyCount' 文件：D:\project\dsm\Core\Runtime\Tpl\2dd33786e5b9d525999e8f13064b06cb.cache 第【85】行 时间：2015-09-10 17:12:18
'Undefined index: CopyLength' 文件：D:\project\dsm\Core\Runtime\Tpl\2dd33786e5b9d525999e8f13064b06cb.cache 第【92】行 时间：2015-09-10 17:12:18
'Undefined index: WaterMarkStr' 文件：D:\project\dsm\Core\Runtime\Tpl\2dd33786e5b9d525999e8f13064b06cb.cache 第【100】行 时间：2015-09-10 17:12:18
'Trying to get property of non-object' 文件：D:\project\dsm\Core\Runtime\Tpl\2dd33786e5b9d525999e8f13064b06cb.cache 第【439】行 时间：2015-09-10 17:12:18
'Trying to get property of non-object' 文件：D:\project\dsm\Core\Runtime\Tpl\2dd33786e5b9d525999e8f13064b06cb.cache 第【446】行 时间：2015-09-10 17:12:18
'Trying to get property of non-object' 文件：D:\project\dsm\Core\Runtime\Tpl\2dd33786e5b9d525999e8f13064b06cb.cache 第【452】行 时间：2015-09-10 17:12:18
'Trying to get property of non-object' 文件：D:\project\dsm\Core\Runtime\Tpl\2dd33786e5b9d525999e8f13064b06cb.cache 第【458】行 时间：2015-09-10 17:12:18
'Undefined index: TickTime' 文件：D:\project\dsm\Core\Runtime\Tpl\2dd33786e5b9d525999e8f13064b06cb.cache 第【527】行 时间：2015-09-10 17:12:18
'Undefined index: TickTime' 文件：D:\project\dsm\Core\Runtime\Tpl\2dd33786e5b9d525999e8f13064b06cb.cache 第【528】行 时间：2015-09-10 17:12:18
'Undefined index: ESentensPer' 文件：D:\project\dsm\Core\Runtime\Tpl\2dd33786e5b9d525999e8f13064b06cb.cache 第【572】行 时间：2015-09-10 17:12:18
'Undefined index: ESentensPer' 文件：D:\project\dsm\Core\Runtime\Tpl\2dd33786e5b9d525999e8f13064b06cb.cache 第【573】行 时间：2015-09-10 17:12:18
'Undefined index: NMaxSize' 文件：D:\project\dsm\Core\Runtime\Tpl\2dd33786e5b9d525999e8f13064b06cb.cache 第【579】行 时间：2015-09-10 17:12:18
'Undefined index: NIntervalTime' 文件：D:\project\dsm\Core\Runtime\Tpl\2dd33786e5b9d525999e8f13064b06cb.cache 第【584】行 时间：2015-09-10 17:12:18
'Undefined index: NIntervalTime' 文件：D:\project\dsm\Core\Runtime\Tpl\2dd33786e5b9d525999e8f13064b06cb.cache 第【585】行 时间：2015-09-10 17:12:18
'Undefined index: NSuffix' 文件：D:\project\dsm\Core\Runtime\Tpl\2dd33786e5b9d525999e8f13064b06cb.cache 第【592】行 时间：2015-09-10 17:12:18
'implode(): Invalid arguments passed' 文件：D:\project\dsm\Core\Runtime\Tpl\2dd33786e5b9d525999e8f13064b06cb.cache 第【592】行 时间：2015-09-10 17:12:18
'Undefined index: EMaxSize' 文件：D:\project\dsm\Core\Runtime\Tpl\2dd33786e5b9d525999e8f13064b06cb.cache 第【612】行 时间：2015-09-10 17:12:18
'Undefined index: EIntervalTime' 文件：D:\project\dsm\Core\Runtime\Tpl\2dd33786e5b9d525999e8f13064b06cb.cache 第【618】行 时间：2015-09-10 17:12:18
'Undefined index: EIntervalTime' 文件：D:\project\dsm\Core\Runtime\Tpl\2dd33786e5b9d525999e8f13064b06cb.cache 第【619】行 时间：2015-09-10 17:12:18
'Undefined index: EDelTime' 文件：D:\project\dsm\Core\Runtime\Tpl\2dd33786e5b9d525999e8f13064b06cb.cache 第【626】行 时间：2015-09-10 17:12:18
'Undefined index: EDelTime' 文件：D:\project\dsm\Core\Runtime\Tpl\2dd33786e5b9d525999e8f13064b06cb.cache 第【627】行 时间：2015-09-10 17:12:18
'Undefined index: ESuffix' 文件：D:\project\dsm\Core\Runtime\Tpl\2dd33786e5b9d525999e8f13064b06cb.cache 第【635】行 时间：2015-09-10 17:12:18
'implode(): Invalid arguments passed' 文件：D:\project\dsm\Core\Runtime\Tpl\2dd33786e5b9d525999e8f13064b06cb.cache 第【635】行 时间：2015-09-10 17:12:18
'Undefined index: DMaxSize' 文件：D:\project\dsm\Core\Runtime\Tpl\2dd33786e5b9d525999e8f13064b06cb.cache 第【655】行 时间：2015-09-10 17:12:18
'Undefined index: DIntervalTime' 文件：D:\project\dsm\Core\Runtime\Tpl\2dd33786e5b9d525999e8f13064b06cb.cache 第【660】行 时间：2015-09-10 17:12:18
'Undefined index: DIntervalTime' 文件：D:\project\dsm\Core\Runtime\Tpl\2dd33786e5b9d525999e8f13064b06cb.cache 第【661】行 时间：2015-09-10 17:12:18
'Undefined index: DSentensPer' 文件：D:\project\dsm\Core\Runtime\Tpl\2dd33786e5b9d525999e8f13064b06cb.cache 第【667】行 时间：2015-09-10 17:12:18
'Undefined index: DSentensPer' 文件：D:\project\dsm\Core\Runtime\Tpl\2dd33786e5b9d525999e8f13064b06cb.cache 第【668】行 时间：2015-09-10 17:12:18
'Undefined index: DDelTime' 文件：D:\project\dsm\Core\Runtime\Tpl\2dd33786e5b9d525999e8f13064b06cb.cache 第【675】行 时间：2015-09-10 17:12:18
'Undefined index: DDelTime' 文件：D:\project\dsm\Core\Runtime\Tpl\2dd33786e5b9d525999e8f13064b06cb.cache 第【676】行 时间：2015-09-10 17:12:18
'Undefined index: DSuffix' 文件：D:\project\dsm\Core\Runtime\Tpl\2dd33786e5b9d525999e8f13064b06cb.cache 第【685】行 时间：2015-09-10 17:12:18
'implode(): Invalid arguments passed' 文件：D:\project\dsm\Core\Runtime\Tpl\2dd33786e5b9d525999e8f13064b06cb.cache 第【685】行 时间：2015-09-10 17:12:18
'Trying to get property of non-object' 文件：D:\project\dsm\Core\Controller\StrategyController.class.php 第【1002】行 时间：2015-09-10 17:28:35
'Invalid argument supplied for foreach()' 文件：D:\project\dsm\Core\Controller\BehaviorControlController.class.php 第【45】行 时间：2015-09-10 17:29:13
'Invalid argument supplied for foreach()' 文件：D:\project\dsm\Core\Controller\BehaviorControlController.class.php 第【45】行 时间：2015-09-10 17:29:13
'Invalid argument supplied for foreach()' 文件：D:\project\dsm\Core\Controller\BehaviorControlController.class.php 第【45】行 时间：2015-09-10 17:29:13
'Invalid argument supplied for foreach()' 文件：D:\project\dsm\Core\Controller\BehaviorControlController.class.php 第【45】行 时间：2015-09-10 17:29:13
