'Invalid argument supplied for foreach()' 文件：D:\project\dsm\Core\Controller\BehaviorControlController.class.php 第【45】行 时间：2015-09-08 14:24:25
'Invalid argument supplied for foreach()' 文件：D:\project\dsm\Core\Controller\BehaviorControlController.class.php 第【45】行 时间：2015-09-08 14:24:25
'Invalid argument supplied for foreach()' 文件：D:\project\dsm\Core\Controller\BehaviorControlController.class.php 第【45】行 时间：2015-09-08 14:24:26
'Invalid argument supplied for foreach()' 文件：D:\project\dsm\Core\Controller\BehaviorControlController.class.php 第【45】行 时间：2015-09-08 14:24:26
'array_merge(): Argument #2 is not an array' 文件：D:\project\dsm\Core\Controller\SettingController.class.php 第【92】行 时间：2015-09-08 14:24:27
'array_merge(): Argument #1 is not an array' 文件：D:\project\dsm\Core\Controller\SettingController.class.php 第【100】行 时间：2015-09-08 14:24:27
'array_merge(): Argument #1 is not an array' 文件：D:\project\dsm\Core\Controller\SettingController.class.php 第【109】行 时间：2015-09-08 14:24:27
'array_merge(): Argument #1 is not an array' 文件：D:\project\dsm\Core\Controller\SettingController.class.php 第【118】行 时间：2015-09-08 14:24:27
'Undefined index: SS_FILEOUT_AVAILABLE_TIME' 文件：D:\project\dsm\Core\Runtime\Tpl\2dd33786e5b9d525999e8f13064b06cb.cache 第【41】行 时间：2015-09-08 14:24:27
'Undefined index: SS_FILEOUT_AVAILABLE_TIMES' 文件：D:\project\dsm\Core\Runtime\Tpl\2dd33786e5b9d525999e8f13064b06cb.cache 第【45】行 时间：2015-09-08 14:24:27
'Undefined index: SS_FILEOUT_PWD' 文件：D:\project\dsm\Core\Common\template.php 第【59】行 时间：2015-09-08 14:24:27
'Undefined index: SS_FILEOUT_MACHINECODE' 文件：D:\project\dsm\Core\Common\template.php 第【59】行 时间：2015-09-08 14:24:27
'Undefined index: SS_FILEOUT_MAKEEXE' 文件：D:\project\dsm\Core\Common\template.php 第【59】行 时间：2015-09-08 14:24:27
'Undefined index: SS_FILEOUT_AUTODEL' 文件：D:\project\dsm\Core\Common\template.php 第【59】行 时间：2015-09-08 14:24:27
'Undefined index: SS_FILEOUT_MODIFY' 文件：D:\project\dsm\Core\Common\template.php 第【59】行 时间：2015-09-08 14:24:27
'Undefined index: SS_FILEOUT_PRINT' 文件：D:\project\dsm\Core\Common\template.php 第【59】行 时间：2015-09-08 14:24:27
'Undefined index: SS_FILEOUT_SHOWREMAINTIME' 文件：D:\project\dsm\Core\Common\template.php 第【59】行 时间：2015-09-08 14:24:27
'Undefined index: OfflineShortTime' 文件：D:\project\dsm\Core\Runtime\Tpl\2dd33786e5b9d525999e8f13064b06cb.cache 第【78】行 时间：2015-09-08 14:24:27
'Undefined index: CopyCount' 文件：D:\project\dsm\Core\Runtime\Tpl\2dd33786e5b9d525999e8f13064b06cb.cache 第【85】行 时间：2015-09-08 14:24:27
'Undefined index: CopyLength' 文件：D:\project\dsm\Core\Runtime\Tpl\2dd33786e5b9d525999e8f13064b06cb.cache 第【92】行 时间：2015-09-08 14:24:27
'Undefined index: WaterMarkStr' 文件：D:\project\dsm\Core\Runtime\Tpl\2dd33786e5b9d525999e8f13064b06cb.cache 第【100】行 时间：2015-09-08 14:24:27
'Trying to get property of non-object' 文件：D:\project\dsm\Core\Runtime\Tpl\2dd33786e5b9d525999e8f13064b06cb.cache 第【439】行 时间：2015-09-08 14:24:27
'Trying to get property of non-object' 文件：D:\project\dsm\Core\Runtime\Tpl\2dd33786e5b9d525999e8f13064b06cb.cache 第【446】行 时间：2015-09-08 14:24:27
'Trying to get property of non-object' 文件：D:\project\dsm\Core\Runtime\Tpl\2dd33786e5b9d525999e8f13064b06cb.cache 第【452】行 时间：2015-09-08 14:24:27
'Trying to get property of non-object' 文件：D:\project\dsm\Core\Runtime\Tpl\2dd33786e5b9d525999e8f13064b06cb.cache 第【458】行 时间：2015-09-08 14:24:27
'Undefined index: TickTime' 文件：D:\project\dsm\Core\Runtime\Tpl\2dd33786e5b9d525999e8f13064b06cb.cache 第【527】行 时间：2015-09-08 14:24:27
'Undefined index: TickTime' 文件：D:\project\dsm\Core\Runtime\Tpl\2dd33786e5b9d525999e8f13064b06cb.cache 第【528】行 时间：2015-09-08 14:24:27
'Undefined index: ESentensPer' 文件：D:\project\dsm\Core\Runtime\Tpl\2dd33786e5b9d525999e8f13064b06cb.cache 第【572】行 时间：2015-09-08 14:24:27
'Undefined index: ESentensPer' 文件：D:\project\dsm\Core\Runtime\Tpl\2dd33786e5b9d525999e8f13064b06cb.cache 第【573】行 时间：2015-09-08 14:24:27
'Undefined index: NMaxSize' 文件：D:\project\dsm\Core\Runtime\Tpl\2dd33786e5b9d525999e8f13064b06cb.cache 第【579】行 时间：2015-09-08 14:24:27
'Undefined index: NIntervalTime' 文件：D:\project\dsm\Core\Runtime\Tpl\2dd33786e5b9d525999e8f13064b06cb.cache 第【584】行 时间：2015-09-08 14:24:27
'Undefined index: NIntervalTime' 文件：D:\project\dsm\Core\Runtime\Tpl\2dd33786e5b9d525999e8f13064b06cb.cache 第【585】行 时间：2015-09-08 14:24:27
'Undefined index: NSuffix' 文件：D:\project\dsm\Core\Runtime\Tpl\2dd33786e5b9d525999e8f13064b06cb.cache 第【592】行 时间：2015-09-08 14:24:27
'implode(): Invalid arguments passed' 文件：D:\project\dsm\Core\Runtime\Tpl\2dd33786e5b9d525999e8f13064b06cb.cache 第【592】行 时间：2015-09-08 14:24:27
'Undefined index: EMaxSize' 文件：D:\project\dsm\Core\Runtime\Tpl\2dd33786e5b9d525999e8f13064b06cb.cache 第【612】行 时间：2015-09-08 14:24:27
'Undefined index: EIntervalTime' 文件：D:\project\dsm\Core\Runtime\Tpl\2dd33786e5b9d525999e8f13064b06cb.cache 第【618】行 时间：2015-09-08 14:24:27
'Undefined index: EIntervalTime' 文件：D:\project\dsm\Core\Runtime\Tpl\2dd33786e5b9d525999e8f13064b06cb.cache 第【619】行 时间：2015-09-08 14:24:27
'Undefined index: EDelTime' 文件：D:\project\dsm\Core\Runtime\Tpl\2dd33786e5b9d525999e8f13064b06cb.cache 第【626】行 时间：2015-09-08 14:24:27
'Undefined index: EDelTime' 文件：D:\project\dsm\Core\Runtime\Tpl\2dd33786e5b9d525999e8f13064b06cb.cache 第【627】行 时间：2015-09-08 14:24:27
'Undefined index: ESuffix' 文件：D:\project\dsm\Core\Runtime\Tpl\2dd33786e5b9d525999e8f13064b06cb.cache 第【635】行 时间：2015-09-08 14:24:27
'implode(): Invalid arguments passed' 文件：D:\project\dsm\Core\Runtime\Tpl\2dd33786e5b9d525999e8f13064b06cb.cache 第【635】行 时间：2015-09-08 14:24:27
'Undefined index: DMaxSize' 文件：D:\project\dsm\Core\Runtime\Tpl\2dd33786e5b9d525999e8f13064b06cb.cache 第【655】行 时间：2015-09-08 14:24:27
'Undefined index: DIntervalTime' 文件：D:\project\dsm\Core\Runtime\Tpl\2dd33786e5b9d525999e8f13064b06cb.cache 第【660】行 时间：2015-09-08 14:24:27
'Undefined index: DIntervalTime' 文件：D:\project\dsm\Core\Runtime\Tpl\2dd33786e5b9d525999e8f13064b06cb.cache 第【661】行 时间：2015-09-08 14:24:27
'Undefined index: DSentensPer' 文件：D:\project\dsm\Core\Runtime\Tpl\2dd33786e5b9d525999e8f13064b06cb.cache 第【667】行 时间：2015-09-08 14:24:27
'Undefined index: DSentensPer' 文件：D:\project\dsm\Core\Runtime\Tpl\2dd33786e5b9d525999e8f13064b06cb.cache 第【668】行 时间：2015-09-08 14:24:27
'Undefined index: DDelTime' 文件：D:\project\dsm\Core\Runtime\Tpl\2dd33786e5b9d525999e8f13064b06cb.cache 第【675】行 时间：2015-09-08 14:24:27
'Undefined index: DDelTime' 文件：D:\project\dsm\Core\Runtime\Tpl\2dd33786e5b9d525999e8f13064b06cb.cache 第【676】行 时间：2015-09-08 14:24:27
'Undefined index: DSuffix' 文件：D:\project\dsm\Core\Runtime\Tpl\2dd33786e5b9d525999e8f13064b06cb.cache 第【685】行 时间：2015-09-08 14:24:27
'implode(): Invalid arguments passed' 文件：D:\project\dsm\Core\Runtime\Tpl\2dd33786e5b9d525999e8f13064b06cb.cache 第【685】行 时间：2015-09-08 14:24:27
'array_merge(): Argument #2 is not an array' 文件：D:\project\dsm\Core\Controller\SettingController.class.php 第【92】行 时间：2015-09-08 14:35:41
'array_merge(): Argument #1 is not an array' 文件：D:\project\dsm\Core\Controller\SettingController.class.php 第【100】行 时间：2015-09-08 14:35:41
'array_merge(): Argument #1 is not an array' 文件：D:\project\dsm\Core\Controller\SettingController.class.php 第【109】行 时间：2015-09-08 14:35:41
'array_merge(): Argument #1 is not an array' 文件：D:\project\dsm\Core\Controller\SettingController.class.php 第【118】行 时间：2015-09-08 14:35:41
'Undefined index: SS_FILEOUT_AVAILABLE_TIME' 文件：D:\project\dsm\Core\Runtime\Tpl\2dd33786e5b9d525999e8f13064b06cb.cache 第【41】行 时间：2015-09-08 14:35:41
'Undefined index: SS_FILEOUT_AVAILABLE_TIMES' 文件：D:\project\dsm\Core\Runtime\Tpl\2dd33786e5b9d525999e8f13064b06cb.cache 第【45】行 时间：2015-09-08 14:35:41
'Undefined index: SS_FILEOUT_PWD' 文件：D:\project\dsm\Core\Common\template.php 第【59】行 时间：2015-09-08 14:35:41
'Undefined index: SS_FILEOUT_MACHINECODE' 文件：D:\project\dsm\Core\Common\template.php 第【59】行 时间：2015-09-08 14:35:41
'Undefined index: SS_FILEOUT_MAKEEXE' 文件：D:\project\dsm\Core\Common\template.php 第【59】行 时间：2015-09-08 14:35:41
'Undefined index: SS_FILEOUT_AUTODEL' 文件：D:\project\dsm\Core\Common\template.php 第【59】行 时间：2015-09-08 14:35:41
'Undefined index: SS_FILEOUT_MODIFY' 文件：D:\project\dsm\Core\Common\template.php 第【59】行 时间：2015-09-08 14:35:41
'Undefined index: SS_FILEOUT_PRINT' 文件：D:\project\dsm\Core\Common\template.php 第【59】行 时间：2015-09-08 14:35:41
'Undefined index: SS_FILEOUT_SHOWREMAINTIME' 文件：D:\project\dsm\Core\Common\template.php 第【59】行 时间：2015-09-08 14:35:41
'Undefined index: OfflineShortTime' 文件：D:\project\dsm\Core\Runtime\Tpl\2dd33786e5b9d525999e8f13064b06cb.cache 第【78】行 时间：2015-09-08 14:35:41
'Undefined index: CopyCount' 文件：D:\project\dsm\Core\Runtime\Tpl\2dd33786e5b9d525999e8f13064b06cb.cache 第【85】行 时间：2015-09-08 14:35:41
'Undefined index: CopyLength' 文件：D:\project\dsm\Core\Runtime\Tpl\2dd33786e5b9d525999e8f13064b06cb.cache 第【92】行 时间：2015-09-08 14:35:41
'Undefined index: WaterMarkStr' 文件：D:\project\dsm\Core\Runtime\Tpl\2dd33786e5b9d525999e8f13064b06cb.cache 第【100】行 时间：2015-09-08 14:35:41
'Trying to get property of non-object' 文件：D:\project\dsm\Core\Runtime\Tpl\2dd33786e5b9d525999e8f13064b06cb.cache 第【439】行 时间：2015-09-08 14:35:41
'Trying to get property of non-object' 文件：D:\project\dsm\Core\Runtime\Tpl\2dd33786e5b9d525999e8f13064b06cb.cache 第【446】行 时间：2015-09-08 14:35:41
'Trying to get property of non-object' 文件：D:\project\dsm\Core\Runtime\Tpl\2dd33786e5b9d525999e8f13064b06cb.cache 第【452】行 时间：2015-09-08 14:35:41
'Trying to get property of non-object' 文件：D:\project\dsm\Core\Runtime\Tpl\2dd33786e5b9d525999e8f13064b06cb.cache 第【458】行 时间：2015-09-08 14:35:41
'Undefined index: TickTime' 文件：D:\project\dsm\Core\Runtime\Tpl\2dd33786e5b9d525999e8f13064b06cb.cache 第【527】行 时间：2015-09-08 14:35:41
'Undefined index: TickTime' 文件：D:\project\dsm\Core\Runtime\Tpl\2dd33786e5b9d525999e8f13064b06cb.cache 第【528】行 时间：2015-09-08 14:35:41
'Undefined index: ESentensPer' 文件：D:\project\dsm\Core\Runtime\Tpl\2dd33786e5b9d525999e8f13064b06cb.cache 第【572】行 时间：2015-09-08 14:35:41
'Undefined index: ESentensPer' 文件：D:\project\dsm\Core\Runtime\Tpl\2dd33786e5b9d525999e8f13064b06cb.cache 第【573】行 时间：2015-09-08 14:35:41
'Undefined index: NMaxSize' 文件：D:\project\dsm\Core\Runtime\Tpl\2dd33786e5b9d525999e8f13064b06cb.cache 第【579】行 时间：2015-09-08 14:35:41
'Undefined index: NIntervalTime' 文件：D:\project\dsm\Core\Runtime\Tpl\2dd33786e5b9d525999e8f13064b06cb.cache 第【584】行 时间：2015-09-08 14:35:41
'Undefined index: NIntervalTime' 文件：D:\project\dsm\Core\Runtime\Tpl\2dd33786e5b9d525999e8f13064b06cb.cache 第【585】行 时间：2015-09-08 14:35:41
'Undefined index: NSuffix' 文件：D:\project\dsm\Core\Runtime\Tpl\2dd33786e5b9d525999e8f13064b06cb.cache 第【592】行 时间：2015-09-08 14:35:41
'implode(): Invalid arguments passed' 文件：D:\project\dsm\Core\Runtime\Tpl\2dd33786e5b9d525999e8f13064b06cb.cache 第【592】行 时间：2015-09-08 14:35:41
'Undefined index: EMaxSize' 文件：D:\project\dsm\Core\Runtime\Tpl\2dd33786e5b9d525999e8f13064b06cb.cache 第【612】行 时间：2015-09-08 14:35:41
'Undefined index: EIntervalTime' 文件：D:\project\dsm\Core\Runtime\Tpl\2dd33786e5b9d525999e8f13064b06cb.cache 第【618】行 时间：2015-09-08 14:35:41
'Undefined index: EIntervalTime' 文件：D:\project\dsm\Core\Runtime\Tpl\2dd33786e5b9d525999e8f13064b06cb.cache 第【619】行 时间：2015-09-08 14:35:41
'Undefined index: EDelTime' 文件：D:\project\dsm\Core\Runtime\Tpl\2dd33786e5b9d525999e8f13064b06cb.cache 第【626】行 时间：2015-09-08 14:35:41
'Undefined index: EDelTime' 文件：D:\project\dsm\Core\Runtime\Tpl\2dd33786e5b9d525999e8f13064b06cb.cache 第【627】行 时间：2015-09-08 14:35:41
'Undefined index: ESuffix' 文件：D:\project\dsm\Core\Runtime\Tpl\2dd33786e5b9d525999e8f13064b06cb.cache 第【635】行 时间：2015-09-08 14:35:41
'implode(): Invalid arguments passed' 文件：D:\project\dsm\Core\Runtime\Tpl\2dd33786e5b9d525999e8f13064b06cb.cache 第【635】行 时间：2015-09-08 14:35:41
'Undefined index: DMaxSize' 文件：D:\project\dsm\Core\Runtime\Tpl\2dd33786e5b9d525999e8f13064b06cb.cache 第【655】行 时间：2015-09-08 14:35:41
'Undefined index: DIntervalTime' 文件：D:\project\dsm\Core\Runtime\Tpl\2dd33786e5b9d525999e8f13064b06cb.cache 第【660】行 时间：2015-09-08 14:35:41
'Undefined index: DIntervalTime' 文件：D:\project\dsm\Core\Runtime\Tpl\2dd33786e5b9d525999e8f13064b06cb.cache 第【661】行 时间：2015-09-08 14:35:41
'Undefined index: DSentensPer' 文件：D:\project\dsm\Core\Runtime\Tpl\2dd33786e5b9d525999e8f13064b06cb.cache 第【667】行 时间：2015-09-08 14:35:41
'Undefined index: DSentensPer' 文件：D:\project\dsm\Core\Runtime\Tpl\2dd33786e5b9d525999e8f13064b06cb.cache 第【668】行 时间：2015-09-08 14:35:41
'Undefined index: DDelTime' 文件：D:\project\dsm\Core\Runtime\Tpl\2dd33786e5b9d525999e8f13064b06cb.cache 第【675】行 时间：2015-09-08 14:35:41
'Undefined index: DDelTime' 文件：D:\project\dsm\Core\Runtime\Tpl\2dd33786e5b9d525999e8f13064b06cb.cache 第【676】行 时间：2015-09-08 14:35:41
'Undefined index: DSuffix' 文件：D:\project\dsm\Core\Runtime\Tpl\2dd33786e5b9d525999e8f13064b06cb.cache 第【685】行 时间：2015-09-08 14:35:41
'implode(): Invalid arguments passed' 文件：D:\project\dsm\Core\Runtime\Tpl\2dd33786e5b9d525999e8f13064b06cb.cache 第【685】行 时间：2015-09-08 14:35:41
'Invalid argument supplied for foreach()' 文件：D:\project\dsm\Core\Controller\BehaviorControlController.class.php 第【45】行 时间：2015-09-08 15:27:57
'Invalid argument supplied for foreach()' 文件：D:\project\dsm\Core\Controller\BehaviorControlController.class.php 第【45】行 时间：2015-09-08 15:27:57
'Invalid argument supplied for foreach()' 文件：D:\project\dsm\Core\Controller\BehaviorControlController.class.php 第【45】行 时间：2015-09-08 15:27:57
'Invalid argument supplied for foreach()' 文件：D:\project\dsm\Core\Controller\BehaviorControlController.class.php 第【45】行 时间：2015-09-08 15:27:57
'Invalid argument supplied for foreach()' 文件：D:\project\dsm\Core\Controller\BehaviorControlController.class.php 第【45】行 时间：2015-09-08 16:33:45
'Invalid argument supplied for foreach()' 文件：D:\project\dsm\Core\Controller\BehaviorControlController.class.php 第【45】行 时间：2015-09-08 16:33:45
'Invalid argument supplied for foreach()' 文件：D:\project\dsm\Core\Controller\BehaviorControlController.class.php 第【45】行 时间：2015-09-08 16:33:45
'Invalid argument supplied for foreach()' 文件：D:\project\dsm\Core\Controller\BehaviorControlController.class.php 第【45】行 时间：2015-09-08 16:33:45
'array_merge(): Argument #2 is not an array' 文件：D:\project\dsm\Core\Controller\SettingController.class.php 第【92】行 时间：2015-09-08 16:33:51
'array_merge(): Argument #1 is not an array' 文件：D:\project\dsm\Core\Controller\SettingController.class.php 第【100】行 时间：2015-09-08 16:33:51
'array_merge(): Argument #1 is not an array' 文件：D:\project\dsm\Core\Controller\SettingController.class.php 第【109】行 时间：2015-09-08 16:33:51
'array_merge(): Argument #1 is not an array' 文件：D:\project\dsm\Core\Controller\SettingController.class.php 第【118】行 时间：2015-09-08 16:33:51
'Undefined index: SS_FILEOUT_AVAILABLE_TIME' 文件：D:\project\dsm\Core\Runtime\Tpl\2dd33786e5b9d525999e8f13064b06cb.cache 第【41】行 时间：2015-09-08 16:33:52
'Undefined index: SS_FILEOUT_AVAILABLE_TIMES' 文件：D:\project\dsm\Core\Runtime\Tpl\2dd33786e5b9d525999e8f13064b06cb.cache 第【45】行 时间：2015-09-08 16:33:52
'Undefined index: SS_FILEOUT_PWD' 文件：D:\project\dsm\Core\Common\template.php 第【59】行 时间：2015-09-08 16:33:52
'Undefined index: SS_FILEOUT_MACHINECODE' 文件：D:\project\dsm\Core\Common\template.php 第【59】行 时间：2015-09-08 16:33:52
'Undefined index: SS_FILEOUT_MAKEEXE' 文件：D:\project\dsm\Core\Common\template.php 第【59】行 时间：2015-09-08 16:33:52
'Undefined index: SS_FILEOUT_AUTODEL' 文件：D:\project\dsm\Core\Common\template.php 第【59】行 时间：2015-09-08 16:33:52
'Undefined index: SS_FILEOUT_MODIFY' 文件：D:\project\dsm\Core\Common\template.php 第【59】行 时间：2015-09-08 16:33:52
'Undefined index: SS_FILEOUT_PRINT' 文件：D:\project\dsm\Core\Common\template.php 第【59】行 时间：2015-09-08 16:33:52
'Undefined index: SS_FILEOUT_SHOWREMAINTIME' 文件：D:\project\dsm\Core\Common\template.php 第【59】行 时间：2015-09-08 16:33:52
'Undefined index: OfflineShortTime' 文件：D:\project\dsm\Core\Runtime\Tpl\2dd33786e5b9d525999e8f13064b06cb.cache 第【78】行 时间：2015-09-08 16:33:52
'Undefined index: CopyCount' 文件：D:\project\dsm\Core\Runtime\Tpl\2dd33786e5b9d525999e8f13064b06cb.cache 第【85】行 时间：2015-09-08 16:33:52
'Undefined index: CopyLength' 文件：D:\project\dsm\Core\Runtime\Tpl\2dd33786e5b9d525999e8f13064b06cb.cache 第【92】行 时间：2015-09-08 16:33:52
'Undefined index: WaterMarkStr' 文件：D:\project\dsm\Core\Runtime\Tpl\2dd33786e5b9d525999e8f13064b06cb.cache 第【100】行 时间：2015-09-08 16:33:52
'Trying to get property of non-object' 文件：D:\project\dsm\Core\Runtime\Tpl\2dd33786e5b9d525999e8f13064b06cb.cache 第【439】行 时间：2015-09-08 16:33:52
'Trying to get property of non-object' 文件：D:\project\dsm\Core\Runtime\Tpl\2dd33786e5b9d525999e8f13064b06cb.cache 第【446】行 时间：2015-09-08 16:33:52
'Trying to get property of non-object' 文件：D:\project\dsm\Core\Runtime\Tpl\2dd33786e5b9d525999e8f13064b06cb.cache 第【452】行 时间：2015-09-08 16:33:52
'Trying to get property of non-object' 文件：D:\project\dsm\Core\Runtime\Tpl\2dd33786e5b9d525999e8f13064b06cb.cache 第【458】行 时间：2015-09-08 16:33:52
'Undefined index: TickTime' 文件：D:\project\dsm\Core\Runtime\Tpl\2dd33786e5b9d525999e8f13064b06cb.cache 第【527】行 时间：2015-09-08 16:33:52
'Undefined index: TickTime' 文件：D:\project\dsm\Core\Runtime\Tpl\2dd33786e5b9d525999e8f13064b06cb.cache 第【528】行 时间：2015-09-08 16:33:52
'Undefined index: ESentensPer' 文件：D:\project\dsm\Core\Runtime\Tpl\2dd33786e5b9d525999e8f13064b06cb.cache 第【572】行 时间：2015-09-08 16:33:52
'Undefined index: ESentensPer' 文件：D:\project\dsm\Core\Runtime\Tpl\2dd33786e5b9d525999e8f13064b06cb.cache 第【573】行 时间：2015-09-08 16:33:52
'Undefined index: NMaxSize' 文件：D:\project\dsm\Core\Runtime\Tpl\2dd33786e5b9d525999e8f13064b06cb.cache 第【579】行 时间：2015-09-08 16:33:52
'Undefined index: NIntervalTime' 文件：D:\project\dsm\Core\Runtime\Tpl\2dd33786e5b9d525999e8f13064b06cb.cache 第【584】行 时间：2015-09-08 16:33:52
'Undefined index: NIntervalTime' 文件：D:\project\dsm\Core\Runtime\Tpl\2dd33786e5b9d525999e8f13064b06cb.cache 第【585】行 时间：2015-09-08 16:33:52
'Undefined index: NSuffix' 文件：D:\project\dsm\Core\Runtime\Tpl\2dd33786e5b9d525999e8f13064b06cb.cache 第【592】行 时间：2015-09-08 16:33:52
'implode(): Invalid arguments passed' 文件：D:\project\dsm\Core\Runtime\Tpl\2dd33786e5b9d525999e8f13064b06cb.cache 第【592】行 时间：2015-09-08 16:33:52
'Undefined index: EMaxSize' 文件：D:\project\dsm\Core\Runtime\Tpl\2dd33786e5b9d525999e8f13064b06cb.cache 第【612】行 时间：2015-09-08 16:33:52
'Undefined index: EIntervalTime' 文件：D:\project\dsm\Core\Runtime\Tpl\2dd33786e5b9d525999e8f13064b06cb.cache 第【618】行 时间：2015-09-08 16:33:52
'Undefined index: EIntervalTime' 文件：D:\project\dsm\Core\Runtime\Tpl\2dd33786e5b9d525999e8f13064b06cb.cache 第【619】行 时间：2015-09-08 16:33:52
'Undefined index: EDelTime' 文件：D:\project\dsm\Core\Runtime\Tpl\2dd33786e5b9d525999e8f13064b06cb.cache 第【626】行 时间：2015-09-08 16:33:52
'Undefined index: EDelTime' 文件：D:\project\dsm\Core\Runtime\Tpl\2dd33786e5b9d525999e8f13064b06cb.cache 第【627】行 时间：2015-09-08 16:33:52
'Undefined index: ESuffix' 文件：D:\project\dsm\Core\Runtime\Tpl\2dd33786e5b9d525999e8f13064b06cb.cache 第【635】行 时间：2015-09-08 16:33:52
'implode(): Invalid arguments passed' 文件：D:\project\dsm\Core\Runtime\Tpl\2dd33786e5b9d525999e8f13064b06cb.cache 第【635】行 时间：2015-09-08 16:33:52
'Undefined index: DMaxSize' 文件：D:\project\dsm\Core\Runtime\Tpl\2dd33786e5b9d525999e8f13064b06cb.cache 第【655】行 时间：2015-09-08 16:33:52
'Undefined index: DIntervalTime' 文件：D:\project\dsm\Core\Runtime\Tpl\2dd33786e5b9d525999e8f13064b06cb.cache 第【660】行 时间：2015-09-08 16:33:52
'Undefined index: DIntervalTime' 文件：D:\project\dsm\Core\Runtime\Tpl\2dd33786e5b9d525999e8f13064b06cb.cache 第【661】行 时间：2015-09-08 16:33:52
'Undefined index: DSentensPer' 文件：D:\project\dsm\Core\Runtime\Tpl\2dd33786e5b9d525999e8f13064b06cb.cache 第【667】行 时间：2015-09-08 16:33:52
'Undefined index: DSentensPer' 文件：D:\project\dsm\Core\Runtime\Tpl\2dd33786e5b9d525999e8f13064b06cb.cache 第【668】行 时间：2015-09-08 16:33:52
'Undefined index: DDelTime' 文件：D:\project\dsm\Core\Runtime\Tpl\2dd33786e5b9d525999e8f13064b06cb.cache 第【675】行 时间：2015-09-08 16:33:52
'Undefined index: DDelTime' 文件：D:\project\dsm\Core\Runtime\Tpl\2dd33786e5b9d525999e8f13064b06cb.cache 第【676】行 时间：2015-09-08 16:33:52
'Undefined index: DSuffix' 文件：D:\project\dsm\Core\Runtime\Tpl\2dd33786e5b9d525999e8f13064b06cb.cache 第【685】行 时间：2015-09-08 16:33:52
'implode(): Invalid arguments passed' 文件：D:\project\dsm\Core\Runtime\Tpl\2dd33786e5b9d525999e8f13064b06cb.cache 第【685】行 时间：2015-09-08 16:33:52
'Invalid argument supplied for foreach()' 文件：D:\project\dsm\Core\Controller\BehaviorControlController.class.php 第【45】行 时间：2015-09-08 17:06:02
'Invalid argument supplied for foreach()' 文件：D:\project\dsm\Core\Controller\BehaviorControlController.class.php 第【45】行 时间：2015-09-08 17:06:02
'Invalid argument supplied for foreach()' 文件：D:\project\dsm\Core\Controller\BehaviorControlController.class.php 第【45】行 时间：2015-09-08 17:06:03
'Invalid argument supplied for foreach()' 文件：D:\project\dsm\Core\Controller\BehaviorControlController.class.php 第【45】行 时间：2015-09-08 17:06:03
'array_merge(): Argument #2 is not an array' 文件：D:\project\dsm\Core\Controller\SettingController.class.php 第【92】行 时间：2015-09-08 17:06:12
'array_merge(): Argument #1 is not an array' 文件：D:\project\dsm\Core\Controller\SettingController.class.php 第【100】行 时间：2015-09-08 17:06:12
'array_merge(): Argument #1 is not an array' 文件：D:\project\dsm\Core\Controller\SettingController.class.php 第【109】行 时间：2015-09-08 17:06:12
'array_merge(): Argument #1 is not an array' 文件：D:\project\dsm\Core\Controller\SettingController.class.php 第【118】行 时间：2015-09-08 17:06:12
'Undefined index: SS_FILEOUT_AVAILABLE_TIME' 文件：D:\project\dsm\Core\Runtime\Tpl\2dd33786e5b9d525999e8f13064b06cb.cache 第【41】行 时间：2015-09-08 17:06:12
'Undefined index: SS_FILEOUT_AVAILABLE_TIMES' 文件：D:\project\dsm\Core\Runtime\Tpl\2dd33786e5b9d525999e8f13064b06cb.cache 第【45】行 时间：2015-09-08 17:06:12
'Undefined index: SS_FILEOUT_PWD' 文件：D:\project\dsm\Core\Common\template.php 第【59】行 时间：2015-09-08 17:06:12
'Undefined index: SS_FILEOUT_MACHINECODE' 文件：D:\project\dsm\Core\Common\template.php 第【59】行 时间：2015-09-08 17:06:12
'Undefined index: SS_FILEOUT_MAKEEXE' 文件：D:\project\dsm\Core\Common\template.php 第【59】行 时间：2015-09-08 17:06:12
'Undefined index: SS_FILEOUT_AUTODEL' 文件：D:\project\dsm\Core\Common\template.php 第【59】行 时间：2015-09-08 17:06:12
'Undefined index: SS_FILEOUT_MODIFY' 文件：D:\project\dsm\Core\Common\template.php 第【59】行 时间：2015-09-08 17:06:12
'Undefined index: SS_FILEOUT_PRINT' 文件：D:\project\dsm\Core\Common\template.php 第【59】行 时间：2015-09-08 17:06:12
'Undefined index: SS_FILEOUT_SHOWREMAINTIME' 文件：D:\project\dsm\Core\Common\template.php 第【59】行 时间：2015-09-08 17:06:12
'Undefined index: OfflineShortTime' 文件：D:\project\dsm\Core\Runtime\Tpl\2dd33786e5b9d525999e8f13064b06cb.cache 第【78】行 时间：2015-09-08 17:06:12
'Undefined index: CopyCount' 文件：D:\project\dsm\Core\Runtime\Tpl\2dd33786e5b9d525999e8f13064b06cb.cache 第【85】行 时间：2015-09-08 17:06:12
'Undefined index: CopyLength' 文件：D:\project\dsm\Core\Runtime\Tpl\2dd33786e5b9d525999e8f13064b06cb.cache 第【92】行 时间：2015-09-08 17:06:12
'Undefined index: WaterMarkStr' 文件：D:\project\dsm\Core\Runtime\Tpl\2dd33786e5b9d525999e8f13064b06cb.cache 第【100】行 时间：2015-09-08 17:06:12
'Trying to get property of non-object' 文件：D:\project\dsm\Core\Runtime\Tpl\2dd33786e5b9d525999e8f13064b06cb.cache 第【439】行 时间：2015-09-08 17:06:12
'Trying to get property of non-object' 文件：D:\project\dsm\Core\Runtime\Tpl\2dd33786e5b9d525999e8f13064b06cb.cache 第【446】行 时间：2015-09-08 17:06:12
'Trying to get property of non-object' 文件：D:\project\dsm\Core\Runtime\Tpl\2dd33786e5b9d525999e8f13064b06cb.cache 第【452】行 时间：2015-09-08 17:06:12
'Trying to get property of non-object' 文件：D:\project\dsm\Core\Runtime\Tpl\2dd33786e5b9d525999e8f13064b06cb.cache 第【458】行 时间：2015-09-08 17:06:12
'Undefined index: TickTime' 文件：D:\project\dsm\Core\Runtime\Tpl\2dd33786e5b9d525999e8f13064b06cb.cache 第【527】行 时间：2015-09-08 17:06:12
'Undefined index: TickTime' 文件：D:\project\dsm\Core\Runtime\Tpl\2dd33786e5b9d525999e8f13064b06cb.cache 第【528】行 时间：2015-09-08 17:06:12
'Undefined index: ESentensPer' 文件：D:\project\dsm\Core\Runtime\Tpl\2dd33786e5b9d525999e8f13064b06cb.cache 第【572】行 时间：2015-09-08 17:06:12
'Undefined index: ESentensPer' 文件：D:\project\dsm\Core\Runtime\Tpl\2dd33786e5b9d525999e8f13064b06cb.cache 第【573】行 时间：2015-09-08 17:06:12
'Undefined index: NMaxSize' 文件：D:\project\dsm\Core\Runtime\Tpl\2dd33786e5b9d525999e8f13064b06cb.cache 第【579】行 时间：2015-09-08 17:06:12
'Undefined index: NIntervalTime' 文件：D:\project\dsm\Core\Runtime\Tpl\2dd33786e5b9d525999e8f13064b06cb.cache 第【584】行 时间：2015-09-08 17:06:12
'Undefined index: NIntervalTime' 文件：D:\project\dsm\Core\Runtime\Tpl\2dd33786e5b9d525999e8f13064b06cb.cache 第【585】行 时间：2015-09-08 17:06:12
'Undefined index: NSuffix' 文件：D:\project\dsm\Core\Runtime\Tpl\2dd33786e5b9d525999e8f13064b06cb.cache 第【592】行 时间：2015-09-08 17:06:12
'implode(): Invalid arguments passed' 文件：D:\project\dsm\Core\Runtime\Tpl\2dd33786e5b9d525999e8f13064b06cb.cache 第【592】行 时间：2015-09-08 17:06:12
'Undefined index: EMaxSize' 文件：D:\project\dsm\Core\Runtime\Tpl\2dd33786e5b9d525999e8f13064b06cb.cache 第【612】行 时间：2015-09-08 17:06:12
'Undefined index: EIntervalTime' 文件：D:\project\dsm\Core\Runtime\Tpl\2dd33786e5b9d525999e8f13064b06cb.cache 第【618】行 时间：2015-09-08 17:06:12
'Undefined index: EIntervalTime' 文件：D:\project\dsm\Core\Runtime\Tpl\2dd33786e5b9d525999e8f13064b06cb.cache 第【619】行 时间：2015-09-08 17:06:12
'Undefined index: EDelTime' 文件：D:\project\dsm\Core\Runtime\Tpl\2dd33786e5b9d525999e8f13064b06cb.cache 第【626】行 时间：2015-09-08 17:06:12
'Undefined index: EDelTime' 文件：D:\project\dsm\Core\Runtime\Tpl\2dd33786e5b9d525999e8f13064b06cb.cache 第【627】行 时间：2015-09-08 17:06:12
'Undefined index: ESuffix' 文件：D:\project\dsm\Core\Runtime\Tpl\2dd33786e5b9d525999e8f13064b06cb.cache 第【635】行 时间：2015-09-08 17:06:12
'implode(): Invalid arguments passed' 文件：D:\project\dsm\Core\Runtime\Tpl\2dd33786e5b9d525999e8f13064b06cb.cache 第【635】行 时间：2015-09-08 17:06:12
'Undefined index: DMaxSize' 文件：D:\project\dsm\Core\Runtime\Tpl\2dd33786e5b9d525999e8f13064b06cb.cache 第【655】行 时间：2015-09-08 17:06:12
'Undefined index: DIntervalTime' 文件：D:\project\dsm\Core\Runtime\Tpl\2dd33786e5b9d525999e8f13064b06cb.cache 第【660】行 时间：2015-09-08 17:06:12
'Undefined index: DIntervalTime' 文件：D:\project\dsm\Core\Runtime\Tpl\2dd33786e5b9d525999e8f13064b06cb.cache 第【661】行 时间：2015-09-08 17:06:12
'Undefined index: DSentensPer' 文件：D:\project\dsm\Core\Runtime\Tpl\2dd33786e5b9d525999e8f13064b06cb.cache 第【667】行 时间：2015-09-08 17:06:12
'Undefined index: DSentensPer' 文件：D:\project\dsm\Core\Runtime\Tpl\2dd33786e5b9d525999e8f13064b06cb.cache 第【668】行 时间：2015-09-08 17:06:12
'Undefined index: DDelTime' 文件：D:\project\dsm\Core\Runtime\Tpl\2dd33786e5b9d525999e8f13064b06cb.cache 第【675】行 时间：2015-09-08 17:06:12
'Undefined index: DDelTime' 文件：D:\project\dsm\Core\Runtime\Tpl\2dd33786e5b9d525999e8f13064b06cb.cache 第【676】行 时间：2015-09-08 17:06:12
'Undefined index: DSuffix' 文件：D:\project\dsm\Core\Runtime\Tpl\2dd33786e5b9d525999e8f13064b06cb.cache 第【685】行 时间：2015-09-08 17:06:12
'implode(): Invalid arguments passed' 文件：D:\project\dsm\Core\Runtime\Tpl\2dd33786e5b9d525999e8f13064b06cb.cache 第【685】行 时间：2015-09-08 17:06:12
'Invalid argument supplied for foreach()' 文件：D:\project\dsm\Core\Controller\BehaviorControlController.class.php 第【45】行 时间：2015-09-08 17:07:49
'Invalid argument supplied for foreach()' 文件：D:\project\dsm\Core\Controller\BehaviorControlController.class.php 第【45】行 时间：2015-09-08 17:07:49
'Invalid argument supplied for foreach()' 文件：D:\project\dsm\Core\Controller\BehaviorControlController.class.php 第【45】行 时间：2015-09-08 17:07:50
'Invalid argument supplied for foreach()' 文件：D:\project\dsm\Core\Controller\BehaviorControlController.class.php 第【45】行 时间：2015-09-08 17:07:50
'Invalid argument supplied for foreach()' 文件：D:\project\dsm\Core\Controller\BehaviorControlController.class.php 第【52】行 时间：2015-09-08 17:08:09
'Invalid argument supplied for foreach()' 文件：D:\project\dsm\Core\Controller\BehaviorControlController.class.php 第【52】行 时间：2015-09-08 17:08:10
'Invalid argument supplied for foreach()' 文件：D:\project\dsm\Core\Controller\BehaviorControlController.class.php 第【52】行 时间：2015-09-08 17:08:12
